hour;minute;second;event;total
11;52;30;AckSent;121
11;52;31;AckSent;430
11;52;32;AckSent;423
11;52;33;AckSent;486
11;52;34;AckSent;408
11;52;35;AckSent;507
11;52;36;AckSent;458
11;52;37;AckSent;465
11;52;38;AckSent;481
11;52;39;AckSent;474
11;52;40;AckSent;464
11;52;41;AckSent;505
11;52;42;AckSent;436
11;52;43;AckSent;463
11;52;44;AckSent;502
11;52;45;AckSent;500
11;52;46;AckSent;450
11;52;47;AckSent;509
11;52;48;AckSent;494
11;52;49;AckSent;445
11;52;50;AckSent;467
11;52;51;AckSent;484
11;52;52;AckSent;487
11;52;53;AckSent;478
11;52;54;AckSent;491
11;52;55;AckSent;463
11;52;56;AckSent;444
11;52;57;AckSent;496
11;52;58;AckSent;517
11;52;59;AckSent;504
11;53;00;AckSent;501
11;53;01;AckSent;518
11;53;02;AckSent;520
11;53;03;AckSent;519
11;53;04;AckSent;495
11;53;05;AckSent;484
11;53;06;AckSent;506
11;53;07;AckSent;531
11;53;08;AckSent;493
11;53;09;AckSent;520
11;53;10;AckSent;528
11;53;11;AckSent;519
11;53;12;AckSent;549
11;53;13;AckSent;547
11;53;14;AckSent;508
11;53;15;AckSent;538
11;53;16;AckSent;529
11;53;17;AckSent;503
11;53;18;AckSent;559
11;53;19;AckSent;555
11;53;20;AckSent;489
11;53;21;AckSent;592
11;53;22;AckSent;488
11;53;23;AckSent;498
11;53;24;AckSent;523
11;53;25;AckSent;541
11;53;26;AckSent;543
11;53;27;AckSent;502
11;53;28;AckSent;522
11;53;29;AckSent;519
11;53;30;AckSent;529
11;53;31;AckSent;461
11;53;32;AckSent;529
11;53;33;AckSent;561
11;53;34;AckSent;521
11;53;35;AckSent;518
11;53;36;AckSent;561
11;53;37;AckSent;489
11;53;38;AckSent;490
11;53;39;AckSent;466
11;53;40;AckSent;502
11;53;41;AckSent;532
11;53;42;AckSent;547
11;53;43;AckSent;514
11;53;44;AckSent;531
11;53;45;AckSent;507
11;53;46;AckSent;522
11;53;47;AckSent;474
11;53;48;AckSent;490
11;53;49;AckSent;512
11;53;50;AckSent;517
11;53;51;AckSent;532
11;53;52;AckSent;500
11;53;53;AckSent;491
11;53;54;AckSent;511
11;53;55;AckSent;465
11;53;56;AckSent;483
11;53;57;AckSent;488
11;53;58;AckSent;565
11;53;59;AckSent;515
11;54;00;AckSent;527
11;54;01;AckSent;550
11;54;02;AckSent;554
11;54;03;AckSent;520
11;54;04;AckSent;512
11;54;05;AckSent;543
11;54;06;AckSent;509
11;54;07;AckSent;459
11;54;08;AckSent;463
11;54;09;AckSent;484
11;54;10;AckSent;522
11;54;11;AckSent;475
11;54;12;AckSent;506
11;54;13;AckSent;487
11;54;14;AckSent;498
11;54;15;AckSent;498
11;54;16;AckSent;521
11;54;17;AckSent;517
11;54;18;AckSent;491
11;54;19;AckSent;507
11;54;20;AckSent;475
11;54;21;AckSent;531
11;54;22;AckSent;464
11;54;23;AckSent;528
11;54;24;AckSent;503
11;54;25;AckSent;512
11;54;26;AckSent;527
11;54;27;AckSent;564
11;54;28;AckSent;540
11;54;29;AckSent;558
11;54;30;AckSent;545
11;54;31;AckSent;572
11;54;32;AckSent;532
11;54;33;AckSent;513
11;54;34;AckSent;543
11;54;35;AckSent;470
11;54;36;AckSent;470
11;54;37;AckSent;489
11;54;38;AckSent;494
11;54;39;AckSent;492
11;54;40;AckSent;505
11;54;41;AckSent;508
11;54;42;AckSent;499
11;54;43;AckSent;498
11;54;44;AckSent;513
11;54;45;AckSent;566
11;54;46;AckSent;560
11;54;47;AckSent;465
11;54;48;AckSent;497
11;54;49;AckSent;495
11;54;50;AckSent;539
11;54;51;AckSent;483
11;54;52;AckSent;517
11;54;53;AckSent;524
11;54;54;AckSent;480
11;54;55;AckSent;508
11;54;56;AckSent;458
11;54;57;AckSent;553
11;54;58;AckSent;562
11;54;59;AckSent;549
11;55;00;AckSent;529
11;55;01;AckSent;537
11;55;02;AckSent;497
11;55;03;AckSent;541
11;55;04;AckSent;472
11;55;05;AckSent;547
11;55;06;AckSent;529
11;55;07;AckSent;541
11;55;08;AckSent;513
11;55;09;AckSent;506
11;55;10;AckSent;482
11;55;11;AckSent;514
11;55;12;AckSent;556
11;55;13;AckSent;509
11;55;14;AckSent;471
11;55;15;AckSent;532
11;55;16;AckSent;508
11;55;17;AckSent;516
11;55;18;AckSent;504
11;55;19;AckSent;470
11;55;20;AckSent;467
11;55;21;AckSent;491
11;55;22;AckSent;481
11;55;23;AckSent;497
11;55;24;AckSent;517
11;55;25;AckSent;486
11;55;26;AckSent;521
11;55;27;AckSent;515
11;55;28;AckSent;470
11;55;29;AckSent;497
11;55;30;AckSent;502
11;55;31;AckSent;494
11;55;32;AckSent;533
11;55;33;AckSent;528
11;55;34;AckSent;500
11;55;35;AckSent;500
11;55;36;AckSent;567
11;55;37;AckSent;534
11;55;38;AckSent;546
11;55;39;AckSent;447
11;55;40;AckSent;504
11;55;41;AckSent;495
11;55;42;AckSent;506
11;55;43;AckSent;508
11;55;44;AckSent;544
11;55;45;AckSent;515
11;55;46;AckSent;529
11;55;47;AckSent;506
11;55;48;AckSent;534
11;55;49;AckSent;446
11;55;50;AckSent;508
11;55;51;AckSent;535
11;55;52;AckSent;528
11;55;53;AckSent;513
11;55;54;AckSent;498
11;55;55;AckSent;509
11;55;56;AckSent;527
11;55;57;AckSent;497
11;55;58;AckSent;456
11;55;59;AckSent;520
11;56;00;AckSent;556
11;56;01;AckSent;561
11;56;02;AckSent;502
11;56;03;AckSent;463
11;56;04;AckSent;488
11;56;05;AckSent;513
11;56;06;AckSent;467
11;56;07;AckSent;506
11;56;08;AckSent;525
11;56;09;AckSent;502
11;56;10;AckSent;532
11;56;11;AckSent;556
11;56;12;AckSent;563
11;56;13;AckSent;533
11;56;14;AckSent;489
11;56;15;AckSent;493
11;56;16;AckSent;478
11;56;17;AckSent;484
11;56;18;AckSent;521
11;56;19;AckSent;497
11;56;20;AckSent;514
11;56;21;AckSent;526
11;56;22;AckSent;511
11;56;23;AckSent;492
11;56;24;AckSent;530
11;56;25;AckSent;537
11;56;26;AckSent;538
11;56;27;AckSent;517
11;56;28;AckSent;525
11;56;29;AckSent;529
11;56;30;AckSent;509
11;56;31;AckSent;503
11;56;32;AckSent;493
11;56;33;AckSent;485
11;56;34;AckSent;477
11;56;35;AckSent;488
11;56;36;AckSent;479
11;56;37;AckSent;510
11;56;38;AckSent;516
11;56;39;AckSent;531
11;56;40;AckSent;537
11;56;41;AckSent;518
11;56;42;AckSent;519
11;56;43;AckSent;508
11;56;44;AckSent;508
11;56;45;AckSent;515
11;56;46;AckSent;515
11;56;47;AckSent;482
11;56;48;AckSent;476
11;56;49;AckSent;501
11;56;50;AckSent;507
11;56;51;AckSent;490
11;56;52;AckSent;536
11;56;53;AckSent;539
11;56;54;AckSent;559
11;56;55;AckSent;525
11;56;56;AckSent;506
11;56;57;AckSent;544
11;56;58;AckSent;548
11;56;59;AckSent;569
11;57;00;AckSent;503
11;57;01;AckSent;473
11;57;02;AckSent;514
11;57;03;AckSent;528
11;57;04;AckSent;525
11;57;05;AckSent;533
11;57;06;AckSent;534
11;57;07;AckSent;508
11;57;08;AckSent;510
11;57;09;AckSent;533
11;57;10;AckSent;531
11;57;11;AckSent;509
11;57;12;AckSent;533
11;57;13;AckSent;518
11;57;14;AckSent;510
11;57;15;AckSent;525
11;57;16;AckSent;537
11;57;17;AckSent;518
11;57;18;AckSent;495
11;57;19;AckSent;506
11;57;20;AckSent;513
11;57;21;AckSent;514
11;57;22;AckSent;540
11;57;23;AckSent;524
11;57;24;AckSent;487
11;57;25;AckSent;460
11;57;26;AckSent;479
11;57;27;AckSent;503
11;57;28;AckSent;516
11;57;29;AckSent;479
11;57;30;AckSent;494
11;57;31;AckSent;547
11;57;32;AckSent;563
11;57;33;AckSent;533
11;57;34;AckSent;506
11;57;35;AckSent;502
11;57;36;AckSent;520
11;57;37;AckSent;533
11;57;38;AckSent;532
11;57;39;AckSent;529
11;57;40;AckSent;515
11;57;41;AckSent;511
11;57;42;AckSent;504
11;57;43;AckSent;510
11;57;44;AckSent;530
11;57;45;AckSent;512
11;57;46;AckSent;512
11;57;47;AckSent;525
11;57;48;AckSent;544
11;57;49;AckSent;520
11;57;50;AckSent;558
11;57;51;AckSent;548
11;57;52;AckSent;529
11;57;53;AckSent;526
11;57;54;AckSent;521
11;57;55;AckSent;528
11;57;56;AckSent;498
11;57;57;AckSent;514
11;57;58;AckSent;507
11;57;59;AckSent;554
11;58;00;AckSent;540
11;58;01;AckSent;528
11;58;02;AckSent;520
11;58;03;AckSent;538
11;58;04;AckSent;534
11;58;05;AckSent;543
11;58;06;AckSent;512
11;58;07;AckSent;502
11;58;08;AckSent;528
11;58;09;AckSent;497
11;58;10;AckSent;490
11;58;11;AckSent;540
11;58;12;AckSent;549
11;58;13;AckSent;517
11;58;14;AckSent;508
11;58;15;AckSent;522
11;58;16;AckSent;505
11;58;17;AckSent;505
11;58;18;AckSent;518
11;58;19;AckSent;504
11;58;20;AckSent;518
11;58;21;AckSent;504
11;58;22;AckSent;491
11;58;23;AckSent;511
11;58;24;AckSent;502
11;58;25;AckSent;516
11;58;26;AckSent;513
11;58;27;AckSent;499
11;58;28;AckSent;518
11;58;29;AckSent;539
11;58;30;AckSent;544
11;58;31;AckSent;483
11;58;32;AckSent;506
11;58;33;AckSent;538
11;58;34;AckSent;527
11;58;35;AckSent;531
11;58;36;AckSent;513
11;58;37;AckSent;539
11;58;38;AckSent;539
11;58;39;AckSent;494
11;58;40;AckSent;498
11;58;41;AckSent;487
11;58;42;AckSent;517
11;58;43;AckSent;535
11;58;44;AckSent;519
11;58;45;AckSent;549
11;58;46;AckSent;508
11;58;47;AckSent;526
11;58;48;AckSent;550
11;58;49;AckSent;545
11;58;50;AckSent;514
11;58;51;AckSent;519
11;58;52;AckSent;505
11;58;53;AckSent;535
11;58;54;AckSent;543
11;58;55;AckSent;489
11;58;56;AckSent;505
11;58;57;AckSent;522
11;58;58;AckSent;524
11;58;59;AckSent;504
11;59;00;AckSent;493
11;59;01;AckSent;484
11;59;02;AckSent;495
11;59;03;AckSent;502
11;59;04;AckSent;513
11;59;05;AckSent;499
11;59;06;AckSent;509
11;59;07;AckSent;532
11;59;08;AckSent;519
11;59;09;AckSent;532
11;59;10;AckSent;542
11;59;11;AckSent;506
11;59;12;AckSent;516
11;59;13;AckSent;544
11;59;14;AckSent;543
11;59;15;AckSent;555
11;59;16;AckSent;547
11;59;17;AckSent;522
11;59;18;AckSent;471
11;59;19;AckSent;503
11;59;20;AckSent;508
11;59;21;AckSent;490
11;59;22;AckSent;496
11;59;23;AckSent;526
11;59;24;AckSent;509
11;59;25;AckSent;537
11;59;26;AckSent;521
11;59;27;AckSent;547
11;59;28;AckSent;537
11;59;29;AckSent;521
11;59;30;AckSent;506
11;59;31;AckSent;504
11;59;32;AckSent;501
11;59;33;AckSent;511
11;59;34;AckSent;503
11;59;35;AckSent;496
11;59;36;AckSent;522
11;59;37;AckSent;521
11;59;38;AckSent;526
11;59;39;AckSent;556
11;59;40;AckSent;505
11;59;41;AckSent;523
11;59;42;AckSent;506
11;59;43;AckSent;521
11;59;44;AckSent;517
11;59;45;AckSent;538
11;59;46;AckSent;498
11;59;47;AckSent;518
11;59;48;AckSent;522
11;59;49;AckSent;509
11;59;50;AckSent;504
11;59;51;AckSent;495
11;59;52;AckSent;502
11;59;53;AckSent;527
11;59;54;AckSent;512
11;59;55;AckSent;524
11;59;56;AckSent;503
11;59;57;AckSent;550
11;59;58;AckSent;545
11;59;59;AckSent;556
12;00;00;AckSent;527
12;00;01;AckSent;525
12;00;02;AckSent;495
12;00;03;AckSent;494
12;00;04;AckSent;538
12;00;05;AckSent;475
12;00;06;AckSent;545
12;00;07;AckSent;523
12;00;08;AckSent;506
12;00;09;AckSent;495
12;00;10;AckSent;511
12;00;11;AckSent;510
12;00;12;AckSent;506
12;00;13;AckSent;511
12;00;14;AckSent;503
12;00;15;AckSent;481
12;00;16;AckSent;537
12;00;17;AckSent;489
12;00;18;AckSent;534
12;00;19;AckSent;490
12;00;20;AckSent;492
12;00;21;AckSent;521
12;00;22;AckSent;513
12;00;23;AckSent;516
12;00;24;AckSent;514
12;00;25;AckSent;539
12;00;26;AckSent;518
12;00;27;AckSent;526
12;00;28;AckSent;512
12;00;29;AckSent;494
12;00;30;AckSent;530
12;00;31;AckSent;519
12;00;32;AckSent;538
12;00;33;AckSent;520
12;00;34;AckSent;521
12;00;35;AckSent;558
12;00;36;AckSent;546
12;00;37;AckSent;535
12;00;38;AckSent;480
12;00;39;AckSent;497
12;00;40;AckSent;515
12;00;41;AckSent;512
12;00;42;AckSent;478
12;00;43;AckSent;492
12;00;44;AckSent;512
12;00;45;AckSent;500
12;00;46;AckSent;518
12;00;47;AckSent;531
12;00;48;AckSent;512
12;00;49;AckSent;519
12;00;50;AckSent;528
12;00;51;AckSent;524
12;00;52;AckSent;526
12;00;53;AckSent;528
12;00;54;AckSent;534
12;00;55;AckSent;501
12;00;56;AckSent;528
12;00;57;AckSent;515
12;00;58;AckSent;503
12;00;59;AckSent;499
12;01;00;AckSent;500
12;01;01;AckSent;489
12;01;02;AckSent;530
12;01;03;AckSent;506
12;01;04;AckSent;502
12;01;05;AckSent;503
12;01;06;AckSent;515
12;01;07;AckSent;543
12;01;08;AckSent;517
12;01;09;AckSent;541
12;01;10;AckSent;507
12;01;11;AckSent;565
12;01;12;AckSent;529
12;01;13;AckSent;527
12;01;14;AckSent;523
12;01;15;AckSent;536
12;01;16;AckSent;519
12;01;17;AckSent;522
12;01;18;AckSent;500
12;01;19;AckSent;525
12;01;20;AckSent;567
12;01;21;AckSent;548
12;01;22;AckSent;552
12;01;23;AckSent;578
12;01;24;AckSent;532
12;01;25;AckSent;559
12;01;26;AckSent;550
12;01;27;AckSent;526
12;01;28;AckSent;519
12;01;29;AckSent;518
12;01;30;AckSent;509
12;01;31;AckSent;510
12;01;32;AckSent;507
12;01;33;AckSent;499
12;01;34;AckSent;465
12;01;35;AckSent;510
12;01;36;AckSent;501
12;01;37;AckSent;508
12;01;38;AckSent;539
12;01;39;AckSent;522
12;01;40;AckSent;558
12;01;41;AckSent;543
12;01;42;AckSent;530
12;01;43;AckSent;515
12;01;44;AckSent;489
12;01;45;AckSent;513
12;01;46;AckSent;492
12;01;47;AckSent;507
12;01;48;AckSent;479
12;01;49;AckSent;523
12;01;50;AckSent;518
12;01;51;AckSent;502
12;01;52;AckSent;515
12;01;53;AckSent;563
12;01;54;AckSent;492
12;01;55;AckSent;528
12;01;56;AckSent;523
12;01;57;AckSent;499
12;01;58;AckSent;497
12;01;59;AckSent;511
12;02;00;AckSent;529
12;02;01;AckSent;503
12;02;02;AckSent;524
12;02;03;AckSent;546
12;02;04;AckSent;515
12;02;05;AckSent;521
12;02;06;AckSent;544
12;02;07;AckSent;562
12;02;08;AckSent;523
12;02;09;AckSent;555
12;02;10;AckSent;488
12;02;11;AckSent;497
12;02;12;AckSent;480
12;02;13;AckSent;531
12;02;14;AckSent;520
12;02;15;AckSent;497
12;02;16;AckSent;557
12;02;17;AckSent;524
12;02;18;AckSent;494
12;02;19;AckSent;521
12;02;20;AckSent;506
12;02;21;AckSent;497
12;02;22;AckSent;547
12;02;23;AckSent;529
12;02;24;AckSent;532
12;02;25;AckSent;522
12;02;26;AckSent;502
12;02;27;AckSent;550
12;02;28;AckSent;492
12;02;29;AckSent;534
12;02;30;AckSent;517
12;02;31;AckSent;516
12;02;32;AckSent;572
12;02;33;AckSent;527
12;02;34;AckSent;528
12;02;35;AckSent;547
12;02;36;AckSent;490
12;02;37;AckSent;516
12;02;38;AckSent;559
12;02;39;AckSent;473
12;02;40;AckSent;544
12;02;41;AckSent;533
12;02;42;AckSent;522
12;02;43;AckSent;514
12;02;44;AckSent;526
12;02;45;AckSent;547
12;02;46;AckSent;560
12;02;47;AckSent;531
12;02;48;AckSent;534
12;02;49;AckSent;514
12;02;50;AckSent;522
12;02;51;AckSent;540
12;02;52;AckSent;490
12;02;53;AckSent;501
12;02;54;AckSent;518
12;02;55;AckSent;502
12;02;56;AckSent;538
12;02;57;AckSent;494
12;02;58;AckSent;516
12;02;59;AckSent;548
12;03;00;AckSent;494
12;03;01;AckSent;504
12;03;02;AckSent;484
12;03;03;AckSent;510
12;03;04;AckSent;517
12;03;05;AckSent;505
12;03;06;AckSent;506
12;03;07;AckSent;501
12;03;08;AckSent;536
12;03;09;AckSent;540
12;03;10;AckSent;540
12;03;11;AckSent;513
12;03;12;AckSent;493
12;03;13;AckSent;517
12;03;14;AckSent;528
12;03;15;AckSent;483
12;03;16;AckSent;521
12;03;17;AckSent;547
12;03;18;AckSent;523
12;03;19;AckSent;487
12;03;20;AckSent;537
12;03;21;AckSent;529
12;03;22;AckSent;484
12;03;23;AckSent;493
12;03;24;AckSent;515
12;03;25;AckSent;486
12;03;26;AckSent;476
12;03;27;AckSent;515
12;03;28;AckSent;537
12;03;29;AckSent;477
12;03;30;AckSent;530
12;03;31;AckSent;547
12;03;32;AckSent;517
12;03;33;AckSent;524
12;03;34;AckSent;508
12;03;35;AckSent;487
12;03;36;AckSent;519
12;03;37;AckSent;514
12;03;38;AckSent;510
12;03;39;AckSent;500
12;03;40;AckSent;511
12;03;41;AckSent;521
12;03;42;AckSent;525
12;03;43;AckSent;505
12;03;44;AckSent;509
12;03;45;AckSent;553
12;03;46;AckSent;512
12;03;47;AckSent;517
12;03;48;AckSent;509
12;03;49;AckSent;494
12;03;50;AckSent;530
12;03;51;AckSent;544
12;03;52;AckSent;538
12;03;53;AckSent;531
12;03;54;AckSent;509
12;03;55;AckSent;510
12;03;56;AckSent;517
12;03;57;AckSent;520
12;03;58;AckSent;521
12;03;59;AckSent;521
12;04;00;AckSent;530
12;04;01;AckSent;520
12;04;02;AckSent;537
12;04;03;AckSent;548
12;04;04;AckSent;546
12;04;05;AckSent;485
