01:51:34:447;Client environment:zookeeper.version=3.3.3-1073969, built on 02/23/2011 22:27 GMT
01:51:34:448;Client environment:host.name=telles-storm-slave2
01:51:34:448;Client environment:java.version=1.7.0_55
01:51:34:448;Client environment:java.vendor=Oracle Corporation
01:51:34:448;Client environment:java.home=/usr/lib/jvm/java-7-openjdk-amd64/jre
01:51:34:448;Client environment:java.class.path=/usr/local/storm-0.8.2/storm-0.8.2.jar:/usr/local/storm-0.8.2/lib/hiccup-0.3.6.jar:/usr/local/storm-0.8.2/lib/tools.cli-0.2.2.jar:/usr/local/storm-0.8.2/lib/minlog-1.2.jar:/usr/local/storm-0.8.2/lib/tools.logging-0.2.3.jar:/usr/local/storm-0.8.2/lib/ring-servlet-0.3.11.jar:/usr/local/storm-0.8.2/lib/disruptor-2.10.1.jar:/usr/local/storm-0.8.2/lib/commons-fileupload-1.2.1.jar:/usr/local/storm-0.8.2/lib/slf4j-log4j12-1.5.8.jar:/usr/local/storm-0.8.2/lib/clj-time-0.4.1.jar:/usr/local/storm-0.8.2/lib/asm-4.0.jar:/usr/local/storm-0.8.2/lib/commons-logging-1.1.1.jar:/usr/local/storm-0.8.2/lib/jgrapht-0.8.3.jar:/usr/local/storm-0.8.2/lib/math.numeric-tower-0.0.1.jar:/usr/local/storm-0.8.2/lib/ring-core-1.1.5.jar:/usr/local/storm-0.8.2/lib/servlet-api-2.5-20081211.jar:/usr/local/storm-0.8.2/lib/commons-codec-1.4.jar:/usr/local/storm-0.8.2/lib/reflectasm-1.07-shaded.jar:/usr/local/storm-0.8.2/lib/slf4j-api-1.5.8.jar:/usr/local/storm-0.8.2/lib/zookeeper-3.3.3.jar:/usr/local/storm-0.8.2/lib/commons-exec-1.1.jar:/usr/local/storm-0.8.2/lib/clojure-1.4.0.jar:/usr/local/storm-0.8.2/lib/carbonite-1.5.0.jar:/usr/local/storm-0.8.2/lib/log4j-1.2.16.jar:/usr/local/storm-0.8.2/lib/snakeyaml-1.9.jar:/usr/local/storm-0.8.2/lib/commons-lang-2.5.jar:/usr/local/storm-0.8.2/lib/kryo-2.17.jar:/usr/local/storm-0.8.2/lib/tools.macro-0.1.0.jar:/usr/local/storm-0.8.2/lib/jzmq-2.1.0.jar:/usr/local/storm-0.8.2/lib/junit-3.8.1.jar:/usr/local/storm-0.8.2/lib/jetty-util-6.1.26.jar:/usr/local/storm-0.8.2/lib/guava-13.0.jar:/usr/local/storm-0.8.2/lib/httpclient-4.1.1.jar:/usr/local/storm-0.8.2/lib/jline-0.9.94.jar:/usr/local/storm-0.8.2/lib/curator-client-1.0.1.jar:/usr/local/storm-0.8.2/lib/jetty-6.1.26.jar:/usr/local/storm-0.8.2/lib/joda-time-2.0.jar:/usr/local/storm-0.8.2/lib/ring-jetty-adapter-0.3.11.jar:/usr/local/storm-0.8.2/lib/httpcore-4.1.jar:/usr/local/storm-0.8.2/lib/core.incubator-0.1.0.jar:/usr/local/storm-0.8.2/lib/servlet-api-2.5.jar:/usr/local/storm-0.8.2/lib/curator-framework-1.0.1.jar:/usr/local/storm-0.8.2/lib/commons-io-1.4.jar:/usr/local/storm-0.8.2/lib/json-simple-1.1.jar:/usr/local/storm-0.8.2/lib/libthrift7-0.7.0.jar:/usr/local/storm-0.8.2/lib/clout-1.0.1.jar:/usr/local/storm-0.8.2/lib/objenesis-1.2.jar:/usr/local/storm-0.8.2/lib/compojure-1.1.3.jar:/usr/local/storm-0.8.2/log4j:/usr/local/storm-0.8.2/conf:/app/storm/supervisor/stormdist/sg-app-storm-180-1406080291/stormjar.jar
01:51:34:449;Client environment:java.library.path=/usr/local/lib:/opt/local/lib:/usr/lib
01:51:34:449;Client environment:java.io.tmpdir=/tmp
01:51:34:449;Client environment:java.compiler=<NA>
01:51:34:449;Client environment:os.name=Linux
01:51:34:449;Client environment:os.arch=amd64
01:51:34:449;Client environment:os.version=3.2.0-61-virtual
01:51:34:449;Client environment:user.name=storm
01:51:34:449;Client environment:user.home=/app/home/storm
01:51:34:449;Client environment:user.dir=/usr/local/storm-0.8.2
01:51:34:459;Server environment:zookeeper.version=3.3.3-1073969, built on 02/23/2011 22:27 GMT
01:51:34:459;Server environment:host.name=telles-storm-slave2
01:51:34:459;Server environment:java.version=1.7.0_55
01:51:34:459;Server environment:java.vendor=Oracle Corporation
01:51:34:459;Server environment:java.home=/usr/lib/jvm/java-7-openjdk-amd64/jre
01:51:34:459;Server environment:java.class.path=/usr/local/storm-0.8.2/storm-0.8.2.jar:/usr/local/storm-0.8.2/lib/hiccup-0.3.6.jar:/usr/local/storm-0.8.2/lib/tools.cli-0.2.2.jar:/usr/local/storm-0.8.2/lib/minlog-1.2.jar:/usr/local/storm-0.8.2/lib/tools.logging-0.2.3.jar:/usr/local/storm-0.8.2/lib/ring-servlet-0.3.11.jar:/usr/local/storm-0.8.2/lib/disruptor-2.10.1.jar:/usr/local/storm-0.8.2/lib/commons-fileupload-1.2.1.jar:/usr/local/storm-0.8.2/lib/slf4j-log4j12-1.5.8.jar:/usr/local/storm-0.8.2/lib/clj-time-0.4.1.jar:/usr/local/storm-0.8.2/lib/asm-4.0.jar:/usr/local/storm-0.8.2/lib/commons-logging-1.1.1.jar:/usr/local/storm-0.8.2/lib/jgrapht-0.8.3.jar:/usr/local/storm-0.8.2/lib/math.numeric-tower-0.0.1.jar:/usr/local/storm-0.8.2/lib/ring-core-1.1.5.jar:/usr/local/storm-0.8.2/lib/servlet-api-2.5-20081211.jar:/usr/local/storm-0.8.2/lib/commons-codec-1.4.jar:/usr/local/storm-0.8.2/lib/reflectasm-1.07-shaded.jar:/usr/local/storm-0.8.2/lib/slf4j-api-1.5.8.jar:/usr/local/storm-0.8.2/lib/zookeeper-3.3.3.jar:/usr/local/storm-0.8.2/lib/commons-exec-1.1.jar:/usr/local/storm-0.8.2/lib/clojure-1.4.0.jar:/usr/local/storm-0.8.2/lib/carbonite-1.5.0.jar:/usr/local/storm-0.8.2/lib/log4j-1.2.16.jar:/usr/local/storm-0.8.2/lib/snakeyaml-1.9.jar:/usr/local/storm-0.8.2/lib/commons-lang-2.5.jar:/usr/local/storm-0.8.2/lib/kryo-2.17.jar:/usr/local/storm-0.8.2/lib/tools.macro-0.1.0.jar:/usr/local/storm-0.8.2/lib/jzmq-2.1.0.jar:/usr/local/storm-0.8.2/lib/junit-3.8.1.jar:/usr/local/storm-0.8.2/lib/jetty-util-6.1.26.jar:/usr/local/storm-0.8.2/lib/guava-13.0.jar:/usr/local/storm-0.8.2/lib/httpclient-4.1.1.jar:/usr/local/storm-0.8.2/lib/jline-0.9.94.jar:/usr/local/storm-0.8.2/lib/curator-client-1.0.1.jar:/usr/local/storm-0.8.2/lib/jetty-6.1.26.jar:/usr/local/storm-0.8.2/lib/joda-time-2.0.jar:/usr/local/storm-0.8.2/lib/ring-jetty-adapter-0.3.11.jar:/usr/local/storm-0.8.2/lib/httpcore-4.1.jar:/usr/local/storm-0.8.2/lib/core.incubator-0.1.0.jar:/usr/local/storm-0.8.2/lib/servlet-api-2.5.jar:/usr/local/storm-0.8.2/lib/curator-framework-1.0.1.jar:/usr/local/storm-0.8.2/lib/commons-io-1.4.jar:/usr/local/storm-0.8.2/lib/json-simple-1.1.jar:/usr/local/storm-0.8.2/lib/libthrift7-0.7.0.jar:/usr/local/storm-0.8.2/lib/clout-1.0.1.jar:/usr/local/storm-0.8.2/lib/objenesis-1.2.jar:/usr/local/storm-0.8.2/lib/compojure-1.1.3.jar:/usr/local/storm-0.8.2/log4j:/usr/local/storm-0.8.2/conf:/app/storm/supervisor/stormdist/sg-app-storm-180-1406080291/stormjar.jar
01:51:34:459;Server environment:java.library.path=/usr/local/lib:/opt/local/lib:/usr/lib
01:51:34:459;Server environment:java.io.tmpdir=/tmp
01:51:34:460;Server environment:java.compiler=<NA>
01:51:34:460;Server environment:os.name=Linux
01:51:34:460;Server environment:os.arch=amd64
01:51:34:460;Server environment:os.version=3.2.0-61-virtual
01:51:34:460;Server environment:user.name=storm
01:51:34:460;Server environment:user.home=/app/home/storm
01:51:34:460;Server environment:user.dir=/usr/local/storm-0.8.2
01:51:34:941;Launching worker for sg-app-storm-180-1406080291 on 4f4adac9-fbc5-43b3-b9fa-68ec9e768133:6703 with id 2a87867d-a111-4f21-8a14-1d053214313a and conf {"dev.zookeeper.path" "/tmp/dev-storm-zookeeper", "topology.tick.tuple.freq.secs" nil, "topology.fall.back.on.java.serialization" true, "topology.max.error.report.per.interval" 5, "zmq.linger.millis" 5000, "topology.skip.missing.kryo.registrations" false, "ui.childopts" "-Xmx768m -Djava.net.preferIPv4Stack=true", "storm.zookeeper.session.timeout" 20000, "nimbus.reassign" true, "topology.trident.batch.emit.interval.millis" 500, "nimbus.monitor.freq.secs" 10, "java.library.path" "/usr/local/lib:/opt/local/lib:/usr/lib", "topology.executor.send.buffer.size" 1024, "storm.local.dir" "/app/storm", "supervisor.worker.start.timeout.secs" 120, "topology.enable.message.timeouts" true, "nimbus.cleanup.inbox.freq.secs" 600, "nimbus.inbox.jar.expiration.secs" 3600, "drpc.worker.threads" 64, "topology.worker.shared.thread.pool.size" 4, "nimbus.host" "telles-storm-nimbus", "storm.zookeeper.port" 2181, "transactional.zookeeper.port" nil, "topology.executor.receive.buffer.size" 1024, "transactional.zookeeper.servers" nil, "storm.zookeeper.root" "/storm", "supervisor.enable" true, "storm.zookeeper.servers" ["telles-zkserver"], "transactional.zookeeper.root" "/transactional", "topology.acker.executors" 1, "topology.transfer.buffer.size" 1024, "topology.worker.childopts" nil, "drpc.queue.size" 128, "worker.childopts" "-Xmx768m -Djava.net.preferIPv4Stack=true", "supervisor.heartbeat.frequency.secs" 5, "topology.error.throttle.interval.secs" 10, "zmq.hwm" 0, "drpc.port" 3772, "supervisor.monitor.frequency.secs" 3, "topology.receiver.buffer.size" 8, "task.heartbeat.frequency.secs" 3, "topology.tasks" nil, "topology.spout.wait.strategy" "backtype.storm.spout.SleepSpoutWaitStrategy", "topology.max.spout.pending" nil, "storm.zookeeper.retry.interval" 1000, "topology.sleep.spout.wait.strategy.time.ms" 1, "nimbus.topology.validator" "backtype.storm.nimbus.DefaultTopologyValidator", "supervisor.slots.ports" [6700 6701 6702 6703], "topology.debug" false, "nimbus.task.launch.secs" 120, "nimbus.supervisor.timeout.secs" 60, "topology.message.timeout.secs" 30, "task.refresh.poll.secs" 10, "topology.workers" 1, "supervisor.childopts" "-Djava.net.preferIPv4Stack=true", "nimbus.thrift.port" 6627, "topology.stats.sample.rate" 0.05, "worker.heartbeat.frequency.secs" 1, "topology.acker.tasks" nil, "topology.disruptor.wait.strategy" "com.lmax.disruptor.BlockingWaitStrategy", "nimbus.task.timeout.secs" 30, "storm.zookeeper.connection.timeout" 15000, "topology.kryo.factory" "backtype.storm.serialization.DefaultKryoFactory", "drpc.invocations.port" 3773, "zmq.threads" 1, "storm.zookeeper.retry.times" 5, "topology.state.synchronization.timeout.secs" 60, "supervisor.worker.timeout.secs" 30, "nimbus.file.copy.expiration.secs" 600, "drpc.request.timeout.secs" 600, "storm.local.mode.zmq" false, "ui.port" 8080, "nimbus.childopts" "-Xmx1024m -Djava.net.preferIPv4Stack=true", "storm.cluster.mode" "distributed", "topology.optimize" true, "topology.max.task.parallelism" nil}
01:51:34:986;Starting
01:51:34:987;Initiating client connection, connectString=telles-zkserver:2181 sessionTimeout=20000 watcher=com.netflix.curator.ConnectionState@41e694e9
01:51:34:997;Opening socket connection to server telles-zkserver/10.1.0.77:2181
01:51:35:009;Socket connection established to telles-zkserver/10.1.0.77:2181, initiating session
01:51:35:021;Session establishment complete on server telles-zkserver/10.1.0.77:2181, sessionid = 0x146b9478354aa8a, negotiated timeout = 20000
01:51:35:026;Zookeeper state update: :connected:none
01:51:35:042;Session: 0x146b9478354aa8a closed
01:51:35:042;EventThread shut down
01:51:35:043;Starting
01:51:35:043;Initiating client connection, connectString=telles-zkserver:2181/storm sessionTimeout=20000 watcher=com.netflix.curator.ConnectionState@631bfb7e
01:51:35:044;Opening socket connection to server telles-zkserver/10.1.0.77:2181
01:51:35:045;Socket connection established to telles-zkserver/10.1.0.77:2181, initiating session
01:51:35:050;Session establishment complete on server telles-zkserver/10.1.0.77:2181, sessionid = 0x146b9478354aa8b, negotiated timeout = 20000
01:51:35:524;Loading executor average:[6 9]
01:51:35:537;Loaded executor tasks average:[6 9]
01:51:35:547;Finished loading executor average:[6 9]
01:51:35:558;Launching receive-thread for 4f4adac9-fbc5-43b3-b9fa-68ec9e768133:6703
01:51:35:559;Preparing bolt average:(6 7 8 9)
01:51:35:562;Prepared bolt average:(6 7 8 9)
01:51:35:583;Worker has topology config {"storm.id" "sg-app-storm-180-1406080291", "dev.zookeeper.path" "/tmp/dev-storm-zookeeper", "topology.tick.tuple.freq.secs" nil, "topology.fall.back.on.java.serialization" true, "topology.max.error.report.per.interval" 5, "zmq.linger.millis" 5000, "topology.skip.missing.kryo.registrations" false, "ui.childopts" "-Xmx768m -Djava.net.preferIPv4Stack=true", "storm.zookeeper.session.timeout" 20000, "nimbus.reassign" true, "topology.trident.batch.emit.interval.millis" 500, "nimbus.monitor.freq.secs" 10, "java.library.path" "/usr/local/lib:/opt/local/lib:/usr/lib", "topology.executor.send.buffer.size" 1024, "storm.local.dir" "/app/storm", "supervisor.worker.start.timeout.secs" 120, "topology.enable.message.timeouts" true, "nimbus.cleanup.inbox.freq.secs" 600, "nimbus.inbox.jar.expiration.secs" 3600, "drpc.worker.threads" 64, "topology.worker.shared.thread.pool.size" 4, "nimbus.host" "telles-storm-nimbus", "storm.zookeeper.port" 2181, "transactional.zookeeper.port" nil, "topology.executor.receive.buffer.size" 1024, "transactional.zookeeper.servers" nil, "storm.zookeeper.root" "/storm", "supervisor.enable" true, "storm.zookeeper.servers" ["telles-zkserver"], "transactional.zookeeper.root" "/transactional", "topology.acker.executors" 1, "topology.kryo.decorators" (), "topology.name" "sg-app-storm", "topology.transfer.buffer.size" 1024, "topology.worker.childopts" nil, "drpc.queue.size" 128, "worker.childopts" "-Xmx768m -Djava.net.preferIPv4Stack=true", "supervisor.heartbeat.frequency.secs" 5, "topology.error.throttle.interval.secs" 10, "zmq.hwm" 0, "drpc.port" 3772, "supervisor.monitor.frequency.secs" 3, "topology.receiver.buffer.size" 8, "task.heartbeat.frequency.secs" 3, "topology.tasks" nil, "topology.spout.wait.strategy" "backtype.storm.spout.SleepSpoutWaitStrategy", "topology.max.spout.pending" nil, "storm.zookeeper.retry.interval" 1000, "topology.sleep.spout.wait.strategy.time.ms" 1, "nimbus.topology.validator" "backtype.storm.nimbus.DefaultTopologyValidator", "supervisor.slots.ports" [6700 6701 6702 6703], "topology.debug" false, "nimbus.task.launch.secs" 120, "nimbus.supervisor.timeout.secs" 60, "topology.kryo.register" nil, "topology.message.timeout.secs" 30, "task.refresh.poll.secs" 10, "topology.workers" 7, "supervisor.childopts" "-Djava.net.preferIPv4Stack=true", "nimbus.thrift.port" 6627, "topology.stats.sample.rate" 0.05, "worker.heartbeat.frequency.secs" 1, "topology.acker.tasks" nil, "topology.disruptor.wait.strategy" "com.lmax.disruptor.BlockingWaitStrategy", "nimbus.task.timeout.secs" 30, "storm.zookeeper.connection.timeout" 15000, "topology.kryo.factory" "backtype.storm.serialization.DefaultKryoFactory", "drpc.invocations.port" 3773, "zmq.threads" 1, "storm.zookeeper.retry.times" 5, "topology.state.synchronization.timeout.secs" 60, "supervisor.worker.timeout.secs" 30, "nimbus.file.copy.expiration.secs" 600, "drpc.request.timeout.secs" 600, "storm.local.mode.zmq" false, "ui.port" 8080, "nimbus.childopts" "-Xmx1024m -Djava.net.preferIPv4Stack=true", "storm.cluster.mode" "distributed", "topology.optimize" true, "topology.max.task.parallelism" nil}
01:51:35:583;Worker 2a87867d-a111-4f21-8a14-1d053214313a for storm sg-app-storm-180-1406080291 on 4f4adac9-fbc5-43b3-b9fa-68ec9e768133:6703 has finished loading
01:51:35:671;AckSent
01:51:35:675;AckSent
01:51:35:676;AckSent
01:51:35:679;AckSent
01:51:35:695;AckSent
01:51:35:698;AckSent
01:51:35:707;AckSent
01:51:35:712;AckSent
01:51:35:751;AckSent
01:51:35:753;AckSent
01:51:35:773;AckSent
01:51:35:775;AckSent
01:51:35:778;AckSent
01:51:35:795;AckSent
01:51:35:798;AckSent
01:51:35:802;AckSent
01:51:35:820;AckSent
01:51:35:822;AckSent
01:51:35:828;AckSent
01:51:35:842;AckSent
01:51:35:875;AckSent
01:51:35:878;AckSent
01:51:35:911;AckSent
01:51:35:925;AckSent
01:51:35:936;AckSent
01:51:35:947;AckSent
01:51:35:949;AckSent
01:51:35:955;AckSent
01:51:35:961;AckSent
01:51:35:978;AckSent
01:51:35:986;AckSent
01:51:35:992;AckSent
01:51:36:013;AckSent
01:51:36:021;AckSent
01:51:36:032;AckSent
01:51:36:041;AckSent
01:51:36:052;AckSent
01:51:36:057;AckSent
01:51:36:079;AckSent
01:51:36:088;AckSent
01:51:36:093;AckSent
01:51:36:115;AckSent
01:51:36:129;AckSent
01:51:36:153;AckSent
01:51:36:167;AckSent
01:51:36:200;AckSent
01:51:36:205;AckSent
01:51:36:227;AckSent
01:51:36:245;AckSent
01:51:36:253;AckSent
01:51:36:255;AckSent
01:51:36:256;AckSent
01:51:36:283;AckSent
01:51:36:288;AckSent
01:51:36:296;AckSent
01:51:36:302;AckSent
01:51:36:319;AckSent
01:51:36:327;AckSent
01:51:36:330;AckSent
01:51:36:374;AckSent
01:51:36:381;AckSent
01:51:36:401;AckSent
01:51:36:410;AckSent
01:51:36:417;AckSent
01:51:36:465;AckSent
01:51:36:476;AckSent
01:51:36:506;AckSent
01:51:36:528;AckSent
01:51:36:559;AckSent
01:51:36:563;AckSent
01:51:36:576;AckSent
01:51:36:593;AckSent
01:51:36:597;AckSent
01:51:36:600;AckSent
01:51:36:605;AckSent
01:51:36:614;AckSent
01:51:36:631;AckSent
01:51:36:657;AckSent
01:51:36:676;AckSent
01:51:36:690;AckSent
01:51:36:696;AckSent
01:51:36:704;AckSent
01:51:36:715;AckSent
01:51:36:720;AckSent
01:51:36:723;AckSent
01:51:36:733;AckSent
01:51:36:748;AckSent
01:51:36:770;AckSent
01:51:36:790;AckSent
01:51:36:802;AckSent
01:51:36:808;AckSent
01:51:36:813;AckSent
01:51:36:819;AckSent
01:51:36:831;AckSent
01:51:36:850;AckSent
01:51:36:863;AckSent
01:51:36:922;AckSent
01:51:36:928;AckSent
01:51:36:931;AckSent
01:51:36:933;AckSent
01:51:36:973;AckSent
01:51:36:994;AckSent
01:51:37:002;AckSent
01:51:37:046;AckSent
01:51:37:070;AckSent
01:51:37:079;AckSent
01:51:37:084;AckSent
01:51:37:093;AckSent
01:51:37:145;AckSent
01:51:37:148;AckSent
01:51:37:153;AckSent
01:51:37:173;AckSent
01:51:37:181;AckSent
01:51:37:189;AckSent
01:51:37:214;AckSent
01:51:37:263;AckSent
01:51:37:266;AckSent
01:51:37:269;AckSent
01:51:37:271;AckSent
01:51:37:288;AckSent
01:51:37:369;AckSent
01:51:37:408;AckSent
01:51:37:413;AckSent
01:51:37:424;AckSent
01:51:37:429;AckSent
01:51:37:440;AckSent
01:51:37:467;AckSent
01:51:37:473;AckSent
01:51:37:482;AckSent
01:51:37:491;AckSent
01:51:37:512;AckSent
01:51:37:518;AckSent
01:51:37:558;AckSent
01:51:37:561;AckSent
01:51:37:588;AckSent
01:51:37:606;AckSent
01:51:37:618;AckSent
01:51:37:621;AckSent
01:51:37:634;AckSent
01:51:37:648;AckSent
01:51:37:656;AckSent
01:51:37:658;AckSent
01:51:37:661;AckSent
01:51:37:667;AckSent
01:51:37:673;AckSent
01:51:37:684;AckSent
01:51:37:687;AckSent
01:51:37:690;AckSent
01:51:37:699;AckSent
01:51:37:701;AckSent
01:51:37:717;AckSent
01:51:37:723;AckSent
01:51:37:749;AckSent
01:51:37:754;AckSent
01:51:37:766;AckSent
01:51:37:782;AckSent
01:51:37:785;AckSent
01:51:37:796;AckSent
01:51:37:799;AckSent
01:51:37:816;AckSent
01:51:37:828;AckSent
01:51:37:836;AckSent
01:51:37:870;AckSent
01:51:37:879;AckSent
01:51:37:881;AckSent
01:51:37:884;AckSent
01:51:37:889;AckSent
01:51:37:895;AckSent
01:51:37:912;AckSent
01:51:37:935;AckSent
01:51:37:970;AckSent
01:51:37:992;AckSent
01:51:38:006;AckSent
01:51:38:036;AckSent
01:51:38:039;AckSent
01:51:38:058;AckSent
01:51:38:063;AckSent
01:51:38:066;AckSent
01:51:38:069;AckSent
01:51:38:099;AckSent
01:51:38:107;AckSent
01:51:38:133;AckSent
01:51:38:141;AckSent
01:51:38:154;AckSent
01:51:38:163;AckSent
01:51:38:179;AckSent
01:51:38:192;AckSent
01:51:38:206;AckSent
01:51:38:208;AckSent
01:51:38:213;AckSent
01:51:38:221;AckSent
01:51:38:249;AckSent
01:51:38:265;AckSent
01:51:38:276;AckSent
01:51:38:295;AckSent
01:51:38:307;AckSent
01:51:38:314;AckSent
01:51:38:331;AckSent
01:51:38:339;AckSent
01:51:38:344;AckSent
01:51:38:347;AckSent
01:51:38:349;AckSent
01:51:38:384;AckSent
01:51:38:392;AckSent
01:51:38:450;AckSent
01:51:38:455;AckSent
01:51:38:468;AckSent
01:51:38:494;AckSent
01:51:38:507;AckSent
01:51:38:509;AckSent
01:51:38:521;AckSent
01:51:38:556;AckSent
01:51:38:559;AckSent
01:51:38:574;AckSent
01:51:38:580;AckSent
01:51:38:618;AckSent
01:51:38:645;AckSent
01:51:38:674;AckSent
01:51:38:682;AckSent
01:51:38:691;AckSent
01:51:38:708;AckSent
01:51:38:738;AckSent
01:51:38:746;AckSent
01:51:38:764;AckSent
01:51:38:792;AckSent
01:51:38:797;AckSent
01:51:38:853;AckSent
01:51:38:859;AckSent
01:51:38:867;AckSent
01:51:38:903;AckSent
01:51:38:909;AckSent
01:51:38:930;AckSent
01:51:38:946;AckSent
01:51:38:966;AckSent
01:51:38:983;AckSent
01:51:38:992;AckSent
01:51:39:016;AckSent
01:51:39:021;AckSent
01:51:39:026;AckSent
01:51:39:035;AckSent
01:51:39:038;AckSent
01:51:39:041;AckSent
01:51:39:067;AckSent
01:51:39:075;AckSent
01:51:39:084;AckSent
01:51:39:147;AckSent
01:51:39:149;AckSent
01:51:39:152;AckSent
01:51:39:161;AckSent
01:51:39:187;AckSent
01:51:39:191;AckSent
01:51:39:229;AckSent
01:51:39:255;AckSent
01:51:39:313;AckSent
01:51:39:336;AckSent
01:51:39:353;AckSent
01:51:39:364;AckSent
01:51:39:378;AckSent
01:51:39:387;AckSent
01:51:39:390;AckSent
01:51:39:406;AckSent
01:51:39:423;AckSent
01:51:39:435;AckSent
01:51:39:438;AckSent
01:51:39:455;AckSent
01:51:39:463;AckSent
01:51:39:537;AckSent
01:51:39:566;AckSent
01:51:39:581;AckSent
01:51:39:589;AckSent
01:51:39:602;AckSent
01:51:39:607;AckSent
01:51:39:615;AckSent
01:51:39:640;AckSent
01:51:39:642;AckSent
01:51:39:690;AckSent
01:51:39:713;AckSent
01:51:39:721;AckSent
01:51:39:726;AckSent
01:51:39:728;AckSent
01:51:39:758;AckSent
01:51:39:763;AckSent
01:51:39:768;AckSent
01:51:39:778;AckSent
01:51:39:781;AckSent
01:51:39:783;AckSent
01:51:39:807;AckSent
01:51:39:809;AckSent
01:51:39:817;AckSent
01:51:39:846;AckSent
01:51:39:858;AckSent
01:51:39:881;AckSent
01:51:39:894;AckSent
01:51:39:896;AckSent
01:51:39:902;AckSent
01:51:39:918;AckSent
01:51:39:965;AckSent
01:51:39:970;AckSent
01:51:40:002;AckSent
01:51:40:023;AckSent
01:51:40:037;AckSent
01:51:40:048;AckSent
01:51:40:055;AckSent
01:51:40:065;AckSent
01:51:40:084;AckSent
01:51:40:100;AckSent
01:51:40:103;AckSent
01:51:40:137;AckSent
01:51:40:144;AckSent
01:51:40:149;AckSent
01:51:40:155;AckSent
01:51:40:160;AckSent
01:51:40:168;AckSent
01:51:40:184;AckSent
01:51:40:213;AckSent
01:51:40:218;AckSent
01:51:40:231;AckSent
01:51:40:236;AckSent
01:51:40:254;AckSent
01:51:40:278;AckSent
01:51:40:281;AckSent
01:51:40:297;AckSent
01:51:40:325;AckSent
01:51:40:328;AckSent
01:51:40:341;AckSent
01:51:40:347;AckSent
01:51:40:349;AckSent
01:51:40:355;AckSent
01:51:40:366;AckSent
01:51:40:387;AckSent
01:51:40:390;AckSent
01:51:40:414;AckSent
01:51:40:437;AckSent
01:51:40:439;AckSent
01:51:40:444;AckSent
01:51:40:455;AckSent
01:51:40:470;AckSent
01:51:40:493;AckSent
01:51:40:551;AckSent
01:51:40:554;AckSent
01:51:40:571;AckSent
01:51:40:574;AckSent
01:51:40:587;AckSent
01:51:40:604;AckSent
01:51:40:606;AckSent
01:51:40:647;AckSent
01:51:40:657;AckSent
01:51:40:662;AckSent
01:51:40:664;AckSent
01:51:40:678;AckSent
01:51:40:687;AckSent
01:51:40:695;AckSent
01:51:40:712;AckSent
01:51:40:717;AckSent
01:51:40:740;AckSent
01:51:40:746;AckSent
01:51:40:757;AckSent
01:51:40:779;AckSent
01:51:40:793;AckSent
01:51:40:837;AckSent
01:51:40:843;AckSent
01:51:40:849;AckSent
01:51:40:852;AckSent
01:51:40:864;AckSent
01:51:40:873;AckSent
01:51:40:882;AckSent
01:51:40:887;AckSent
01:51:40:896;AckSent
01:51:40:902;AckSent
01:51:40:905;AckSent
01:51:40:962;AckSent
01:51:40:964;AckSent
01:51:40:967;AckSent
01:51:40:973;AckSent
01:51:40:987;AckSent
01:51:41:031;AckSent
01:51:41:041;AckSent
01:51:41:061;AckSent
01:51:41:073;AckSent
01:51:41:080;AckSent
01:51:41:114;AckSent
01:51:41:116;AckSent
01:51:41:121;AckSent
01:51:41:126;AckSent
01:51:41:133;AckSent
01:51:41:178;AckSent
01:51:41:188;AckSent
01:51:41:225;AckSent
01:51:41:253;AckSent
01:51:41:273;AckSent
01:51:41:282;AckSent
01:51:41:305;AckSent
01:51:41:330;AckSent
01:51:41:350;AckSent
01:51:41:402;AckSent
01:51:41:416;AckSent
01:51:41:458;AckSent
01:51:41:484;AckSent
01:51:41:496;AckSent
01:51:41:501;AckSent
01:51:41:505;AckSent
01:51:41:513;AckSent
01:51:41:531;AckSent
01:51:41:540;AckSent
01:51:41:542;AckSent
01:51:41:545;AckSent
01:51:41:566;AckSent
01:51:41:569;AckSent
01:51:41:592;AckSent
01:51:41:594;AckSent
01:51:41:603;AckSent
01:51:41:633;AckSent
01:51:41:635;AckSent
01:51:41:670;AckSent
01:51:41:676;AckSent
01:51:41:687;AckSent
01:51:41:707;AckSent
01:51:41:730;AckSent
01:51:41:777;AckSent
01:51:41:785;AckSent
01:51:41:799;AckSent
01:51:41:822;AckSent
01:51:41:827;AckSent
01:51:41:831;AckSent
01:51:41:850;AckSent
01:51:41:853;AckSent
01:51:41:885;AckSent
01:51:41:890;AckSent
01:51:41:893;AckSent
01:51:41:895;AckSent
01:51:41:929;AckSent
01:51:41:949;AckSent
01:51:41:952;AckSent
01:51:41:966;AckSent
01:51:41:975;AckSent
01:51:41:989;AckSent
01:51:42:011;AckSent
01:51:42:025;AckSent
01:51:42:039;AckSent
01:51:42:045;AckSent
01:51:42:070;AckSent
01:51:42:073;AckSent
01:51:42:076;AckSent
01:51:42:087;AckSent
01:51:42:090;AckSent
01:51:42:093;AckSent
01:51:42:099;AckSent
01:51:42:115;AckSent
01:51:42:123;AckSent
01:51:42:149;AckSent
01:51:42:157;AckSent
01:51:42:163;AckSent
01:51:42:166;AckSent
01:51:42:168;AckSent
01:51:42:200;AckSent
01:51:42:205;AckSent
01:51:42:214;AckSent
01:51:42:257;AckSent
01:51:42:281;AckSent
01:51:42:289;AckSent
01:51:42:303;AckSent
01:51:42:309;AckSent
01:51:42:322;AckSent
01:51:42:334;AckSent
01:51:42:338;AckSent
01:51:42:359;AckSent
01:51:42:404;AckSent
01:51:42:417;AckSent
01:51:42:433;AckSent
01:51:42:438;AckSent
01:51:42:448;AckSent
01:51:42:473;AckSent
01:51:42:476;AckSent
01:51:42:489;AckSent
01:51:42:510;AckSent
01:51:42:527;AckSent
01:51:42:540;AckSent
01:51:42:552;AckSent
01:51:42:555;AckSent
01:51:42:571;AckSent
01:51:42:577;AckSent
01:51:42:596;AckSent
01:51:42:599;AckSent
01:51:42:624;AckSent
01:51:42:638;AckSent
01:51:42:644;AckSent
01:51:42:647;AckSent
01:51:42:656;AckSent
01:51:42:667;AckSent
01:51:42:670;AckSent
01:51:42:681;AckSent
01:51:42:698;AckSent
01:51:42:721;AckSent
01:51:42:732;AckSent
01:51:42:749;AckSent
01:51:42:775;AckSent
01:51:42:782;AckSent
01:51:42:797;AckSent
01:51:42:810;AckSent
01:51:42:823;AckSent
01:51:42:856;AckSent
01:51:42:880;AckSent
01:51:42:904;AckSent
01:51:42:907;AckSent
01:51:42:910;AckSent
01:51:42:935;AckSent
01:51:42:941;AckSent
01:51:42:949;AckSent
01:51:42:974;AckSent
01:51:42:976;AckSent
01:51:42:978;AckSent
01:51:42:981;AckSent
01:51:42:987;AckSent
01:51:42:995;AckSent
01:51:43:001;AckSent
01:51:43:003;AckSent
01:51:43:009;AckSent
01:51:43:031;AckSent
01:51:43:038;AckSent
01:51:43:054;AckSent
01:51:43:068;AckSent
01:51:43:070;AckSent
01:51:43:082;AckSent
01:51:43:100;AckSent
01:51:43:127;AckSent
01:51:43:134;AckSent
01:51:43:142;AckSent
01:51:43:147;AckSent
01:51:43:150;AckSent
01:51:43:177;AckSent
01:51:43:195;AckSent
01:51:43:219;AckSent
01:51:43:238;AckSent
01:51:43:243;AckSent
01:51:43:246;AckSent
01:51:43:267;AckSent
01:51:43:300;AckSent
01:51:43:305;AckSent
01:51:43:338;AckSent
01:51:43:340;AckSent
01:51:43:343;AckSent
01:51:43:346;AckSent
01:51:43:351;AckSent
01:51:43:369;AckSent
01:51:43:381;AckSent
01:51:43:435;AckSent
01:51:43:447;AckSent
01:51:43:465;AckSent
01:51:43:475;AckSent
01:51:43:493;AckSent
01:51:43:503;AckSent
01:51:43:508;AckSent
01:51:43:513;AckSent
01:51:43:545;AckSent
01:51:43:563;AckSent
01:51:43:566;AckSent
01:51:43:568;AckSent
01:51:43:575;AckSent
01:51:43:578;AckSent
01:51:43:588;AckSent
01:51:43:593;AckSent
01:51:43:623;AckSent
01:51:43:650;AckSent
01:51:43:658;AckSent
01:51:43:692;AckSent
01:51:43:705;AckSent
01:51:43:710;AckSent
01:51:43:717;AckSent
01:51:43:734;AckSent
01:51:43:742;AckSent
01:51:43:750;AckSent
01:51:43:767;AckSent
01:51:43:776;AckSent
01:51:43:784;AckSent
01:51:43:806;AckSent
01:51:43:811;AckSent
01:51:43:819;AckSent
01:51:43:827;AckSent
01:51:43:836;AckSent
01:51:43:858;AckSent
01:51:43:866;AckSent
01:51:43:869;AckSent
01:51:43:875;AckSent
01:51:43:877;AckSent
01:51:43:882;AckSent
01:51:43:888;AckSent
01:51:43:891;AckSent
01:51:43:913;AckSent
01:51:43:915;AckSent
01:51:43:918;AckSent
01:51:43:932;AckSent
01:51:43:945;AckSent
01:51:43:987;AckSent
01:51:43:995;AckSent
01:51:44:009;AckSent
01:51:44:012;AckSent
01:51:44:042;AckSent
01:51:44:061;AckSent
01:51:44:066;AckSent
01:51:44:069;AckSent
01:51:44:088;AckSent
01:51:44:104;AckSent
01:51:44:106;AckSent
01:51:44:109;AckSent
01:51:44:111;AckSent
01:51:44:114;AckSent
01:51:44:125;AckSent
01:51:44:128;AckSent
01:51:44:130;AckSent
01:51:44:144;AckSent
01:51:44:146;AckSent
01:51:44:178;AckSent
01:51:44:186;AckSent
01:51:44:205;AckSent
01:51:44:219;AckSent
01:51:44:235;AckSent
01:51:44:237;AckSent
01:51:44:240;AckSent
01:51:44:248;AckSent
01:51:44:256;AckSent
01:51:44:269;AckSent
01:51:44:277;AckSent
01:51:44:280;AckSent
01:51:44:334;AckSent
01:51:44:350;AckSent
01:51:44:364;AckSent
01:51:44:380;AckSent
01:51:44:385;AckSent
01:51:44:388;AckSent
01:51:44:407;AckSent
01:51:44:412;AckSent
01:51:44:434;AckSent
01:51:44:439;AckSent
01:51:44:442;AckSent
01:51:44:466;AckSent
01:51:44:474;AckSent
01:51:44:509;AckSent
01:51:44:539;AckSent
01:51:44:558;AckSent
01:51:44:571;AckSent
01:51:44:604;AckSent
01:51:44:617;AckSent
01:51:44:651;AckSent
01:51:44:654;AckSent
01:51:44:664;AckSent
01:51:44:671;AckSent
01:51:44:677;AckSent
01:51:44:680;AckSent
01:51:44:682;AckSent
01:51:44:688;AckSent
01:51:44:696;AckSent
01:51:44:715;AckSent
01:51:44:739;AckSent
01:51:44:742;AckSent
01:51:44:761;AckSent
01:51:44:771;AckSent
01:51:44:791;AckSent
01:51:44:801;AckSent
01:51:44:819;AckSent
01:51:44:821;AckSent
01:51:44:839;AckSent
01:51:44:854;AckSent
01:51:44:913;AckSent
01:51:44:918;AckSent
01:51:44:927;AckSent
01:51:44:934;AckSent
01:51:44:936;AckSent
01:51:44:941;AckSent
01:51:44:944;AckSent
01:51:44:951;AckSent
01:51:44:959;AckSent
01:51:44:966;AckSent
01:51:44:974;AckSent
01:51:44:986;AckSent
01:51:45:010;AckSent
01:51:45:020;AckSent
01:51:45:046;AckSent
01:51:45:057;AckSent
01:51:45:068;AckSent
01:51:45:084;AckSent
01:51:45:086;AckSent
01:51:45:091;AckSent
01:51:45:105;AckSent
01:51:45:107;AckSent
01:51:45:113;AckSent
01:51:45:233;AckSent
01:51:45:239;AckSent
01:51:45:246;AckSent
01:51:45:268;AckSent
01:51:45:276;AckSent
01:51:45:297;AckSent
01:51:45:313;AckSent
01:51:45:331;AckSent
01:51:45:334;AckSent
01:51:45:354;AckSent
01:51:45:357;AckSent
01:51:45:369;AckSent
01:51:45:374;AckSent
01:51:45:384;AckSent
01:51:45:399;AckSent
01:51:45:419;AckSent
01:51:45:422;AckSent
01:51:45:432;AckSent
01:51:45:439;AckSent
01:51:45:442;AckSent
01:51:45:446;AckSent
01:51:45:449;AckSent
01:51:45:466;AckSent
01:51:45:468;AckSent
01:51:45:473;AckSent
01:51:45:475;AckSent
01:51:45:480;AckSent
01:51:45:488;AckSent
01:51:45:493;AckSent
01:51:45:502;AckSent
01:51:45:505;AckSent
01:51:45:519;AckSent
01:51:45:544;AckSent
01:51:45:549;AckSent
01:51:45:556;AckSent
01:51:45:571;AckSent
01:51:45:584;AckSent
01:51:45:594;AckSent
01:51:45:611;AckSent
01:51:45:635;AckSent
01:51:45:660;AckSent
01:51:45:697;AckSent
01:51:45:722;AckSent
01:51:45:725;AckSent
01:51:45:727;AckSent
01:51:45:734;AckSent
01:51:45:737;AckSent
01:51:45:746;AckSent
01:51:45:756;AckSent
01:51:45:771;AckSent
01:51:45:774;AckSent
01:51:45:786;AckSent
01:51:45:788;AckSent
01:51:45:815;AckSent
01:51:45:825;AckSent
01:51:45:828;AckSent
01:51:45:845;AckSent
01:51:45:877;AckSent
01:51:45:888;AckSent
01:51:45:902;AckSent
01:51:45:915;AckSent
01:51:45:919;AckSent
01:51:45:924;AckSent
01:51:45:936;AckSent
01:51:45:952;AckSent
01:51:45:964;AckSent
01:51:45:985;AckSent
01:51:45:987;AckSent
01:51:45:999;AckSent
01:51:46:014;AckSent
01:51:46:018;AckSent
01:51:46:043;AckSent
01:51:46:046;AckSent
01:51:46:066;AckSent
01:51:46:069;AckSent
01:51:46:094;AckSent
01:51:46:101;AckSent
01:51:46:122;AckSent
01:51:46:127;AckSent
01:51:46:160;AckSent
01:51:46:229;AckSent
01:51:46:250;AckSent
01:51:46:271;AckSent
01:51:46:291;AckSent
01:51:46:311;AckSent
01:51:46:321;AckSent
01:51:46:331;AckSent
01:51:46:345;AckSent
01:51:46:348;AckSent
01:51:46:358;AckSent
01:51:46:396;AckSent
01:51:46:421;AckSent
01:51:46:448;AckSent
01:51:46:456;AckSent
01:51:46:468;AckSent
01:51:46:475;AckSent
01:51:46:486;AckSent
01:51:46:491;AckSent
01:51:46:496;AckSent
01:51:46:509;AckSent
01:51:46:529;AckSent
01:51:46:547;AckSent
01:51:46:554;AckSent
01:51:46:569;AckSent
01:51:46:584;AckSent
01:51:46:594;AckSent
01:51:46:607;AckSent
01:51:46:612;AckSent
01:51:46:622;AckSent
01:51:46:649;AckSent
01:51:46:652;AckSent
01:51:46:662;AckSent
01:51:46:745;AckSent
01:51:46:757;AckSent
01:51:46:769;AckSent
01:51:46:786;AckSent
01:51:46:811;AckSent
01:51:46:829;AckSent
01:51:46:831;AckSent
01:51:46:863;AckSent
01:51:46:868;AckSent
01:51:46:877;AckSent
01:51:46:919;AckSent
01:51:46:923;AckSent
01:51:46:938;AckSent
01:51:46:946;AckSent
01:51:46:950;AckSent
01:51:46:983;AckSent
01:51:46:987;AckSent
01:51:47:010;AckSent
01:51:47:025;AckSent
01:51:47:029;AckSent
01:51:47:042;AckSent
01:51:47:047;AckSent
01:51:47:054;AckSent
01:51:47:068;AckSent
01:51:47:086;AckSent
01:51:47:091;AckSent
01:51:47:096;AckSent
01:51:47:103;AckSent
01:51:47:108;AckSent
01:51:47:177;AckSent
01:51:47:181;AckSent
01:51:47:184;AckSent
01:51:47:194;AckSent
01:51:47:202;AckSent
01:51:47:242;AckSent
01:51:47:282;AckSent
01:51:47:284;AckSent
01:51:47:297;AckSent
01:51:47:313;AckSent
01:51:47:315;AckSent
01:51:47:326;AckSent
01:51:47:329;AckSent
01:51:47:346;AckSent
01:51:47:378;AckSent
01:51:47:414;AckSent
01:51:47:417;AckSent
01:51:47:451;AckSent
01:51:47:454;AckSent
01:51:47:464;AckSent
01:51:47:469;AckSent
01:51:47:479;AckSent
01:51:47:481;AckSent
01:51:47:523;AckSent
01:51:47:545;AckSent
01:51:47:555;AckSent
01:51:47:560;AckSent
01:51:47:565;AckSent
01:51:47:612;AckSent
01:51:47:614;AckSent
01:51:47:624;AckSent
01:51:47:627;AckSent
01:51:47:636;AckSent
01:51:47:663;AckSent
01:51:47:668;AckSent
01:51:47:703;AckSent
01:51:47:707;AckSent
01:51:47:715;AckSent
01:51:47:734;AckSent
01:51:47:758;AckSent
01:51:47:794;AckSent
01:51:47:810;AckSent
01:51:47:821;AckSent
01:51:47:845;AckSent
01:51:47:848;AckSent
01:51:47:864;AckSent
01:51:47:867;AckSent
01:51:47:869;AckSent
01:51:47:889;AckSent
01:51:47:899;AckSent
01:51:47:902;AckSent
01:51:47:933;AckSent
01:51:47:939;AckSent
01:51:47:952;AckSent
01:51:47:965;AckSent
01:51:47:968;AckSent
01:51:47:980;AckSent
01:51:47:995;AckSent
01:51:48:024;AckSent
01:51:48:029;AckSent
01:51:48:037;AckSent
01:51:48:073;AckSent
01:51:48:076;AckSent
01:51:48:088;AckSent
01:51:48:115;AckSent
01:51:48:142;AckSent
01:51:48:155;AckSent
01:51:48:178;AckSent
01:51:48:244;AckSent
01:51:48:252;AckSent
01:51:48:271;AckSent
01:51:48:286;AckSent
01:51:48:298;AckSent
01:51:48:304;AckSent
01:51:48:321;AckSent
01:51:48:333;AckSent
01:51:48:339;AckSent
01:51:48:369;AckSent
01:51:48:379;AckSent
01:51:48:388;AckSent
01:51:48:427;AckSent
01:51:48:430;AckSent
01:51:48:440;AckSent
01:51:48:453;AckSent
01:51:48:460;AckSent
01:51:48:472;AckSent
01:51:48:491;AckSent
01:51:48:498;AckSent
01:51:48:505;AckSent
01:51:48:510;AckSent
01:51:48:520;AckSent
01:51:48:549;AckSent
01:51:48:555;AckSent
01:51:48:557;AckSent
01:51:48:559;AckSent
01:51:48:572;AckSent
01:51:48:602;AckSent
01:51:48:615;AckSent
01:51:48:626;AckSent
01:51:48:636;AckSent
01:51:48:646;AckSent
01:51:48:666;AckSent
01:51:48:678;AckSent
01:51:48:698;AckSent
01:51:48:710;AckSent
01:51:48:722;AckSent
01:51:48:727;AckSent
01:51:48:734;AckSent
01:51:48:745;AckSent
01:51:48:750;AckSent
01:51:48:754;AckSent
01:51:48:774;AckSent
01:51:48:779;AckSent
01:51:48:794;AckSent
01:51:48:811;AckSent
01:51:48:844;AckSent
01:51:48:847;AckSent
01:51:48:852;AckSent
01:51:48:857;AckSent
01:51:48:866;AckSent
01:51:48:884;AckSent
01:51:48:904;AckSent
01:51:48:907;AckSent
01:51:48:909;AckSent
01:51:48:938;AckSent
01:51:48:953;AckSent
01:51:48:956;AckSent
01:51:48:987;AckSent
01:51:48:992;AckSent
01:51:49:007;AckSent
01:51:49:014;AckSent
01:51:49:016;AckSent
01:51:49:022;AckSent
01:51:49:042;AckSent
01:51:49:049;AckSent
01:51:49:052;AckSent
01:51:49:061;AckSent
01:51:49:064;AckSent
01:51:49:071;AckSent
01:51:49:085;AckSent
01:51:49:087;AckSent
01:51:49:092;AckSent
01:51:49:118;AckSent
01:51:49:122;AckSent
01:51:49:128;AckSent
01:51:49:150;AckSent
01:51:49:175;AckSent
01:51:49:190;AckSent
01:51:49:223;AckSent
01:51:49:229;AckSent
01:51:49:231;AckSent
01:51:49:236;AckSent
01:51:49:285;AckSent
01:51:49:317;AckSent
01:51:49:329;AckSent
01:51:49:344;AckSent
01:51:49:351;AckSent
01:51:49:356;AckSent
01:51:49:361;AckSent
01:51:49:364;AckSent
01:51:49:387;AckSent
01:51:49:393;AckSent
01:51:49:407;AckSent
01:51:49:412;AckSent
01:51:49:429;AckSent
01:51:49:432;AckSent
01:51:49:461;AckSent
01:51:49:466;AckSent
01:51:49:480;AckSent
01:51:49:499;AckSent
01:51:49:512;AckSent
01:51:49:517;AckSent
01:51:49:527;AckSent
01:51:49:565;AckSent
01:51:49:580;AckSent
01:51:49:582;AckSent
01:51:49:627;AckSent
01:51:49:630;AckSent
01:51:49:639;AckSent
01:51:49:659;AckSent
01:51:49:667;AckSent
01:51:49:718;AckSent
01:51:49:751;AckSent
01:51:49:761;AckSent
01:51:49:783;AckSent
01:51:49:802;AckSent
01:51:49:822;AckSent
01:51:49:846;AckSent
01:51:49:869;AckSent
01:51:49:913;AckSent
01:51:49:962;AckSent
01:51:50:002;AckSent
01:51:50:009;AckSent
01:51:50:019;AckSent
01:51:50:024;AckSent
01:51:50:029;AckSent
01:51:50:058;AckSent
01:51:50:088;AckSent
01:51:50:105;AckSent
01:51:50:112;AckSent
01:51:50:125;AckSent
01:51:50:139;AckSent
01:51:50:141;AckSent
01:51:50:146;AckSent
01:51:50:151;AckSent
01:51:50:175;AckSent
01:51:50:183;AckSent
01:51:50:188;AckSent
01:51:50:190;AckSent
01:51:50:197;AckSent
01:51:50:200;AckSent
01:51:50:210;AckSent
01:51:50:229;AckSent
01:51:50:249;AckSent
01:51:50:264;AckSent
01:51:50:273;AckSent
01:51:50:276;AckSent
01:51:50:278;AckSent
01:51:50:288;AckSent
01:51:50:300;AckSent
01:51:50:336;AckSent
01:51:50:350;AckSent
01:51:50:374;AckSent
01:51:50:377;AckSent
01:51:50:381;AckSent
01:51:50:384;AckSent
01:51:50:388;AckSent
01:51:50:398;AckSent
01:51:50:402;AckSent
01:51:50:409;AckSent
01:51:50:419;AckSent
01:51:50:426;AckSent
01:51:50:429;AckSent
01:51:50:449;AckSent
01:51:50:491;AckSent
01:51:50:533;AckSent
01:51:50:561;AckSent
01:51:50:571;AckSent
01:51:50:574;AckSent
01:51:50:581;AckSent
01:51:50:596;AckSent
01:51:50:621;AckSent
01:51:50:623;AckSent
01:51:50:628;AckSent
01:51:50:653;AckSent
01:51:50:661;AckSent
01:51:50:666;AckSent
01:51:50:669;AckSent
01:51:50:671;AckSent
01:51:50:686;AckSent
01:51:50:716;AckSent
01:51:50:723;AckSent
01:51:50:728;AckSent
01:51:50:733;AckSent
01:51:50:738;AckSent
01:51:50:756;AckSent
01:51:50:793;AckSent
01:51:50:798;AckSent
01:51:50:801;AckSent
01:51:50:807;AckSent
01:51:50:822;AckSent
01:51:50:824;AckSent
01:51:50:861;AckSent
01:51:50:889;AckSent
01:51:50:909;AckSent
01:51:50:913;AckSent
01:51:50:918;AckSent
01:51:50:941;AckSent
01:51:50:943;AckSent
01:51:50:946;AckSent
01:51:50:953;AckSent
01:51:50:973;AckSent
01:51:50:975;AckSent
01:51:50:983;AckSent
01:51:50:990;AckSent
01:51:51:007;AckSent
01:51:51:014;AckSent
01:51:51:018;AckSent
01:51:51:021;AckSent
01:51:51:056;AckSent
01:51:51:063;AckSent
01:51:51:076;AckSent
01:51:51:096;AckSent
01:51:51:098;AckSent
01:51:51:111;AckSent
01:51:51:125;AckSent
01:51:51:144;AckSent
01:51:51:147;AckSent
01:51:51:151;AckSent
01:51:51:204;AckSent
01:51:51:211;AckSent
01:51:51:228;AckSent
01:51:51:238;AckSent
01:51:51:245;AckSent
01:51:51:266;AckSent
01:51:51:269;AckSent
01:51:51:276;AckSent
01:51:51:319;AckSent
01:51:51:322;AckSent
01:51:51:331;AckSent
01:51:51:342;AckSent
01:51:51:349;AckSent
01:51:51:358;AckSent
01:51:51:361;AckSent
01:51:51:365;AckSent
01:51:51:385;AckSent
01:51:51:387;AckSent
01:51:51:402;AckSent
01:51:51:404;AckSent
01:51:51:416;AckSent
01:51:51:433;AckSent
01:51:51:469;AckSent
01:51:51:501;AckSent
01:51:51:512;AckSent
01:51:51:515;AckSent
01:51:51:543;AckSent
01:51:51:555;AckSent
01:51:51:562;AckSent
01:51:51:579;AckSent
01:51:51:598;AckSent
01:51:51:605;AckSent
01:51:51:620;AckSent
01:51:51:715;AckSent
01:51:51:717;AckSent
01:51:51:733;AckSent
01:51:51:743;AckSent
01:51:51:770;AckSent
01:51:51:782;AckSent
01:51:51:794;AckSent
01:51:51:819;AckSent
01:51:51:821;AckSent
01:51:51:831;AckSent
01:51:51:861;AckSent
01:51:51:886;AckSent
01:51:51:965;AckSent
01:51:51:981;AckSent
01:51:51:990;AckSent
01:51:52:016;AckSent
01:51:52:021;AckSent
01:51:52:031;AckSent
01:51:52:036;AckSent
01:51:52:051;AckSent
01:51:52:057;AckSent
01:51:52:062;AckSent
01:51:52:069;AckSent
01:51:52:092;AckSent
01:51:52:123;AckSent
01:51:52:170;AckSent
01:51:52:184;AckSent
01:51:52:190;AckSent
01:51:52:197;AckSent
01:51:52:214;AckSent
01:51:52:222;AckSent
01:51:52:224;AckSent
01:51:52:229;AckSent
01:51:52:236;AckSent
01:51:52:243;AckSent
01:51:52:258;AckSent
01:51:52:289;AckSent
01:51:52:299;AckSent
01:51:52:311;AckSent
01:51:52:316;AckSent
01:51:52:330;AckSent
01:51:52:333;AckSent
01:51:52:340;AckSent
01:51:52:342;AckSent
01:51:52:347;AckSent
01:51:52:351;AckSent
01:51:52:359;AckSent
01:51:52:395;AckSent
01:51:52:399;AckSent
01:51:52:418;AckSent
01:51:52:437;AckSent
01:51:52:450;AckSent
01:51:52:455;AckSent
01:51:52:458;AckSent
01:51:52:460;AckSent
01:51:52:470;AckSent
01:51:52:472;AckSent
01:51:52:475;AckSent
01:51:52:499;AckSent
01:51:52:523;AckSent
01:51:52:568;AckSent
01:51:52:578;AckSent
01:51:52:599;AckSent
01:51:52:611;AckSent
01:51:52:613;AckSent
01:51:52:623;AckSent
01:51:52:632;AckSent
01:51:52:635;AckSent
01:51:52:642;AckSent
01:51:52:654;AckSent
01:51:52:685;AckSent
01:51:52:689;AckSent
01:51:52:692;AckSent
01:51:52:718;AckSent
01:51:52:722;AckSent
01:51:52:727;AckSent
01:51:52:739;AckSent
01:51:52:758;AckSent
01:51:52:770;AckSent
01:51:52:773;AckSent
01:51:52:778;AckSent
01:51:52:785;AckSent
01:51:52:789;AckSent
01:51:52:827;AckSent
01:51:52:832;AckSent
01:51:52:858;AckSent
01:51:52:872;AckSent
01:51:52:879;AckSent
01:51:52:884;AckSent
01:51:52:889;AckSent
01:51:52:911;AckSent
01:51:52:918;AckSent
01:51:52:920;AckSent
01:51:52:925;AckSent
01:51:52:932;AckSent
01:51:52:948;AckSent
01:51:52:965;AckSent
01:51:52:967;AckSent
01:51:52:973;AckSent
01:51:52:982;AckSent
01:51:53:015;AckSent
01:51:53:068;AckSent
01:51:53:087;AckSent
01:51:53:097;AckSent
01:51:53:106;AckSent
01:51:53:111;AckSent
01:51:53:116;AckSent
01:51:53:118;AckSent
01:51:53:128;AckSent
01:51:53:135;AckSent
01:51:53:175;AckSent
01:51:53:177;AckSent
01:51:53:199;AckSent
01:51:53:206;AckSent
01:51:53:227;AckSent
01:51:53:264;AckSent
01:51:53:271;AckSent
01:51:53:295;AckSent
01:51:53:299;AckSent
01:51:53:318;AckSent
01:51:53:323;AckSent
01:51:53:330;AckSent
01:51:53:346;AckSent
01:51:53:354;AckSent
01:51:53:385;AckSent
01:51:53:390;AckSent
01:51:53:402;AckSent
01:51:53:413;AckSent
01:51:53:416;AckSent
01:51:53:423;AckSent
01:51:53:468;AckSent
01:51:53:473;AckSent
01:51:53:481;AckSent
01:51:53:488;AckSent
01:51:53:493;AckSent
01:51:53:509;AckSent
01:51:53:521;AckSent
01:51:53:531;AckSent
01:51:53:533;AckSent
01:51:53:543;AckSent
01:51:53:549;AckSent
01:51:53:571;AckSent
01:51:53:579;AckSent
01:51:53:589;AckSent
01:51:53:592;AckSent
01:51:53:627;AckSent
01:51:53:638;AckSent
01:51:53:643;AckSent
01:51:53:673;AckSent
01:51:53:681;AckSent
01:51:53:694;AckSent
01:51:53:699;AckSent
01:51:53:715;AckSent
01:51:53:722;AckSent
01:51:53:730;AckSent
01:51:53:735;AckSent
01:51:53:748;AckSent
01:51:53:769;AckSent
01:51:53:771;AckSent
01:51:53:777;AckSent
01:51:53:792;AckSent
01:51:53:799;AckSent
01:51:53:804;AckSent
01:51:53:819;AckSent
01:51:53:829;AckSent
01:51:53:841;AckSent
01:51:53:844;AckSent
01:51:53:846;AckSent
01:51:53:862;AckSent
01:51:53:892;AckSent
01:51:53:912;AckSent
01:51:53:920;AckSent
01:51:53:948;AckSent
01:51:53:959;AckSent
01:51:53:961;AckSent
01:51:53:966;AckSent
01:51:53:971;AckSent
01:51:53:976;AckSent
01:51:53:988;AckSent
01:51:54:003;AckSent
01:51:54:024;AckSent
01:51:54:062;AckSent
01:51:54:087;AckSent
01:51:54:115;AckSent
01:51:54:120;AckSent
01:51:54:132;AckSent
01:51:54:135;AckSent
01:51:54:147;AckSent
01:51:54:167;AckSent
01:51:54:175;AckSent
01:51:54:182;AckSent
01:51:54:187;AckSent
01:51:54:243;AckSent
01:51:54:246;AckSent
01:51:54:256;AckSent
01:51:54:263;AckSent
01:51:54:276;AckSent
01:51:54:286;AckSent
01:51:54:291;AckSent
01:51:54:296;AckSent
01:51:54:304;AckSent
01:51:54:319;AckSent
01:51:54:324;AckSent
01:51:54:329;AckSent
01:51:54:331;AckSent
01:51:54:358;AckSent
01:51:54:361;AckSent
01:51:54:368;AckSent
01:51:54:372;AckSent
