hour;minute;second;event;total
16;26;01;EventSent;22
16;26;02;AckSent;73
16;26;02;EventSent;4245
16;26;03;EventSent;9
16;26;02;EventSent;1
16;26;03;EventSent;2
16;26;02;EventSent;1
16;26;03;AckSent;228
16;26;03;EventSent;4654
16;26;04;EventSent;8
16;26;03;EventSent;1
16;26;04;EventSent;7
16;26;03;EventSent;1
16;26;04;EventSent;1
16;26;03;EventSent;1
16;26;04;AckSent;300
16;26;04;EventSent;5632
16;26;05;EventSent;2
16;26;04;EventSent;1
16;26;05;EventSent;1
16;26;04;EventSent;1
16;26;05;EventSent;1
16;26;04;EventSent;2
16;26;05;EventSent;6
16;26;04;AckSent;1
16;26;05;AckSent;300
16;26;05;EventSent;5954
16;26;06;AckSent;12
16;26;06;EventSent;46
16;26;05;EventSent;1
16;26;06;EventSent;1
16;26;05;EventSent;1
16;26;06;AckSent;216
16;26;06;EventSent;5769
16;26;07;EventSent;3
16;26;06;EventSent;1
16;26;07;EventSent;1
16;26;06;EventSent;1
16;26;07;EventSent;6
16;26;06;AckSent;1
16;26;06;EventSent;1
16;26;07;AckSent;211
16;26;07;EventSent;3548
16;26;08;AckSent;279
16;26;08;EventSent;164
16;26;09;AckSent;339
16;26;10;AckSent;330
16;26;11;AckSent;294
16;26;12;AckSent;453
16;26;13;AckSent;237
16;26;13;EventSent;19
16;26;14;AckSent;372
16;26;14;EventSent;7342
16;26;15;EventSent;3
16;26;14;AckSent;1
16;26;15;EventSent;8
16;26;14;EventSent;3
16;26;15;AckSent;458
16;26;15;EventSent;9775
16;26;16;AckSent;447
16;26;16;EventSent;7347
16;26;17;AckSent;554
16;26;17;EventSent;186
16;26;18;AckSent;801
16;26;19;AckSent;851
16;26;20;AckSent;778
16;26;21;AckSent;1494
16;26;22;AckSent;1375
16;26;23;AckSent;914
16;26;24;AckSent;871
16;26;25;AckSent;693
16;26;25;EventSent;2467
16;26;26;AckSent;359
16;26;26;EventSent;4351
16;26;27;AckSent;909
16;26;28;AckSent;1812
16;26;29;AckSent;1112
16;26;30;AckSent;1662
16;26;30;EventSent;2298
16;26;31;AckSent;1716
16;26;31;EventSent;9924
16;26;32;AckSent;1632
16;26;32;EventSent;9848
16;26;33;AckSent;1717
16;26;33;EventSent;9050
16;26;34;AckSent;2015
16;26;34;EventSent;6430
16;26;35;AckSent;2618
16;26;36;AckSent;2793
16;26;37;AckSent;2094
16;26;38;AckSent;2171
16;26;39;AckSent;2050
16;26;39;EventSent;9389
16;26;40;AckSent;2282
16;26;40;EventSent;10702
16;26;41;AckSent;2033
16;26;41;EventSent;7150
16;26;42;AckSent;2173
16;26;42;EventSent;4948
16;26;43;AckSent;3078
16;26;43;EventSent;2440
16;26;44;AckSent;3105
16;26;45;AckSent;2281
16;26;46;AckSent;1824
16;26;47;AckSent;2359
16;26;47;EventSent;2361
16;26;48;AckSent;1823
16;26;48;EventSent;10558
16;26;49;AckSent;1774
16;26;49;EventSent;10042
16;26;50;AckSent;2150
16;26;50;EventSent;7824
16;26;51;AckSent;2050
16;26;51;EventSent;8145
16;26;52;AckSent;2149
16;26;52;EventSent;2875
16;26;53;AckSent;2815
16;26;54;AckSent;2905
16;26;55;AckSent;2953
16;26;56;AckSent;2789
16;26;56;EventSent;4593
16;26;57;AckSent;2405
16;26;57;EventSent;10652
16;26;58;AckSent;2289
16;26;58;EventSent;8649
16;26;59;AckSent;2007
16;26;59;EventSent;4706
16;27;00;AckSent;1854
16;27;00;EventSent;10029
16;27;01;EventSent;9
16;27;00;EventSent;1
16;27;01;AckSent;1746
16;27;01;EventSent;7864
16;27;02;AckSent;1880
16;27;03;AckSent;1693
16;27;04;AckSent;1531
16;27;05;AckSent;1940
16;27;06;AckSent;1760
16;27;07;AckSent;1545
16;27;08;AckSent;1699
16;27;08;EventSent;1423
16;27;09;AckSent;1674
16;27;09;EventSent;10267
16;27;10;AckSent;1669
16;27;10;EventSent;10217
16;27;11;AckSent;2338
16;27;11;EventSent;1974
16;27;12;AckSent;2519
16;27;13;AckSent;1462
16;27;13;EventSent;5606
16;27;14;AckSent;1377
16;27;14;EventSent;6863
16;27;15;AckSent;1696
16;27;15;EventSent;2914
16;27;16;AckSent;1596
16;27;17;AckSent;1907
16;27;18;AckSent;1231
16;27;19;AckSent;1116
16;27;20;AckSent;2184
16;27;21;AckSent;1834
16;27;22;AckSent;1337
16;27;23;AckSent;1755
16;27;23;EventSent;7738
16;27;24;AckSent;1552
16;27;24;EventSent;10497
16;27;25;AckSent;1911
16;27;25;EventSent;5802
16;27;26;AckSent;1968
16;27;27;AckSent;1901
16;27;28;AckSent;2162
16;27;29;AckSent;3079
16;27;30;AckSent;3812
16;27;31;AckSent;1566
16;27;31;EventSent;7591
16;27;32;AckSent;1397
16;27;32;EventSent;10252
16;27;33;AckSent;2041
16;27;33;EventSent;8176
16;27;34;AckSent;1260
16;27;34;EventSent;10484
16;27;35;AckSent;1352
16;27;35;EventSent;10035
16;27;36;AckSent;2090
16;27;36;EventSent;1178
16;27;37;AckSent;1925
16;27;38;AckSent;2534
16;27;39;AckSent;3434
16;27;39;EventSent;2102
16;27;40;AckSent;1510
16;27;40;EventSent;10381
16;27;41;AckSent;1553
16;27;41;EventSent;10661
16;27;42;EventSent;7
16;27;41;EventSent;1
16;27;42;AckSent;2504
16;27;42;EventSent;578
16;27;43;AckSent;2208
16;27;44;AckSent;1921
16;27;45;AckSent;1785
16;27;46;AckSent;2119
16;27;46;EventSent;3047
16;27;47;EventSent;1
16;27;46;EventSent;2
16;27;47;AckSent;1733
16;27;47;EventSent;10172
16;27;48;AckSent;1639
16;27;48;EventSent;9407
16;27;49;AckSent;2831
16;27;50;AckSent;1904
16;27;51;AckSent;2222
16;27;52;AckSent;2710
16;27;52;EventSent;2686
16;27;53;AckSent;2336
16;27;53;EventSent;6472
16;27;54;AckSent;1917
16;27;54;EventSent;5203
16;27;55;AckSent;2313
16;27;56;AckSent;2112
16;27;57;AckSent;1969
16;27;58;AckSent;1623
16;27;58;EventSent;322
16;27;59;EventSent;7
16;27;58;EventSent;1
16;27;59;AckSent;1597
16;27;59;EventSent;10293
16;28;00;AckSent;1233
16;28;00;EventSent;10388
16;28;01;EventSent;11
16;28;00;EventSent;1
16;28;01;AckSent;1902
16;28;01;EventSent;2828
16;28;02;AckSent;2133
16;28;03;AckSent;2058
16;28;03;EventSent;292
16;28;04;AckSent;2373
16;28;04;EventSent;9853
16;28;05;AckSent;1991
16;28;05;EventSent;10023
16;28;06;EventSent;7
16;28;05;EventSent;5
16;28;06;AckSent;2411
16;28;06;EventSent;2442
16;28;07;AckSent;2396
16;28;08;AckSent;1922
16;28;09;AckSent;2051
16;28;10;AckSent;2135
16;28;10;EventSent;9594
16;28;11;AckSent;1900
16;28;11;EventSent;10368
16;28;12;EventSent;4
16;28;11;EventSent;2
16;28;12;AckSent;3728
16;28;12;EventSent;3955
16;28;13;AckSent;4372
16;28;14;AckSent;2154
16;28;14;EventSent;9422
16;28;15;AckSent;1866
16;28;15;EventSent;10654
16;28;16;AckSent;2125
16;28;16;EventSent;3888
16;28;17;AckSent;2178
16;28;18;AckSent;2298
16;28;19;AckSent;1903
16;28;20;AckSent;1666
16;28;20;EventSent;3104
16;28;21;AckSent;2056
16;28;21;EventSent;10754
16;28;22;AckSent;2147
16;28;22;EventSent;9865
16;28;23;AckSent;3348
16;28;24;AckSent;2803
16;28;25;AckSent;2224
16;28;25;EventSent;3157
16;28;26;AckSent;2207
16;28;26;EventSent;4654
16;28;27;AckSent;2572
16;28;27;EventSent;2457
16;28;28;AckSent;2463
16;28;29;AckSent;1984
16;28;30;AckSent;2258
16;28;31;AckSent;1661
16;28;31;EventSent;6361
16;28;32;AckSent;1849
16;28;32;EventSent;10470
16;28;33;AckSent;1575
16;28;33;EventSent;7065
16;28;34;AckSent;2080
16;28;35;AckSent;1722
16;28;35;EventSent;6171
16;28;36;EventSent;2
16;28;35;EventSent;1
16;28;36;AckSent;1402
16;28;36;EventSent;10335
16;28;37;AckSent;1674
16;28;37;EventSent;7207
16;28;38;AckSent;2002
16;28;39;AckSent;1988
16;28;40;AckSent;1776
16;28;41;AckSent;1320
16;28;42;AckSent;1277
16;28;43;AckSent;1678
16;28;43;EventSent;6019
16;28;44;AckSent;1609
16;28;44;EventSent;9608
16;28;45;AckSent;1540
16;28;45;EventSent;5955
16;28;46;AckSent;1675
16;28;47;AckSent;1971
16;28;48;AckSent;2272
16;28;49;AckSent;3086
16;28;50;AckSent;3985
16;28;51;AckSent;3363
16;28;52;AckSent;2102
16;28;52;EventSent;8833
16;28;53;AckSent;1149
16;28;53;EventSent;10708
16;28;54;AckSent;1876
16;28;54;EventSent;7531
16;28;55;EventSent;10
16;28;54;EventSent;3
16;28;55;AckSent;1750
16;28;55;EventSent;10461
16;28;56;AckSent;1829
16;28;56;EventSent;9899
16;28;57;AckSent;2780
16;28;58;AckSent;3948
16;28;59;AckSent;2593
16;29;00;AckSent;2487
16;29;00;EventSent;6532
16;29;01;AckSent;1494
16;29;01;EventSent;9908
16;29;02;AckSent;1721
16;29;02;EventSent;7413
16;29;03;AckSent;2216
16;29;04;AckSent;1874
16;29;05;AckSent;1774
16;29;06;AckSent;1701
16;29;06;EventSent;7467
16;29;07;AckSent;1761
16;29;07;EventSent;8127
16;29;08;AckSent;2068
16;29;08;EventSent;2890
16;29;09;AckSent;2435
16;29;10;AckSent;2532
16;29;11;AckSent;1768
16;29;12;AckSent;1631
16;29;13;AckSent;1405
16;29;13;EventSent;44
16;29;14;AckSent;2187
16;29;14;EventSent;10065
16;29;15;AckSent;2946
16;29;15;EventSent;10388
16;29;16;AckSent;2940
16;29;16;EventSent;3295
16;29;17;AckSent;2629
16;29;17;EventSent;6458
16;29;18;AckSent;2403
16;29;18;EventSent;7387
16;29;19;AckSent;2837
16;29;19;EventSent;2567
16;29;20;AckSent;2922
16;29;21;AckSent;1447
16;29;22;AckSent;2159
16;29;23;AckSent;1775
16;29;23;EventSent;2433
16;29;24;EventSent;1
16;29;23;EventSent;2
16;29;24;AckSent;1566
16;29;24;EventSent;10342
16;29;25;AckSent;1576
16;29;25;EventSent;10204
16;29;26;AckSent;1927
16;29;26;EventSent;970
16;29;27;AckSent;3070
16;29;28;AckSent;1974
16;29;28;EventSent;662
16;29;29;AckSent;1567
16;29;29;EventSent;10069
16;29;30;AckSent;1895
16;29;30;EventSent;9981
16;29;31;AckSent;2454
16;29;31;EventSent;1877
16;29;32;AckSent;1997
16;29;33;AckSent;2418
16;29;34;AckSent;2159
16;29;35;AckSent;5139
16;29;36;AckSent;4538
16;29;37;AckSent;2116
16;29;37;EventSent;9773
16;29;38;AckSent;1841
16;29;38;EventSent;10318
16;29;39;AckSent;2672
16;29;39;EventSent;3878
16;29;40;AckSent;2688
16;29;41;AckSent;1131
16;29;41;EventSent;866
16;29;42;EventSent;3
16;29;41;EventSent;1
16;29;42;AckSent;944
16;29;42;EventSent;10484
16;29;43;AckSent;825
16;29;43;EventSent;9993
16;29;44;AckSent;1453
16;29;44;EventSent;2355
16;29;45;AckSent;1615
16;29;46;AckSent;1792
16;29;47;AckSent;2643
16;29;48;AckSent;6359
16;29;48;EventSent;506
16;29;49;AckSent;1251
16;29;49;EventSent;10492
16;29;50;AckSent;1964
16;29;50;EventSent;10321
16;29;51;AckSent;2384
16;29;51;EventSent;3501
16;29;52;AckSent;3029
16;29;53;AckSent;2166
16;29;54;AckSent;2731
16;29;55;AckSent;2551
16;29;56;AckSent;1996
16;29;56;EventSent;8001
16;29;57;AckSent;2652
16;29;57;EventSent;10436
16;29;58;AckSent;2502
16;29;58;EventSent;9284
16;29;59;AckSent;3695
16;30;00;AckSent;2447
16;30;01;AckSent;2653
16;30;02;AckSent;2237
16;30;02;EventSent;6801
16;30;03;AckSent;1640
16;30;03;EventSent;10291
16;30;04;AckSent;1769
16;30;04;EventSent;7776
16;30;05;AckSent;2054
16;30;05;EventSent;994
16;30;06;AckSent;1874
16;30;07;AckSent;1858
16;30;08;AckSent;1316
16;30;09;AckSent;1149
16;30;10;AckSent;1149
16;30;11;AckSent;4519
16;30;11;EventSent;1286
16;30;12;EventSent;2
16;30;11;EventSent;2
16;30;12;EventSent;2
16;30;11;EventSent;1
16;30;12;EventSent;1
16;30;11;EventSent;1
16;30;12;AckSent;1881
16;30;12;EventSent;10398
16;30;13;AckSent;1402
16;30;13;EventSent;10445
16;30;14;AckSent;3036
16;30;14;EventSent;1786
16;30;15;AckSent;2795
16;30;15;EventSent;3005
16;30;16;AckSent;1883
16;30;16;EventSent;6516
16;30;17;AckSent;1874
16;30;17;EventSent;4853
16;30;18;AckSent;2622
16;30;19;AckSent;2233
16;30;19;EventSent;8112
16;30;20;AckSent;1441
16;30;20;EventSent;10341
16;30;21;AckSent;2083
16;30;21;EventSent;5363
16;30;22;AckSent;2762
16;30;22;EventSent;5300
16;30;23;AckSent;1626
16;30;23;EventSent;10497
16;30;24;AckSent;1690
16;30;24;EventSent;7937
16;30;25;AckSent;1916
16;30;26;AckSent;3643
16;30;27;AckSent;4371
16;30;28;AckSent;2536
16;30;28;EventSent;6897
16;30;29;EventSent;7
16;30;28;EventSent;1
16;30;29;AckSent;1619
16;30;29;EventSent;10270
16;30;30;EventSent;6
16;30;29;AckSent;1
16;30;30;AckSent;1837
16;30;30;EventSent;6658
16;30;31;AckSent;2070
16;30;32;AckSent;2198
16;30;33;AckSent;1773
16;30;33;EventSent;3027
16;30;34;EventSent;3
16;30;33;EventSent;2
16;30;34;AckSent;3428
16;30;34;EventSent;8261
16;30;35;AckSent;4177
16;30;35;EventSent;7192
16;30;36;AckSent;4434
16;30;37;AckSent;3534
16;30;37;EventSent;1564
16;30;38;AckSent;1746
16;30;38;EventSent;10373
16;30;39;AckSent;1604
16;30;39;EventSent;10497
16;30;40;AckSent;2252
16;30;40;EventSent;1462
16;30;41;AckSent;3501
16;30;41;EventSent;895
16;30;42;AckSent;2054
16;30;42;EventSent;2244
16;30;43;AckSent;2319
16;30;43;EventSent;2010
16;30;44;AckSent;2715
16;30;45;AckSent;2857
16;30;46;AckSent;1969
16;30;47;AckSent;2306
16;30;47;EventSent;1083
16;30;48;AckSent;1356
16;30;48;EventSent;10137
16;30;49;AckSent;882
16;30;49;EventSent;10482
16;30;50;EventSent;2
16;30;49;EventSent;1
16;30;50;AckSent;1357
16;30;50;EventSent;4885
16;30;51;AckSent;1245
16;30;51;EventSent;9867
16;30;52;AckSent;1474
16;30;52;EventSent;10335
16;30;53;AckSent;1926
16;30;53;EventSent;622
16;30;54;AckSent;1900
16;30;55;AckSent;1457
16;30;56;AckSent;1661
16;30;57;AckSent;2078
16;30;58;AckSent;2519
16;30;59;AckSent;1985
16;30;59;EventSent;6452
16;31;00;EventSent;7
16;30;59;EventSent;3
16;31;00;AckSent;1248
16;31;00;EventSent;10251
16;31;01;AckSent;1388
16;31;01;EventSent;6993
16;31;02;AckSent;1723
16;31;03;AckSent;1699
16;31;04;AckSent;816
16;31;05;AckSent;2254
16;31;06;AckSent;1916
16;31;06;EventSent;9192
16;31;07;EventSent;4
16;31;06;EventSent;2
16;31;07;AckSent;1661
16;31;07;EventSent;9679
16;31;08;AckSent;2025
16;31;08;EventSent;2698
16;31;09;AckSent;3485
16;31;10;AckSent;3910
16;31;11;AckSent;3287
16;31;11;EventSent;3974
16;31;12;AckSent;1799
16;31;12;EventSent;10375
16;31;13;AckSent;1575
16;31;13;EventSent;9571
16;31;14;AckSent;2546
16;31;15;AckSent;3490
16;31;15;EventSent;3771
16;31;16;AckSent;1803
16;31;16;EventSent;10475
16;31;17;AckSent;1482
16;31;17;EventSent;9438
16;31;18;AckSent;2014
16;31;19;AckSent;2172
16;31;20;AckSent;2087
16;31;21;AckSent;1629
16;31;22;AckSent;1636
16;31;23;AckSent;1872
16;31;23;EventSent;3451
16;31;24;AckSent;4104
16;31;24;EventSent;10630
16;31;25;EventSent;1
16;31;24;EventSent;1
16;31;25;AckSent;4020
16;31;25;EventSent;9725
16;31;26;AckSent;1766
16;31;26;EventSent;2922
16;31;27;AckSent;1414
16;31;27;EventSent;10303
16;31;28;EventSent;3
16;31;27;EventSent;12
16;31;28;EventSent;1
16;31;27;EventSent;1
16;31;28;AckSent;1755
16;31;28;EventSent;10098
16;31;29;AckSent;2943
16;31;29;EventSent;380
16;31;30;AckSent;2348
16;31;31;AckSent;2824
16;31;32;AckSent;1671
16;31;33;AckSent;1653
16;31;34;AckSent;2138
16;31;34;EventSent;8761
16;31;35;AckSent;2506
16;31;35;EventSent;10497
16;31;36;AckSent;3483
16;31;36;EventSent;4644
16;31;37;AckSent;3062
16;31;38;AckSent;6054
16;31;39;AckSent;3397
16;31;39;EventSent;4606
16;31;40;AckSent;1634
16;31;40;EventSent;9106
16;31;41;AckSent;2112
16;31;41;EventSent;6917
16;31;42;AckSent;2684
16;31;42;EventSent;8276
16;31;43;AckSent;2574
16;31;43;EventSent;10451
16;31;44;EventSent;2
16;31;43;EventSent;1
16;31;44;EventSent;2
16;31;43;EventSent;1
16;31;44;EventSent;5
16;31;43;EventSent;2
16;31;44;EventSent;3
16;31;43;EventSent;1
16;31;44;AckSent;2931
16;31;44;EventSent;5182
16;31;45;AckSent;3036
16;31;45;EventSent;2424
16;31;46;AckSent;1646
16;31;46;EventSent;8476
16;31;47;AckSent;1684
16;31;47;EventSent;8502
16;31;48;AckSent;1948
16;31;48;EventSent;103
16;31;49;AckSent;1670
16;31;50;AckSent;3049
16;31;51;AckSent;2590
16;31;52;AckSent;1818
16;31;52;EventSent;8529
16;31;53;AckSent;2403
16;31;53;EventSent;9962
16;31;54;AckSent;3000
16;31;54;EventSent;5464
16;31;55;AckSent;3370
16;31;55;EventSent;3
16;31;56;AckSent;1347
16;31;56;EventSent;7236
16;31;57;AckSent;2002
16;31;57;EventSent;7709
16;31;58;AckSent;2374
16;31;58;EventSent;2576
16;31;59;AckSent;2831
16;32;00;AckSent;2637
16;32;01;AckSent;2214
16;32;01;EventSent;1714
16;32;02;EventSent;5
16;32;01;EventSent;1
16;32;02;EventSent;4
16;32;01;EventSent;2
16;32;02;AckSent;1636
16;32;02;EventSent;10398
16;32;03;AckSent;1511
16;32;03;EventSent;10647
16;32;04;AckSent;2333
16;32;04;EventSent;823
16;32;05;AckSent;2415
16;32;06;AckSent;2516
16;32;07;AckSent;2649
16;32;08;AckSent;1529
16;32;09;AckSent;1177
16;32;10;AckSent;925
16;32;11;AckSent;840
16;32;12;AckSent;1284
16;32;13;AckSent;1818
16;32;14;AckSent;2740
16;32;14;EventSent;421
16;32;15;AckSent;1
16;32;15;EventSent;1
16;32;14;EventSent;2
16;32;15;AckSent;1406
16;32;15;EventSent;10473
16;32;16;AckSent;1316
16;32;16;EventSent;10178
16;32;17;AckSent;1943
16;32;17;EventSent;2925
16;32;18;AckSent;3110
16;32;19;AckSent;3100
16;32;20;AckSent;2255
16;32;20;EventSent;3148
16;32;21;AckSent;1064
16;32;21;EventSent;7153
16;32;22;AckSent;1125
16;32;22;EventSent;6115
16;32;23;AckSent;2187
16;32;24;AckSent;2020
16;32;25;AckSent;2486
16;32;26;AckSent;2049
16;32;27;AckSent;2628
16;32;27;EventSent;1766
16;32;28;AckSent;1714
16;32;28;EventSent;10541
16;32;29;AckSent;1929
16;32;29;EventSent;10055
16;32;30;AckSent;2593
16;32;30;EventSent;1412
16;32;31;AckSent;3769
16;32;32;AckSent;3436
16;32;33;AckSent;1017
16;32;34;AckSent;960
16;32;35;AckSent;1056
16;32;35;EventSent;402
16;32;36;EventSent;2
16;32;35;EventSent;2
16;32;36;AckSent;1205
16;32;36;EventSent;9977
16;32;37;AckSent;1468
16;32;37;EventSent;10363
16;32;38;EventSent;4
16;32;37;EventSent;1
16;32;38;AckSent;2672
16;32;38;EventSent;3198
16;32;39;AckSent;3807
16;32;40;AckSent;2537
16;32;41;AckSent;1629
16;32;41;EventSent;3199
16;32;42;EventSent;1
16;32;41;EventSent;1
16;32;42;AckSent;973
16;32;42;EventSent;9856
16;32;43;AckSent;1250
16;32;43;EventSent;10457
16;32;44;AckSent;1718
16;32;44;EventSent;7016
16;32;45;AckSent;1670
16;32;45;EventSent;7950
16;32;46;AckSent;5573
16;32;46;EventSent;3895
16;32;47;AckSent;4432
16;32;47;EventSent;504
16;32;48;AckSent;1047
16;32;48;EventSent;10381
16;32;49;AckSent;804
16;32;49;EventSent;10402
16;32;50;AckSent;2492
16;32;50;EventSent;2469
16;32;51;AckSent;2006
16;32;52;AckSent;4322
16;32;52;EventSent;691
16;32;53;AckSent;2107
16;32;53;EventSent;9640
16;32;54;EventSent;1
16;32;53;EventSent;1
16;32;54;AckSent;1950
16;32;54;EventSent;9717
16;32;55;AckSent;3698
16;32;55;EventSent;1573
16;32;56;AckSent;5382
16;32;56;EventSent;105
16;32;57;AckSent;2201
16;32;57;EventSent;10288
16;32;58;AckSent;1895
16;32;58;EventSent;10284
16;32;59;AckSent;2154
16;32;59;EventSent;3186
16;33;00;AckSent;1842
16;33;01;AckSent;2047
16;33;02;AckSent;1700
16;33;02;EventSent;676
16;33;03;AckSent;1637
16;33;03;EventSent;10234
16;33;04;AckSent;1521
16;33;04;EventSent;10377
16;33;05;EventSent;1
16;33;04;AckSent;1
16;33;05;AckSent;1641
16;33;05;EventSent;2423
16;33;06;AckSent;1812
16;33;07;AckSent;2067
16;33;08;AckSent;1108
16;33;09;AckSent;1010
16;33;10;AckSent;689
16;33;11;AckSent;805
16;33;12;AckSent;1793
16;33;12;EventSent;3436
16;33;13;AckSent;1
16;33;13;EventSent;14
16;33;12;EventSent;2
16;33;13;AckSent;1911
16;33;13;EventSent;7232
16;33;14;AckSent;1813
16;33;14;EventSent;5743
16;33;15;AckSent;2080
16;33;16;AckSent;2364
16;33;17;AckSent;1569
16;33;18;AckSent;1449
16;33;19;AckSent;1656
16;33;19;EventSent;8760
16;33;20;AckSent;1105
16;33;20;EventSent;10361
16;33;21;AckSent;1259
16;33;21;EventSent;4716
16;33;22;AckSent;1292
16;33;23;AckSent;2771
16;33;24;AckSent;4531
16;33;25;AckSent;3539
16;33;26;AckSent;3235
16;33;27;AckSent;2343
16;33;27;EventSent;24
16;33;28;AckSent;1316
16;33;28;EventSent;10366
16;33;29;AckSent;1614
16;33;29;EventSent;10345
16;33;30;AckSent;1178
16;33;30;EventSent;10476
16;33;31;AckSent;2919
16;33;31;EventSent;8443
16;33;32;AckSent;6073
16;33;33;AckSent;3655
16;33;33;EventSent;1612
16;33;34;AckSent;1526
16;33;34;EventSent;10225
16;33;35;AckSent;1746
16;33;35;EventSent;10312
16;33;36;AckSent;2373
16;33;36;EventSent;1611
16;33;37;AckSent;2093
16;33;37;EventSent;4
16;33;38;AckSent;1743
16;33;38;EventSent;9394
16;33;39;AckSent;1868
16;33;39;EventSent;9281
16;33;40;AckSent;2127
16;33;40;EventSent;2874
16;33;41;AckSent;2306
16;33;42;AckSent;1734
16;33;43;AckSent;1899
16;33;44;AckSent;1451
16;33;45;AckSent;1898
16;33;46;AckSent;3127
16;33;47;AckSent;2737
16;33;48;AckSent;1980
16;33;49;AckSent;2421
16;33;49;EventSent;596
16;33;50;AckSent;1501
16;33;50;EventSent;10418
16;33;51;AckSent;1375
16;33;51;EventSent;10478
16;33;52;AckSent;1949
16;33;52;EventSent;2817
16;33;53;AckSent;3004
16;33;53;EventSent;3594
16;33;54;AckSent;1543
16;33;54;EventSent;3677
16;33;55;AckSent;1534
16;33;55;EventSent;536
16;33;56;AckSent;1832
16;33;57;AckSent;1815
16;33;58;AckSent;1774
16;33;59;AckSent;2587
16;34;00;AckSent;1983
16;34;00;EventSent;4294
16;34;01;AckSent;1548
16;34;01;EventSent;9721
16;34;02;AckSent;1694
16;34;02;EventSent;8620
16;34;03;AckSent;2350
16;34;04;AckSent;2014
16;34;05;AckSent;1580
16;34;06;AckSent;1927
16;34;07;AckSent;2906
16;34;08;AckSent;2706
16;34;08;EventSent;3358
16;34;09;AckSent;1754
16;34;09;EventSent;10251
16;34;10;AckSent;1
16;34;09;EventSent;1
16;34;10;AckSent;1783
16;34;10;EventSent;10448
16;34;11;AckSent;2240
16;34;12;AckSent;1241
16;34;13;AckSent;2499
16;34;14;AckSent;2624
16;34;15;AckSent;1976
16;34;16;AckSent;2167
16;34;16;EventSent;5805
16;34;17;AckSent;1568
16;34;17;EventSent;10256
16;34;18;AckSent;1646
16;34;18;EventSent;8089
16;34;19;AckSent;2470
16;34;20;AckSent;2078
16;34;21;AckSent;2244
16;34;22;AckSent;2000
16;34;23;AckSent;1955
16;34;24;AckSent;1723
16;34;24;EventSent;3103
16;34;25;AckSent;1402
16;34;25;EventSent;10207
16;34;26;AckSent;1664
16;34;26;EventSent;10286
16;34;27;AckSent;2940
16;34;27;EventSent;257
16;34;28;AckSent;4355
16;34;29;AckSent;1476
16;34;29;EventSent;9510
16;34;30;AckSent;932
16;34;30;EventSent;10402
16;34;31;AckSent;1359
16;34;31;EventSent;3728
16;34;32;AckSent;1615
16;34;33;AckSent;2246
16;34;33;EventSent;6944
16;34;34;AckSent;1983
16;34;34;EventSent;10586
16;34;35;AckSent;2086
16;34;35;EventSent;6313
16;34;36;AckSent;4244
16;34;37;AckSent;2740
16;34;37;EventSent;3672
16;34;38;AckSent;2495
16;34;38;EventSent;6196
16;34;39;EventSent;3
16;34;38;EventSent;1
16;34;39;AckSent;3755
16;34;39;EventSent;4500
16;34;40;AckSent;3793
16;34;41;AckSent;2968
16;34;42;AckSent;2067
16;34;42;EventSent;9585
16;34;43;AckSent;1577
16;34;43;EventSent;10652
16;34;44;AckSent;2134
16;34;44;EventSent;3524
16;34;45;AckSent;3020
16;34;45;EventSent;4222
16;34;46;EventSent;2
16;34;45;EventSent;2
16;34;46;AckSent;1555
16;34;46;EventSent;10174
16;34;47;EventSent;7
16;34;46;EventSent;1
16;34;47;EventSent;1
16;34;46;EventSent;6
16;34;47;AckSent;1226
16;34;47;EventSent;8264
16;34;48;AckSent;5271
16;34;49;AckSent;4554
16;34;50;AckSent;2920
16;34;50;EventSent;7264
16;34;51;AckSent;1
16;34;51;EventSent;1
16;34;50;EventSent;1
16;34;51;AckSent;2890
16;34;51;EventSent;10485
16;34;52;AckSent;2919
16;34;52;EventSent;6128
16;34;53;AckSent;2772
16;34;54;AckSent;1586
16;34;54;EventSent;8399
16;34;55;AckSent;1692
16;34;55;EventSent;10334
16;34;56;AckSent;1698
16;34;56;EventSent;4919
16;34;57;AckSent;2201
16;34;58;AckSent;2310
16;34;59;AckSent;2296
16;35;00;AckSent;1644
16;35;01;AckSent;2026
16;35;01;EventSent;5524
16;35;02;AckSent;1463
16;35;02;EventSent;10103
16;35;03;AckSent;1634
16;35;03;EventSent;8305
16;35;04;AckSent;3908
16;35;05;AckSent;5599
16;35;06;AckSent;5835
16;35;07;AckSent;2279
16;35;07;EventSent;7360
16;35;08;AckSent;1534
16;35;08;EventSent;10552
16;35;09;AckSent;2054
16;35;09;EventSent;5939
16;35;10;AckSent;1470
16;35;10;EventSent;8954
16;35;11;AckSent;1414
16;35;11;EventSent;10012
16;35;12;AckSent;1700
16;35;12;EventSent;4860
16;35;13;AckSent;1925
16;35;14;AckSent;1891
16;35;15;AckSent;1691
16;35;16;AckSent;3040
16;35;16;EventSent;4698
16;35;17;AckSent;1887
16;35;17;EventSent;9744
16;35;18;AckSent;2068
16;35;18;EventSent;8129
16;35;19;AckSent;4466
16;35;20;AckSent;3691
16;35;21;AckSent;1639
16;35;21;EventSent;8803
16;35;22;AckSent;1277
16;35;22;EventSent;10370
16;35;23;AckSent;2286
16;35;23;EventSent;4681
16;35;24;AckSent;5352
16;35;25;AckSent;2988
16;35;25;EventSent;5170
16;35;26;AckSent;1619
16;35;26;EventSent;8190
16;35;27;AckSent;1742
16;35;27;EventSent;5150
16;35;28;AckSent;4018
16;35;29;AckSent;4448
16;35;30;AckSent;2245
16;35;30;EventSent;8460
16;35;31;AckSent;1623
16;35;31;EventSent;10233
16;35;32;AckSent;1846
16;35;32;EventSent;5208
16;35;33;AckSent;1940
16;35;34;AckSent;2305
16;35;35;AckSent;2638
16;35;35;EventSent;3592
16;35;36;AckSent;2308
16;35;36;EventSent;6509
16;35;37;AckSent;3376
16;35;37;EventSent;4276
16;35;38;AckSent;3441
16;35;39;AckSent;2705
16;35;40;AckSent;1844
16;35;40;EventSent;9299
16;35;41;AckSent;1413
16;35;41;EventSent;9435
16;35;42;AckSent;2613
16;35;42;EventSent;5026
16;35;43;AckSent;2232
16;35;44;AckSent;1635
16;35;44;EventSent;3728
16;35;45;EventSent;1
16;35;44;AckSent;1
16;35;45;AckSent;1934
16;35;45;EventSent;7353
16;35;46;AckSent;2705
16;35;46;EventSent;5353
16;35;47;AckSent;3431
16;35;48;AckSent;3055
16;35;49;AckSent;2307
16;35;49;EventSent;3078
16;35;50;AckSent;1230
16;35;50;EventSent;10325
16;35;51;AckSent;1086
16;35;51;EventSent;10314
16;35;52;AckSent;4077
16;35;52;EventSent;16
16;35;53;AckSent;3965
16;35;53;EventSent;2656
16;35;54;AckSent;2050
16;35;54;EventSent;5965
16;35;55;AckSent;1941
16;35;55;EventSent;4733
16;35;56;AckSent;4087
16;35;57;AckSent;3905
16;35;58;AckSent;1627
16;35;58;EventSent;7578
16;35;59;AckSent;979
16;35;59;EventSent;10062
16;36;00;AckSent;1401
16;36;00;EventSent;6063
16;36;01;AckSent;1729
16;36;02;AckSent;2017
16;36;03;AckSent;1716
16;36;03;EventSent;3614
16;36;04;AckSent;1466
16;36;04;EventSent;10446
16;36;05;AckSent;1667
16;36;05;EventSent;9668
16;36;06;AckSent;1616
16;36;07;AckSent;1173
16;36;08;AckSent;1632
16;36;09;AckSent;2046
16;36;10;AckSent;1545
16;36;11;AckSent;1203
16;36;12;AckSent;1456
16;36;12;EventSent;2427
16;36;13;EventSent;10
16;36;12;AckSent;1
16;36;13;AckSent;2179
16;36;13;EventSent;10345
16;36;14;AckSent;2255
16;36;14;EventSent;10479
16;36;15;AckSent;2665
16;36;15;EventSent;575
16;36;16;AckSent;2997
16;36;17;AckSent;2304
16;36;17;EventSent;2618
16;36;18;AckSent;1727
16;36;18;EventSent;9479
16;36;19;AckSent;1835
16;36;19;EventSent;9521
16;36;20;AckSent;2708
16;36;21;AckSent;2796
16;36;22;AckSent;1890
16;36;23;AckSent;2130
16;36;23;EventSent;937
16;36;24;EventSent;2
16;36;23;EventSent;1
16;36;24;AckSent;1504
16;36;24;EventSent;10336
16;36;25;AckSent;1715
16;36;25;EventSent;10406
16;36;26;AckSent;2269
16;36;26;EventSent;2206
16;36;27;AckSent;3122
16;36;28;AckSent;3112
16;36;28;EventSent;1521
16;36;29;AckSent;1876
16;36;29;EventSent;10409
16;36;30;AckSent;1988
16;36;30;EventSent;10424
16;36;31;AckSent;2676
16;36;31;EventSent;1363
16;36;32;AckSent;3033
16;36;33;AckSent;1951
16;36;34;AckSent;1874
16;36;34;EventSent;924
16;36;35;AckSent;1696
16;36;35;EventSent;10386
16;36;36;AckSent;1359
16;36;36;EventSent;9836
16;36;37;AckSent;1150
16;36;37;EventSent;2713
16;36;38;AckSent;1460
16;36;39;AckSent;1976
16;36;40;AckSent;2574
16;36;41;AckSent;1634
16;36;41;EventSent;595
16;36;42;AckSent;1573
16;36;42;EventSent;9622
16;36;43;AckSent;1625
16;36;43;EventSent;10005
16;36;44;AckSent;1642
16;36;44;EventSent;2365
16;36;45;AckSent;3050
16;36;46;AckSent;3308
16;36;47;AckSent;2057
16;36;48;AckSent;2642
16;36;49;AckSent;3168
16;36;50;AckSent;3568
16;36;51;AckSent;3217
16;36;51;EventSent;1577
16;36;52;EventSent;2
16;36;51;AckSent;1
16;36;52;AckSent;1236
16;36;52;EventSent;10241
16;36;53;AckSent;1069
16;36;53;EventSent;10266
16;36;54;EventSent;4
16;36;53;EventSent;1
16;36;54;EventSent;1
16;36;53;EventSent;1
16;36;54;AckSent;1642
16;36;54;EventSent;1856
16;36;55;AckSent;2992
16;36;55;EventSent;1945
16;36;56;AckSent;2035
16;36;56;EventSent;6884
16;36;57;AckSent;1395
16;36;57;EventSent;6562
16;36;58;AckSent;1583
16;36;59;AckSent;1847
16;37;00;AckSent;2190
16;37;00;EventSent;35
16;37;01;AckSent;2567
16;37;01;EventSent;10233
16;37;02;AckSent;2481
16;37;02;EventSent;10379
16;37;03;AckSent;3183
16;37;03;EventSent;3326
16;37;04;AckSent;2351
16;37;05;AckSent;2414
16;37;06;AckSent;3010
16;37;07;AckSent;937
16;37;07;EventSent;10111
16;37;08;AckSent;1054
16;37;08;EventSent;10439
16;37;09;AckSent;1221
16;37;09;EventSent;3166
16;37;10;AckSent;3787
16;37;10;EventSent;1988
16;37;11;EventSent;1
16;37;10;EventSent;2
16;37;11;AckSent;2637
16;37;11;EventSent;10556
16;37;12;AckSent;2301
16;37;12;EventSent;10585
16;37;13;AckSent;4036
16;37;13;EventSent;806
16;37;14;AckSent;2502
16;37;14;EventSent;1181
16;37;15;AckSent;2712
16;37;15;EventSent;1389
16;37;16;AckSent;2586
16;37;16;EventSent;531
16;37;17;AckSent;2694
16;37;18;AckSent;2170
16;37;19;AckSent;2154
16;37;20;AckSent;2001
16;37;20;EventSent;5729
16;37;21;AckSent;799
16;37;21;EventSent;10038
16;37;22;AckSent;1502
16;37;22;EventSent;8152
16;37;23;AckSent;2423
16;37;24;AckSent;2436
16;37;25;AckSent;2483
16;37;26;AckSent;1856
16;37;26;EventSent;3267
16;37;27;AckSent;1161
16;37;27;EventSent;10291
16;37;28;AckSent;1019
16;37;28;EventSent;10216
16;37;29;AckSent;1630
16;37;30;AckSent;1802
16;37;30;EventSent;3396
16;37;31;EventSent;1
16;37;30;EventSent;2
16;37;31;AckSent;1815
16;37;31;EventSent;10622
16;37;32;AckSent;1752
16;37;32;EventSent;9880
16;37;33;AckSent;2928
16;37;34;AckSent;2493
16;37;35;AckSent;2589
16;37;36;AckSent;3513
16;37;37;AckSent;3247
16;37;38;AckSent;2179
16;37;39;AckSent;2088
16;37;39;EventSent;5327
16;37;40;AckSent;2601
16;37;40;EventSent;10235
16;37;41;AckSent;2443
16;37;41;EventSent;10318
16;37;42;AckSent;2389
16;37;42;EventSent;9877
16;37;43;AckSent;2885
16;37;44;AckSent;2323
16;37;45;AckSent;2009
16;37;46;AckSent;1937
16;37;46;EventSent;6041
16;37;47;AckSent;1796
16;37;47;EventSent;10268
16;37;48;AckSent;2073
16;37;48;EventSent;7515
16;37;49;AckSent;2790
16;37;50;AckSent;3487
16;37;51;AckSent;3033
16;37;52;AckSent;1589
16;37;52;EventSent;777
16;37;53;EventSent;1
16;37;52;EventSent;1
16;37;53;AckSent;1305
16;37;53;EventSent;10101
16;37;54;AckSent;926
16;37;54;EventSent;10652
16;37;55;AckSent;1617
16;37;55;EventSent;2286
16;37;56;AckSent;1893
16;37;56;EventSent;4112
16;37;57;AckSent;1807
16;37;57;EventSent;6339
16;37;58;AckSent;1806
16;37;58;EventSent;3917
16;37;59;AckSent;2059
16;38;00;AckSent;2164
16;38;01;AckSent;1862
16;38;02;AckSent;1672
16;38;03;AckSent;1949
16;38;03;EventSent;9046
16;38;04;AckSent;1375
16;38;04;EventSent;10540
16;38;05;AckSent;1436
16;38;05;EventSent;4252
16;38;06;AckSent;2314
16;38;07;AckSent;2053
16;38;08;AckSent;1497
16;38;08;EventSent;9300
16;38;09;EventSent;6
16;38;08;AckSent;1
16;38;09;AckSent;1238
16;38;09;EventSent;10350
16;38;10;AckSent;2668
16;38;10;EventSent;4160
16;38;11;AckSent;3366
16;38;12;AckSent;3259
16;38;13;AckSent;3627
16;38;13;EventSent;4216
16;38;14;AckSent;3747
16;38;14;EventSent;7032
16;38;15;AckSent;3657
16;38;15;EventSent;4154
16;38;16;AckSent;2903
16;38;16;EventSent;2600
16;38;17;AckSent;1269
16;38;17;EventSent;9908
16;38;18;AckSent;1541
16;38;18;EventSent;10494
16;38;19;AckSent;2013
16;38;19;EventSent;677
16;38;20;AckSent;1314
16;38;21;AckSent;2944
16;38;22;AckSent;2104
16;38;22;EventSent;8448
16;38;23;AckSent;1888
16;38;23;EventSent;10507
16;38;24;AckSent;1510
16;38;24;EventSent;4827
16;38;25;AckSent;2496
16;38;26;AckSent;2073
16;38;27;AckSent;2262
16;38;28;AckSent;1796
16;38;28;EventSent;6009
16;38;29;AckSent;1113
16;38;29;EventSent;10361
16;38;30;AckSent;1719
16;38;30;EventSent;7419
16;38;31;AckSent;2803
16;38;32;AckSent;1628
16;38;33;AckSent;1754
16;38;34;AckSent;2259
16;38;35;AckSent;1567
16;38;35;EventSent;1474
16;38;36;AckSent;1282
16;38;36;EventSent;10127
16;38;37;AckSent;2850
16;38;37;EventSent;10242
16;38;38;AckSent;2927
16;38;38;EventSent;1823
16;38;39;AckSent;3488
16;38;40;AckSent;2529
16;38;40;EventSent;4602
16;38;41;AckSent;1617
16;38;41;EventSent;10323
16;38;42;AckSent;1692
16;38;42;EventSent;8911
16;38;43;AckSent;3078
16;38;44;AckSent;2680
16;38;45;AckSent;3382
16;38;46;AckSent;1863
16;38;46;EventSent;9447
16;38;47;AckSent;1737
16;38;47;EventSent;10415
16;38;48;AckSent;2064
16;38;48;EventSent;4123
16;38;49;AckSent;2231
16;38;50;AckSent;1902
16;38;51;AckSent;4719
16;38;52;AckSent;5801
16;38;53;AckSent;1757
16;38;53;EventSent;8686
16;38;54;AckSent;740
16;38;54;EventSent;10541
16;38;55;EventSent;2
16;38;54;EventSent;1
16;38;55;EventSent;4
16;38;54;EventSent;1
16;38;55;AckSent;1084
16;38;55;EventSent;4515
16;38;56;AckSent;954
16;38;57;AckSent;1879
16;38;57;EventSent;9488
16;38;58;AckSent;1439
16;38;58;EventSent;10423
16;38;59;AckSent;1803
16;38;59;EventSent;4074
16;39;00;AckSent;2098
16;39;01;AckSent;2393
16;39;02;AckSent;1541
16;39;03;AckSent;2154
16;39;03;EventSent;982
16;39;04;AckSent;2502
16;39;04;EventSent;10500
16;39;05;AckSent;3077
16;39;05;EventSent;10358
16;39;06;AckSent;3665
16;39;06;EventSent;2038
16;39;07;AckSent;2831
16;39;07;EventSent;2862
16;39;08;AckSent;1642
16;39;08;EventSent;10376
16;39;09;EventSent;1
16;39;08;EventSent;1
16;39;09;AckSent;1719
16;39;09;EventSent;10137
16;39;10;AckSent;1739
16;39;10;EventSent;403
16;39;11;AckSent;1674
16;39;12;AckSent;1778
16;39;13;AckSent;1615
16;39;14;AckSent;1776
16;39;14;EventSent;782
16;39;15;AckSent;1858
16;39;15;EventSent;10233
16;39;16;AckSent;2026
16;39;16;EventSent;10353
16;39;17;AckSent;3117
16;39;17;EventSent;2504
16;39;18;AckSent;2003
16;39;19;AckSent;2496
16;39;20;AckSent;2015
16;39;20;EventSent;7126
16;39;21;AckSent;1534
16;39;21;EventSent;10608
16;39;22;AckSent;1576
16;39;22;EventSent;5967
16;39;23;AckSent;4104
16;39;24;AckSent;3231
16;39;25;AckSent;1716
16;39;25;EventSent;8179
16;39;26;AckSent;1566
16;39;26;EventSent;10182
16;39;27;AckSent;2639
16;39;27;EventSent;5422
16;39;28;AckSent;3553
16;39;29;AckSent;3388
16;39;30;AckSent;2098
16;39;30;EventSent;7914
16;39;31;AckSent;1374
16;39;31;EventSent;9658
16;39;32;AckSent;1442
16;39;32;EventSent;6140
16;39;33;AckSent;1793
16;39;34;AckSent;1886
16;39;35;AckSent;2270
16;39;36;AckSent;3329
16;39;36;EventSent;4827
16;39;37;EventSent;13
16;39;36;EventSent;3
16;39;37;AckSent;1
16;39;37;EventSent;3
16;39;36;EventSent;1
16;39;37;AckSent;1325
16;39;37;EventSent;10023
16;39;38;AckSent;1843
16;39;38;EventSent;8917
16;39;39;AckSent;2505
16;39;40;AckSent;2064
16;39;41;AckSent;2505
16;39;42;AckSent;1591
16;39;43;AckSent;1170
16;39;43;EventSent;9496
16;39;44;EventSent;2
16;39;43;EventSent;1
16;39;44;EventSent;1
16;39;43;EventSent;5
16;39;44;AckSent;1216
16;39;44;EventSent;9958
16;39;45;AckSent;2157
16;39;45;EventSent;4167
16;39;46;AckSent;2802
16;39;47;AckSent;2523
16;39;48;AckSent;933
16;39;49;AckSent;1029
16;39;50;AckSent;1588
16;39;50;EventSent;3312
16;39;51;AckSent;2140
16;39;51;EventSent;7812
16;39;52;AckSent;2228
16;39;52;EventSent;6326
16;39;53;AckSent;3587
16;39;54;AckSent;2829
16;39;55;AckSent;1630
16;39;55;EventSent;71
