hour;minute;second;event;total
16;26;02;EventSent;2544
16;26;03;EventSent;8
16;26;02;EventSent;1
16;26;03;EventSent;2
16;26;02;EventSent;2
16;26;03;EventSent;7
16;26;02;EventSent;1
16;26;03;EventSent;2
16;26;02;EventSent;6
16;26;03;AckSent;105
16;26;03;EventSent;3147
16;26;04;EventSent;55
16;26;03;EventSent;2
16;26;04;AckSent;169
16;26;04;EventSent;2275
16;26;05;EventSent;25
16;26;04;AckSent;1
16;26;04;EventSent;3
16;26;05;AckSent;1
16;26;05;EventSent;1
16;26;04;EventSent;1
16;26;05;AckSent;1
16;26;04;EventSent;2
16;26;05;AckSent;142
16;26;05;EventSent;2628
16;26;06;EventSent;2
16;26;05;EventSent;4
16;26;06;EventSent;1
16;26;05;EventSent;1
16;26;06;AckSent;173
16;26;06;EventSent;3321
16;26;07;EventSent;16
16;26;06;EventSent;2
16;26;07;EventSent;1
16;26;06;EventSent;1
16;26;07;EventSent;1
16;26;06;EventSent;1
16;26;07;EventSent;3
16;26;06;EventSent;1
16;26;07;AckSent;9
16;26;07;EventSent;71
16;26;06;EventSent;1
16;26;07;EventSent;8
16;26;06;EventSent;2
16;26;07;AckSent;161
16;26;07;EventSent;3095
16;26;08;EventSent;1
16;26;07;EventSent;1
16;26;08;AckSent;182
16;26;08;EventSent;3903
16;26;09;EventSent;8
16;26;08;EventSent;2
16;26;09;EventSent;6
16;26;08;EventSent;1
16;26;09;EventSent;4
16;26;08;EventSent;2
16;26;09;EventSent;2
16;26;08;EventSent;2
16;26;09;EventSent;5
16;26;08;EventSent;1
16;26;09;EventSent;21
16;26;08;EventSent;1
16;26;09;AckSent;150
16;26;09;EventSent;3899
16;26;10;EventSent;2
16;26;09;EventSent;7
16;26;10;EventSent;6
16;26;09;EventSent;7
16;26;10;AckSent;156
16;26;10;EventSent;2996
16;26;11;EventSent;15
16;26;10;EventSent;1
16;26;11;EventSent;11
16;26;10;AckSent;1
16;26;10;EventSent;1
16;26;11;AckSent;102
16;26;11;EventSent;1859
16;26;12;AckSent;49
16;26;12;EventSent;516
16;26;13;AckSent;74
16;26;14;AckSent;66
16;26;15;AckSent;56
16;26;16;AckSent;20
16;26;17;AckSent;96
16;26;18;AckSent;83
16;26;19;AckSent;60
16;26;20;AckSent;79
16;26;21;AckSent;64
16;26;22;AckSent;56
16;26;23;AckSent;54
16;26;24;AckSent;74
16;26;25;AckSent;47
16;26;26;AckSent;40
16;26;27;AckSent;46
16;26;28;AckSent;57
16;26;29;AckSent;57
16;26;30;AckSent;45
16;26;31;AckSent;47
16;26;32;AckSent;51
16;26;33;AckSent;33
16;26;34;AckSent;58
16;26;35;AckSent;58
16;26;36;AckSent;55
16;26;37;AckSent;44
16;26;38;AckSent;46
16;26;39;AckSent;57
16;26;40;AckSent;46
16;26;41;AckSent;27
16;26;42;AckSent;67
16;26;43;AckSent;36
16;26;44;AckSent;32
16;26;45;AckSent;55
16;26;46;AckSent;67
16;26;47;AckSent;162
16;26;48;AckSent;193
16;26;49;AckSent;83
16;26;50;AckSent;74
16;26;51;AckSent;88
16;26;52;AckSent;59
16;26;53;AckSent;37
16;26;54;AckSent;55
16;26;55;AckSent;35
16;26;56;AckSent;56
16;26;57;AckSent;121
16;26;58;AckSent;46
16;26;59;AckSent;71
16;27;00;AckSent;46
16;27;01;AckSent;22
16;27;02;AckSent;53
16;27;03;AckSent;70
16;27;04;AckSent;78
16;27;05;AckSent;119
16;27;06;AckSent;184
16;27;07;AckSent;148
16;27;08;AckSent;211
16;27;09;AckSent;262
16;27;10;AckSent;231
16;27;11;AckSent;206
16;27;12;AckSent;309
16;27;13;AckSent;198
16;27;14;AckSent;298
16;27;15;AckSent;404
16;27;16;AckSent;483
16;27;16;EventSent;7540
16;27;17;AckSent;424
16;27;17;EventSent;8987
16;27;18;EventSent;13
16;27;17;EventSent;9
16;27;18;AckSent;606
16;27;18;EventSent;8526
16;27;19;AckSent;1050
16;27;20;AckSent;635
16;27;20;EventSent;1202
16;27;21;AckSent;1326
16;27;21;EventSent;1338
16;27;22;AckSent;1989
16;27;22;EventSent;561
16;27;23;AckSent;2253
16;27;24;AckSent;2231
16;27;25;AckSent;1396
16;27;26;AckSent;1495
16;27;27;AckSent;1187
16;27;27;EventSent;107
16;27;28;AckSent;2013
16;27;28;EventSent;7286
16;27;29;AckSent;1046
16;27;29;EventSent;9627
16;27;30;EventSent;1
16;27;29;EventSent;1
16;27;30;AckSent;1387
16;27;30;EventSent;7304
16;27;31;AckSent;2840
16;27;32;AckSent;1021
16;27;33;AckSent;1388
16;27;34;AckSent;1115
16;27;35;AckSent;2435
16;27;36;AckSent;1564
16;27;37;AckSent;1168
16;27;37;EventSent;4386
16;27;38;AckSent;665
16;27;38;EventSent;9872
16;27;39;AckSent;1209
16;27;39;EventSent;9095
16;27;40;AckSent;1812
16;27;40;EventSent;1170
16;27;41;AckSent;3920
16;27;42;AckSent;3210
16;27;43;AckSent;2464
16;27;44;AckSent;1580
16;27;45;AckSent;1559
16;27;45;EventSent;4074
16;27;46;AckSent;1196
16;27;46;EventSent;9329
16;27;47;AckSent;1297
16;27;47;EventSent;9951
16;27;48;AckSent;2219
16;27;48;EventSent;461
16;27;49;AckSent;3178
16;27;50;AckSent;3353
16;27;51;AckSent;2902
16;27;52;AckSent;1748
16;27;53;AckSent;1527
16;27;53;EventSent;8175
16;27;54;EventSent;5
16;27;53;EventSent;1
16;27;54;EventSent;6
16;27;53;EventSent;1
16;27;54;EventSent;1
16;27;53;EventSent;1
16;27;54;AckSent;967
16;27;54;EventSent;9274
16;27;55;AckSent;1567
16;27;55;EventSent;6641
16;27;56;AckSent;2666
16;27;57;AckSent;1895
16;27;58;AckSent;1020
16;27;59;AckSent;1484
16;28;00;AckSent;1953
16;28;01;AckSent;983
16;28;02;AckSent;1421
16;28;03;AckSent;1388
16;28;03;EventSent;82
16;28;04;AckSent;1352
16;28;04;EventSent;6246
16;28;05;AckSent;1974
16;28;05;EventSent;9705
16;28;06;AckSent;2690
16;28;06;EventSent;8298
16;28;07;AckSent;3001
16;28;07;EventSent;1784
16;28;08;AckSent;1061
16;28;08;EventSent;8777
16;28;09;AckSent;1004
16;28;09;EventSent;9334
16;28;10;AckSent;1899
16;28;10;EventSent;2654
16;28;11;AckSent;2404
16;28;12;AckSent;1547
16;28;12;EventSent;8624
16;28;13;AckSent;2116
16;28;13;EventSent;10085
16;28;14;AckSent;2931
16;28;14;EventSent;5235
16;28;15;AckSent;3763
16;28;15;EventSent;2003
16;28;16;EventSent;6
16;28;15;AckSent;1
16;28;16;AckSent;1318
16;28;16;EventSent;7952
16;28;17;AckSent;2761
16;28;17;EventSent;8445
16;28;18;EventSent;5
16;28;17;EventSent;3
16;28;18;AckSent;3909
16;28;18;EventSent;1091
16;28;19;AckSent;3100
16;28;20;AckSent;1295
16;28;21;AckSent;1349
16;28;22;AckSent;865
16;28;23;AckSent;1357
16;28;23;EventSent;2966
16;28;24;AckSent;1964
16;28;24;EventSent;10131
16;28;25;AckSent;1263
16;28;25;EventSent;9572
16;28;26;EventSent;10
16;28;25;EventSent;1
16;28;26;AckSent;1943
16;28;26;EventSent;1126
16;28;27;AckSent;2334
16;28;28;AckSent;2835
16;28;29;AckSent;2646
16;28;30;AckSent;3663
16;28;31;AckSent;1235
16;28;31;EventSent;7712
16;28;32;AckSent;906
16;28;32;EventSent;6068
16;28;33;AckSent;1436
16;28;33;EventSent;5757
16;28;34;AckSent;1844
16;28;35;AckSent;1914
16;28;35;EventSent;2672
16;28;36;AckSent;2352
16;28;36;EventSent;9784
16;28;37;AckSent;793
16;28;37;EventSent;10129
16;28;38;AckSent;2462
16;28;38;EventSent;1510
16;28;39;AckSent;2197
16;28;39;EventSent;1576
16;28;40;AckSent;2007
16;28;40;EventSent;8591
16;28;41;AckSent;1533
16;28;41;EventSent;7375
16;28;42;EventSent;3
16;28;41;EventSent;2
16;28;42;AckSent;1532
16;28;42;EventSent;2973
16;28;43;AckSent;2247
16;28;44;AckSent;1859
16;28;45;AckSent;1853
16;28;46;AckSent;1710
16;28;47;AckSent;1540
16;28;48;AckSent;1023
16;28;48;EventSent;7758
16;28;49;AckSent;1604
16;28;49;EventSent;10093
16;28;50;AckSent;1936
16;28;50;EventSent;6151
16;28;51;AckSent;3410
16;28;52;AckSent;2091
16;28;52;EventSent;6580
16;28;53;AckSent;1042
16;28;53;EventSent;9854
16;28;54;AckSent;2187
16;28;54;EventSent;7308
16;28;55;AckSent;2287
16;28;56;AckSent;2908
16;28;57;AckSent;2306
16;28;58;AckSent;1173
16;28;59;AckSent;1870
16;28;59;EventSent;315
16;29;00;AckSent;1261
16;29;00;EventSent;9440
16;29;01;AckSent;786
16;29;01;EventSent;9695
16;29;02;AckSent;1374
16;29;02;EventSent;4288
16;29;03;AckSent;3509
16;29;04;AckSent;1870
16;29;05;AckSent;3171
16;29;05;EventSent;1831
16;29;06;AckSent;1900
16;29;06;EventSent;2902
16;29;07;AckSent;1436
16;29;07;EventSent;2466
16;29;08;AckSent;2012
16;29;09;AckSent;1820
16;29;10;AckSent;1868
16;29;11;AckSent;1403
16;29;12;AckSent;1395
16;29;13;AckSent;1303
16;29;14;AckSent;1279
16;29;14;EventSent;7672
16;29;15;AckSent;1167
16;29;15;EventSent;9362
16;29;16;AckSent;1634
16;29;16;EventSent;6930
16;29;17;AckSent;1710
16;29;17;EventSent;8057
16;29;18;AckSent;2536
16;29;18;EventSent;8502
16;29;19;AckSent;3217
16;29;19;EventSent;2936
16;29;20;AckSent;1671
16;29;21;AckSent;1669
16;29;22;AckSent;1686
16;29;23;AckSent;522
16;29;24;AckSent;1550
16;29;25;AckSent;1355
16;29;25;EventSent;3889
16;29;26;AckSent;1304
16;29;26;EventSent;9493
16;29;27;AckSent;1439
16;29;27;EventSent;9664
16;29;28;AckSent;2758
16;29;28;EventSent;794
16;29;29;AckSent;3721
16;29;29;EventSent;114
16;29;30;AckSent;1237
16;29;30;EventSent;5824
16;29;31;AckSent;2256
16;29;31;EventSent;6170
16;29;32;AckSent;2180
16;29;32;EventSent;2247
16;29;33;AckSent;2095
16;29;34;AckSent;1784
16;29;35;AckSent;2322
16;29;36;AckSent;2035
16;29;36;EventSent;1211
16;29;37;AckSent;1474
16;29;37;EventSent;9898
16;29;38;AckSent;1102
16;29;38;EventSent;9259
16;29;39;EventSent;2
16;29;38;EventSent;1
16;29;39;AckSent;1525
16;29;39;EventSent;3532
16;29;40;AckSent;1410
16;29;41;AckSent;1785
16;29;41;EventSent;2568
16;29;42;AckSent;1931
16;29;42;EventSent;4047
16;29;43;AckSent;2416
16;29;43;EventSent;2631
16;29;44;AckSent;2324
16;29;45;AckSent;2666
16;29;46;AckSent;2213
16;29;47;AckSent;1502
16;29;48;AckSent;2323
16;29;49;AckSent;2882
16;29;50;AckSent;1381
16;29;50;EventSent;6811
16;29;51;AckSent;797
16;29;51;EventSent;9953
16;29;52;AckSent;964
16;29;52;EventSent;7330
16;29;53;AckSent;2949
16;29;54;AckSent;4288
16;29;55;AckSent;3487
16;29;56;AckSent;1498
16;29;57;AckSent;1447
16;29;57;EventSent;144
16;29;58;EventSent;8
16;29;57;AckSent;1
16;29;58;EventSent;3
16;29;57;EventSent;5
16;29;58;AckSent;1390
16;29;58;EventSent;9792
16;29;59;AckSent;822
16;29;59;EventSent;9937
16;30;00;EventSent;6
16;29;59;EventSent;2
16;30;00;AckSent;2312
16;30;00;EventSent;3945
16;30;01;AckSent;2301
16;30;02;AckSent;1935
16;30;03;AckSent;2141
16;30;03;EventSent;635
16;30;04;EventSent;6
16;30;03;EventSent;1
16;30;04;AckSent;1191
16;30;04;EventSent;5776
16;30;05;AckSent;1612
16;30;05;EventSent;5661
16;30;06;AckSent;2895
16;30;06;EventSent;1269
16;30;07;AckSent;1771
16;30;07;EventSent;8735
16;30;08;AckSent;1672
16;30;08;EventSent;10119
16;30;09;AckSent;2339
16;30;09;EventSent;4997
16;30;10;AckSent;2453
16;30;10;EventSent;3980
16;30;11;AckSent;2506
16;30;11;EventSent;10066
16;30;12;AckSent;2196
16;30;12;EventSent;9695
16;30;13;AckSent;2252
16;30;14;AckSent;1649
16;30;15;AckSent;1543
16;30;16;AckSent;2047
16;30;17;AckSent;1772
16;30;17;EventSent;503
16;30;18;EventSent;289
16;30;17;EventSent;9
16;30;18;EventSent;8
16;30;17;EventSent;5
16;30;18;EventSent;2
16;30;17;EventSent;4
16;30;18;EventSent;2
16;30;17;EventSent;3
16;30;18;AckSent;396
16;30;18;EventSent;1695
16;30;19;EventSent;26
16;30;18;AckSent;1
16;30;19;AckSent;2062
16;30;19;EventSent;9726
16;30;20;AckSent;2596
16;30;20;EventSent;10173
16;30;21;AckSent;3631
16;30;21;EventSent;1416
16;30;22;AckSent;3032
16;30;22;EventSent;3061
16;30;23;AckSent;2707
16;30;23;EventSent;8896
16;30;24;AckSent;2637
16;30;24;EventSent;8578
16;30;25;AckSent;3446
16;30;26;AckSent;3036
16;30;27;AckSent;1912
16;30;27;EventSent;416
16;30;28;EventSent;6
16;30;27;AckSent;1
16;30;27;EventSent;2
16;30;28;AckSent;2
16;30;28;EventSent;15
16;30;27;EventSent;6
16;30;28;AckSent;1184
16;30;28;EventSent;8487
16;30;29;EventSent;4
16;30;28;EventSent;1
16;30;29;EventSent;2
16;30;28;EventSent;2
16;30;29;EventSent;1
16;30;28;EventSent;6
16;30;29;AckSent;2260
16;30;29;EventSent;10173
16;30;30;AckSent;2275
16;30;30;EventSent;4922
16;30;31;AckSent;1911
16;30;32;AckSent;1959
16;30;33;AckSent;1677
16;30;33;EventSent;8195
16;30;34;AckSent;1773
16;30;34;EventSent;9822
16;30;35;AckSent;2390
16;30;35;EventSent;4647
16;30;36;AckSent;3054
16;30;37;AckSent;1937
16;30;38;AckSent;2336
16;30;39;AckSent;1825
16;30;39;EventSent;2878
16;30;40;AckSent;1164
16;30;40;EventSent;9951
16;30;41;EventSent;1
16;30;40;EventSent;1
16;30;41;AckSent;730
16;30;41;EventSent;8474
16;30;42;AckSent;3369
16;30;42;EventSent;2512
16;30;43;AckSent;2132
16;30;44;AckSent;3017
16;30;44;EventSent;342
16;30;45;EventSent;6
16;30;44;EventSent;1
16;30;45;AckSent;2827
16;30;45;EventSent;6238
16;30;46;AckSent;2046
16;30;46;EventSent;5092
16;30;47;AckSent;3610
16;30;47;EventSent;2680
16;30;48;AckSent;3581
16;30;49;AckSent;1295
16;30;50;AckSent;1849
16;30;50;EventSent;6193
16;30;51;EventSent;2
16;30;50;EventSent;1
16;30;51;AckSent;877
16;30;51;EventSent;9734
16;30;52;AckSent;1675
16;30;52;EventSent;7834
16;30;53;AckSent;2971
16;30;54;AckSent;1945
16;30;54;EventSent;3357
16;30;55;AckSent;2053
16;30;55;EventSent;10085
16;30;56;AckSent;1431
16;30;56;EventSent;9291
16;30;57;EventSent;17
16;30;56;EventSent;1
16;30;57;EventSent;3
16;30;56;EventSent;1
16;30;57;AckSent;1376
16;30;57;EventSent;882
16;30;58;AckSent;1446
16;30;59;AckSent;1652
16;31;00;AckSent;2322
16;31;01;AckSent;2137
16;31;02;AckSent;1903
16;31;02;EventSent;3
16;31;03;AckSent;1646
16;31;03;EventSent;9486
16;31;04;AckSent;1503
16;31;04;EventSent;10233
16;31;05;AckSent;2255
16;31;05;EventSent;4316
16;31;06;AckSent;1854
16;31;07;AckSent;2256
16;31;08;AckSent;1382
16;31;09;AckSent;1398
16;31;09;EventSent;6159
16;31;10;AckSent;791
16;31;10;EventSent;8942
16;31;11;AckSent;1200
16;31;11;EventSent;7500
16;31;12;AckSent;2533
16;31;13;AckSent;2662
16;31;14;AckSent;1813
16;31;15;AckSent;1443
16;31;16;AckSent;1080
16;31;17;AckSent;1403
16;31;18;AckSent;887
16;31;18;EventSent;8711
16;31;19;AckSent;1158
16;31;19;EventSent;9541
16;31;20;AckSent;1431
16;31;20;EventSent;5514
16;31;21;AckSent;1870
16;31;22;AckSent;2234
16;31;23;AckSent;3460
16;31;23;EventSent;276
16;31;24;EventSent;2
16;31;23;EventSent;1
16;31;24;AckSent;1274
16;31;24;EventSent;8284
16;31;25;AckSent;1303
16;31;25;EventSent;7837
16;31;26;AckSent;1027
16;31;26;EventSent;4142
16;31;27;AckSent;2902
16;31;28;AckSent;3256
16;31;29;AckSent;2604
16;31;30;AckSent;1147
16;31;31;AckSent;678
16;31;32;AckSent;1063
16;31;32;EventSent;5419
16;31;33;AckSent;1661
16;31;33;EventSent;10145
16;31;34;AckSent;2047
16;31;34;EventSent;8381
16;31;35;AckSent;3682
16;31;36;AckSent;2156
16;31;36;EventSent;2714
16;31;37;AckSent;1154
16;31;37;EventSent;8878
16;31;38;AckSent;1111
16;31;38;EventSent;8627
16;31;39;AckSent;1626
16;31;39;EventSent;1354
16;31;40;AckSent;2922
16;31;41;AckSent;2572
16;31;42;AckSent;1536
16;31;43;AckSent;2209
16;31;44;AckSent;1309
16;31;44;EventSent;4440
16;31;45;AckSent;1333
16;31;45;EventSent;10178
16;31;46;AckSent;996
16;31;46;EventSent;9270
16;31;47;AckSent;2899
16;31;47;EventSent;2
16;31;48;AckSent;2100
16;31;49;AckSent;2432
16;31;49;EventSent;29
16;31;50;AckSent;1207
16;31;50;EventSent;1264
16;31;51;AckSent;1897
16;31;51;EventSent;1323
16;31;52;AckSent;1712
16;31;52;EventSent;476
16;31;53;AckSent;1702
16;31;54;AckSent;2350
16;31;55;AckSent;1370
16;31;56;AckSent;2058
16;31;57;AckSent;1762
16;31;57;EventSent;11
16;31;58;AckSent;1501
16;31;58;EventSent;9522
16;31;59;AckSent;1041
16;31;59;EventSent;10090
16;32;00;AckSent;703
16;32;00;EventSent;4355
16;32;01;AckSent;1521
16;32;01;EventSent;3509
16;32;02;AckSent;2812
16;32;02;EventSent;3516
16;32;03;AckSent;2120
16;32;03;EventSent;966
16;32;04;AckSent;2490
16;32;05;AckSent;1717
16;32;06;AckSent;1248
16;32;07;AckSent;1054
16;32;08;AckSent;2021
16;32;08;EventSent;926
16;32;09;AckSent;1187
16;32;09;EventSent;9903
16;32;10;AckSent;1118
16;32;10;EventSent;10238
16;32;11;AckSent;1506
16;32;11;EventSent;2781
16;32;12;AckSent;3651
16;32;13;AckSent;1235
16;32;13;EventSent;8564
16;32;14;AckSent;1470
16;32;14;EventSent;9577
16;32;15;AckSent;1476
16;32;15;EventSent;5501
16;32;16;AckSent;1619
16;32;17;AckSent;1584
16;32;18;AckSent;1286
16;32;19;AckSent;1911
16;32;20;AckSent;1769
16;32;20;EventSent;2555
16;32;21;AckSent;1232
16;32;21;EventSent;9466
16;32;22;AckSent;874
16;32;22;EventSent;9465
16;32;23;AckSent;2465
16;32;23;EventSent;2423
16;32;24;AckSent;3364
16;32;25;AckSent;1789
16;32;26;AckSent;1598
16;32;26;EventSent;1754
16;32;27;AckSent;3724
16;32;27;EventSent;6309
16;32;28;AckSent;1072
16;32;28;EventSent;2713
16;32;29;EventSent;4
16;32;28;AckSent;1
16;32;28;EventSent;12
16;32;29;AckSent;1138
16;32;29;EventSent;3097
16;32;30;AckSent;2820
16;32;30;EventSent;505
16;32;31;AckSent;3020
16;32;32;AckSent;1926
16;32;32;EventSent;1596
16;32;33;AckSent;1026
16;32;33;EventSent;10007
16;32;34;AckSent;888
16;32;34;EventSent;8899
16;32;35;AckSent;2488
16;32;35;EventSent;3275
16;32;36;AckSent;1737
16;32;37;AckSent;1622
16;32;37;EventSent;1433
16;32;38;AckSent;1025
16;32;38;EventSent;9210
16;32;39;EventSent;1
16;32;38;EventSent;2
16;32;39;EventSent;2
16;32;38;EventSent;2
16;32;39;EventSent;2
16;32;38;EventSent;2
16;32;39;AckSent;1560
16;32;39;EventSent;9834
16;32;40;AckSent;2745
16;32;40;EventSent;3205
16;32;41;AckSent;1501
16;32;42;AckSent;3191
16;32;43;AckSent;2548
16;32;44;AckSent;876
16;32;45;AckSent;1015
16;32;46;AckSent;2226
16;32;47;AckSent;2623
16;32;48;AckSent;2096
16;32;49;AckSent;1687
16;32;50;AckSent;2328
16;32;51;AckSent;1366
16;32;51;EventSent;7038
16;32;52;EventSent;2
16;32;51;AckSent;1
16;32;52;AckSent;1281
16;32;52;EventSent;9856
16;32;53;AckSent;1600
16;32;53;EventSent;7147
16;32;54;AckSent;2483
16;32;55;AckSent;2670
16;32;56;AckSent;3077
16;32;56;EventSent;1847
16;32;57;AckSent;1355
16;32;57;EventSent;6746
16;32;58;AckSent;853
16;32;58;EventSent;6706
16;32;59;AckSent;1197
16;32;59;EventSent;1119
16;33;00;AckSent;1486
16;33;00;EventSent;5150
16;33;01;AckSent;1116
16;33;01;EventSent;8183
16;33;02;EventSent;1
16;33;01;EventSent;1
16;33;02;EventSent;2
16;33;01;EventSent;2
16;33;02;AckSent;2241
16;33;02;EventSent;7187
16;33;03;AckSent;3691
16;33;04;AckSent;1848
16;33;05;AckSent;2713
16;33;06;AckSent;1855
16;33;07;AckSent;1514
16;33;08;AckSent;2115
16;33;09;AckSent;2280
16;33;10;AckSent;1981
16;33;11;AckSent;1600
16;33;11;EventSent;7265
16;33;12;EventSent;1
16;33;11;EventSent;1
16;33;12;EventSent;2
16;33;11;EventSent;1
16;33;12;AckSent;1176
16;33;12;EventSent;10157
16;33;13;AckSent;2055
16;33;13;EventSent;6530
16;33;14;AckSent;3401
16;33;15;AckSent;4028
16;33;16;AckSent;1210
16;33;17;AckSent;1385
16;33;18;AckSent;2085
16;33;18;EventSent;326
16;33;19;AckSent;13
16;33;19;EventSent;2
16;33;18;EventSent;1
16;33;19;AckSent;3
16;33;19;EventSent;20
16;33;18;EventSent;2
16;33;19;AckSent;901
16;33;19;EventSent;7215
16;33;20;AckSent;1056
16;33;20;EventSent;9767
16;33;21;AckSent;1632
16;33;21;EventSent;6716
16;33;22;AckSent;3699
16;33;23;AckSent;1908
16;33;24;AckSent;1786
16;33;25;AckSent;1447
16;33;25;EventSent;6365
16;33;26;AckSent;588
16;33;26;EventSent;8603
16;33;27;AckSent;928
16;33;27;EventSent;5581
16;33;28;AckSent;700
16;33;29;AckSent;1725
16;33;29;EventSent;1031
16;33;30;EventSent;4
16;33;29;EventSent;5
16;33;30;EventSent;1
16;33;29;EventSent;1
16;33;30;EventSent;2
16;33;29;EventSent;6
16;33;30;AckSent;1566
16;33;30;EventSent;9739
16;33;31;AckSent;1330
16;33;31;EventSent;9457
16;33;32;AckSent;2470
16;33;32;EventSent;3579
16;33;33;AckSent;2621
16;33;34;AckSent;1878
16;33;35;AckSent;1486
16;33;35;EventSent;5108
16;33;36;EventSent;5
16;33;35;EventSent;1
16;33;36;AckSent;1510
16;33;36;EventSent;9752
16;33;37;AckSent;1490
16;33;37;EventSent;8775
16;33;38;AckSent;4314
16;33;39;AckSent;4102
16;33;40;AckSent;2099
16;33;40;EventSent;3779
16;33;41;AckSent;1136
16;33;41;EventSent;9373
16;33;42;AckSent;1587
16;33;42;EventSent;10094
16;33;43;AckSent;3098
16;33;43;EventSent;471
16;33;44;AckSent;3110
16;33;45;AckSent;1804
16;33;46;AckSent;1424
16;33;46;EventSent;4235
16;33;47;EventSent;1
16;33;46;EventSent;1
16;33;47;AckSent;1083
16;33;47;EventSent;9291
16;33;48;AckSent;1635
16;33;48;EventSent;8568
16;33;49;AckSent;2080
16;33;49;EventSent;489
16;33;50;AckSent;2797
16;33;51;AckSent;1397
16;33;52;AckSent;1376
16;33;53;AckSent;1729
16;33;54;AckSent;1812
16;33;54;EventSent;935
16;33;55;AckSent;959
16;33;55;EventSent;9617
16;33;56;AckSent;1275
16;33;56;EventSent;9455
16;33;57;AckSent;1733
16;33;57;EventSent;3790
16;33;58;AckSent;2191
16;33;59;AckSent;1939
16;34;00;AckSent;1602
16;34;01;AckSent;1547
16;34;02;AckSent;1331
16;34;02;EventSent;7066
16;34;03;AckSent;1201
16;34;03;EventSent;9425
16;34;04;AckSent;2069
16;34;04;EventSent;7184
16;34;05;AckSent;2142
16;34;06;AckSent;1899
16;34;07;AckSent;2203
16;34;08;AckSent;1914
16;34;09;AckSent;1427
16;34;10;AckSent;1374
16;34;10;EventSent;9004
16;34;11;AckSent;1169
16;34;11;EventSent;9227
16;34;12;AckSent;1397
16;34;12;EventSent;5518
16;34;13;AckSent;1752
16;34;14;AckSent;2118
16;34;15;AckSent;1992
16;34;16;AckSent;1810
16;34;17;AckSent;1071
16;34;17;EventSent;5449
16;34;18;AckSent;1145
16;34;18;EventSent;9309
16;34;19;EventSent;1
16;34;18;EventSent;2
16;34;19;AckSent;1146
16;34;19;EventSent;9016
16;34;20;AckSent;1879
16;34;21;AckSent;1114
16;34;22;AckSent;1425
16;34;23;AckSent;1489
16;34;24;AckSent;2490
16;34;25;AckSent;2557
16;34;26;AckSent;1400
16;34;26;EventSent;7901
16;34;27;AckSent;987
16;34;27;EventSent;9242
16;34;28;AckSent;1084
16;34;28;EventSent;6567
16;34;29;AckSent;3525
16;34;30;AckSent;2094
16;34;31;AckSent;2116
16;34;32;AckSent;1544
16;34;32;EventSent;5227
16;34;33;EventSent;18
16;34;32;EventSent;1
16;34;33;AckSent;1287
16;34;33;EventSent;9794
16;34;34;AckSent;2039
16;34;34;EventSent;8657
16;34;35;AckSent;3450
16;34;36;AckSent;2185
16;34;37;AckSent;1658
16;34;38;AckSent;1723
16;34;39;AckSent;2626
16;34;39;EventSent;3542
16;34;40;AckSent;1877
16;34;40;EventSent;8878
16;34;41;AckSent;2163
16;34;41;EventSent;8115
16;34;42;AckSent;4309
16;34;43;AckSent;2673
16;34;43;EventSent;4464
16;34;44;AckSent;946
16;34;44;EventSent;8883
16;34;45;EventSent;1
16;34;44;AckSent;1
16;34;45;EventSent;4
16;34;44;EventSent;1
16;34;45;AckSent;764
16;34;45;EventSent;8183
16;34;46;AckSent;2840
16;34;47;AckSent;3634
16;34;48;AckSent;2620
16;34;49;AckSent;2052
16;34;49;EventSent;1752
16;34;50;AckSent;3265
16;34;50;EventSent;7482
16;34;51;AckSent;1701
16;34;51;EventSent;7279
16;34;52;AckSent;3383
16;34;52;EventSent;964
16;34;53;AckSent;2736
16;34;53;EventSent;245
16;34;54;EventSent;5
16;34;53;AckSent;1
16;34;54;AckSent;1230
16;34;54;EventSent;9334
16;34;55;EventSent;3
16;34;54;EventSent;1
16;34;55;EventSent;9
16;34;54;EventSent;10
16;34;55;AckSent;2064
16;34;55;EventSent;9180
16;34;56;AckSent;1845
16;34;56;EventSent;5120
16;34;57;AckSent;2751
16;34;58;AckSent;2193
16;34;59;AckSent;1718
16;34;59;EventSent;573
16;35;00;AckSent;1026
16;35;00;EventSent;9800
16;35;01;AckSent;1236
16;35;01;EventSent;9434
16;35;02;AckSent;2898
16;35;02;EventSent;4097
16;35;03;AckSent;2469
16;35;04;AckSent;2087
16;35;05;AckSent;1830
16;35;06;AckSent;2577
16;35;07;AckSent;2725
16;35;08;AckSent;2477
16;35;09;AckSent;1605
16;35;09;EventSent;4080
16;35;10;AckSent;903
16;35;10;EventSent;10077
16;35;11;AckSent;583
16;35;11;EventSent;9489
16;35;12;AckSent;1526
16;35;12;EventSent;13
16;35;13;AckSent;1462
16;35;13;EventSent;4628
16;35;14;AckSent;1614
16;35;14;EventSent;8221
16;35;15;AckSent;1779
16;35;15;EventSent;6639
16;35;16;AckSent;3063
16;35;17;AckSent;1767
16;35;18;AckSent;2077
16;35;19;AckSent;2683
16;35;20;AckSent;2706
16;35;21;AckSent;1355
16;35;22;AckSent;934
16;35;23;AckSent;1422
16;35;24;AckSent;1879
16;35;25;AckSent;1783
16;35;26;AckSent;1419
16;35;26;EventSent;5777
16;35;27;AckSent;1277
16;35;27;EventSent;9580
16;35;28;AckSent;1335
16;35;28;EventSent;8751
16;35;29;AckSent;2666
16;35;30;AckSent;2910
16;35;31;AckSent;1895
16;35;32;AckSent;1163
16;35;32;EventSent;5272
16;35;33;EventSent;1
16;35;32;EventSent;2
16;35;33;AckSent;672
16;35;33;EventSent;9000
16;35;34;AckSent;847
16;35;34;EventSent;8329
16;35;35;AckSent;2497
16;35;35;EventSent;309
16;35;36;EventSent;5
16;35;35;EventSent;2
16;35;36;AckSent;544
16;35;36;EventSent;9468
16;35;37;AckSent;1113
16;35;37;EventSent;9102
16;35;38;AckSent;2703
16;35;38;EventSent;4990
16;35;39;AckSent;4024
16;35;40;AckSent;2361
16;35;41;AckSent;1152
16;35;41;EventSent;7268
16;35;42;AckSent;1360
16;35;42;EventSent;8235
16;35;43;AckSent;2042
16;35;43;EventSent;4011
16;35;44;AckSent;2143
16;35;45;AckSent;2339
16;35;46;AckSent;2374
16;35;47;AckSent;902
16;35;48;AckSent;1942
16;35;48;EventSent;970
16;35;49;EventSent;1
16;35;48;EventSent;1
16;35;49;EventSent;7
16;35;48;EventSent;1
16;35;49;EventSent;3
16;35;48;EventSent;2
16;35;49;AckSent;2187
16;35;49;EventSent;6878
16;35;50;AckSent;1175
16;35;50;EventSent;7588
16;35;51;AckSent;3261
16;35;51;EventSent;2019
16;35;52;AckSent;2294
16;35;53;AckSent;1540
16;35;53;EventSent;4964
16;35;54;EventSent;6
16;35;53;EventSent;1
16;35;54;AckSent;1323
16;35;54;EventSent;9861
16;35;55;AckSent;1008
16;35;55;EventSent;8882
16;35;56;AckSent;1894
16;35;56;EventSent;6
16;35;57;AckSent;1984
16;35;58;AckSent;2423
16;35;59;AckSent;2707
16;35;59;EventSent;52
16;36;00;AckSent;2050
16;36;00;EventSent;9956
16;36;01;AckSent;970
16;36;01;EventSent;9978
16;36;02;AckSent;1650
16;36;02;EventSent;3793
16;36;03;AckSent;1637
16;36;04;AckSent;895
16;36;05;AckSent;2422
16;36;06;AckSent;1964
16;36;06;EventSent;205
16;36;07;EventSent;2
16;36;06;EventSent;1
16;36;07;EventSent;19
16;36;06;AckSent;1
16;36;07;AckSent;1965
16;36;07;EventSent;9871
16;36;08;AckSent;814
16;36;08;EventSent;10160
16;36;09;AckSent;1693
16;36;09;EventSent;3436
16;36;10;AckSent;3133
16;36;11;AckSent;1278
16;36;12;AckSent;1201
16;36;13;AckSent;1796
16;36;14;AckSent;1715
16;36;15;AckSent;1339
16;36;15;EventSent;6829
16;36;16;AckSent;1249
16;36;16;EventSent;9520
16;36;17;EventSent;3
16;36;16;EventSent;1
16;36;17;AckSent;1
16;36;16;EventSent;2
16;36;17;EventSent;1
16;36;16;EventSent;1
16;36;17;AckSent;1
16;36;16;EventSent;1
16;36;17;AckSent;8
16;36;17;EventSent;14
16;36;16;EventSent;1
16;36;17;EventSent;2
16;36;16;EventSent;1
16;36;17;AckSent;1152
16;36;17;EventSent;7354
16;36;18;AckSent;1834
16;36;19;AckSent;2257
16;36;20;AckSent;3923
16;36;21;AckSent;1331
16;36;21;EventSent;7580
16;36;22;AckSent;1517
16;36;22;EventSent;9382
16;36;23;AckSent;1929
16;36;23;EventSent;6762
16;36;24;AckSent;3117
16;36;25;AckSent;1160
16;36;26;AckSent;1710
16;36;27;AckSent;1540
16;36;28;AckSent;1622
16;36;29;AckSent;1753
16;36;29;EventSent;8608
16;36;30;AckSent;1435
16;36;30;EventSent;8845
16;36;31;AckSent;2509
16;36;31;EventSent;6277
16;36;32;AckSent;3748
16;36;33;AckSent;2885
16;36;33;EventSent;1344
16;36;34;AckSent;1032
16;36;34;EventSent;9782
16;36;35;AckSent;1604
16;36;35;EventSent;10167
16;36;36;AckSent;3511
16;36;36;EventSent;2405
16;36;37;AckSent;3568
16;36;38;AckSent;2168
16;36;39;AckSent;1579
16;36;40;AckSent;1107
16;36;40;EventSent;9254
16;36;41;AckSent;307
16;36;41;EventSent;8961
16;36;42;AckSent;1195
16;36;42;EventSent;4914
16;36;43;AckSent;2429
16;36;43;EventSent;610
16;36;44;AckSent;2150
16;36;45;AckSent;1919
16;36;46;AckSent;2030
16;36;47;AckSent;1514
16;36;47;EventSent;4345
16;36;48;AckSent;1036
16;36;48;EventSent;8772
16;36;49;AckSent;2155
16;36;49;EventSent;8419
16;36;50;AckSent;3685
16;36;50;EventSent;65
16;36;51;AckSent;3478
16;36;52;AckSent;1771
16;36;53;AckSent;2632
16;36;53;EventSent;5939
16;36;54;AckSent;1
16;36;54;EventSent;10
16;36;53;EventSent;7
16;36;54;AckSent;1
16;36;54;EventSent;4
16;36;53;EventSent;1
16;36;54;EventSent;1
16;36;53;EventSent;1
16;36;54;AckSent;2
16;36;53;EventSent;3
16;36;54;EventSent;1
16;36;53;EventSent;1
16;36;54;AckSent;1162
16;36;54;EventSent;9660
16;36;55;AckSent;1784
16;36;55;EventSent;8147
16;36;56;AckSent;2995
16;36;57;AckSent;1540
16;36;58;AckSent;1954
16;36;58;EventSent;2451
16;36;59;EventSent;2
16;36;58;EventSent;1
16;36;59;EventSent;7
16;36;58;EventSent;1
16;36;59;AckSent;877
16;36;59;EventSent;9877
16;37;00;EventSent;1
16;36;59;EventSent;1
16;37;00;AckSent;1016
16;37;00;EventSent;10074
16;37;01;EventSent;14
16;37;00;EventSent;1
16;37;01;AckSent;2037
16;37;01;EventSent;1264
16;37;02;AckSent;2309
16;37;03;AckSent;2059
16;37;04;AckSent;1492
16;37;05;AckSent;2009
16;37;06;AckSent;1209
16;37;07;AckSent;1083
16;37;07;EventSent;2845
16;37;08;AckSent;1265
16;37;08;EventSent;10039
16;37;09;AckSent;1276
16;37;09;EventSent;9830
16;37;10;AckSent;1948
16;37;10;EventSent;1132
16;37;11;AckSent;3799
16;37;12;AckSent;1518
16;37;13;AckSent;2020
16;37;13;EventSent;2212
16;37;14;AckSent;2050
16;37;14;EventSent;9343
16;37;15;AckSent;1583
16;37;15;EventSent;8768
16;37;16;AckSent;2513
16;37;16;EventSent;1282
16;37;17;AckSent;1595
16;37;18;AckSent;1681
16;37;19;AckSent;1740
16;37;20;AckSent;1948
16;37;21;AckSent;846
16;37;21;EventSent;7628
16;37;22;AckSent;969
16;37;22;EventSent;10029
16;37;23;AckSent;2112
16;37;23;EventSent;6062
16;37;24;AckSent;3939
16;37;25;AckSent;1640
16;37;26;AckSent;1535
16;37;26;EventSent;530
16;37;27;AckSent;1368
16;37;27;EventSent;8608
16;37;28;AckSent;1391
16;37;28;EventSent;10131
16;37;29;AckSent;2010
16;37;29;EventSent;4424
16;37;30;AckSent;2129
16;37;31;AckSent;1650
16;37;32;AckSent;1684
16;37;33;AckSent;1928
16;37;34;AckSent;2274
16;37;34;EventSent;1842
16;37;35;AckSent;735
16;37;35;EventSent;9825
16;37;36;AckSent;1095
16;37;36;EventSent;9604
16;37;37;AckSent;2934
16;37;37;EventSent;2568
16;37;38;AckSent;2354
16;37;39;AckSent;1618
16;37;40;AckSent;2419
16;37;40;EventSent;427
16;37;41;EventSent;4
16;37;40;EventSent;1
16;37;41;AckSent;1218
16;37;41;EventSent;7907
16;37;42;AckSent;1634
16;37;42;EventSent;9535
16;37;43;AckSent;2589
16;37;43;EventSent;6018
16;37;44;AckSent;1986
16;37;45;AckSent;1514
16;37;46;AckSent;2395
16;37;47;AckSent;2102
16;37;47;EventSent;1695
16;37;48;AckSent;1
16;37;48;EventSent;6
16;37;47;EventSent;1
16;37;48;AckSent;1493
16;37;48;EventSent;9775
16;37;49;EventSent;3
16;37;48;EventSent;1
16;37;49;EventSent;1
16;37;48;EventSent;3
16;37;49;EventSent;2
16;37;48;EventSent;2
16;37;49;EventSent;1
16;37;48;EventSent;2
16;37;49;AckSent;1128
16;37;49;EventSent;9087
16;37;50;EventSent;3
16;37;49;EventSent;2
16;37;50;AckSent;1884
16;37;50;EventSent;3247
16;37;51;AckSent;2218
16;37;52;AckSent;2251
16;37;53;AckSent;1350
16;37;54;AckSent;1711
16;37;54;EventSent;8395
16;37;55;AckSent;1382
16;37;55;EventSent;9860
16;37;56;AckSent;1713
16;37;56;EventSent;5553
16;37;57;AckSent;3767
16;37;58;AckSent;4196
16;37;59;AckSent;1580
16;37;59;EventSent;6036
16;38;00;AckSent;1814
16;38;00;EventSent;10032
16;38;01;EventSent;4
16;38;00;EventSent;3
16;38;01;AckSent;2167
16;38;01;EventSent;7836
16;38;02;AckSent;4050
16;38;03;AckSent;1766
16;38;04;AckSent;924
16;38;04;EventSent;6016
16;38;05;AckSent;1352
16;38;05;EventSent;8332
16;38;06;EventSent;6
16;38;05;EventSent;1
16;38;06;AckSent;1744
16;38;06;EventSent;5174
16;38;07;AckSent;2208
16;38;08;AckSent;2645
16;38;09;AckSent;1938
16;38;10;AckSent;1165
16;38;11;AckSent;976
16;38;12;AckSent;946
16;38;12;EventSent;4481
16;38;13;AckSent;623
16;38;13;EventSent;9422
16;38;14;AckSent;832
16;38;14;EventSent;8083
16;38;15;AckSent;3274
16;38;15;EventSent;1711
16;38;16;AckSent;2249
16;38;17;AckSent;1258
16;38;18;AckSent;2499
16;38;19;AckSent;2783
16;38;20;AckSent;1619
16;38;21;AckSent;2025
16;38;22;AckSent;1580
16;38;22;EventSent;4919
16;38;23;EventSent;1
16;38;22;EventSent;1
16;38;23;AckSent;914
16;38;23;EventSent;9765
16;38;24;EventSent;4
16;38;23;AckSent;1
16;38;24;AckSent;640
16;38;24;EventSent;9024
16;38;25;AckSent;1225
16;38;25;EventSent;79
16;38;26;AckSent;1433
16;38;27;AckSent;1685
16;38;28;AckSent;2039
16;38;29;AckSent;2076
16;38;30;AckSent;1592
16;38;31;AckSent;2548
16;38;32;AckSent;926
16;38;32;EventSent;7705
16;38;33;AckSent;590
16;38;33;EventSent;9756
16;38;34;AckSent;514
16;38;34;EventSent;6335
16;38;35;AckSent;1536
16;38;35;EventSent;5114
16;38;36;EventSent;2
16;38;35;EventSent;1
16;38;36;EventSent;1
16;38;35;EventSent;1
16;38;36;EventSent;3
16;38;35;EventSent;2
16;38;36;AckSent;1429
16;38;36;EventSent;9795
16;38;37;EventSent;1
16;38;36;EventSent;1
16;38;37;EventSent;9
16;38;36;EventSent;1
16;38;37;AckSent;1236
16;38;37;EventSent;8762
16;38;38;AckSent;1763
16;38;39;AckSent;2970
16;38;40;AckSent;3187
16;38;41;AckSent;2628
16;38;41;EventSent;1502
16;38;42;AckSent;2170
16;38;42;EventSent;9658
16;38;43;AckSent;957
16;38;43;EventSent;9005
16;38;44;AckSent;1611
16;38;44;EventSent;2412
16;38;45;AckSent;1979
16;38;46;AckSent;1909
16;38;47;AckSent;1760
16;38;48;AckSent;1497
16;38;48;EventSent;4807
16;38;49;EventSent;2
16;38;48;EventSent;4
16;38;49;EventSent;8
16;38;48;EventSent;4
16;38;49;AckSent;886
16;38;49;EventSent;9231
16;38;50;EventSent;1
16;38;49;EventSent;1
16;38;50;AckSent;1074
16;38;50;EventSent;9103
16;38;51;EventSent;15
16;38;50;EventSent;1
16;38;51;AckSent;2082
16;38;51;EventSent;464
16;38;52;AckSent;2672
16;38;53;AckSent;2268
16;38;54;AckSent;1668
16;38;55;AckSent;1521
16;38;56;AckSent;1560
16;38;56;EventSent;2870
16;38;57;AckSent;3
16;38;57;EventSent;10
16;38;56;EventSent;1
16;38;57;EventSent;4
16;38;56;EventSent;1
16;38;57;AckSent;1465
16;38;57;EventSent;9825
16;38;58;AckSent;1943
16;38;58;EventSent;10162
16;38;59;AckSent;2140
16;38;59;EventSent;946
16;39;00;AckSent;2735
16;39;01;AckSent;2765
16;39;01;EventSent;842
16;39;02;EventSent;1
16;39;01;EventSent;1
16;39;02;AckSent;1540
16;39;02;EventSent;8969
16;39;03;AckSent;1954
16;39;03;EventSent;8991
16;39;04;AckSent;2860
16;39;04;EventSent;2748
16;39;05;AckSent;2823
16;39;06;AckSent;1843
16;39;07;AckSent;1723
16;39;08;AckSent;1024
16;39;08;EventSent;3400
16;39;09;AckSent;611
16;39;09;EventSent;10270
16;39;10;EventSent;2
16;39;09;EventSent;1
16;39;10;EventSent;1
16;39;09;EventSent;1
16;39;10;EventSent;1
16;39;09;EventSent;1
16;39;10;AckSent;1272
16;39;10;EventSent;10027
16;39;11;AckSent;3074
16;39;11;EventSent;248
16;39;12;AckSent;1744
16;39;13;AckSent;683
16;39;14;AckSent;419
16;39;15;AckSent;1973
16;39;16;AckSent;1465
16;39;16;EventSent;5037
16;39;17;AckSent;1564
16;39;17;EventSent;9853
16;39;18;AckSent;1150
16;39;18;EventSent;8775
16;39;19;AckSent;3269
16;39;20;AckSent;3313
16;39;21;AckSent;2750
16;39;22;AckSent;1555
16;39;22;EventSent;7378
16;39;23;AckSent;1158
16;39;23;EventSent;8815
16;39;24;AckSent;1400
16;39;24;EventSent;7685
16;39;25;AckSent;2273
16;39;26;AckSent;2392
16;39;27;AckSent;234
