hour;minute;second;event;total
16;26;02;EventSent;1458
16;26;03;EventSent;1
16;26;02;EventSent;3
16;26;03;EventSent;12
16;26;02;EventSent;1
16;26;03;EventSent;1
16;26;02;EventSent;1
16;26;03;AckSent;48
16;26;03;EventSent;3053
16;26;04;EventSent;2
16;26;03;EventSent;1
16;26;04;EventSent;7
16;26;03;EventSent;1
16;26;04;AckSent;138
16;26;04;EventSent;2407
16;26;05;EventSent;4
16;26;04;AckSent;1
16;26;04;EventSent;1
16;26;05;AckSent;4
16;26;05;EventSent;1
16;26;04;EventSent;2
16;26;05;EventSent;3
16;26;04;EventSent;1
16;26;05;EventSent;1
16;26;04;EventSent;3
16;26;05;EventSent;8
16;26;04;EventSent;3
16;26;05;EventSent;1
16;26;04;EventSent;5
16;26;05;AckSent;99
16;26;05;EventSent;1909
16;26;06;EventSent;52
16;26;05;EventSent;12
16;26;06;EventSent;16
16;26;05;AckSent;1
16;26;06;AckSent;3
16;26;06;EventSent;4
16;26;05;EventSent;4
16;26;06;EventSent;2
16;26;05;EventSent;1
16;26;06;AckSent;149
16;26;06;EventSent;2608
16;26;07;EventSent;26
16;26;06;AckSent;1
16;26;06;EventSent;2
16;26;07;EventSent;7
16;26;06;EventSent;4
16;26;07;EventSent;1
16;26;06;EventSent;2
16;26;07;EventSent;1
16;26;06;EventSent;2
16;26;07;AckSent;159
16;26;07;EventSent;3270
16;26;08;EventSent;3
16;26;07;EventSent;4
16;26;08;EventSent;1
16;26;07;EventSent;6
16;26;08;AckSent;3
16;26;08;EventSent;30
16;26;07;EventSent;1
16;26;08;AckSent;102
16;26;08;EventSent;3561
16;26;09;EventSent;2
16;26;08;EventSent;1
16;26;09;EventSent;4
16;26;08;EventSent;4
16;26;09;EventSent;16
16;26;08;EventSent;1
16;26;09;AckSent;96
16;26;09;EventSent;3294
16;26;10;AckSent;107
16;26;10;EventSent;3764
16;26;11;EventSent;3
16;26;10;EventSent;9
16;26;11;EventSent;3
16;26;10;EventSent;2
16;26;11;EventSent;1
16;26;10;EventSent;1
16;26;11;EventSent;15
16;26;10;AckSent;1
16;26;10;EventSent;5
16;26;11;AckSent;41
16;26;11;EventSent;603
16;26;12;EventSent;1
16;26;11;EventSent;1
16;26;12;EventSent;2
16;26;11;AckSent;1
16;26;11;EventSent;14
16;26;12;AckSent;81
16;26;12;EventSent;2588
16;26;13;EventSent;5
16;26;12;EventSent;3
16;26;13;EventSent;12
16;26;12;EventSent;1
16;26;13;EventSent;9
16;26;12;EventSent;1
16;26;13;AckSent;79
16;26;13;EventSent;3429
16;26;14;EventSent;1
16;26;13;EventSent;3
16;26;14;EventSent;1
16;26;13;EventSent;1
16;26;14;AckSent;1
16;26;14;EventSent;4
16;26;13;EventSent;1
16;26;14;AckSent;87
16;26;14;EventSent;1469
16;26;15;AckSent;93
16;26;16;AckSent;131
16;26;17;AckSent;62
16;26;18;AckSent;48
16;26;19;AckSent;51
16;26;20;AckSent;52
16;26;21;AckSent;55
16;26;22;AckSent;56
16;26;23;AckSent;91
16;26;24;AckSent;66
16;26;25;AckSent;49
16;26;26;AckSent;59
16;26;27;AckSent;56
16;26;28;AckSent;60
16;26;29;AckSent;59
16;26;30;AckSent;60
16;26;31;AckSent;57
16;26;32;AckSent;67
16;26;33;AckSent;46
16;26;34;AckSent;100
16;26;35;AckSent;83
16;26;36;AckSent;47
16;26;37;AckSent;28
16;26;38;AckSent;42
16;26;39;AckSent;50
16;26;40;AckSent;38
16;26;41;AckSent;90
16;26;42;AckSent;72
16;26;43;AckSent;20
16;26;44;AckSent;60
16;26;45;AckSent;40
16;26;46;AckSent;25
16;26;47;AckSent;41
16;26;48;AckSent;47
16;26;49;AckSent;88
16;26;50;AckSent;92
16;26;51;AckSent;97
16;26;52;AckSent;74
16;26;53;AckSent;38
16;26;54;AckSent;24
16;26;55;AckSent;71
16;26;56;AckSent;72
16;26;57;AckSent;99
16;26;58;AckSent;39
16;26;59;AckSent;154
16;27;00;AckSent;310
16;27;01;AckSent;115
16;27;02;AckSent;55
16;27;03;AckSent;89
16;27;04;AckSent;124
16;27;05;AckSent;242
16;27;06;AckSent;244
16;27;07;AckSent;213
16;27;08;AckSent;662
16;27;09;AckSent;475
16;27;10;AckSent;487
16;27;11;AckSent;554
16;27;11;EventSent;3398
16;27;12;EventSent;18
16;27;11;EventSent;5
16;27;12;AckSent;658
16;27;12;EventSent;9833
16;27;13;AckSent;457
16;27;13;EventSent;8671
16;27;14;AckSent;1263
16;27;14;EventSent;7412
16;27;15;AckSent;2212
16;27;16;AckSent;320
16;27;17;AckSent;721
16;27;17;EventSent;6447
16;27;18;AckSent;616
16;27;18;EventSent;8770
16;27;19;AckSent;795
16;27;19;EventSent;5341
16;27;20;AckSent;2417
16;27;21;AckSent;1479
16;27;22;AckSent;307
16;27;22;EventSent;461
16;27;23;EventSent;15
16;27;22;EventSent;8
16;27;23;AckSent;1568
16;27;23;EventSent;8488
16;27;24;AckSent;1036
16;27;24;EventSent;9341
16;27;25;EventSent;6
16;27;24;EventSent;4
16;27;25;AckSent;1460
16;27;25;EventSent;5844
16;27;26;AckSent;1622
16;27;27;AckSent;2724
16;27;28;AckSent;1645
16;27;28;EventSent;4985
16;27;29;AckSent;1158
16;27;29;EventSent;4044
16;27;30;AckSent;1570
16;27;30;EventSent;4361
16;27;31;AckSent;1818
16;27;32;AckSent;1581
16;27;32;EventSent;2425
16;27;33;AckSent;1049
16;27;33;EventSent;10096
16;27;34;EventSent;3
16;27;33;EventSent;6
16;27;34;AckSent;1214
16;27;34;EventSent;10189
16;27;35;AckSent;1442
16;27;35;EventSent;1285
16;27;36;AckSent;1524
16;27;36;EventSent;8331
16;27;37;AckSent;1191
16;27;37;EventSent;10184
16;27;38;EventSent;1
16;27;37;EventSent;4
16;27;38;AckSent;1012
16;27;38;EventSent;5312
16;27;39;AckSent;2346
16;27;40;AckSent;1295
16;27;41;AckSent;1098
16;27;42;AckSent;1288
16;27;43;AckSent;1093
16;27;43;EventSent;1869
16;27;44;EventSent;11
16;27;43;EventSent;1
16;27;44;AckSent;873
16;27;44;EventSent;8719
16;27;45;AckSent;810
16;27;45;EventSent;8901
16;27;46;AckSent;1550
16;27;46;EventSent;4312
16;27;47;AckSent;2279
16;27;48;AckSent;1321
16;27;48;EventSent;6990
16;27;49;AckSent;1061
16;27;49;EventSent;9410
16;27;50;AckSent;1577
16;27;50;EventSent;6237
16;27;51;AckSent;2577
16;27;52;AckSent;2456
16;27;53;AckSent;1789
16;27;53;EventSent;1243
16;27;54;EventSent;1
16;27;53;EventSent;1
16;27;54;AckSent;1082
16;27;54;EventSent;10135
16;27;55;AckSent;738
16;27;55;EventSent;9904
16;27;56;AckSent;2518
16;27;56;EventSent;2458
16;27;57;AckSent;1874
16;27;57;EventSent;3978
16;27;58;EventSent;2
16;27;57;EventSent;1
16;27;58;AckSent;1755
16;27;58;EventSent;9919
16;27;59;AckSent;480
16;27;59;EventSent;9790
16;28;00;AckSent;1842
16;28;00;EventSent;50
16;28;01;AckSent;1508
16;28;02;AckSent;2399
16;28;03;AckSent;2110
16;28;03;EventSent;526
16;28;04;AckSent;1427
16;28;04;EventSent;9616
16;28;05;AckSent;925
16;28;05;EventSent;9635
16;28;06;AckSent;1651
16;28;06;EventSent;4535
16;28;07;AckSent;2028
16;28;08;AckSent;2415
16;28;08;EventSent;881
16;28;09;AckSent;1267
16;28;09;EventSent;864
16;28;10;AckSent;1971
16;28;10;EventSent;330
16;28;11;AckSent;1895
16;28;12;AckSent;1283
16;28;13;AckSent;1691
16;28;13;EventSent;7083
16;28;14;AckSent;732
16;28;14;EventSent;7764
16;28;15;AckSent;1708
16;28;15;EventSent;9982
16;28;16;AckSent;1226
16;28;16;EventSent;10040
16;28;17;AckSent;2583
16;28;17;EventSent;5866
16;28;18;AckSent;2791
16;28;19;AckSent;1731
16;28;19;EventSent;13
16;28;20;AckSent;1334
16;28;20;EventSent;9391
16;28;21;AckSent;1298
16;28;21;EventSent;9837
16;28;22;AckSent;1270
16;28;22;EventSent;4675
16;28;23;AckSent;2032
16;28;23;EventSent;8736
16;28;24;AckSent;1290
16;28;24;EventSent;10083
16;28;25;AckSent;1035
16;28;25;EventSent;4942
16;28;26;AckSent;1942
16;28;27;AckSent;2342
16;28;28;AckSent;2194
16;28;28;EventSent;3814
16;28;29;AckSent;1287
16;28;29;EventSent;9625
16;28;30;AckSent;1383
16;28;30;EventSent;9199
16;28;31;AckSent;2782
16;28;32;AckSent;1163
16;28;32;EventSent;8777
16;28;33;EventSent;1
16;28;32;EventSent;2
16;28;33;EventSent;1
16;28;32;EventSent;1
16;28;33;EventSent;2
16;28;32;EventSent;1
16;28;33;AckSent;1095
16;28;33;EventSent;9745
16;28;34;AckSent;1625
16;28;34;EventSent;5286
16;28;35;AckSent;1845
16;28;36;AckSent;1331
16;28;37;AckSent;1415
16;28;38;AckSent;1283
16;28;39;AckSent;1356
16;28;39;EventSent;6134
16;28;40;AckSent;4
16;28;40;EventSent;20
16;28;39;EventSent;1
16;28;40;AckSent;1127
16;28;40;EventSent;9657
16;28;41;AckSent;1764
16;28;41;EventSent;8170
16;28;42;AckSent;2117
16;28;43;AckSent;1836
16;28;43;EventSent;6475
16;28;44;AckSent;1153
16;28;44;EventSent;9837
16;28;45;AckSent;1118
16;28;45;EventSent;7261
16;28;46;AckSent;1794
16;28;46;EventSent;217
16;28;47;AckSent;1769
16;28;48;AckSent;1365
16;28;49;AckSent;2545
16;28;50;AckSent;3770
16;28;51;AckSent;895
16;28;51;EventSent;8563
16;28;52;AckSent;649
16;28;52;EventSent;9908
16;28;53;AckSent;1355
16;28;53;EventSent;9913
16;28;54;AckSent;1467
16;28;54;EventSent;5385
16;28;55;AckSent;1562
16;28;56;AckSent;1979
16;28;57;AckSent;2434
16;28;58;AckSent;2096
16;28;59;AckSent;2368
16;28;59;EventSent;2583
16;29;00;AckSent;927
16;29;00;EventSent;9785
16;29;01;AckSent;1113
16;29;01;EventSent;10249
16;29;02;AckSent;2245
16;29;02;EventSent;2355
16;29;03;AckSent;2565
16;29;04;AckSent;1338
16;29;05;AckSent;1680
16;29;06;AckSent;2215
16;29;06;EventSent;140
16;29;07;AckSent;1393
16;29;07;EventSent;9513
16;29;08;EventSent;3
16;29;07;EventSent;1
16;29;08;AckSent;2046
16;29;08;EventSent;10204
16;29;09;AckSent;2299
16;29;09;EventSent;4126
16;29;10;AckSent;3586
16;29;11;AckSent;2571
16;29;12;AckSent;1506
16;29;12;EventSent;8017
16;29;13;AckSent;1081
16;29;13;EventSent;9486
16;29;14;AckSent;1278
16;29;14;EventSent;6720
16;29;15;AckSent;2776
16;29;15;EventSent;3904
16;29;16;AckSent;1061
16;29;16;EventSent;6820
16;29;17;AckSent;1041
16;29;17;EventSent;7595
16;29;18;AckSent;1409
16;29;18;EventSent;182
16;29;19;AckSent;2020
16;29;20;AckSent;1923
16;29;20;EventSent;9066
16;29;21;AckSent;1033
16;29;21;EventSent;9268
16;29;22;AckSent;1669
16;29;22;EventSent;5696
16;29;23;AckSent;1212
16;29;23;EventSent;7524
16;29;24;AckSent;949
16;29;24;EventSent;9368
16;29;25;AckSent;1125
16;29;25;EventSent;6799
16;29;26;AckSent;2261
16;29;27;AckSent;2235
16;29;28;AckSent;2006
16;29;29;AckSent;1241
16;29;29;EventSent;29
16;29;30;AckSent;1088
16;29;30;EventSent;9265
16;29;31;AckSent;1035
16;29;31;EventSent;10124
16;29;32;EventSent;6
16;29;31;EventSent;1
16;29;32;AckSent;1804
16;29;32;EventSent;4438
16;29;33;AckSent;1898
16;29;33;EventSent;1959
16;29;34;AckSent;1740
16;29;34;EventSent;9168
16;29;35;AckSent;1972
16;29;35;EventSent;9084
16;29;36;AckSent;2055
16;29;36;EventSent;1376
16;29;37;AckSent;2475
16;29;38;AckSent;1993
16;29;38;EventSent;547
16;29;39;EventSent;1
16;29;38;EventSent;1
16;29;39;EventSent;12
16;29;38;EventSent;1
16;29;39;AckSent;1130
16;29;39;EventSent;9926
16;29;40;AckSent;1123
16;29;40;EventSent;9357
16;29;41;EventSent;2
16;29;40;EventSent;1
16;29;41;AckSent;2367
16;29;41;EventSent;4245
16;29;42;AckSent;1101
16;29;42;EventSent;7050
16;29;43;AckSent;1491
16;29;43;EventSent;8705
16;29;44;EventSent;1
16;29;43;EventSent;1
16;29;44;AckSent;1240
16;29;44;EventSent;7898
16;29;45;AckSent;2441
16;29;46;AckSent;2332
16;29;47;AckSent;1617
16;29;48;AckSent;1874
16;29;48;EventSent;3949
16;29;49;AckSent;2106
16;29;49;EventSent;9797
16;29;50;AckSent;782
16;29;50;EventSent;9583
16;29;51;AckSent;2315
16;29;51;EventSent;2156
16;29;52;AckSent;1393
16;29;52;EventSent;5821
16;29;53;AckSent;1581
16;29;53;EventSent;4488
16;29;54;AckSent;2539
16;29;54;EventSent;1645
16;29;55;AckSent;3181
16;29;56;AckSent;2123
16;29;56;EventSent;5591
16;29;57;EventSent;10
16;29;56;EventSent;1
16;29;57;AckSent;1320
16;29;57;EventSent;9518
16;29;58;AckSent;1098
16;29;58;EventSent;8762
16;29;59;AckSent;1787
16;29;59;EventSent;6027
16;30;00;AckSent;1964
16;30;00;EventSent;9460
16;30;01;AckSent;857
16;30;01;EventSent;8143
16;30;02;AckSent;2002
16;30;03;AckSent;1867
16;30;04;AckSent;1866
16;30;05;AckSent;1935
16;30;05;EventSent;5516
16;30;06;AckSent;1171
16;30;06;EventSent;9726
16;30;07;EventSent;2
16;30;06;EventSent;1
16;30;07;AckSent;975
16;30;07;EventSent;8446
16;30;08;AckSent;2342
16;30;09;AckSent;1336
16;30;09;EventSent;5387
16;30;10;AckSent;998
16;30;10;EventSent;4192
16;30;11;AckSent;1075
16;30;11;EventSent;4806
16;30;12;AckSent;1623
16;30;13;AckSent;1804
16;30;14;AckSent;1808
16;30;15;AckSent;1760
16;30;16;AckSent;1314
16;30;16;EventSent;3937
16;30;17;EventSent;12
16;30;16;AckSent;1
16;30;17;AckSent;1443
16;30;17;EventSent;8732
16;30;18;AckSent;1452
16;30;18;EventSent;10156
16;30;19;AckSent;2873
16;30;19;EventSent;3500
16;30;20;EventSent;14
16;30;19;EventSent;1
16;30;20;AckSent;2073
16;30;20;EventSent;9386
16;30;21;AckSent;748
16;30;21;EventSent;9093
16;30;22;AckSent;1525
16;30;22;EventSent;739
16;30;23;AckSent;2350
16;30;24;AckSent;2117
16;30;24;EventSent;341
16;30;25;AckSent;1910
16;30;25;EventSent;8803
16;30;26;AckSent;912
16;30;26;EventSent;9667
16;30;27;AckSent;955
16;30;27;EventSent;5292
16;30;28;AckSent;1885
16;30;28;EventSent;110
16;30;29;AckSent;1419
16;30;29;EventSent;7020
16;30;30;AckSent;2142
16;30;30;EventSent;6836
16;30;31;AckSent;2265
16;30;31;EventSent;2495
16;30;32;AckSent;986
16;30;33;AckSent;1464
16;30;34;AckSent;1525
16;30;35;AckSent;1135
16;30;35;EventSent;8116
16;30;36;AckSent;953
16;30;36;EventSent;9723
16;30;37;AckSent;2192
16;30;37;EventSent;6010
16;30;38;AckSent;2467
16;30;38;EventSent;4165
16;30;39;AckSent;748
16;30;39;EventSent;9867
16;30;40;AckSent;1123
16;30;40;EventSent;9699
16;30;41;AckSent;3061
16;30;42;AckSent;3618
16;30;42;EventSent;12
16;30;43;AckSent;2324
16;30;43;EventSent;9567
16;30;44;AckSent;914
16;30;44;EventSent;9068
16;30;45;AckSent;751
16;30;45;EventSent;5212
16;30;46;AckSent;2652
16;30;46;EventSent;2112
16;30;47;AckSent;1808
16;30;47;EventSent;4545
16;30;48;AckSent;1738
16;30;48;EventSent;3644
16;30;49;AckSent;2202
16;30;50;AckSent;1966
16;30;51;AckSent;2027
16;30;51;EventSent;2590
16;30;52;EventSent;3
16;30;51;EventSent;1
16;30;52;EventSent;3
16;30;51;EventSent;1
16;30;52;AckSent;2226
16;30;52;EventSent;10370
16;30;53;AckSent;1014
16;30;53;EventSent;8351
16;30;54;AckSent;1308
16;30;54;EventSent;8180
16;30;55;EventSent;1
16;30;54;EventSent;1
16;30;55;AckSent;869
16;30;55;EventSent;8728
16;30;56;AckSent;1867
16;30;56;EventSent;5365
16;30;57;AckSent;1639
16;30;58;AckSent;1113
16;30;59;AckSent;1934
16;31;00;AckSent;1656
16;31;00;EventSent;699
16;31;01;AckSent;1189
16;31;01;EventSent;9759
16;31;02;AckSent;1398
16;31;02;EventSent;10177
16;31;03;AckSent;2884
16;31;03;EventSent;3660
16;31;04;AckSent;655
16;31;04;EventSent;9520
16;31;05;EventSent;2
16;31;04;AckSent;1
16;31;05;AckSent;1328
16;31;05;EventSent;10231
16;31;06;AckSent;3641
16;31;06;EventSent;3382
16;31;07;AckSent;4491
16;31;08;AckSent;2422
16;31;08;EventSent;8576
16;31;09;AckSent;950
16;31;09;EventSent;10010
16;31;10;AckSent;1452
16;31;10;EventSent;5575
16;31;11;AckSent;1727
16;31;11;EventSent;822
16;31;12;AckSent;2467
16;31;12;EventSent;7594
16;31;13;AckSent;1583
16;31;13;EventSent;7319
16;31;14;AckSent;2109
16;31;14;EventSent;1814
16;31;15;AckSent;1573
16;31;16;AckSent;1075
16;31;17;AckSent;977
16;31;18;AckSent;1064
16;31;18;EventSent;7246
16;31;19;AckSent;884
16;31;19;EventSent;9705
16;31;20;AckSent;1423
16;31;20;EventSent;7014
16;31;21;AckSent;1708
16;31;21;EventSent;8
16;31;22;AckSent;2035
16;31;22;EventSent;5184
16;31;23;AckSent;1933
16;31;23;EventSent;5331
16;31;24;AckSent;3824
16;31;24;EventSent;1852
16;31;25;AckSent;2450
16;31;26;AckSent;1194
16;31;26;EventSent;8680
16;31;27;AckSent;1875
16;31;27;EventSent;10443
16;31;28;AckSent;1964
16;31;28;EventSent;5950
16;31;29;AckSent;1981
16;31;29;EventSent;4942
16;31;30;AckSent;1437
16;31;30;EventSent;4877
16;31;31;AckSent;1996
16;31;31;EventSent;244
16;31;32;AckSent;2312
16;31;33;AckSent;2060
16;31;33;EventSent;1021
16;31;34;AckSent;1060
16;31;34;EventSent;9938
16;31;35;AckSent;1224
16;31;35;EventSent;9908
16;31;36;AckSent;1513
16;31;36;EventSent;4359
16;31;37;AckSent;1602
16;31;37;EventSent;6899
16;31;38;AckSent;1430
16;31;38;EventSent;6984
16;31;39;AckSent;1826
16;31;39;EventSent;1372
16;31;40;AckSent;2009
16;31;41;AckSent;2148
16;31;42;AckSent;1446
16;31;42;EventSent;3932
16;31;43;AckSent;1134
16;31;43;EventSent;9836
16;31;44;AckSent;862
16;31;44;EventSent;9935
16;31;45;AckSent;2141
16;31;45;EventSent;346
16;31;46;AckSent;2376
16;31;46;EventSent;8902
16;31;47;EventSent;5
16;31;46;EventSent;1
16;31;47;AckSent;1300
16;31;47;EventSent;10277
16;31;48;AckSent;1312
16;31;48;EventSent;4642
16;31;49;AckSent;3642
16;31;50;AckSent;2257
16;31;50;EventSent;3157
16;31;51;AckSent;2000
16;31;51;EventSent;9657
16;31;52;AckSent;558
16;31;52;EventSent;9413
16;31;53;EventSent;18
16;31;52;EventSent;1
16;31;53;AckSent;1446
16;31;53;EventSent;1751
16;31;54;AckSent;1647
16;31;54;EventSent;671
16;31;55;AckSent;1682
16;31;55;EventSent;6661
16;31;56;AckSent;1106
16;31;56;EventSent;6907
16;31;57;AckSent;2091
16;31;57;EventSent;2221
16;31;58;AckSent;1604
16;31;59;AckSent;2275
16;32;00;AckSent;2307
16;32;01;AckSent;2177
16;32;02;AckSent;1715
16;32;03;AckSent;1614
16;32;03;EventSent;8857
16;32;04;AckSent;1005
16;32;04;EventSent;10150
16;32;05;AckSent;792
16;32;05;EventSent;5185
16;32;06;AckSent;1280
16;32;06;EventSent;700
16;32;07;AckSent;1649
16;32;07;EventSent;4967
16;32;08;AckSent;1198
16;32;08;EventSent;4955
16;32;09;AckSent;1709
16;32;09;EventSent;701
16;32;10;AckSent;2119
16;32;11;AckSent;3093
16;32;11;EventSent;642
16;32;12;AckSent;1
16;32;12;EventSent;3
16;32;11;EventSent;3
16;32;12;AckSent;1
16;32;12;EventSent;1
16;32;11;EventSent;1
16;32;12;AckSent;2010
16;32;12;EventSent;9905
16;32;13;AckSent;951
16;32;13;EventSent;9832
16;32;14;AckSent;1094
16;32;14;EventSent;3508
16;32;15;AckSent;2699
16;32;16;AckSent;2289
16;32;17;AckSent;1858
16;32;18;AckSent;1572
16;32;18;EventSent;4336
16;32;19;AckSent;1240
16;32;19;EventSent;9944
16;32;20;AckSent;1429
16;32;20;EventSent;9523
16;32;21;AckSent;2431
16;32;21;EventSent;240
16;32;22;AckSent;1331
16;32;22;EventSent;6448
16;32;23;AckSent;888
16;32;23;EventSent;7595
16;32;24;AckSent;1199
16;32;24;EventSent;5522
16;32;25;AckSent;1861
16;32;26;AckSent;1883
16;32;26;EventSent;5452
16;32;27;EventSent;12
16;32;26;AckSent;1
16;32;26;EventSent;4
16;32;27;EventSent;1
16;32;26;EventSent;2
16;32;27;EventSent;4
16;32;26;EventSent;5
16;32;27;EventSent;1
16;32;26;EventSent;2
16;32;27;EventSent;1
16;32;26;EventSent;1
16;32;27;AckSent;1344
16;32;27;EventSent;9791
16;32;28;AckSent;2004
16;32;28;EventSent;8474
16;32;29;AckSent;1454
16;32;30;AckSent;1836
16;32;30;EventSent;2766
16;32;31;AckSent;2314
16;32;31;EventSent;3180
16;32;32;AckSent;2602
16;32;32;EventSent;1259
16;32;33;AckSent;1751
16;32;34;AckSent;2043
16;32;34;EventSent;1038
16;32;35;AckSent;947
16;32;35;EventSent;10128
16;32;36;AckSent;759
16;32;36;EventSent;8712
16;32;37;AckSent;1429
16;32;37;EventSent;3809
16;32;38;AckSent;2481
16;32;38;EventSent;1297
16;32;39;AckSent;2357
16;32;39;EventSent;1372
16;32;40;AckSent;1255
16;32;40;EventSent;447
16;32;41;AckSent;1425
16;32;42;AckSent;2383
16;32;43;AckSent;2134
16;32;44;AckSent;1748
16;32;44;EventSent;4450
16;32;45;EventSent;13
16;32;44;EventSent;1
16;32;45;AckSent;1804
16;32;45;EventSent;9877
16;32;46;EventSent;3
16;32;45;EventSent;1
16;32;46;EventSent;3
16;32;45;EventSent;2
16;32;46;AckSent;1074
16;32;46;EventSent;9239
16;32;47;AckSent;2051
16;32;47;EventSent;290
16;32;48;AckSent;1167
16;32;49;AckSent;1790
16;32;50;AckSent;3186
16;32;51;AckSent;1466
16;32;51;EventSent;6885
16;32;52;AckSent;1186
16;32;52;EventSent;9706
16;32;53;AckSent;716
16;32;53;EventSent;7553
16;32;54;AckSent;3082
16;32;55;AckSent;1138
16;32;55;EventSent;8513
16;32;56;AckSent;765
16;32;56;EventSent;9760
16;32;57;AckSent;912
16;32;57;EventSent;5510
16;32;58;AckSent;1723
16;32;59;AckSent;1407
16;33;00;AckSent;1063
16;33;00;EventSent;8651
16;33;01;AckSent;1726
16;33;01;EventSent;9920
16;33;02;AckSent;1505
16;33;02;EventSent;5442
16;33;03;AckSent;2385
16;33;03;EventSent;2107
16;33;04;AckSent;2149
16;33;04;EventSent;9528
16;33;05;AckSent;1291
16;33;05;EventSent;9517
16;33;06;AckSent;1798
16;33;06;EventSent;1468
16;33;07;AckSent;1397
16;33;08;AckSent;1365
16;33;09;AckSent;1573
16;33;09;EventSent;618
16;33;10;EventSent;15
16;33;09;EventSent;1
16;33;10;AckSent;665
16;33;10;EventSent;10007
16;33;11;AckSent;1093
16;33;11;EventSent;9742
16;33;12;AckSent;2528
16;33;12;EventSent;3501
16;33;13;AckSent;1922
16;33;13;EventSent;262
16;33;14;AckSent;810
16;33;14;EventSent;8242
16;33;15;AckSent;952
16;33;15;EventSent;8032
16;33;16;AckSent;1707
16;33;16;EventSent;4034
16;33;17;AckSent;1792
16;33;18;AckSent;1406
16;33;19;AckSent;1409
16;33;20;AckSent;1726
16;33;20;EventSent;1004
16;33;21;AckSent;1
16;33;21;EventSent;9
16;33;20;EventSent;1
16;33;21;AckSent;1367
16;33;21;EventSent;9310
16;33;22;AckSent;1354
16;33;22;EventSent;9777
16;33;23;AckSent;2616
16;33;23;EventSent;3623
16;33;24;AckSent;1125
16;33;24;EventSent;7595
16;33;25;AckSent;863
16;33;25;EventSent;8764
16;33;26;AckSent;1358
16;33;26;EventSent;7336
16;33;27;AckSent;2408
16;33;28;AckSent;2029
16;33;29;AckSent;1806
16;33;30;AckSent;1506
16;33;30;EventSent;3706
16;33;31;AckSent;966
16;33;31;EventSent;9573
16;33;32;AckSent;551
16;33;32;EventSent;9866
16;33;33;AckSent;3625
16;33;33;EventSent;742
16;33;34;AckSent;1835
16;33;34;EventSent;6095
16;33;35;AckSent;1175
16;33;35;EventSent;9944
16;33;36;AckSent;1241
16;33;36;EventSent;7659
16;33;37;AckSent;1241
16;33;38;AckSent;1947
16;33;39;AckSent;2442
16;33;40;AckSent;1331
16;33;40;EventSent;4343
16;33;41;EventSent;1
16;33;40;EventSent;1
16;33;41;AckSent;1236
16;33;41;EventSent;8984
16;33;42;AckSent;1197
16;33;42;EventSent;9623
16;33;43;AckSent;1836
16;33;43;EventSent;981
16;33;44;AckSent;1872
16;33;44;EventSent;510
16;33;45;EventSent;2
16;33;44;EventSent;1
16;33;45;AckSent;1457
16;33;45;EventSent;8002
16;33;46;AckSent;1620
16;33;46;EventSent;6654
16;33;47;AckSent;2519
16;33;47;EventSent;4343
16;33;48;AckSent;2200
16;33;49;AckSent;2131
16;33;50;AckSent;1261
16;33;50;EventSent;8959
16;33;51;AckSent;1269
16;33;51;EventSent;9480
16;33;52;AckSent;1042
16;33;52;EventSent;5622
16;33;53;AckSent;1630
16;33;54;AckSent;904
16;33;54;EventSent;5169
16;33;55;AckSent;1
16;33;55;EventSent;3
16;33;54;EventSent;2
16;33;55;AckSent;1
16;33;55;EventSent;19
16;33;54;EventSent;1
16;33;55;AckSent;1082
16;33;55;EventSent;9844
16;33;56;AckSent;1528
16;33;56;EventSent;8750
16;33;57;AckSent;2260
16;33;58;AckSent;1666
16;33;59;AckSent;3555
16;34;00;AckSent;2709
16;34;01;AckSent;1928
16;34;01;EventSent;149
16;34;02;EventSent;7
16;34;01;EventSent;3
16;34;02;EventSent;1
16;34;01;EventSent;2
16;34;02;AckSent;2
16;34;02;EventSent;4
16;34;01;EventSent;6
16;34;02;AckSent;852
16;34;02;EventSent;9867
16;34;03;AckSent;1304
16;34;03;EventSent;9272
16;34;04;EventSent;14
16;34;03;EventSent;2
16;34;04;AckSent;1365
16;34;04;EventSent;10144
16;34;05;AckSent;1626
16;34;05;EventSent;7852
16;34;06;AckSent;3103
16;34;07;AckSent;4056
16;34;07;EventSent;1292
16;34;08;EventSent;2
16;34;07;EventSent;1
16;34;08;AckSent;1
16;34;08;EventSent;2
16;34;07;EventSent;2
16;34;08;EventSent;1
16;34;07;EventSent;1
16;34;08;AckSent;1156
16;34;08;EventSent;7956
16;34;09;AckSent;971
16;34;09;EventSent;8333
16;34;10;AckSent;1235
16;34;10;EventSent;7933
16;34;11;AckSent;1660
16;34;11;EventSent;5728
16;34;12;AckSent;1882
16;34;12;EventSent;5997
16;34;13;AckSent;2327
16;34;13;EventSent;1462
16;34;14;AckSent;3099
16;34;15;AckSent;2088
16;34;15;EventSent;5938
16;34;16;AckSent;1224
16;34;16;EventSent;10097
16;34;17;AckSent;1049
16;34;17;EventSent;7952
16;34;18;AckSent;1778
16;34;18;EventSent;1110
16;34;19;AckSent;2683
16;34;19;EventSent;1809
16;34;20;AckSent;2197
16;34;20;EventSent;1212
16;34;21;AckSent;1590
16;34;22;AckSent;1374
16;34;23;AckSent;2104
16;34;23;EventSent;1267
16;34;24;AckSent;643
16;34;24;EventSent;9834
16;34;25;AckSent;1103
16;34;25;EventSent;9354
16;34;26;AckSent;1615
16;34;26;EventSent;8789
16;34;27;AckSent;1709
16;34;27;EventSent;8789
16;34;28;EventSent;10
16;34;27;EventSent;5
16;34;28;AckSent;1571
16;34;28;EventSent;1424
16;34;29;AckSent;2183
16;34;30;AckSent;1106
16;34;31;AckSent;1253
16;34;32;AckSent;1479
16;34;32;EventSent;1758
16;34;33;AckSent;812
16;34;33;EventSent;9580
16;34;34;AckSent;1807
16;34;34;EventSent;10230
16;34;35;AckSent;2960
16;34;35;EventSent;2543
16;34;36;AckSent;679
16;34;37;AckSent;2319
16;34;38;AckSent;1504
16;34;38;EventSent;5525
16;34;39;AckSent;488
16;34;39;EventSent;8309
16;34;40;AckSent;905
16;34;40;EventSent;9730
16;34;41;AckSent;3225
16;34;41;EventSent;284
16;34;42;AckSent;1620
16;34;42;EventSent;9471
16;34;43;AckSent;978
16;34;43;EventSent;10097
16;34;44;AckSent;2211
16;34;44;EventSent;4350
16;34;45;AckSent;1538
16;34;46;AckSent;1527
16;34;46;EventSent;5896
16;34;47;AckSent;1226
16;34;47;EventSent;9970
16;34;48;AckSent;1754
16;34;48;EventSent;7936
16;34;49;AckSent;1537
16;34;50;AckSent;1948
16;34;51;AckSent;1730
16;34;51;EventSent;2259
16;34;52;EventSent;11
16;34;51;EventSent;3
16;34;52;AckSent;962
16;34;52;EventSent;9251
16;34;53;AckSent;776
16;34;53;EventSent;9979
16;34;54;AckSent;2727
16;34;54;EventSent;2324
16;34;55;AckSent;2511
16;34;56;AckSent;2013
16;34;56;EventSent;7334
16;34;57;AckSent;1699
16;34;57;EventSent;10257
16;34;58;AckSent;2281
16;34;58;EventSent;6065
16;34;59;AckSent;3531
16;35;00;AckSent;1109
16;35;00;EventSent;8318
16;35;01;AckSent;1572
16;35;01;EventSent;10118
16;35;02;AckSent;1510
16;35;02;EventSent;5422
16;35;03;AckSent;3869
16;35;03;EventSent;82
16;35;04;AckSent;1648
16;35;04;EventSent;9623
16;35;05;AckSent;1473
16;35;05;EventSent;9442
16;35;06;EventSent;2
16;35;05;AckSent;1
16;35;05;EventSent;1
16;35;06;AckSent;2327
16;35;06;EventSent;4618
16;35;07;AckSent;2972
16;35;08;AckSent;1622
16;35;08;EventSent;6854
16;35;09;AckSent;1235
16;35;09;EventSent;9792
16;35;10;AckSent;1430
16;35;10;EventSent;7333
16;35;11;AckSent;1821
16;35;12;AckSent;1785
16;35;13;AckSent;1358
16;35;13;EventSent;7176
16;35;14;AckSent;904
16;35;14;EventSent;9852
16;35;15;AckSent;1761
16;35;15;EventSent;6895
16;35;16;AckSent;3221
16;35;17;AckSent;2538
16;35;17;EventSent;2674
16;35;18;AckSent;909
16;35;18;EventSent;9828
16;35;19;AckSent;894
16;35;19;EventSent;8834
16;35;20;AckSent;2551
16;35;20;EventSent;2619
16;35;21;AckSent;1675
16;35;22;AckSent;1440
16;35;23;AckSent;2736
16;35;24;AckSent;2360
16;35;24;EventSent;895
16;35;25;EventSent;16
16;35;24;EventSent;1
16;35;25;AckSent;552
16;35;25;EventSent;6840
16;35;26;AckSent;576
16;35;26;EventSent;7816
16;35;27;AckSent;1384
16;35;27;EventSent;2972
16;35;28;AckSent;1961
16;35;28;EventSent;2125
16;35;29;AckSent;1260
16;35;29;EventSent;5616
16;35;30;AckSent;1968
16;35;30;EventSent;5160
16;35;31;AckSent;2504
16;35;31;EventSent;451
16;35;32;AckSent;1784
16;35;32;EventSent;4738
16;35;33;EventSent;1
16;35;32;EventSent;1
16;35;33;EventSent;4
16;35;32;EventSent;1
16;35;33;AckSent;959
16;35;33;EventSent;9971
16;35;34;AckSent;989
16;35;34;EventSent;9085
16;35;35;AckSent;1403
16;35;36;AckSent;1619
16;35;37;AckSent;1986
16;35;37;EventSent;7109
16;35;38;AckSent;1155
16;35;38;EventSent;9940
16;35;39;AckSent;1124
16;35;39;EventSent;6632
16;35;40;AckSent;1278
16;35;41;AckSent;1362
16;35;42;AckSent;1592
16;35;43;AckSent;2402
16;35;43;EventSent;6905
16;35;44;AckSent;1087
16;35;44;EventSent;10441
16;35;45;AckSent;1644
16;35;45;EventSent;6471
16;35;46;AckSent;2538
16;35;47;AckSent;2630
16;35;47;EventSent;4754
16;35;48;AckSent;1057
16;35;48;EventSent;9586
16;35;49;AckSent;1343
16;35;49;EventSent;9523
16;35;50;AckSent;2117
16;35;50;EventSent;20
16;35;51;AckSent;1493
16;35;52;AckSent;1616
16;35;52;EventSent;4172
16;35;53;AckSent;1994
16;35;53;EventSent;9454
16;35;54;AckSent;1581
16;35;54;EventSent;9104
16;35;55;AckSent;3456
16;35;55;EventSent;180
16;35;56;EventSent;1
16;35;55;AckSent;1
16;35;55;EventSent;20
16;35;56;AckSent;1004
16;35;56;EventSent;8429
16;35;57;AckSent;1275
16;35;57;EventSent;10154
16;35;58;AckSent;1291
16;35;58;EventSent;5067
16;35;59;AckSent;2065
16;36;00;AckSent;1842
16;36;01;AckSent;2174
16;36;01;EventSent;6722
16;36;02;AckSent;861
16;36;02;EventSent;10259
16;36;03;AckSent;1014
16;36;03;EventSent;6929
16;36;04;AckSent;4324
16;36;05;AckSent;1153
16;36;05;EventSent;8254
16;36;06;AckSent;893
16;36;06;EventSent;10050
16;36;07;AckSent;2153
16;36;07;EventSent;5477
16;36;08;AckSent;2793
16;36;09;AckSent;1607
16;36;09;EventSent;1224
16;36;10;EventSent;2
16;36;09;AckSent;1
16;36;10;AckSent;1529
16;36;10;EventSent;9642
16;36;11;EventSent;1
16;36;10;EventSent;1
16;36;11;EventSent;10
16;36;10;EventSent;1
16;36;11;AckSent;1205
16;36;11;EventSent;9718
16;36;12;AckSent;2692
16;36;12;EventSent;3173
16;36;13;AckSent;3182
16;36;13;EventSent;2490
16;36;14;AckSent;1298
16;36;14;EventSent;9285
16;36;15;AckSent;1144
16;36;15;EventSent;9317
16;36;16;AckSent;1421
16;36;16;EventSent;1649
16;36;17;AckSent;1535
16;36;18;AckSent;1978
16;36;19;AckSent;1552
16;36;19;EventSent;6457
16;36;20;AckSent;1627
16;36;20;EventSent;7490
16;36;21;AckSent;1926
16;36;21;EventSent;3559
16;36;22;AckSent;1600
16;36;23;AckSent;1481
16;36;24;AckSent;1811
16;36;24;EventSent;8786
16;36;25;AckSent;622
16;36;25;EventSent;9336
16;36;26;AckSent;1654
16;36;26;EventSent;5777
16;36;27;AckSent;3638
16;36;28;AckSent;4532
16;36;29;AckSent;970
16;36;29;EventSent;1581
16;36;30;AckSent;688
16;36;30;EventSent;9738
16;36;31;AckSent;748
16;36;31;EventSent;9393
16;36;32;AckSent;606
16;36;32;EventSent;3189
16;36;33;AckSent;958
16;36;33;EventSent;5138
16;36;34;AckSent;1424
16;36;34;EventSent;7954
16;36;35;AckSent;1355
16;36;35;EventSent;8554
16;36;36;AckSent;3390
16;36;37;AckSent;2337
16;36;38;AckSent;1280
16;36;38;EventSent;7106
16;36;39;AckSent;1507
16;36;39;EventSent;9497
16;36;40;AckSent;1242
16;36;40;EventSent;5054
16;36;41;AckSent;2129
16;36;42;AckSent;2509
16;36;42;EventSent;5807
16;36;43;AckSent;1221
16;36;43;EventSent;9797
16;36;44;AckSent;1127
16;36;44;EventSent;8061
16;36;45;AckSent;2827
16;36;46;AckSent;2303
16;36;47;AckSent;1323
16;36;47;EventSent;6103
16;36;48;AckSent;1593
16;36;48;EventSent;10041
16;36;49;AckSent;2071
16;36;49;EventSent;7909
16;36;50;AckSent;2718
16;36;50;EventSent;1592
16;36;51;AckSent;921
16;36;51;EventSent;9561
16;36;52;AckSent;1865
16;36;52;EventSent;9385
16;36;53;AckSent;1956
16;36;53;EventSent;3248
16;36;54;AckSent;3777
16;36;55;AckSent;1020
16;36;55;EventSent;2825
16;36;56;EventSent;16
16;36;55;EventSent;2
16;36;56;EventSent;3
16;36;55;EventSent;6
16;36;56;AckSent;3
16;36;56;EventSent;3
16;36;55;EventSent;2
16;36;56;AckSent;965
16;36;56;EventSent;9694
16;36;57;AckSent;1306
16;36;57;EventSent;9922
16;36;58;AckSent;2045
16;36;58;EventSent;1506
16;36;59;AckSent;1152
16;37;00;AckSent;1100
16;37;01;AckSent;1814
16;37;02;AckSent;3085
16;37;02;EventSent;27
16;37;03;AckSent;299
16;37;03;EventSent;9216
16;37;04;AckSent;295
16;37;04;EventSent;10048
16;37;05;AckSent;1769
16;37;05;EventSent;4736
16;37;06;AckSent;1556
16;37;07;AckSent;2278
16;37;07;EventSent;4879
16;37;08;AckSent;1108
16;37;08;EventSent;9926
16;37;09;AckSent;1
16;37;09;EventSent;1
16;37;08;EventSent;1
16;37;09;AckSent;1055
16;37;09;EventSent;9130
16;37;10;AckSent;1523
16;37;10;EventSent;36
16;37;11;AckSent;1596
16;37;12;AckSent;1351
16;37;12;EventSent;7311
16;37;13;EventSent;11
16;37;12;AckSent;1
16;37;13;AckSent;875
16;37;13;EventSent;9681
16;37;14;AckSent;823
16;37;14;EventSent;6817
16;37;15;AckSent;3715
16;37;16;AckSent;1873
16;37;17;AckSent;1314
16;37;17;EventSent;6369
16;37;18;EventSent;4
16;37;17;EventSent;2
16;37;18;AckSent;1086
16;37;18;EventSent;8972
16;37;19;AckSent;1266
16;37;19;EventSent;8622
16;37;20;AckSent;3857
16;37;21;AckSent;1539
16;37;21;EventSent;7394
16;37;22;AckSent;1074
16;37;22;EventSent;9946
16;37;23;AckSent;2020
16;37;23;EventSent;6561
16;37;24;AckSent;2259
16;37;25;AckSent;1850
16;37;26;AckSent;1437
16;37;26;EventSent;3068
16;37;27;AckSent;1824
16;37;27;EventSent;7131
16;37;28;AckSent;1244
16;37;28;EventSent;9712
16;37;29;AckSent;1433
16;37;29;EventSent;4005
16;37;30;AckSent;1033
16;37;31;AckSent;1419
16;37;31;EventSent;4055
16;37;32;AckSent;969
16;37;32;EventSent;9505
16;37;33;AckSent;1041
16;37;33;EventSent;9357
16;37;34;AckSent;2546
16;37;34;EventSent;860
16;37;35;AckSent;1265
16;37;36;AckSent;1474
16;37;37;AckSent;1304
16;37;37;EventSent;215
16;37;38;AckSent;1708
16;37;38;EventSent;9628
16;37;39;AckSent;1873
16;37;39;EventSent;9485
16;37;40;AckSent;2550
16;37;40;EventSent;4623
16;37;41;AckSent;2064
16;37;41;EventSent;5719
16;37;42;AckSent;1385
16;37;42;EventSent;9446
16;37;43;AckSent;1719
16;37;43;EventSent;8455
16;37;44;AckSent;3008
16;37;45;AckSent;2548
16;37;45;EventSent;3434
16;37;46;EventSent;7
16;37;45;EventSent;4
16;37;46;AckSent;1
16;37;46;EventSent;1
16;37;45;EventSent;1
16;37;46;AckSent;1
16;37;45;EventSent;1
16;37;46;AckSent;1908
16;37;46;EventSent;8866
16;37;47;AckSent;1550
16;37;47;EventSent;10155
16;37;48;AckSent;3446
16;37;48;EventSent;1500
16;37;49;AckSent;976
16;37;49;EventSent;9147
16;37;50;AckSent;807
16;37;50;EventSent;9983
16;37;51;AckSent;1019
16;37;51;EventSent;4587
16;37;52;AckSent;2783
16;37;53;AckSent;1275
16;37;54;AckSent;1515
16;37;55;AckSent;1008
16;37;55;EventSent;7101
16;37;56;AckSent;1459
16;37;56;EventSent;9779
16;37;57;AckSent;1238
16;37;57;EventSent;7062
16;37;58;AckSent;2650
16;37;59;AckSent;1789
16;37;59;EventSent;1920
16;38;00;EventSent;1
16;37;59;AckSent;1
16;38;00;AckSent;1556
16;38;00;EventSent;9315
16;38;01;AckSent;1531
16;38;01;EventSent;10129
16;38;02;AckSent;1425
16;38;02;EventSent;2464
16;38;03;AckSent;1410
16;38;04;AckSent;1577
16;38;05;AckSent;1576
16;38;05;EventSent;2449
16;38;06;AckSent;1076
16;38;06;EventSent;8054
16;38;07;AckSent;958
16;38;07;EventSent;9177
16;38;08;EventSent;5
16;38;07;EventSent;1
16;38;08;AckSent;1502
16;38;08;EventSent;4144
16;38;09;AckSent;1561
16;38;10;AckSent;1409
16;38;11;AckSent;1368
16;38;11;EventSent;5568
16;38;12;AckSent;1091
16;38;12;EventSent;9429
16;38;13;AckSent;1441
16;38;13;EventSent;8840
16;38;14;AckSent;3310
16;38;15;AckSent;1800
16;38;16;AckSent;1289
16;38;16;EventSent;1955
16;38;17;AckSent;2639
16;38;17;EventSent;10395
16;38;18;AckSent;1487
16;38;18;EventSent;10252
16;38;19;AckSent;2695
16;38;19;EventSent;1257
16;38;20;AckSent;1807
16;38;20;EventSent;9004
16;38;21;AckSent;1406
16;38;21;EventSent;9594
16;38;22;AckSent;2367
16;38;22;EventSent;5091
16;38;23;AckSent;2188
16;38;24;AckSent;1692
16;38;24;EventSent;2551
16;38;25;AckSent;1214
16;38;25;EventSent;8937
16;38;26;AckSent;1552
16;38;26;EventSent;9480
16;38;27;AckSent;3035
16;38;27;EventSent;2722
16;38;28;AckSent;2454
16;38;28;EventSent;6154
16;38;29;AckSent;1321
16;38;29;EventSent;10234
16;38;30;EventSent;2
16;38;29;EventSent;1
16;38;30;AckSent;1411
16;38;30;EventSent;7348
16;38;31;AckSent;2057
16;38;32;AckSent;1848
16;38;33;AckSent;1563
16;38;33;EventSent;2870
16;38;34;EventSent;1
16;38;33;EventSent;1
16;38;34;AckSent;1256
16;38;34;EventSent;10226
16;38;35;AckSent;906
16;38;35;EventSent;9474
16;38;36;AckSent;2612
16;38;36;EventSent;1391
16;38;37;AckSent;2768
16;38;37;EventSent;3034
16;38;38;EventSent;3
16;38;37;EventSent;1
16;38;38;AckSent;1545
16;38;38;EventSent;9518
16;38;39;AckSent;949
16;38;39;EventSent;9713
16;38;40;EventSent;1
16;38;39;EventSent;1
16;38;40;AckSent;2089
16;38;40;EventSent;1431
16;38;41;AckSent;1655
16;38;42;AckSent;1556
16;38;43;AckSent;1312
16;38;43;EventSent;4481
16;38;44;AckSent;1460
16;38;44;EventSent;9798
16;38;45;AckSent;1806
16;38;45;EventSent;9494
16;38;46;AckSent;2526
16;38;46;EventSent;58
16;38;47;AckSent;1662
16;38;47;EventSent;3858
16;38;48;AckSent;1790
16;38;48;EventSent;9564
16;38;49;AckSent;1252
16;38;49;EventSent;9251
16;38;50;AckSent;3762
16;38;51;AckSent;1964
16;38;51;EventSent;4966
16;38;52;EventSent;2
16;38;51;EventSent;1
16;38;52;AckSent;1825
16;38;52;EventSent;9512
16;38;53;AckSent;1480
16;38;53;EventSent;9229
16;38;54;AckSent;1900
16;38;54;EventSent;85
16;38;55;AckSent;1544
16;38;56;AckSent;2927
16;38;56;EventSent;9253
16;38;57;AckSent;2144
16;38;57;EventSent;10049
16;38;58;AckSent;1532
16;38;58;EventSent;4513
16;38;59;AckSent;2044
16;39;00;AckSent;1982
16;39;00;EventSent;7731
16;39;01;EventSent;2
16;39;00;EventSent;1
16;39;01;AckSent;1420
16;39;01;EventSent;8941
16;39;02;AckSent;1506
16;39;02;EventSent;7261
16;39;03;AckSent;2997
16;39;03;EventSent;1115
16;39;04;AckSent;1076
16;39;04;EventSent;8488
16;39;05;AckSent;2022
16;39;05;EventSent;9814
16;39;06;AckSent;2593
16;39;06;EventSent;4333
16;39;07;AckSent;2149
16;39;08;AckSent;1191
16;39;08;EventSent;6209
16;39;09;AckSent;2007
16;39;09;EventSent;9736
16;39;10;AckSent;1502
16;39;10;EventSent;7903
16;39;11;AckSent;2779
16;39;12;AckSent;1308
16;39;12;EventSent;4777
16;39;13;AckSent;1061
16;39;13;EventSent;9409
16;39;14;AckSent;1538
16;39;14;EventSent;8444
16;39;15;AckSent;1966
16;39;16;AckSent;1896
16;39;17;AckSent;1580
16;39;17;EventSent;14
16;39;18;AckSent;1508
16;39;18;EventSent;9053
16;39;19;EventSent;5
16;39;18;EventSent;1
16;39;19;EventSent;2
16;39;18;AckSent;1
16;39;19;AckSent;916
16;39;19;EventSent;8868
16;39;20;AckSent;969
16;39;20;EventSent;6031
16;39;21;AckSent;1378
16;39;22;AckSent;2137
16;39;23;AckSent;1515
16;39;23;EventSent;3109
16;39;24;AckSent;2025
16;39;24;EventSent;10215
16;39;25;AckSent;852
16;39;25;EventSent;9238
16;39;26;AckSent;1696
16;39;26;EventSent;1201
16;39;27;AckSent;2259
16;39;28;AckSent;3094
16;39;29;AckSent;3459
16;39;30;AckSent;1001
16;39;30;EventSent;9284
16;39;31;AckSent;1002
16;39;31;EventSent;9727
16;39;32;EventSent;3
16;39;31;EventSent;1
16;39;32;AckSent;1266
16;39;32;EventSent;9955
16;39;33;EventSent;4
16;39;32;EventSent;1
16;39;33;AckSent;1349
16;39;33;EventSent;10225
16;39;34;AckSent;1222
16;39;34;EventSent;2485
16;39;35;AckSent;1666
16;39;36;AckSent;1387
16;39;37;AckSent;1655
16;39;38;AckSent;1187
16;39;39;AckSent;1168
16;39;39;EventSent;5268
16;39;40;AckSent;994
16;39;40;EventSent;9709
16;39;41;AckSent;1316
16;39;41;EventSent;8971
16;39;42;AckSent;2159
16;39;42;EventSent;3032
16;39;43;EventSent;4
16;39;42;EventSent;3
16;39;43;AckSent;1022
16;39;43;EventSent;9707
16;39;44;AckSent;1269
16;39;44;EventSent;9851
16;39;45;AckSent;2337
16;39;45;EventSent;1218
16;39;46;AckSent;1563
16;39;47;AckSent;1236
16;39;48;AckSent;1627
16;39;49;AckSent;1211
16;39;49;EventSent;6826
16;39;50;EventSent;3
16;39;49;EventSent;3
16;39;50;AckSent;1188
16;39;50;EventSent;9250
16;39;51;AckSent;1651
16;39;51;EventSent;7909
16;39;52;AckSent;2782
16;39;52;EventSent;1327
16;39;53;EventSent;5
16;39;52;AckSent;1
16;39;53;AckSent;1935
16;39;53;EventSent;9768
16;39;54;AckSent;804
16;39;54;EventSent;9569
16;39;55;AckSent;1834
16;39;55;EventSent;2022
16;39;56;AckSent;2045
16;39;57;AckSent;1839
16;39;58;AckSent;1785
16;39;58;EventSent;3625
16;39;59;AckSent;1245
16;39;59;EventSent;10322
16;40;00;AckSent;1359
16;40;00;EventSent;9653
16;40;01;EventSent;19
16;40;00;EventSent;1
16;40;01;AckSent;1720
16;40;01;EventSent;403
16;40;02;AckSent;1845
16;40;02;EventSent;2003
16;40;03;AckSent;1490
16;40;03;EventSent;5631
16;40;04;AckSent;2084
16;40;04;EventSent;5563
16;40;05;AckSent;1283
16;40;05;EventSent;214
16;40;06;AckSent;2059
16;40;07;AckSent;2351
16;40;08;AckSent;1003
16;40;08;EventSent;8770
16;40;09;AckSent;888
16;40;09;EventSent;9785
16;40;10;AckSent;1371
16;40;10;EventSent;5151
16;40;11;AckSent;1360
16;40;11;EventSent;1330
16;40;12;AckSent;863
16;40;12;EventSent;9461
16;40;13;AckSent;1223
16;40;13;EventSent;10333
16;40;14;AckSent;1333
16;40;14;EventSent;2777
16;40;15;AckSent;1940
16;40;16;AckSent;2954
16;40;17;AckSent;2881
16;40;17;EventSent;3869
16;40;18;EventSent;1
16;40;17;EventSent;1
16;40;18;AckSent;1391
16;40;18;EventSent;10080
16;40;19;AckSent;1581
16;40;19;EventSent;9997
16;40;20;AckSent;1727
16;40;21;AckSent;1286
16;40;21;EventSent;7252
16;40;22;AckSent;1905
16;40;22;EventSent;9838
16;40;23;EventSent;5
16;40;22;AckSent;1
16;40;23;AckSent;1049
16;40;23;EventSent;6631
16;40;24;AckSent;1451
16;40;25;AckSent;1627
16;40;26;AckSent;1634
16;40;27;AckSent;954
16;40;28;AckSent;1172
16;40;28;EventSent;2785
16;40;29;AckSent;1677
16;40;29;EventSent;9774
16;40;30;AckSent;1350
16;40;30;EventSent;10259
16;40;31;AckSent;1586
16;40;31;EventSent;1024
16;40;32;AckSent;1210
16;40;32;EventSent;4735
16;40;33;AckSent;1910
16;40;33;EventSent;9508
16;40;34;EventSent;16
16;40;33;EventSent;5
16;40;34;AckSent;2176
16;40;34;EventSent;8397
16;40;35;AckSent;2179
16;40;36;AckSent;2236
16;40;37;AckSent;1823
16;40;37;EventSent;2793
16;40;38;EventSent;3
16;40;37;EventSent;1
16;40;38;AckSent;1073
16;40;38;EventSent;9927
16;40;39;AckSent;1456
16;40;39;EventSent;10472
16;40;40;EventSent;6
16;40;39;EventSent;1
16;40;40;AckSent;2850
16;40;40;EventSent;557
16;40;41;AckSent;1419
16;40;41;EventSent;7800
16;40;42;EventSent;1
16;40;41;EventSent;2
16;40;42;EventSent;1
16;40;41;EventSent;2
16;40;42;AckSent;1505
16;40;42;EventSent;8016
16;40;43;AckSent;1428
16;40;43;EventSent;2731
16;40;44;AckSent;1625
16;40;45;AckSent;2040
16;40;46;AckSent;2137
16;40;47;AckSent;1443
16;40;47;EventSent;6895
16;40;48;AckSent;1237
16;40;48;EventSent;10225
16;40;49;AckSent;1470
16;40;49;EventSent;6882
16;40;50;AckSent;2097
16;40;51;AckSent;1681
16;40;51;EventSent;7060
16;40;52;AckSent;813
16;40;52;EventSent;8139
16;40;53;AckSent;1329
16;40;53;EventSent;3326
16;40;54;AckSent;2107
16;40;55;AckSent;2134
16;40;56;AckSent;1947
16;40;56;EventSent;1625
16;40;57;AckSent;1254
16;40;57;EventSent;10371
16;40;58;AckSent;1278
16;40;58;EventSent;9799
16;40;59;EventSent;4
16;40;58;EventSent;1
16;40;59;EventSent;5
16;40;58;EventSent;1
16;40;59;EventSent;1
16;40;58;EventSent;1
16;40;59;AckSent;1894
16;40;59;EventSent;1935
16;41;00;AckSent;3130
16;41;00;EventSent;6645
16;41;01;AckSent;1627
16;41;01;EventSent;9237
16;41;02;AckSent;1210
16;41;02;EventSent;5745
16;41;03;AckSent;1698
16;41;04;AckSent;1265
16;41;05;AckSent;2382
16;41;05;EventSent;842
16;41;06;EventSent;2
16;41;05;EventSent;1
16;41;06;AckSent;1203
16;41;06;EventSent;8410
16;41;07;EventSent;1
16;41;06;EventSent;2
16;41;07;EventSent;1
16;41;06;EventSent;1
16;41;07;AckSent;999
16;41;07;EventSent;9334
16;41;08;AckSent;1308
16;41;08;EventSent;5262
16;41;09;AckSent;2231
16;41;09;EventSent;829
16;41;10;AckSent;1525
16;41;10;EventSent;9307
16;41;11;AckSent;1326
16;41;11;EventSent;9347
16;41;12;AckSent;2025
16;41;12;EventSent;2093
16;41;13;AckSent;2504
16;41;14;AckSent;2469
16;41;15;AckSent;1918
16;41;15;EventSent;8543
16;41;16;AckSent;1026
16;41;16;EventSent;9527
16;41;17;AckSent;1845
16;41;17;EventSent;5884
16;41;18;AckSent;1583
16;41;18;EventSent;1643
16;41;19;AckSent;1352
16;41;19;EventSent;7627
16;41;20;AckSent;988
16;41;20;EventSent;7844
16;41;21;AckSent;1463
16;41;21;EventSent;1415
16;41;22;AckSent;2401
16;41;23;AckSent;1961
16;41;24;AckSent;1614
16;41;25;AckSent;1128
16;41;25;EventSent;8061
16;41;26;AckSent;1623
16;41;26;EventSent;9783
16;41;27;AckSent;1387
16;41;27;EventSent;6069
16;41;28;AckSent;2134
16;41;28;EventSent;2606
16;41;29;AckSent;1699
16;41;29;EventSent;6579
16;41;30;AckSent;1657
16;41;30;EventSent;6214
16;41;31;AckSent;1427
16;41;31;EventSent;60
16;41;32;AckSent;2403
16;41;33;AckSent;1970
16;41;34;AckSent;2329
16;41;34;EventSent;7220
16;41;35;AckSent;937
16;41;35;EventSent;9115
16;41;36;EventSent;27
16;41;35;EventSent;4
16;41;36;AckSent;1127
16;41;36;EventSent;7477
16;41;37;AckSent;1719
16;41;37;EventSent;3549
16;41;38;AckSent;1590
16;41;38;EventSent;5879
16;41;39;AckSent;2002
16;41;39;EventSent;3926
16;41;40;AckSent;1591
16;41;41;AckSent;1940
16;41;42;AckSent;2227
16;41;42;EventSent;16
16;41;43;AckSent;1015
16;41;43;EventSent;6409
16;41;44;AckSent;1617
16;41;44;EventSent;9641
16;41;45;AckSent;1806
16;41;45;EventSent;8286
16;41;46;AckSent;2442
16;41;46;EventSent;6630
16;41;47;AckSent;2709
16;41;47;EventSent;6025
16;41;48;AckSent;2597
16;41;48;EventSent;2366
16;41;49;AckSent;2311
16;41;49;EventSent;90
16;41;50;AckSent;1845
16;41;50;EventSent;10203
16;41;51;AckSent;1779
16;41;51;EventSent;10349
16;41;52;EventSent;6
16;41;51;EventSent;2
16;41;52;AckSent;1587
16;41;52;EventSent;8948
16;41;53;EventSent;4
16;41;52;AckSent;1
16;41;53;AckSent;2566
16;41;53;EventSent;9976
16;41;54;AckSent;121
16;41;53;EventSent;23
16;41;54;AckSent;1038
16;41;54;EventSent;8104
16;41;55;AckSent;3118
16;41;56;AckSent;3344
16;41;56;EventSent;928
16;41;57;EventSent;3
16;41;56;EventSent;1
16;41;57;EventSent;5
16;41;56;EventSent;4
16;41;57;EventSent;2
16;41;56;EventSent;2
16;41;57;AckSent;1054
16;41;57;EventSent;10247
16;41;58;AckSent;2159
16;41;58;EventSent;10287
16;41;59;AckSent;2516
16;41;59;EventSent;3303
16;42;00;AckSent;1312
16;42;00;EventSent;8194
16;42;01;AckSent;1269
16;42;01;EventSent;9145
16;42;02;AckSent;1377
16;42;02;EventSent;3339
16;42;03;AckSent;2027
16;42;04;AckSent;1932
16;42;05;AckSent;1967
16;42;06;AckSent;1804
16;42;06;EventSent;7300
16;42;07;AckSent;1161
16;42;07;EventSent;8825
16;42;08;AckSent;1298
16;42;08;EventSent;5485
16;42;09;AckSent;1967
16;42;09;EventSent;1
16;42;10;AckSent;2642
16;42;10;EventSent;7436
16;42;11;AckSent;1370
16;42;11;EventSent;7933
16;42;12;AckSent;1903
16;42;12;EventSent;3100
16;42;13;AckSent;1017
16;42;14;AckSent;890
16;42;15;AckSent;744
16;42;16;AckSent;964
16;42;17;AckSent;4957
16;42;18;AckSent;1526
16;42;18;EventSent;2350
16;42;19;EventSent;10
16;42;18;EventSent;12
16;42;19;AckSent;1670
16;42;19;EventSent;9686
16;42;20;AckSent;1
16;42;19;EventSent;12
16;42;20;AckSent;1456
16;42;20;EventSent;10146
16;42;21;AckSent;1155
16;42;21;EventSent;1762
16;42;22;AckSent;1454
16;42;22;EventSent;1803
16;42;23;AckSent;1042
16;42;23;EventSent;8245
16;42;24;AckSent;1034
16;42;24;EventSent;10359
16;42;25;AckSent;2359
16;42;25;EventSent;3335
16;42;26;AckSent;3830
16;42;27;AckSent;3735
16;42;28;AckSent;1830
16;42;28;EventSent;9588
16;42;29;AckSent;1128
16;42;29;EventSent;9793
16;42;30;EventSent;1
16;42;29;EventSent;1
16;42;30;AckSent;2448
16;42;30;EventSent;4783
16;42;31;AckSent;893
16;42;31;EventSent;8408
16;42;32;AckSent;1005
16;42;32;EventSent;10274
16;42;33;AckSent;1183
16;42;33;EventSent;5094
16;42;34;AckSent;3157
16;42;35;AckSent;1409
16;42;35;EventSent;3915
16;42;36;AckSent;1081
16;42;36;EventSent;9946
16;42;37;AckSent;1261
16;42;37;EventSent;9771
16;42;38;AckSent;2155
16;42;38;EventSent;2660
16;42;39;AckSent;1196
16;42;39;EventSent;7478
16;42;40;AckSent;1364
16;42;40;EventSent;7202
16;42;41;AckSent;1987
16;42;41;EventSent;384
16;42;42;AckSent;1918
16;42;43;AckSent;1942
16;42;44;AckSent;2448
16;42;45;AckSent;1394
16;42;45;EventSent;8856
16;42;46;AckSent;535
16;42;46;EventSent;9772
16;42;47;AckSent;861
16;42;47;EventSent;5600
16;42;48;AckSent;2776
16;42;49;AckSent;3333
16;42;49;EventSent;464
16;42;50;AckSent;1557
16;42;50;EventSent;6413
16;42;51;AckSent;938
16;42;51;EventSent;5095
16;42;52;AckSent;1440
16;42;52;EventSent;2412
16;42;53;AckSent;1526
16;42;54;AckSent;1339
16;42;54;EventSent;4886
16;42;55;AckSent;1493
16;42;55;EventSent;9233
16;42;56;AckSent;1426
16;42;56;EventSent;9793
16;42;57;AckSent;2246
16;42;57;EventSent;4804
16;42;58;AckSent;997
16;42;58;EventSent;10023
16;42;59;AckSent;1596
16;42;59;EventSent;8966
16;43;00;AckSent;3622
16;43;01;AckSent;3130
16;43;01;EventSent;2547
16;43;02;AckSent;993
16;43;02;EventSent;9992
16;43;03;AckSent;1859
16;43;03;EventSent;10309
16;43;04;AckSent;3276
16;43;04;EventSent;1735
16;43;05;EventSent;2
16;43;04;EventSent;3
16;43;05;AckSent;2069
16;43;05;EventSent;4998
16;43;06;AckSent;1888
16;43;06;EventSent;4550
16;43;07;AckSent;2060
16;43;07;EventSent;1221
16;43;08;AckSent;2185
16;43;09;AckSent;1983
16;43;09;EventSent;4058
16;43;10;AckSent;1030
16;43;10;EventSent;8752
16;43;11;AckSent;1025
16;43;11;EventSent;9819
16;43;12;AckSent;1392
16;43;12;EventSent;20
16;43;13;AckSent;595
16;43;13;EventSent;8991
16;43;14;EventSent;3
16;43;13;EventSent;1
16;43;14;AckSent;948
16;43;14;EventSent;10042
16;43;15;AckSent;1780
16;43;15;EventSent;4656
16;43;16;AckSent;1347
16;43;17;AckSent;1848
16;43;18;AckSent;2467
16;43;19;AckSent;1798
16;43;19;EventSent;2838
16;43;20;AckSent;1618
16;43;20;EventSent;9547
16;43;21;AckSent;1335
16;43;21;EventSent;9805
16;43;22;AckSent;1994
16;43;22;EventSent;521
16;43;23;AckSent;1845
16;43;23;EventSent;3818
16;43;24;AckSent;1230
16;43;24;EventSent;10142
16;43;25;AckSent;1345
16;43;25;EventSent;9757
16;43;26;AckSent;1509
16;43;26;EventSent;26
16;43;27;AckSent;849
16;43;28;AckSent;2853
16;43;29;AckSent;2496
16;43;29;EventSent;1181
16;43;30;AckSent;2176
16;43;30;EventSent;9049
16;43;31;AckSent;1944
16;43;31;EventSent;8523
16;43;32;AckSent;1095
16;43;32;EventSent;1827
16;43;33;AckSent;1289
16;43;33;EventSent;1640
16;43;34;AckSent;1944
16;43;34;EventSent;9310
16;43;35;AckSent;607
16;43;35;EventSent;10133
16;43;36;AckSent;984
16;43;36;EventSent;2608
16;43;37;AckSent;1688
16;43;38;AckSent;1838
16;43;39;AckSent;932
16;43;40;AckSent;2050
16;43;40;EventSent;1498
16;43;41;EventSent;25
16;43;40;EventSent;2
16;43;41;AckSent;927
16;43;41;EventSent;9521
16;43;42;AckSent;1162
16;43;42;EventSent;9786
16;43;43;AckSent;2064
16;43;43;EventSent;3078
16;43;44;AckSent;2403
16;43;44;EventSent;3322
16;43;45;AckSent;2090
16;43;45;EventSent;9409
16;43;46;AckSent;1984
16;43;46;EventSent;10158
16;43;47;AckSent;2682
16;43;47;EventSent;895
16;43;48;AckSent;2212
16;43;49;AckSent;2077
16;43;49;EventSent;4715
16;43;50;EventSent;3
16;43;49;EventSent;1
16;43;50;EventSent;14
16;43;49;EventSent;2
16;43;50;AckSent;1649
16;43;50;EventSent;10222
16;43;51;AckSent;1108
16;43;51;EventSent;9457
16;43;52;AckSent;1629
16;43;53;AckSent;1193
16;43;54;AckSent;2679
16;43;54;EventSent;5044
16;43;55;AckSent;1320
16;43;55;EventSent;10093
16;43;56;AckSent;975
16;43;56;EventSent;8602
16;43;57;AckSent;1606
16;43;58;AckSent;2494
16;43;58;EventSent;44
16;43;59;EventSent;48
16;43;58;AckSent;1
16;43;59;AckSent;572
16;43;59;EventSent;6867
16;44;00;EventSent;1
16;43;59;EventSent;9
16;44;00;AckSent;997
16;44;00;EventSent;8929
16;44;01;AckSent;1098
16;44;01;EventSent;8159
16;44;02;AckSent;3211
16;44;03;AckSent;2795
16;44;03;EventSent;3882
16;44;04;AckSent;2375
16;44;04;EventSent;6809
16;44;05;AckSent;1185
16;44;05;EventSent;4754
16;44;06;AckSent;2085
16;44;07;AckSent;1860
16;44;08;AckSent;986
16;44;08;EventSent;8295
16;44;09;AckSent;1079
16;44;09;EventSent;9778
16;44;10;AckSent;781
16;44;10;EventSent;5832
16;44;11;AckSent;1608
16;44;12;AckSent;1716
16;44;12;EventSent;3030
16;44;13;EventSent;4
16;44;12;EventSent;1
16;44;13;AckSent;1969
16;44;13;EventSent;10136
16;44;14;AckSent;557
16;44;14;EventSent;10032
16;44;15;AckSent;1797
16;44;15;EventSent;538
16;44;16;AckSent;2685
16;44;17;AckSent;2166
16;44;17;EventSent;41
16;44;18;AckSent;957
16;44;18;EventSent;9707
16;44;19;AckSent;1014
16;44;19;EventSent;8476
16;44;20;AckSent;1887
16;44;20;EventSent;5711
16;44;21;AckSent;2783
16;44;22;AckSent;3848
16;44;22;EventSent;9499
16;44;23;AckSent;1281
16;44;23;EventSent;10576
16;44;24;AckSent;1378
16;44;24;EventSent;3666
16;44;25;AckSent;1186
16;44;26;AckSent;2308
16;44;26;EventSent;242
16;44;27;AckSent;1
16;44;27;EventSent;1
16;44;26;EventSent;1
16;44;27;AckSent;1000
16;44;27;EventSent;9150
16;44;28;AckSent;960
16;44;28;EventSent;9960
16;44;29;AckSent;1195
16;44;29;EventSent;4531
16;44;30;AckSent;1164
16;44;31;AckSent;2720
16;44;31;EventSent;986
16;44;32;AckSent;2241
16;44;32;EventSent;7117
16;44;33;AckSent;1818
16;44;33;EventSent;7066
16;44;34;AckSent;1529
16;44;34;EventSent;1278
16;44;35;AckSent;2005
16;44;36;AckSent;1398
16;44;37;AckSent;1535
16;44;37;EventSent;8841
16;44;38;EventSent;3
16;44;37;EventSent;1
16;44;38;AckSent;1675
16;44;38;EventSent;10474
16;44;39;AckSent;2042
16;44;39;EventSent;4589
16;44;40;AckSent;2383
16;44;40;EventSent;6407
16;44;41;AckSent;1392
16;44;41;EventSent;9540
16;44;42;AckSent;1333
16;44;42;EventSent;7829
16;44;43;AckSent;1824
16;44;44;AckSent;2125
16;44;45;AckSent;1997
16;44;45;EventSent;4658
16;44;46;EventSent;15
16;44;45;AckSent;1
16;44;46;AckSent;1104
16;44;46;EventSent;9953
16;44;47;AckSent;1004
16;44;47;EventSent;9201
16;44;48;AckSent;878
16;44;49;AckSent;828
16;44;50;AckSent;1914
16;44;51;AckSent;1629
16;44;51;EventSent;5780
16;44;52;AckSent;1191
16;44;52;EventSent;9500
16;44;53;AckSent;1432
16;44;53;EventSent;6341
16;44;54;AckSent;2412
16;44;55;AckSent;2337
16;44;56;AckSent;1495
16;44;56;EventSent;5387
16;44;57;AckSent;748
16;44;57;EventSent;10125
16;44;58;AckSent;817
16;44;58;EventSent;8233
16;44;59;AckSent;2773
16;45;00;AckSent;2578
16;45;00;EventSent;1151
16;45;01;AckSent;2811
16;45;01;EventSent;3203
16;45;02;AckSent;2442
16;45;02;EventSent;2842
16;45;03;AckSent;2603
16;45;04;AckSent;1539
16;45;04;EventSent;6889
16;45;05;AckSent;976
16;45;05;EventSent;9923
16;45;06;AckSent;1584
16;45;06;EventSent;6928
16;45;07;AckSent;3392
16;45;08;AckSent;1919
16;45;08;EventSent;8299
16;45;09;AckSent;915
16;45;09;EventSent;10245
16;45;10;AckSent;1467
16;45;10;EventSent;5206
16;45;11;AckSent;1751
16;45;12;AckSent;1852
16;45;12;EventSent;5085
16;45;13;AckSent;1723
16;45;13;EventSent;9883
16;45;14;AckSent;1441
16;45;14;EventSent;8982
16;45;15;AckSent;1968
16;45;16;AckSent;1354
16;45;16;EventSent;3705
16;45;17;AckSent;1495
16;45;17;EventSent;9994
16;45;18;AckSent;528
16;45;18;EventSent;9972
16;45;19;AckSent;3892
16;45;19;EventSent;114
16;45;20;AckSent;2764
16;45;21;AckSent;1211
16;45;21;EventSent;6949
16;45;22;AckSent;754
16;45;22;EventSent;9733
16;45;23;AckSent;828
16;45;23;EventSent;7176
16;45;24;AckSent;1816
16;45;25;AckSent;1270
16;45;26;AckSent;2761
16;45;26;EventSent;5124
16;45;27;AckSent;2636
16;45;27;EventSent;9760
16;45;28;AckSent;1193
16;45;28;EventSent;6664
16;45;29;AckSent;1583
16;45;30;AckSent;2047
16;45;31;AckSent;1245
16;45;31;EventSent;7232
16;45;32;AckSent;1521
16;45;32;EventSent;10249
16;45;33;AckSent;1351
16;45;33;EventSent;6414
16;45;34;AckSent;2014
16;45;35;AckSent;2047
16;45;35;EventSent;2260
16;45;36;AckSent;1117
16;45;36;EventSent;5403
16;45;37;AckSent;1317
16;45;37;EventSent;4687
16;45;38;AckSent;2592
16;45;39;AckSent;3504
16;45;39;EventSent;102
16;45;40;AckSent;893
16;45;40;EventSent;9671
16;45;41;AckSent;862
16;45;41;EventSent;9689
16;45;42;EventSent;13
16;45;41;EventSent;1
16;45;42;EventSent;4
16;45;41;EventSent;5
16;45;42;AckSent;1900
16;45;42;EventSent;4193
16;45;43;AckSent;2121
16;45;43;EventSent;3302
16;45;44;AckSent;1461
16;45;44;EventSent;8549
16;45;45;AckSent;1068
16;45;45;EventSent;7681
16;45;46;AckSent;1671
16;45;47;AckSent;1684
16;45;48;AckSent;1903
16;45;49;AckSent;1806
16;45;49;EventSent;3477
16;45;50;AckSent;1421
16;45;50;EventSent;10380
16;45;51;AckSent;1200
16;45;51;EventSent;10046
16;45;52;AckSent;1865
16;45;52;EventSent;1
16;45;53;AckSent;2399
16;45;53;EventSent;4102
16;45;54;AckSent;1685
16;45;54;EventSent;7710
16;45;55;AckSent;1525
16;45;55;EventSent;6708
16;45;56;AckSent;2299
16;45;57;AckSent;2294
16;45;58;AckSent;2400
16;45;58;EventSent;9680
16;45;59;AckSent;996
16;45;59;EventSent;10395
16;46;00;AckSent;1072
16;46;00;EventSent;3722
16;46;01;AckSent;2066
16;46;01;EventSent;773
16;46;02;AckSent;1386
16;46;02;EventSent;9524
16;46;03;AckSent;1541
16;46;03;EventSent;9612
16;46;04;AckSent;2153
16;46;04;EventSent;3789
16;46;05;AckSent;2509
16;46;06;AckSent;1743
16;46;06;EventSent;967
16;46;07;AckSent;2242
16;46;07;EventSent;10162
16;46;08;AckSent;1003
16;46;08;EventSent;10136
16;46;09;AckSent;1905
16;46;09;EventSent;2508
16;46;10;AckSent;2558
16;46;11;AckSent;3552
16;46;12;AckSent;2297
16;46;13;AckSent;1452
16;46;13;EventSent;3339
16;46;14;AckSent;1025
16;46;14;EventSent;10089
16;46;15;AckSent;1190
16;46;15;EventSent;10129
16;46;16;AckSent;1414
16;46;16;EventSent;3121
16;46;17;AckSent;2540
16;46;17;EventSent;1702
16;46;18;AckSent;2278
16;46;19;AckSent;1807
16;46;20;AckSent;1792
16;46;20;EventSent;4411
16;46;21;AckSent;804
16;46;21;EventSent;7794
16;46;22;AckSent;431
16;46;22;EventSent;9819
16;46;23;AckSent;1101
16;46;23;EventSent;6098
16;46;24;AckSent;1831
16;46;24;EventSent;8606
16;46;25;AckSent;2268
16;46;25;EventSent;7805
16;46;26;AckSent;2450
16;46;27;AckSent;1346
16;46;28;AckSent;708
16;46;29;AckSent;722
16;46;30;AckSent;1695
16;46;30;EventSent;6008
16;46;31;AckSent;1484
16;46;31;EventSent;9874
16;46;32;AckSent;1479
16;46;32;EventSent;8061
16;46;33;AckSent;2434
16;46;33;EventSent;2345
16;46;34;AckSent;1460
16;46;34;EventSent;9634
16;46;35;AckSent;1083
16;46;35;EventSent;9538
16;46;36;AckSent;2280
16;46;36;EventSent;2200
16;46;37;AckSent;1993
16;46;38;AckSent;1946
16;46;39;AckSent;644
16;46;39;EventSent;538
16;46;40;EventSent;1
16;46;39;EventSent;1
16;46;40;AckSent;1499
16;46;40;EventSent;9217
16;46;41;EventSent;3
16;46;40;AckSent;1
16;46;40;EventSent;1
16;46;41;AckSent;898
16;46;41;EventSent;10095
16;46;42;AckSent;868
16;46;42;EventSent;4187
16;46;43;AckSent;2077
16;46;44;AckSent;3298
16;46;45;AckSent;3320
16;46;46;AckSent;1839
16;46;46;EventSent;3372
16;46;47;AckSent;969
16;46;47;EventSent;7168
16;46;48;AckSent;1472
16;46;48;EventSent;5992
16;46;49;AckSent;984
16;46;49;EventSent;7879
16;46;50;AckSent;571
16;46;50;EventSent;8978
16;46;51;AckSent;2147
16;46;51;EventSent;3730
16;46;52;AckSent;3219
16;46;53;AckSent;2792
16;46;53;EventSent;3564
16;46;54;AckSent;874
16;46;54;EventSent;10525
16;46;55;AckSent;1772
16;46;55;EventSent;9549
16;46;56;AckSent;2322
16;46;56;EventSent;309
16;46;57;AckSent;1765
16;46;57;EventSent;7335
16;46;58;AckSent;1066
16;46;58;EventSent;10098
16;46;59;AckSent;1300
16;46;59;EventSent;6432
16;47;00;AckSent;4005
16;47;01;AckSent;2831
16;47;01;EventSent;6552
16;47;02;AckSent;1695
16;47;02;EventSent;10049
16;47;03;EventSent;4
16;47;02;EventSent;1
16;47;03;AckSent;1512
16;47;03;EventSent;7231
16;47;04;AckSent;2101
16;47;05;AckSent;1376
16;47;05;EventSent;4537
16;47;06;EventSent;1
16;47;05;EventSent;1
16;47;06;EventSent;2
16;47;05;EventSent;1
16;47;06;AckSent;837
16;47;06;EventSent;10217
16;47;07;AckSent;1109
16;47;07;EventSent;9144
16;47;08;AckSent;2176
16;47;09;AckSent;2077
16;47;10;AckSent;1464
16;47;11;AckSent;2759
16;47;11;EventSent;7201
16;47;12;AckSent;1689
16;47;12;EventSent;10539
16;47;13;EventSent;2
16;47;12;EventSent;1
16;47;13;EventSent;1
16;47;12;EventSent;1
16;47;13;AckSent;1549
16;47;13;EventSent;6035
16;47;14;AckSent;1466
16;47;15;AckSent;1510
16;47;15;EventSent;5081
16;47;16;AckSent;1356
16;47;16;EventSent;9778
16;47;17;AckSent;1345
16;47;17;EventSent;8967
16;47;18;AckSent;2159
16;47;19;AckSent;1996
16;47;20;AckSent;1996
16;47;20;EventSent;1794
16;47;21;EventSent;17
16;47;20;EventSent;1
16;47;21;AckSent;2032
16;47;21;EventSent;10045
16;47;22;AckSent;1198
16;47;22;EventSent;10094
16;47;23;EventSent;5
16;47;22;EventSent;1
16;47;23;EventSent;1
16;47;22;EventSent;4
16;47;23;AckSent;2003
16;47;23;EventSent;1747
16;47;24;AckSent;2095
16;47;25;AckSent;2292
16;47;26;AckSent;2333
16;47;27;AckSent;2429
16;47;28;AckSent;2385
16;47;28;EventSent;1439
16;47;29;AckSent;1514
16;47;29;EventSent;10590
16;47;30;AckSent;794
16;47;30;EventSent;10193
16;47;31;EventSent;1
16;47;30;EventSent;1
16;47;31;AckSent;1079
16;47;31;EventSent;1536
16;47;32;AckSent;2125
16;47;33;AckSent;2084
16;47;34;AckSent;1592
16;47;35;AckSent;1377
16;47;35;EventSent;7004
16;47;36;EventSent;4
16;47;35;EventSent;1
16;47;36;AckSent;870
16;47;36;EventSent;10299
16;47;37;AckSent;941
16;47;37;EventSent;7520
16;47;38;AckSent;1615
16;47;38;EventSent;9857
16;47;39;AckSent;1747
16;47;39;EventSent;10395
16;47;40;AckSent;1901
16;47;40;EventSent;2613
16;47;41;AckSent;2009
16;47;42;AckSent;1962
16;47;43;AckSent;1844
16;47;43;EventSent;8000
16;47;44;AckSent;2183
16;47;44;EventSent;10601
16;47;45;AckSent;2173
16;47;45;EventSent;5421
16;47;46;AckSent;1470
16;47;46;EventSent;2891
16;47;47;EventSent;4
16;47;46;EventSent;1
16;47;47;AckSent;1286
16;47;47;EventSent;9481
16;47;48;AckSent;1794
16;47;48;EventSent;10009
16;47;49;AckSent;1992
16;47;49;EventSent;1386
16;47;50;AckSent;1825
16;47;51;AckSent;1881
16;47;52;AckSent;1830
16;47;52;EventSent;8178
16;47;53;AckSent;1481
16;47;53;EventSent;9959
16;47;54;AckSent;794
16;47;54;EventSent;4511
16;47;55;AckSent;793
16;47;56;AckSent;2162
16;47;56;EventSent;14
16;47;57;AckSent;1797
16;47;57;EventSent;9323
16;47;58;AckSent;1330
16;47;58;EventSent;9632
16;47;59;EventSent;14
16;47;58;EventSent;3
16;47;59;AckSent;1
16;47;58;EventSent;2
16;47;59;AckSent;1002
16;47;59;EventSent;3704
16;48;00;AckSent;796
16;48;01;AckSent;1196
16;48;02;AckSent;1066
16;48;03;AckSent;1064
16;48;04;AckSent;2560
16;48;04;EventSent;4098
16;48;05;AckSent;1990
16;48;05;EventSent;9764
16;48;06;AckSent;1625
16;48;06;EventSent;10095
16;48;07;AckSent;1894
16;48;07;EventSent;15
16;48;08;AckSent;2056
16;48;08;EventSent;4818
16;48;09;AckSent;1735
16;48;09;EventSent;6415
16;48;10;AckSent;1689
16;48;10;EventSent;6961
16;48;11;AckSent;2286
16;48;11;EventSent;326
16;48;12;AckSent;2508
16;48;12;EventSent;474
16;48;13;AckSent;1790
16;48;13;EventSent;10014
16;48;14;AckSent;1083
16;48;14;EventSent;10524
16;48;15;AckSent;1520
16;48;15;EventSent;3037
16;48;16;AckSent;1631
16;48;16;EventSent;1675
16;48;17;AckSent;964
16;48;17;EventSent;9393
16;48;18;EventSent;6
16;48;17;EventSent;1
16;48;18;EventSent;2
16;48;17;EventSent;3
16;48;18;EventSent;1
16;48;17;EventSent;1
16;48;18;AckSent;1
16;48;18;EventSent;3
16;48;17;EventSent;3
16;48;18;AckSent;1360
16;48;18;EventSent;9302
16;48;19;AckSent;1960
16;48;19;EventSent;2289
16;48;20;AckSent;2394
16;48;21;AckSent;2049
16;48;22;AckSent;2413
16;48;22;EventSent;7485
16;48;23;AckSent;989
16;48;23;EventSent;10221
16;48;24;AckSent;1645
16;48;24;EventSent;6124
16;48;25;AckSent;1665
16;48;26;AckSent;1602
16;48;26;EventSent;4832
16;48;27;AckSent;2414
16;48;27;EventSent;8957
16;48;28;AckSent;1743
16;48;28;EventSent;6778
16;48;29;AckSent;1919
16;48;30;AckSent;2036
16;48;31;AckSent;1612
16;48;31;EventSent;5474
16;48;32;AckSent;934
16;48;32;EventSent;8011
16;48;33;AckSent;1633
16;48;33;EventSent;9715
16;48;34;AckSent;1398
16;48;34;EventSent;706
16;48;35;AckSent;2093
16;48;35;EventSent;1138
16;48;36;AckSent;1736
16;48;36;EventSent;9663
16;48;37;AckSent;988
16;48;37;EventSent;9918
16;48;38;AckSent;2442
16;48;38;EventSent;1965
16;48;39;AckSent;2600
16;48;40;AckSent;2061
16;48;40;EventSent;2514
16;48;41;AckSent;1357
16;48;41;EventSent;9290
16;48;42;AckSent;1172
16;48;42;EventSent;9826
16;48;43;AckSent;1544
16;48;43;EventSent;2303
16;48;44;AckSent;910
16;48;45;AckSent;1605
16;48;45;EventSent;2472
16;48;46;AckSent;1587
16;48;46;EventSent;8324
16;48;47;EventSent;1
16;48;46;AckSent;1
16;48;47;AckSent;1323
16;48;47;EventSent;8637
16;48;48;AckSent;1817
16;48;48;EventSent;1135
16;48;49;AckSent;2310
16;48;50;AckSent;3027
16;48;50;EventSent;3837
16;48;51;AckSent;1460
16;48;51;EventSent;10047
16;48;52;AckSent;1330
16;48;52;EventSent;9971
16;48;53;AckSent;2342
16;48;53;EventSent;82
16;48;54;AckSent;1456
16;48;54;EventSent;6867
16;48;55;AckSent;1461
16;48;55;EventSent;9983
16;48;56;AckSent;996
16;48;56;EventSent;6892
16;48;57;AckSent;3025
16;48;58;AckSent;4003
16;48;59;AckSent;3060
16;49;00;AckSent;1554
16;49;00;EventSent;2643
16;49;01;AckSent;832
16;49;01;EventSent;9252
16;49;02;AckSent;1483
16;49;02;EventSent;9772
16;49;03;AckSent;1724
16;49;03;EventSent;10485
16;49;04;AckSent;857
16;49;04;EventSent;9288
16;49;05;AckSent;4057
16;49;06;AckSent;3683
16;49;06;EventSent;3246
16;49;07;AckSent;1
16;49;07;EventSent;4
16;49;06;EventSent;1
16;49;07;EventSent;6
16;49;06;EventSent;1
16;49;07;EventSent;1
16;49;06;EventSent;1
16;49;07;AckSent;810
16;49;07;EventSent;9791
16;49;08;AckSent;859
16;49;08;EventSent;10059
16;49;09;AckSent;2655
16;49;09;EventSent;873
16;49;10;AckSent;1584
16;49;10;EventSent;4654
16;49;11;AckSent;1471
16;49;11;EventSent;6412
16;49;12;AckSent;1372
16;49;12;EventSent;3335
16;49;13;AckSent;1916
16;49;14;AckSent;1845
16;49;15;AckSent;1599
16;49;16;AckSent;905
16;49;17;AckSent;1613
16;49;18;AckSent;1227
16;49;19;AckSent;1901
16;49;19;EventSent;739
16;49;20;AckSent;995
16;49;20;EventSent;9741
16;49;21;AckSent;712
16;49;21;EventSent;10021
16;49;22;AckSent;1778
16;49;22;EventSent;3479
16;49;23;AckSent;2934
16;49;24;AckSent;3196
16;49;25;AckSent;2231
16;49;26;AckSent;1403
16;49;26;EventSent;7435
16;49;27;AckSent;1080
16;49;27;EventSent;10589
16;49;28;AckSent;1481
16;49;28;EventSent;6019
16;49;29;AckSent;1958
16;49;30;AckSent;1994
16;49;30;EventSent;2108
16;49;31;AckSent;1373
16;49;31;EventSent;10428
16;49;32;AckSent;882
16;49;32;EventSent;10604
16;49;33;AckSent;1908
16;49;33;EventSent;580
16;49;34;AckSent;874
16;49;34;EventSent;9651
16;49;35;EventSent;22
16;49;34;EventSent;1
16;49;35;AckSent;1447
16;49;35;EventSent;9615
16;49;36;EventSent;1
16;49;35;EventSent;3
16;49;36;AckSent;2491
16;49;36;EventSent;4494
16;49;37;AckSent;2739
16;49;37;EventSent;728
16;49;38;AckSent;596
16;49;38;EventSent;9680
16;49;39;AckSent;843
16;49;39;EventSent;10081
16;49;40;AckSent;3046
16;49;40;EventSent;3501
16;49;41;AckSent;3526
16;49;42;AckSent;2356
16;49;42;EventSent;7396
16;49;43;AckSent;2092
16;49;43;EventSent;10252
16;49;44;AckSent;2543
16;49;44;EventSent;6294
16;49;45;AckSent;1800
16;49;45;EventSent;3735
16;49;46;AckSent;1093
16;49;46;EventSent;9145
16;49;47;AckSent;156
16;49;47;EventSent;10065
16;49;48;EventSent;890
16;49;49;AckSent;1416
16;49;50;AckSent;2293
16;49;51;AckSent;1428
16;49;52;AckSent;1384
16;49;53;AckSent;1207
16;49;53;EventSent;8595
16;49;54;AckSent;1393
16;49;54;EventSent;10131
16;49;55;AckSent;2072
16;49;55;EventSent;5156
16;49;56;AckSent;1857
16;49;57;AckSent;1827
16;49;57;EventSent;1780
16;49;58;AckSent;3107
16;49;58;EventSent;3237
16;49;59;EventSent;1
16;49;58;EventSent;1
16;49;59;AckSent;967
16;49;59;EventSent;2189
16;50;00;AckSent;2688
16;50;01;AckSent;1194
16;50;01;EventSent;1670
16;50;02;AckSent;1668
16;50;02;EventSent;9784
16;50;03;AckSent;1720
16;50;03;EventSent;10391
16;50;04;AckSent;1772
16;50;04;EventSent;3193
16;50;05;AckSent;690
16;50;05;EventSent;9085
16;50;06;AckSent;875
16;50;06;EventSent;9223
16;50;07;EventSent;5
16;50;06;EventSent;2
16;50;07;AckSent;2555
16;50;07;EventSent;2146
16;50;08;AckSent;3107
16;50;09;AckSent;1855
16;50;09;EventSent;6336
16;50;10;AckSent;1577
16;50;10;EventSent;9227
16;50;11;EventSent;3
16;50;10;EventSent;2
16;50;11;AckSent;1703
16;50;11;EventSent;8186
16;50;12;AckSent;2760
16;50;13;AckSent;1140
16;50;13;EventSent;9096
16;50;14;AckSent;988
16;50;14;EventSent;10097
16;50;15;AckSent;2038
16;50;15;EventSent;4619
16;50;16;AckSent;2744
16;50;17;AckSent;2568
16;50;17;EventSent;2775
16;50;18;AckSent;1260
16;50;18;EventSent;10045
16;50;19;AckSent;1756
16;50;19;EventSent;10379
16;50;20;AckSent;3222
16;50;20;EventSent;753
16;50;21;AckSent;1939
16;50;21;EventSent;4877
16;50;22;AckSent;1301
16;50;22;EventSent;9870
16;50;23;EventSent;1
16;50;22;EventSent;2
16;50;23;AckSent;1417
16;50;23;EventSent;8982
16;50;24;AckSent;2940
16;50;25;AckSent;2078
16;50;25;EventSent;356
16;50;26;EventSent;2
16;50;25;EventSent;1
16;50;26;AckSent;2124
16;50;26;EventSent;10114
16;50;27;AckSent;1715
16;50;27;EventSent;9884
16;50;28;AckSent;1673
16;50;28;EventSent;3420
16;50;29;AckSent;2019
16;50;29;EventSent;51
16;50;30;AckSent;1399
16;50;30;EventSent;7933
16;50;31;AckSent;1325
16;50;31;EventSent;7401
16;50;32;AckSent;1264
16;50;32;EventSent;3131
16;50;33;AckSent;2104
16;50;34;AckSent;1888
16;50;35;AckSent;1896
16;50;35;EventSent;3231
16;50;36;AckSent;2350
16;50;36;EventSent;10251
16;50;37;AckSent;1669
16;50;37;EventSent;10273
16;50;38;AckSent;1970
16;50;38;EventSent;169
16;50;39;AckSent;520
16;50;39;EventSent;9964
16;50;40;AckSent;1229
16;50;40;EventSent;9525
16;50;41;AckSent;2228
16;50;41;EventSent;4391
16;50;42;AckSent;3635
16;50;43;AckSent;1927
16;50;43;EventSent;3784
16;50;44;AckSent;1399
16;50;44;EventSent;10059
16;50;45;EventSent;3
16;50;44;EventSent;1
16;50;45;AckSent;1251
16;50;45;EventSent;9568
16;50;46;AckSent;2234
16;50;46;EventSent;472
16;50;47;AckSent;2857
16;50;47;EventSent;3647
16;50;48;AckSent;1778
16;50;48;EventSent;9976
16;50;49;AckSent;959
16;50;49;EventSent;9813
16;50;50;AckSent;2465
16;50;50;EventSent;288
16;50;51;AckSent;2894
16;50;51;EventSent;2345
16;50;52;AckSent;1357
16;50;52;EventSent;10170
16;50;53;EventSent;5
16;50;52;EventSent;1
16;50;53;AckSent;1494
16;50;53;EventSent;10450
16;50;54;AckSent;1941
16;50;54;EventSent;749
16;50;55;AckSent;1970
16;50;56;AckSent;2481
16;50;56;EventSent;8014
16;50;57;AckSent;1106
16;50;57;EventSent;10237
16;50;58;AckSent;1267
16;50;58;EventSent;5540
16;50;59;AckSent;2392
16;51;00;AckSent;1824
16;51;01;AckSent;2077
16;51;01;EventSent;7842
16;51;02;EventSent;5
16;51;01;EventSent;2
16;51;02;AckSent;1365
16;51;02;EventSent;10271
16;51;03;AckSent;1556
16;51;03;EventSent;5800
16;51;04;AckSent;1584
16;51;05;AckSent;1890
16;51;05;EventSent;3215
16;51;06;AckSent;1213
16;51;06;EventSent;9965
16;51;07;EventSent;4
16;51;06;EventSent;1
16;51;07;AckSent;887
16;51;07;EventSent;10104
16;51;08;AckSent;1847
16;51;08;EventSent;498
16;51;09;AckSent;2739
16;51;10;AckSent;2438
16;51;10;EventSent;2767
16;51;11;AckSent;688
16;51;11;EventSent;9922
16;51;12;AckSent;316
16;51;12;EventSent;10125
16;51;13;AckSent;2666
16;51;13;EventSent;894
16;51;14;AckSent;2278
16;51;15;AckSent;2924
16;51;15;EventSent;5766
16;51;16;AckSent;1118
16;51;16;EventSent;8590
16;51;17;AckSent;1127
16;51;17;EventSent;6267
16;51;18;AckSent;2154
16;51;19;AckSent;2225
16;51;20;AckSent;2358
16;51;20;EventSent;8058
16;51;21;EventSent;7
16;51;20;EventSent;4
16;51;21;EventSent;2
16;51;20;EventSent;1
16;51;21;AckSent;1137
16;51;21;EventSent;9102
16;51;22;AckSent;853
16;51;22;EventSent;4471
16;51;23;AckSent;1660
16;51;24;AckSent;1671
16;51;24;EventSent;4300
16;51;25;AckSent;1504
16;51;25;EventSent;10212
16;51;26;AckSent;1615
16;51;26;EventSent;9273
16;51;27;AckSent;1960
16;51;28;AckSent;1835
16;51;29;AckSent;2133
16;51;29;EventSent;3466
16;51;30;AckSent;1688
16;51;30;EventSent;10240
16;51;31;AckSent;1243
16;51;31;EventSent;9808
16;51;32;AckSent;1695
16;51;32;EventSent;182
16;51;33;AckSent;1678
16;51;34;AckSent;1447
16;51;34;EventSent;8378
16;51;35;AckSent;1122
16;51;35;EventSent;10051
16;51;36;AckSent;1757
16;51;36;EventSent;4270
16;51;37;AckSent;2367
16;51;38;AckSent;2895
16;51;38;EventSent;947
16;51;39;AckSent;1292
16;51;39;EventSent;9973
16;51;40;EventSent;1
16;51;39;AckSent;1
16;51;40;AckSent;1275
16;51;40;EventSent;10315
16;51;41;AckSent;1902
16;51;41;EventSent;2544
16;51;42;AckSent;1695
16;51;43;AckSent;1521
16;51;43;EventSent;3601
16;51;44;AckSent;1693
16;51;44;EventSent;9927
16;51;45;AckSent;1174
16;51;45;EventSent;9144
16;51;46;AckSent;2102
16;51;47;AckSent;2265
16;51;48;AckSent;1653
16;51;48;EventSent;3830
16;51;49;AckSent;1193
16;51;49;EventSent;9037
16;51;50;AckSent;1438
16;51;50;EventSent;9433
16;51;51;AckSent;2058
16;51;51;EventSent;453
16;51;52;AckSent;2104
16;51;53;AckSent;2018
16;51;53;EventSent;9010
16;51;54;AckSent;1671
16;51;54;EventSent;10142
16;51;55;EventSent;11
16;51;54;EventSent;1
16;51;55;EventSent;8
16;51;54;AckSent;1
16;51;55;EventSent;2
16;51;54;EventSent;1
16;51;55;AckSent;1749
16;51;55;EventSent;4702
16;51;56;AckSent;1941
16;51;57;AckSent;2199
16;51;57;EventSent;2933
16;51;58;AckSent;2115
16;51;58;EventSent;10072
16;51;59;AckSent;1403
16;51;59;EventSent;10568
16;52;00;AckSent;2213
16;52;00;EventSent;266
16;52;01;AckSent;1585
16;52;01;EventSent;1352
16;52;02;AckSent;1900
16;52;02;EventSent;10473
16;52;03;AckSent;1362
16;52;03;EventSent;9980
16;52;04;AckSent;1645
16;52;04;EventSent;2072
16;52;05;AckSent;1647
16;52;06;AckSent;1261
16;52;07;AckSent;2028
16;52;07;EventSent;5765
16;52;08;AckSent;1666
16;52;08;EventSent;10497
16;52;09;AckSent;765
16;52;09;EventSent;7683
16;52;10;AckSent;1653
16;52;11;AckSent;1550
16;52;12;AckSent;2148
16;52;12;EventSent;8618
16;52;13;AckSent;1428
16;52;13;EventSent;10289
16;52;14;AckSent;2047
16;52;14;EventSent;4829
16;52;15;AckSent;2416
16;52;16;AckSent;2671
16;52;16;EventSent;5718
16;52;17;AckSent;1247
16;52;17;EventSent;9784
16;52;18;AckSent;1142
16;52;18;EventSent;8214
16;52;19;AckSent;1621
16;52;20;AckSent;1950
16;52;20;EventSent;1597
16;52;21;AckSent;709
16;52;21;EventSent;9009
16;52;22;AckSent;769
16;52;22;EventSent;9915
16;52;23;EventSent;3
16;52;22;EventSent;3
16;52;23;EventSent;4
16;52;22;EventSent;1
16;52;23;AckSent;1954
16;52;23;EventSent;3275
16;52;24;AckSent;3234
16;52;25;AckSent;2207
16;52;25;EventSent;819
16;52;26;AckSent;1030
16;52;26;EventSent;8900
16;52;27;AckSent;1474
16;52;27;EventSent;9610
16;52;28;AckSent;1690
16;52;28;EventSent;2298
16;52;29;AckSent;2434
16;52;30;AckSent;3007
16;52;30;EventSent;7307
16;52;31;AckSent;1053
16;52;31;EventSent;10440
16;52;32;AckSent;1024
16;52;32;EventSent;6027
16;52;33;AckSent;2088
16;52;34;AckSent;1837
16;52;35;AckSent;1479
16;52;35;EventSent;7743
16;52;36;AckSent;1711
16;52;36;EventSent;9875
16;52;37;EventSent;3
16;52;36;EventSent;1
16;52;37;AckSent;1624
16;52;37;EventSent;5043
16;52;38;AckSent;1936
16;52;39;AckSent;2120
16;52;39;EventSent;2847
16;52;40;AckSent;1690
16;52;40;EventSent;8769
16;52;41;AckSent;2038
16;52;41;EventSent;8922
16;52;42;AckSent;2743
16;52;42;EventSent;5
16;52;43;AckSent;1803
16;52;43;EventSent;5890
16;52;44;EventSent;18
16;52;43;EventSent;2
16;52;44;AckSent;912
16;52;44;EventSent;9746
16;52;45;AckSent;2394
16;52;45;EventSent;8345
16;52;46;AckSent;2993
16;52;46;EventSent;47
16;52;47;AckSent;1795
16;52;47;EventSent;4741
16;52;48;AckSent;1759
16;52;48;EventSent;5030
16;52;49;AckSent;2673
16;52;49;EventSent;1515
16;52;50;AckSent;1559
16;52;51;AckSent;1628
16;52;51;EventSent;3455
16;52;52;EventSent;1
16;52;51;EventSent;1
16;52;52;EventSent;2
16;52;51;EventSent;1
16;52;52;AckSent;1351
16;52;52;EventSent;10121
16;52;53;AckSent;930
16;52;53;EventSent;9862
16;52;54;AckSent;1706
16;52;54;EventSent;491
16;52;55;AckSent;1570
16;52;55;EventSent;6605
16;52;56;AckSent;1111
16;52;56;EventSent;9860
16;52;57;AckSent;1108
16;52;57;EventSent;7339
16;52;58;AckSent;2416
16;52;59;AckSent;2335
16;53;00;AckSent;2283
16;53;00;EventSent;5986
16;53;01;AckSent;2119
16;53;01;EventSent;10388
16;53;02;AckSent;1748
16;53;02;EventSent;7527
16;53;03;AckSent;2484
16;53;03;EventSent;2215
16;53;04;AckSent;1669
16;53;04;EventSent;9765
16;53;05;AckSent;1361
16;53;05;EventSent;10093
16;53;06;AckSent;1472
16;53;06;EventSent;1689
16;53;07;AckSent;2189
16;53;08;AckSent;1944
16;53;08;EventSent;1862
16;53;09;EventSent;3
16;53;08;EventSent;1
16;53;09;AckSent;1016
16;53;09;EventSent;9642
16;53;10;AckSent;804
16;53;10;EventSent;10167
16;53;11;AckSent;2634
16;53;11;EventSent;2324
16;53;12;AckSent;3457
16;53;13;AckSent;3530
16;53;14;AckSent;927
16;53;14;EventSent;7169
16;53;15;AckSent;716
16;53;15;EventSent;9401
16;53;16;AckSent;855
16;53;16;EventSent;5097
16;53;17;AckSent;2428
16;53;17;EventSent;2256
16;53;18;AckSent;1656
16;53;18;EventSent;10395
16;53;19;AckSent;1186
16;53;19;EventSent;9725
16;53;20;AckSent;1591
16;53;20;EventSent;1329
16;53;21;AckSent;2550
16;53;22;AckSent;1462
16;53;22;EventSent;7926
16;53;23;AckSent;704
16;53;23;EventSent;10188
16;53;24;AckSent;1137
16;53;24;EventSent;5712
16;53;25;AckSent;1743
16;53;26;AckSent;2002
16;53;27;AckSent;2095
16;53;27;EventSent;1874
16;53;28;AckSent;1177
16;53;28;EventSent;9901
16;53;29;EventSent;7
16;53;28;EventSent;1
16;53;29;AckSent;1044
16;53;29;EventSent;10344
16;53;30;AckSent;1617
16;53;30;EventSent;1703
16;53;31;AckSent;2065
16;53;32;AckSent;1701
16;53;33;AckSent;1402
16;53;33;EventSent;8540
16;53;34;AckSent;1623
16;53;34;EventSent;9869
16;53;35;AckSent;2074
16;53;35;EventSent;5403
16;53;36;AckSent;3039
16;53;37;AckSent;1788
16;53;37;EventSent;7016
16;53;38;AckSent;941
16;53;38;EventSent;8478
16;53;39;AckSent;937
16;53;39;EventSent;5064
16;53;40;AckSent;2797
16;53;41;AckSent;2470
16;53;41;EventSent;3110
16;53;42;AckSent;1377
16;53;42;EventSent;9438
16;53;43;AckSent;1275
16;53;43;EventSent;10411
16;53;44;AckSent;2009
16;53;44;EventSent;1004
16;53;45;AckSent;1887
16;53;46;AckSent;1642
16;53;46;EventSent;2045
16;53;47;AckSent;2887
16;53;47;EventSent;6657
16;53;48;AckSent;1948
16;53;48;EventSent;6723
16;53;49;AckSent;2074
16;53;49;EventSent;18
16;53;50;AckSent;1434
16;53;50;EventSent;8150
16;53;51;EventSent;7
16;53;50;AckSent;1
16;53;51;AckSent;961
16;53;51;EventSent;9132
16;53;52;AckSent;1720
16;53;52;EventSent;6659
16;53;53;AckSent;2776
16;53;54;AckSent;1805
16;53;54;EventSent;7835
16;53;55;AckSent;2134
16;53;55;EventSent;9393
16;53;56;AckSent;1461
16;53;56;EventSent;6693
16;53;57;AckSent;2645
16;53;58;AckSent;1572
16;53;58;EventSent;8203
16;53;59;AckSent;1358
16;53;59;EventSent;10407
16;54;00;AckSent;1288
16;54;00;EventSent;5261
16;54;01;AckSent;2194
16;54;02;AckSent;1784
16;54;03;AckSent;2008
16;54;03;EventSent;5977
16;54;04;EventSent;1
16;54;03;EventSent;1
16;54;04;EventSent;1
16;54;03;EventSent;1
16;54;04;EventSent;14
16;54;03;EventSent;1
16;54;04;AckSent;1248
16;54;04;EventSent;10230
16;54;05;AckSent;1271
16;54;05;EventSent;7581
16;54;06;AckSent;1868
16;54;07;AckSent;2005
16;54;07;EventSent;77
16;54;08;AckSent;1348
16;54;08;EventSent;10118
16;54;09;AckSent;845
16;54;09;EventSent;10274
16;54;10;AckSent;1560
16;54;10;EventSent;3255
16;54;11;AckSent;2051
16;54;12;AckSent;1599
16;54;13;AckSent;1616
16;54;13;EventSent;4128
16;54;14;AckSent;1812
16;54;14;EventSent;10476
16;54;15;AckSent;1079
16;54;15;EventSent;9124
16;54;16;AckSent;1556
16;54;17;AckSent;2226
16;54;18;AckSent;1491
16;54;18;EventSent;5393
16;54;19;AckSent;929
16;54;19;EventSent;9083
16;54;20;AckSent;2932
16;54;20;EventSent;7106
16;54;21;AckSent;2710
16;54;22;AckSent;1601
16;54;22;EventSent;3013
16;54;23;AckSent;1906
16;54;23;EventSent;10146
16;54;24;AckSent;600
16;54;24;EventSent;10225
16;54;25;AckSent;1426
16;54;25;EventSent;579
16;54;26;AckSent;1425
16;54;27;AckSent;2186
16;54;27;EventSent;1426
16;54;28;AckSent;1464
16;54;28;EventSent;8469
16;54;29;AckSent;19
16;54;28;EventSent;23
16;54;29;AckSent;1474
16;54;29;EventSent;10061
16;54;30;AckSent;1903
16;54;30;EventSent;3888
16;54;31;AckSent;2280
16;54;32;AckSent;1696
16;54;32;EventSent;6095
16;54;33;EventSent;3
16;54;32;EventSent;1
16;54;33;AckSent;1284
16;54;33;EventSent;10061
16;54;34;EventSent;2
16;54;33;EventSent;2
16;54;34;AckSent;1334
16;54;34;EventSent;7788
16;54;35;AckSent;2004
16;54;36;AckSent;1829
16;54;37;AckSent;1645
16;54;37;EventSent;8310
16;54;38;EventSent;2
16;54;37;EventSent;1
16;54;38;AckSent;1528
16;54;38;EventSent;9859
16;54;39;EventSent;4
16;54;38;AckSent;1
16;54;39;AckSent;1433
16;54;39;EventSent;5630
16;54;40;AckSent;1086
16;54;41;AckSent;1394
16;54;42;AckSent;320
16;54;43;AckSent;1955
16;54;43;EventSent;1027
16;54;44;AckSent;2323
16;54;44;EventSent;2760
16;54;45;AckSent;1056
16;54;45;EventSent;2414
16;54;46;AckSent;2254
16;54;47;AckSent;1837
16;54;47;EventSent;1231
16;54;48;AckSent;1322
16;54;48;EventSent;10459
16;54;49;AckSent;777
16;54;49;EventSent;10141
16;54;50;AckSent;1862
16;54;50;EventSent;1957
16;54;51;AckSent;1805
16;54;51;EventSent;4211
16;54;52;AckSent;1691
16;54;52;EventSent;9353
16;54;53;AckSent;2040
16;54;53;EventSent;10131
16;54;54;AckSent;2774
16;54;54;EventSent;21
16;54;55;AckSent;1632
16;54;55;EventSent;5911
16;54;56;AckSent;2
16;54;55;EventSent;2
16;54;56;AckSent;1
16;54;56;EventSent;4
16;54;55;EventSent;3
16;54;56;AckSent;1797
16;54;56;EventSent;9807
16;54;57;AckSent;1993
16;54;57;EventSent;8198
16;54;58;AckSent;3925
16;54;59;AckSent;1143
16;54;59;EventSent;7737
16;55;00;AckSent;1448
16;55;00;EventSent;10388
16;55;01;AckSent;1305
16;55;01;EventSent;5713
16;55;02;AckSent;2337
16;55;03;AckSent;1933
16;55;03;EventSent;836
16;55;04;EventSent;5
16;55;03;EventSent;2
16;55;04;EventSent;2
16;55;03;EventSent;1
16;55;04;EventSent;2
16;55;03;EventSent;1
16;55;04;AckSent;1811
16;55;04;EventSent;9738
16;55;05;AckSent;1204
16;55;05;EventSent;9198
16;55;06;AckSent;1081
16;55;06;EventSent;4019
16;55;07;AckSent;2369
16;55;08;AckSent;1650
16;55;09;AckSent;3512
16;55;09;EventSent;8602
16;55;10;AckSent;786
16;55;10;EventSent;10151
16;55;11;AckSent;2697
16;55;11;EventSent;5233
16;55;12;AckSent;2019
16;55;12;EventSent;5300
16;55;13;AckSent;822
16;55;13;EventSent;10431
16;55;14;AckSent;1530
16;55;14;EventSent;8087
16;55;15;AckSent;2822
16;55;16;AckSent;2007
16;55;17;AckSent;2155
16;55;17;EventSent;6769
16;55;18;AckSent;2243
16;55;18;EventSent;8996
16;55;19;AckSent;2170
16;55;19;EventSent;4813
16;55;20;AckSent;2164
16;55;20;EventSent;3577
16;55;21;AckSent;843
16;55;21;EventSent;9239
16;55;22;AckSent;1029
16;55;22;EventSent;8785
16;55;23;AckSent;2742
16;55;23;EventSent;2238
16;55;24;AckSent;2561
16;55;25;AckSent;1319
16;55;25;EventSent;4847
16;55;26;EventSent;1
16;55;25;EventSent;1
16;55;26;AckSent;1613
16;55;26;EventSent;10187
16;55;27;AckSent;2038
16;55;27;EventSent;8604
16;55;28;AckSent;2437
16;55;29;AckSent;1780
16;55;29;EventSent;3011
16;55;30;AckSent;1670
16;55;30;EventSent;10196
16;55;31;EventSent;1
16;55;30;EventSent;1
16;55;31;EventSent;1
16;55;30;EventSent;4
16;55;31;EventSent;1
16;55;30;EventSent;1
16;55;31;EventSent;3
16;55;30;EventSent;1
16;55;31;AckSent;1304
16;55;31;EventSent;10120
16;55;32;AckSent;2214
16;55;32;EventSent;583
16;55;33;AckSent;1648
16;55;34;AckSent;1629
16;55;34;EventSent;1513
16;55;35;EventSent;9
16;55;34;EventSent;1
16;55;35;AckSent;1156
16;55;35;EventSent;9212
16;55;36;AckSent;1414
16;55;36;EventSent;10336
16;55;37;AckSent;2972
16;55;37;EventSent;2853
16;55;38;AckSent;2541
16;55;38;EventSent;1358
16;55;39;EventSent;4
16;55;38;EventSent;2
16;55;39;AckSent;1485
16;55;39;EventSent;8073
16;55;40;AckSent;869
16;55;40;EventSent;8254
16;55;41;AckSent;995
16;55;41;EventSent;1854
16;55;42;AckSent;2201
16;55;43;AckSent;1707
16;55;44;AckSent;1353
16;55;44;EventSent;4555
16;55;45;AckSent;1476
16;55;45;EventSent;9827
16;55;46;AckSent;1261
16;55;46;EventSent;8235
16;55;47;AckSent;1487
16;55;48;AckSent;1805
16;55;49;AckSent;1591
16;55;49;EventSent;4452
16;55;50;AckSent;1955
16;55;50;EventSent;10459
16;55;51;AckSent;1605
16;55;51;EventSent;8823
16;55;52;AckSent;2358
16;55;53;AckSent;2321
16;55;53;EventSent;2643
16;55;54;AckSent;978
16;55;54;EventSent;9447
16;55;55;AckSent;1852
16;55;55;EventSent;9984
16;55;56;AckSent;2024
16;55;56;EventSent;1815
16;55;57;AckSent;2429
16;55;58;AckSent;1905
16;55;58;EventSent;6450
16;55;59;AckSent;2284
16;55;59;EventSent;10330
16;56;00;AckSent;2360
16;56;00;EventSent;7004
16;56;01;AckSent;2789
16;56;01;EventSent;171
16;56;02;AckSent;1410
16;56;02;EventSent;7199
16;56;03;AckSent;1241
16;56;03;EventSent;7061
16;56;04;AckSent;1336
16;56;04;EventSent;2039
16;56;05;AckSent;1854
16;56;06;AckSent;1472
16;56;07;AckSent;2973
16;56;07;EventSent;8530
16;56;08;AckSent;1265
16;56;08;EventSent;10186
16;56;09;AckSent;1442
16;56;09;EventSent;5033
16;56;10;AckSent;1319
16;56;11;AckSent;1872
16;56;12;AckSent;3700
16;56;13;AckSent;2992
16;56;14;AckSent;1966
16;56;14;EventSent;9010
16;56;15;EventSent;2
16;56;14;EventSent;1
16;56;15;AckSent;1151
16;56;15;EventSent;9935
16;56;16;AckSent;2
16;56;16;EventSent;9
16;56;15;EventSent;3
16;56;16;EventSent;12
16;56;15;EventSent;1
16;56;16;AckSent;1446
16;56;16;EventSent;5043
16;56;17;AckSent;1854
16;56;18;AckSent;2300
16;56;19;AckSent;2549
16;56;20;AckSent;2118
16;56;20;EventSent;5722
16;56;21;EventSent;3
16;56;20;EventSent;1
16;56;21;EventSent;6
16;56;20;EventSent;1
16;56;21;EventSent;1
16;56;20;EventSent;1
16;56;21;EventSent;5
16;56;20;AckSent;1
16;56;20;EventSent;1
16;56;21;AckSent;1640
16;56;21;EventSent;9718
16;56;22;AckSent;1475
16;56;22;EventSent;8764
16;56;23;AckSent;920
16;56;23;EventSent;8302
16;56;24;AckSent;1410
16;56;24;EventSent;9086
16;56;25;AckSent;2065
16;56;25;EventSent;3152
16;56;26;AckSent;3130
16;56;26;EventSent;164
16;56;27;AckSent;1763
16;56;27;EventSent;10342
16;56;28;AckSent;1700
16;56;28;EventSent;10590
16;56;29;AckSent;1866
16;56;29;EventSent;8706
16;56;30;AckSent;1705
16;56;30;EventSent;8565
16;56;31;AckSent;2095
16;56;31;EventSent;5207
16;56;32;AckSent;3173
16;56;33;AckSent;1898
16;56;34;AckSent;1555
16;56;34;EventSent;24
16;56;35;AckSent;1281
16;56;35;EventSent;9313
16;56;36;AckSent;1443
16;56;36;EventSent;10205
16;56;37;AckSent;1900
16;56;37;EventSent;5894
16;56;38;AckSent;1778
16;56;38;EventSent;4536
16;56;39;AckSent;1929
16;56;39;EventSent;5477
16;56;40;AckSent;1565
16;56;40;EventSent;834
16;56;41;AckSent;1607
16;56;42;AckSent;1729
16;56;43;AckSent;1857
16;56;44;AckSent;1316
16;56;44;EventSent;6352
16;56;45;AckSent;1761
16;56;45;EventSent;9880
16;56;46;AckSent;404
16;56;46;EventSent;8962
16;56;47;AckSent;628
16;56;47;EventSent;5170
16;56;48;EventSent;7
16;56;47;EventSent;1
16;56;48;EventSent;1
16;56;47;EventSent;2
16;56;48;AckSent;1294
16;56;48;EventSent;4464
16;56;49;AckSent;1806
16;56;50;AckSent;2021
16;56;51;AckSent;2690
16;56;52;AckSent;2661
16;56;53;AckSent;1511
16;56;53;EventSent;7483
16;56;54;AckSent;1249
16;56;54;EventSent;10312
16;56;55;AckSent;1692
16;56;55;EventSent;7087
16;56;56;AckSent;2713
16;56;56;EventSent;2197
16;56;57;AckSent;3147
16;56;57;EventSent;151
16;56;58;AckSent;3166
16;56;59;AckSent;1750
16;56;59;EventSent;6728
16;57;00;AckSent;1536
16;57;00;EventSent;10206
16;57;01;AckSent;1640
16;57;01;EventSent;7556
16;57;02;AckSent;3043
16;57;02;EventSent;217
16;57;03;AckSent;2159
16;57;04;AckSent;1249
16;57;05;AckSent;1271
16;57;06;AckSent;1007
16;57;06;EventSent;6165
16;57;07;EventSent;2
16;57;06;EventSent;3
16;57;07;EventSent;2
16;57;06;EventSent;1
16;57;07;AckSent;1631
16;57;07;EventSent;9969
16;57;08;AckSent;924
16;57;08;EventSent;10219
16;57;09;AckSent;1523
16;57;09;EventSent;563
16;57;10;AckSent;1631
16;57;11;AckSent;2377
16;57;12;AckSent;2820
16;57;13;AckSent;1339
16;57;13;EventSent;6210
16;57;14;AckSent;1142
16;57;14;EventSent;10132
16;57;15;AckSent;1583
16;57;15;EventSent;9369
16;57;16;AckSent;2958
16;57;16;EventSent;1364
16;57;17;AckSent;3344
16;57;18;AckSent;3179
16;57;19;AckSent;1954
16;57;19;EventSent;9248
16;57;20;AckSent;1450
16;57;20;EventSent;10379
16;57;21;AckSent;1512
16;57;21;EventSent;4501
16;57;22;AckSent;1868
16;57;23;AckSent;1702
16;57;23;EventSent;720
16;57;24;AckSent;1579
16;57;24;EventSent;10600
16;57;25;AckSent;1529
16;57;25;EventSent;10695
16;57;26;AckSent;706
16;57;26;EventSent;1775
