hour;minute;second;event;total
16;26;02;EventSent;1328
16;26;03;EventSent;4
16;26;02;EventSent;1
16;26;03;EventSent;3038
16;26;04;EventSent;4
16;26;03;EventSent;1
16;26;04;EventSent;2
16;26;03;EventSent;1
16;26;04;EventSent;2675
16;26;05;EventSent;1
16;26;04;EventSent;5
16;26;05;EventSent;39
16;26;04;EventSent;1
16;26;05;EventSent;2506
16;26;06;EventSent;1
16;26;05;EventSent;2
16;26;06;EventSent;2832
16;26;07;EventSent;3108
16;26;08;EventSent;2
16;26;07;EventSent;1
16;26;08;EventSent;7
16;26;07;EventSent;4
16;26;08;EventSent;2
16;26;07;EventSent;1
16;26;08;EventSent;2
16;26;07;EventSent;1
16;26;08;EventSent;2
16;26;07;EventSent;1
16;26;08;EventSent;3
16;26;07;EventSent;1
16;26;08;EventSent;3048
16;26;09;EventSent;3309
16;26;10;EventSent;1
16;26;09;EventSent;4
16;26;10;EventSent;2
16;26;09;EventSent;11
16;26;10;EventSent;1
16;26;09;EventSent;1
16;26;10;EventSent;2
16;26;09;EventSent;1
16;26;10;EventSent;3401
16;26;11;EventSent;3194
16;26;12;EventSent;9
16;26;11;EventSent;1
16;26;12;EventSent;3614
16;26;13;EventSent;3248
16;26;14;EventSent;6
16;26;13;EventSent;1
16;26;14;EventSent;1
16;26;13;EventSent;1
16;26;14;EventSent;1087
16;26;15;EventSent;14
16;26;14;EventSent;3
16;26;15;EventSent;2
16;26;14;EventSent;4
16;26;15;EventSent;3320
16;26;16;EventSent;1
16;26;15;EventSent;1
16;26;16;EventSent;1
16;26;15;EventSent;4
16;26;16;EventSent;4
16;26;15;EventSent;2
16;26;16;EventSent;15
16;26;15;EventSent;4
16;26;16;EventSent;1
16;26;15;EventSent;1
16;26;16;EventSent;3106
16;26;17;EventSent;10
16;26;16;EventSent;10
16;26;17;EventSent;3777
16;26;18;EventSent;1
16;26;17;EventSent;13
16;26;18;EventSent;3293
16;26;19;EventSent;6
16;26;18;EventSent;16
16;26;19;EventSent;1
16;26;18;EventSent;2
16;26;19;EventSent;3108
16;26;20;EventSent;5
16;26;19;EventSent;1
16;26;20;EventSent;3626
16;26;21;EventSent;1
16;26;20;EventSent;3
16;26;21;EventSent;3469
16;26;22;EventSent;1
16;26;21;EventSent;3
16;26;22;EventSent;231
16;26;21;EventSent;1
16;26;22;EventSent;1
16;26;21;EventSent;1
16;26;22;EventSent;1
16;26;21;EventSent;4
16;26;22;EventSent;3209
16;26;23;EventSent;1
16;26;22;EventSent;1
16;26;23;EventSent;4
16;26;22;EventSent;1
16;26;23;EventSent;10
16;26;22;EventSent;3
16;26;23;EventSent;4721
16;26;24;EventSent;4976
16;26;25;EventSent;6159
16;26;26;EventSent;29
16;26;25;EventSent;1
16;26;26;EventSent;1436
16;26;27;EventSent;5644
16;26;28;EventSent;6386
16;26;29;EventSent;5100
16;26;30;EventSent;1
16;26;29;EventSent;1
16;26;30;EventSent;1
16;26;29;EventSent;1
16;26;30;EventSent;1
16;26;29;EventSent;2
16;26;30;EventSent;6003
16;26;31;EventSent;4607
16;26;32;EventSent;54
16;26;31;EventSent;1
16;26;32;EventSent;75
16;26;31;EventSent;8
16;26;32;EventSent;3303
16;26;33;EventSent;1
16;26;32;EventSent;17
16;26;33;EventSent;1
16;26;32;EventSent;1
16;26;33;EventSent;4444
16;26;34;EventSent;5
16;26;33;EventSent;1
16;26;34;EventSent;3995
16;26;35;EventSent;8
16;26;34;EventSent;1
16;26;35;EventSent;4337
16;26;36;EventSent;4539
16;26;37;EventSent;1
16;26;36;EventSent;1
16;26;37;EventSent;22
16;26;36;EventSent;2
16;26;37;EventSent;3
16;26;36;EventSent;3
16;26;37;EventSent;3867
16;26;38;EventSent;2698
16;26;39;EventSent;2
16;26;38;EventSent;4
16;26;39;EventSent;2
16;26;38;EventSent;1
16;26;39;EventSent;4841
16;26;40;EventSent;5977
16;26;41;EventSent;24
16;26;40;EventSent;1
16;26;41;EventSent;2
16;26;40;EventSent;2
16;26;41;EventSent;4
16;26;40;EventSent;1
16;26;41;EventSent;2
16;26;40;EventSent;3
16;26;41;EventSent;1
16;26;40;EventSent;3
16;26;41;EventSent;1
16;26;40;EventSent;1
16;26;41;EventSent;4932
16;26;42;EventSent;5540
16;26;43;EventSent;20
16;26;42;EventSent;3
16;26;43;EventSent;8
16;26;42;EventSent;1
16;26;43;EventSent;5457
16;26;44;EventSent;8
16;26;43;EventSent;1
16;26;44;EventSent;4614
16;26;45;EventSent;6274
16;26;46;EventSent;31
16;26;45;EventSent;1
16;26;46;EventSent;1
16;26;45;EventSent;1
16;26;46;EventSent;4
16;26;45;EventSent;2
16;26;46;EventSent;7556
16;26;47;EventSent;3334
16;26;48;EventSent;12
16;26;47;EventSent;4
16;26;48;EventSent;1
16;26;47;EventSent;3
16;26;48;EventSent;1
16;26;47;EventSent;2
16;26;48;EventSent;2674
16;26;49;EventSent;5387
16;26;50;EventSent;5978
16;26;51;EventSent;3395
16;26;52;EventSent;6947
16;26;53;EventSent;5169
16;26;54;EventSent;5568
16;26;55;EventSent;4413
16;26;56;EventSent;6216
16;26;57;EventSent;7
16;26;56;EventSent;4
16;26;57;EventSent;1
16;26;56;EventSent;2
16;26;57;EventSent;1
16;26;56;EventSent;1
16;26;57;EventSent;1
16;26;56;EventSent;3
16;26;57;EventSent;1
16;26;56;EventSent;1
16;26;57;EventSent;1
16;26;56;EventSent;2
16;26;57;EventSent;1
16;26;56;EventSent;4
16;26;57;EventSent;6112
16;26;58;EventSent;22
16;26;57;EventSent;6
16;26;58;EventSent;16
16;26;57;EventSent;1
16;26;58;EventSent;5003
16;26;59;EventSent;6350
16;27;00;EventSent;5
16;26;59;EventSent;1
16;27;00;EventSent;5519
16;27;01;EventSent;5164
16;27;02;EventSent;14
16;27;01;EventSent;1
16;27;02;EventSent;2
16;27;01;EventSent;1
16;27;02;EventSent;6235
16;27;03;EventSent;8
16;27;02;EventSent;1
16;27;03;EventSent;1
16;27;02;EventSent;1
16;27;03;EventSent;6004
16;27;04;EventSent;50
16;27;03;EventSent;1
16;27;04;EventSent;7987
16;27;05;EventSent;7028
16;27;06;EventSent;4608
16;27;07;EventSent;5021
16;27;08;EventSent;4943
16;27;09;EventSent;4
16;27;08;EventSent;1
16;27;09;EventSent;1
16;27;08;EventSent;3
16;27;09;EventSent;7
16;27;08;EventSent;5
16;27;09;EventSent;1
16;27;08;EventSent;1
16;27;09;EventSent;2
16;27;08;EventSent;2
16;27;09;EventSent;6
16;27;08;EventSent;3
16;27;09;EventSent;2476
16;27;10;EventSent;5236
16;27;11;EventSent;8014
16;27;12;EventSent;3
16;27;11;EventSent;1
16;27;12;EventSent;7
16;27;11;EventSent;3
16;27;12;EventSent;6334
16;27;13;EventSent;2
16;27;12;EventSent;1
16;27;13;EventSent;20
16;27;12;EventSent;1
16;27;13;EventSent;3387
16;27;14;EventSent;7309
16;27;15;EventSent;11
16;27;14;EventSent;1
16;27;15;EventSent;6453
16;27;16;EventSent;8254
16;27;17;EventSent;24
16;27;16;EventSent;1
16;27;17;EventSent;7909
16;27;18;EventSent;5
16;27;17;EventSent;1
16;27;18;EventSent;7483
16;27;19;EventSent;8867
16;27;20;EventSent;2039
16;27;21;EventSent;1
16;27;20;EventSent;3
16;27;21;EventSent;3
16;27;20;EventSent;4
16;27;21;EventSent;4061
16;27;22;EventSent;8840
16;27;23;EventSent;3950
16;27;24;EventSent;29
16;27;23;EventSent;1
16;27;24;EventSent;7752
16;27;25;EventSent;3887
16;27;26;EventSent;1
16;27;25;EventSent;1
16;27;26;EventSent;1
16;27;25;EventSent;1
16;27;26;EventSent;3
16;27;25;EventSent;1
16;27;26;EventSent;6188
16;27;27;EventSent;6495
16;27;28;EventSent;7427
16;27;29;EventSent;7475
16;27;30;EventSent;8369
16;27;31;EventSent;7354
16;27;32;EventSent;11
16;27;31;EventSent;2
16;27;32;EventSent;4
16;27;31;EventSent;1
16;27;32;EventSent;7135
16;27;33;EventSent;7444
16;27;34;EventSent;1
16;27;33;EventSent;1
16;27;34;EventSent;5144
16;27;35;EventSent;7989
16;27;36;EventSent;5614
16;27;37;EventSent;6200
16;27;38;EventSent;6499
16;27;39;EventSent;8341
16;27;40;EventSent;7991
16;27;41;EventSent;8187
16;27;42;EventSent;8776
16;27;43;EventSent;8078
16;27;44;EventSent;52
16;27;43;EventSent;2
16;27;44;EventSent;7345
16;27;45;EventSent;6770
16;27;46;EventSent;8894
16;27;47;EventSent;7367
16;27;48;EventSent;7689
16;27;49;EventSent;9
16;27;48;EventSent;1
16;27;49;EventSent;3
16;27;48;EventSent;1
16;27;49;EventSent;7555
16;27;50;EventSent;2
16;27;49;EventSent;1
16;27;50;EventSent;5966
16;27;51;EventSent;15
16;27;50;EventSent;1
16;27;51;EventSent;6593
16;27;52;EventSent;88
16;27;51;EventSent;1
16;27;52;EventSent;15
16;27;51;EventSent;1
16;27;52;EventSent;6192
16;27;53;EventSent;6510
16;27;54;EventSent;6397
16;27;55;EventSent;7134
16;27;56;EventSent;7759
16;27;57;EventSent;8365
16;27;58;EventSent;6465
16;27;59;EventSent;7
16;27;58;EventSent;1
16;27;59;EventSent;8113
16;28;00;EventSent;7667
16;28;01;EventSent;7682
16;28;02;EventSent;7062
16;28;03;EventSent;18
16;28;02;EventSent;1
16;28;03;EventSent;7649
16;28;04;EventSent;6313
16;28;05;EventSent;6990
16;28;06;EventSent;6904
16;28;07;EventSent;7229
16;28;08;EventSent;12
16;28;07;EventSent;1
16;28;08;EventSent;24
16;28;07;EventSent;1
16;28;08;EventSent;4509
16;28;09;EventSent;1
16;28;08;EventSent;1
16;28;09;EventSent;1
16;28;08;EventSent;1
16;28;09;EventSent;7727
16;28;10;EventSent;5
16;28;09;EventSent;1
16;28;10;EventSent;1
16;28;09;EventSent;2
16;28;10;EventSent;3
16;28;09;EventSent;2
16;28;10;EventSent;1
16;28;09;EventSent;1
16;28;10;EventSent;7468
16;28;11;EventSent;10
16;28;10;EventSent;1
16;28;11;EventSent;7614
16;28;12;EventSent;8431
16;28;13;EventSent;9
16;28;12;EventSent;1
16;28;13;EventSent;3
16;28;12;EventSent;1
16;28;13;EventSent;2
16;28;12;EventSent;1
16;28;13;EventSent;6736
16;28;14;EventSent;3934
16;28;15;EventSent;7456
16;28;16;EventSent;3313
16;28;17;EventSent;527
16;28;18;EventSent;435
16;28;19;EventSent;1715
16;28;20;EventSent;6159
16;28;21;EventSent;2576
16;28;22;EventSent;7368
16;28;23;EventSent;7487
16;28;24;EventSent;6745
16;28;25;EventSent;7047
16;28;26;EventSent;7804
16;28;27;EventSent;5813
16;28;28;EventSent;7802
16;28;29;EventSent;8016
16;28;30;EventSent;6777
16;28;31;EventSent;1
16;28;30;EventSent;3
16;28;31;EventSent;15
16;28;30;EventSent;1
16;28;31;EventSent;7425
16;28;32;EventSent;8409
16;28;33;EventSent;6420
16;28;34;EventSent;1
16;28;33;EventSent;1
16;28;34;EventSent;6801
16;28;35;EventSent;6915
16;28;36;EventSent;7265
16;28;37;EventSent;923
16;28;39;EventSent;2069
16;28;40;EventSent;7719
16;28;41;EventSent;6941
16;28;42;EventSent;7
16;28;41;EventSent;2
16;28;42;EventSent;7312
16;28;43;EventSent;5312
16;28;44;EventSent;7766
16;28;45;EventSent;6909
16;28;46;EventSent;8314
16;28;47;EventSent;16
16;28;46;EventSent;2
16;28;47;EventSent;8247
16;28;48;EventSent;8
16;28;47;EventSent;2
16;28;48;EventSent;1
16;28;47;EventSent;1
16;28;48;EventSent;1
16;28;47;EventSent;1
16;28;48;EventSent;7959
16;28;49;EventSent;2
16;28;48;EventSent;1
16;28;49;EventSent;7749
16;28;50;EventSent;630
16;28;52;EventSent;1
16;28;50;EventSent;4
16;28;52;EventSent;16
16;28;50;EventSent;2
16;28;52;EventSent;2
16;28;50;EventSent;2
16;28;52;EventSent;3870
16;28;53;EventSent;5221
16;28;54;EventSent;18
16;28;53;EventSent;1
16;28;54;EventSent;1
16;28;53;EventSent;3
16;28;54;EventSent;6118
16;28;55;EventSent;1
16;28;54;EventSent;2
16;28;55;EventSent;6770
16;28;56;EventSent;1939
16;28;57;EventSent;3700
16;28;58;EventSent;8084
16;28;59;EventSent;8221
16;29;00;EventSent;7980
16;29;01;EventSent;6833
16;29;02;EventSent;6600
16;29;03;EventSent;29
16;29;02;EventSent;1
16;29;03;EventSent;23
16;29;02;EventSent;1
16;29;03;EventSent;5904
16;29;04;EventSent;7720
16;29;05;EventSent;5
16;29;04;EventSent;1
16;29;05;EventSent;12
16;29;04;EventSent;1
16;29;05;EventSent;1
16;29;04;EventSent;3
16;29;05;EventSent;7624
16;29;06;EventSent;1
16;29;05;EventSent;1
16;29;06;EventSent;8271
16;29;07;EventSent;6724
16;29;08;EventSent;7651
16;29;09;EventSent;3802
16;29;10;EventSent;36
16;29;09;EventSent;1
16;29;10;EventSent;4
16;29;09;EventSent;5
16;29;10;EventSent;246
16;29;09;EventSent;2
16;29;10;EventSent;1758
16;29;11;EventSent;7935
16;29;12;EventSent;8847
16;29;13;EventSent;1
16;29;12;EventSent;1
16;29;13;EventSent;5
16;29;12;EventSent;1
16;29;13;EventSent;6999
16;29;14;EventSent;7525
16;29;15;EventSent;6160
16;29;16;EventSent;1
16;29;15;EventSent;2
16;29;16;EventSent;1
16;29;15;EventSent;1
16;29;16;EventSent;2
16;29;15;EventSent;1
16;29;16;EventSent;2
16;29;15;EventSent;8
16;29;16;EventSent;2
16;29;15;EventSent;2
16;29;16;EventSent;7303
16;29;17;EventSent;24
16;29;16;EventSent;7
16;29;17;EventSent;6676
16;29;18;EventSent;5931
16;29;19;EventSent;4791
16;29;20;EventSent;8005
16;29;21;EventSent;5629
16;29;22;EventSent;5747
16;29;23;EventSent;5706
16;29;24;EventSent;7306
16;29;25;EventSent;5204
16;29;26;EventSent;6336
16;29;27;EventSent;7012
16;29;28;EventSent;3
16;29;27;EventSent;1
16;29;28;EventSent;4
16;29;27;EventSent;1
16;29;28;EventSent;6810
16;29;29;EventSent;8250
16;29;30;EventSent;3863
16;29;31;EventSent;7928
16;29;32;EventSent;11
16;29;31;EventSent;1
16;29;32;EventSent;3
16;29;31;EventSent;3
16;29;32;EventSent;7746
16;29;33;EventSent;6192
16;29;34;EventSent;7535
16;29;35;EventSent;20
16;29;34;EventSent;1
16;29;35;EventSent;7217
16;29;36;EventSent;7540
16;29;37;EventSent;7776
16;29;38;EventSent;6994
16;29;39;EventSent;3
16;29;38;EventSent;2
16;29;39;EventSent;6
16;29;38;EventSent;3
16;29;39;EventSent;5531
16;29;40;EventSent;7536
16;29;41;EventSent;6964
16;29;42;EventSent;3707
16;29;43;EventSent;2597
16;29;44;EventSent;3
16;29;43;EventSent;1
16;29;44;EventSent;1
16;29;43;EventSent;2
16;29;44;EventSent;8005
16;29;45;EventSent;6622
16;29;46;EventSent;6345
16;29;47;EventSent;18
16;29;46;EventSent;1
16;29;47;EventSent;7669
16;29;48;EventSent;6257
16;29;49;EventSent;6946
16;29;50;EventSent;7914
16;29;51;EventSent;6311
16;29;52;EventSent;42
16;29;51;EventSent;1
16;29;52;EventSent;6244
16;29;53;EventSent;6983
16;29;54;EventSent;2
16;29;53;EventSent;1
16;29;54;EventSent;1
16;29;53;EventSent;1
16;29;54;EventSent;3
16;29;53;EventSent;1
16;29;54;EventSent;1
16;29;53;EventSent;1
16;29;54;EventSent;1
16;29;53;EventSent;1
16;29;54;EventSent;5042
16;29;55;EventSent;4
16;29;54;EventSent;1
16;29;55;EventSent;5
16;29;54;EventSent;1
16;29;55;EventSent;12
16;29;54;EventSent;2
16;29;55;EventSent;5851
16;29;56;EventSent;132
16;29;55;EventSent;1
16;29;56;EventSent;7017
16;29;57;EventSent;6
16;29;56;EventSent;1
16;29;57;EventSent;8
16;29;56;EventSent;1
16;29;57;EventSent;5369
16;29;58;EventSent;7659
16;29;59;EventSent;10
16;29;58;EventSent;1
16;29;59;EventSent;5837
16;30;00;EventSent;8057
16;30;01;EventSent;1
16;30;00;EventSent;1
16;30;01;EventSent;2
16;30;00;EventSent;1
16;30;01;EventSent;1
16;30;00;EventSent;2
16;30;01;EventSent;2
16;30;00;EventSent;1
16;30;01;EventSent;7990
16;30;02;EventSent;13
16;30;01;EventSent;1
16;30;02;EventSent;1
16;30;01;EventSent;1
16;30;02;EventSent;1
16;30;01;EventSent;5
16;30;02;EventSent;6572
16;30;03;EventSent;6948
16;30;04;EventSent;7210
16;30;05;EventSent;9
16;30;04;EventSent;1
16;30;05;EventSent;7
16;30;04;EventSent;2
16;30;05;EventSent;6943
16;30;06;EventSent;1
16;30;05;EventSent;3
16;30;06;EventSent;3286
16;30;07;EventSent;6231
16;30;08;EventSent;6952
16;30;09;EventSent;9
16;30;08;EventSent;1
16;30;09;EventSent;7403
16;30;10;EventSent;2
16;30;09;EventSent;1
16;30;10;EventSent;8086
16;30;11;EventSent;2142
16;30;12;EventSent;7804
16;30;13;EventSent;7442
16;30;14;EventSent;17
16;30;13;EventSent;7
16;30;14;EventSent;1
16;30;13;EventSent;4
16;30;14;EventSent;7838
16;30;15;EventSent;5307
16;30;16;EventSent;6293
16;30;17;EventSent;5847
16;30;18;EventSent;4698
16;30;19;EventSent;16
16;30;18;EventSent;1
16;30;19;EventSent;6722
16;30;20;EventSent;6201
16;30;21;EventSent;3575
16;30;22;EventSent;6413
16;30;23;EventSent;7745
16;30;24;EventSent;7295
16;30;25;EventSent;3
16;30;24;EventSent;1
16;30;25;EventSent;12
16;30;24;EventSent;2
16;30;25;EventSent;4
16;30;24;EventSent;1
16;30;25;EventSent;4
16;30;24;EventSent;3
16;30;25;EventSent;6243
16;30;26;EventSent;7954
16;30;27;EventSent;1
16;30;26;EventSent;1
16;30;27;EventSent;8732
16;30;28;EventSent;3460
16;30;30;EventSent;1
16;30;28;EventSent;3
16;30;30;EventSent;4418
16;30;31;EventSent;9
16;30;30;EventSent;1
16;30;31;EventSent;1
16;30;30;EventSent;1
16;30;31;EventSent;7117
16;30;32;EventSent;7219
16;30;33;EventSent;11
16;30;32;EventSent;2
16;30;33;EventSent;7868
16;30;34;EventSent;5459
16;30;35;EventSent;7096
16;30;36;EventSent;6733
16;30;37;EventSent;6650
16;30;38;EventSent;7714
16;30;39;EventSent;6440
16;30;40;EventSent;7826
16;30;41;EventSent;5717
16;30;42;EventSent;10
16;30;41;EventSent;1
16;30;42;EventSent;23
16;30;41;EventSent;5
16;30;42;EventSent;4489
16;30;43;EventSent;1
16;30;42;EventSent;1
16;30;43;EventSent;7224
16;30;44;EventSent;1
16;30;43;EventSent;1
16;30;44;EventSent;5843
16;30;45;EventSent;336
16;30;46;EventSent;1
16;30;45;EventSent;1
16;30;46;EventSent;4494
16;30;47;EventSent;7551
16;30;48;EventSent;6516
16;30;49;EventSent;1
16;30;48;EventSent;2
16;30;49;EventSent;6515
16;30;50;EventSent;7474
16;30;51;EventSent;9
16;30;50;EventSent;1
16;30;51;EventSent;7495
16;30;52;EventSent;7922
16;30;53;EventSent;8
16;30;52;EventSent;9
16;30;53;EventSent;5356
16;30;54;EventSent;5736
16;30;55;EventSent;7008
16;30;56;EventSent;6929
16;30;57;EventSent;6450
16;30;58;EventSent;1
16;30;57;EventSent;1
16;30;58;EventSent;8694
16;30;59;EventSent;1
16;30;58;EventSent;1
16;30;59;EventSent;2063
16;31;00;EventSent;1
16;31;01;EventSent;1
16;30;59;EventSent;1
16;31;01;EventSent;2
16;31;00;EventSent;1
16;31;01;EventSent;9
16;31;00;EventSent;1
16;31;01;EventSent;1
16;31;00;EventSent;1
16;31;01;EventSent;1
16;31;00;EventSent;4
16;31;01;EventSent;5694
16;31;02;EventSent;7523
16;31;03;EventSent;8139
16;31;04;EventSent;8111
16;31;05;EventSent;8479
16;31;06;EventSent;7319
16;31;07;EventSent;8080
16;31;08;EventSent;7573
16;31;09;EventSent;1
16;31;08;EventSent;8
16;31;09;EventSent;5844
16;31;10;EventSent;7
16;31;09;EventSent;2
16;31;10;EventSent;4737
16;31;11;EventSent;4971
16;31;12;EventSent;7185
16;31;13;EventSent;2297
16;31;15;EventSent;2091
16;31;16;EventSent;7701
16;31;17;EventSent;7
16;31;16;EventSent;2
16;31;17;EventSent;5886
16;31;18;EventSent;7313
16;31;19;EventSent;6905
16;31;20;EventSent;6740
16;31;21;EventSent;7324
16;31;22;EventSent;7243
16;31;23;EventSent;20
16;31;22;EventSent;1
16;31;23;EventSent;7587
16;31;24;EventSent;7453
16;31;25;EventSent;6879
16;31;26;EventSent;7646
16;31;27;EventSent;4
16;31;26;EventSent;2
16;31;27;EventSent;2
16;31;26;EventSent;1
16;31;27;EventSent;8661
16;31;28;EventSent;8931
16;31;29;EventSent;8355
16;31;30;EventSent;8351
16;31;31;EventSent;8638
16;31;32;EventSent;7601
16;31;33;EventSent;4273
16;31;34;EventSent;4938
16;31;35;EventSent;6186
16;31;36;EventSent;4
16;31;35;EventSent;1
16;31;36;EventSent;4262
16;31;37;EventSent;5913
16;31;38;EventSent;7402
16;31;39;EventSent;6785
16;31;40;EventSent;8
16;31;39;EventSent;13
16;31;40;EventSent;8257
16;31;41;EventSent;5
16;31;40;EventSent;1
16;31;41;EventSent;1
16;31;40;EventSent;2
16;31;41;EventSent;6903
16;31;42;EventSent;7248
16;31;43;EventSent;3955
16;31;44;EventSent;6293
16;31;45;EventSent;6975
16;31;46;EventSent;6595
16;31;47;EventSent;7611
16;31;48;EventSent;6347
16;31;49;EventSent;6765
16;31;50;EventSent;7799
16;31;51;EventSent;7028
16;31;52;EventSent;2
16;31;51;EventSent;1
16;31;52;EventSent;7200
16;31;53;EventSent;6032
16;31;54;EventSent;6993
16;31;55;EventSent;2
16;31;54;EventSent;1
16;31;55;EventSent;7278
16;31;56;EventSent;6517
16;31;57;EventSent;38
16;31;56;EventSent;1
16;31;57;EventSent;6466
16;31;58;EventSent;1
16;31;57;EventSent;1
16;31;58;EventSent;7852
16;31;59;EventSent;7106
16;32;00;EventSent;6423
16;32;01;EventSent;4
16;32;00;EventSent;2
16;32;01;EventSent;4238
16;32;02;EventSent;6994
16;32;03;EventSent;14
16;32;02;EventSent;1
16;32;03;EventSent;1
16;32;02;EventSent;5
16;32;03;EventSent;6796
16;32;04;EventSent;13
16;32;03;EventSent;1
16;32;04;EventSent;5649
16;32;05;EventSent;20
16;32;04;EventSent;2
16;32;05;EventSent;5959
16;32;06;EventSent;8123
16;32;07;EventSent;2
16;32;06;EventSent;1
16;32;07;EventSent;6319
16;32;08;EventSent;1
16;32;07;EventSent;4
16;32;08;EventSent;7342
16;32;09;EventSent;7
16;32;08;EventSent;1
16;32;09;EventSent;2
16;32;08;EventSent;1
16;32;09;EventSent;7306
16;32;10;EventSent;8846
16;32;11;EventSent;7982
16;32;12;EventSent;5957
16;32;13;EventSent;6889
16;32;14;EventSent;8242
16;32;15;EventSent;26
16;32;14;EventSent;1
16;32;15;EventSent;7982
16;32;16;EventSent;8458
16;32;17;EventSent;1
16;32;16;EventSent;1
16;32;17;EventSent;3
16;32;16;EventSent;1
16;32;17;EventSent;8158
16;32;18;EventSent;8267
16;32;19;EventSent;6
16;32;18;EventSent;1
16;32;19;EventSent;1
16;32;18;EventSent;1
16;32;19;EventSent;5
16;32;18;EventSent;1
16;32;19;EventSent;4544
16;32;20;EventSent;8035
16;32;21;EventSent;7276
16;32;22;EventSent;6994
16;32;23;EventSent;279
16;32;22;EventSent;1
16;32;23;EventSent;3
16;32;22;EventSent;6
16;32;23;EventSent;4
16;32;22;EventSent;2
16;32;23;EventSent;1
16;32;22;EventSent;1
16;32;23;EventSent;6488
16;32;24;EventSent;6993
16;32;25;EventSent;5838
16;32;26;EventSent;8
16;32;25;EventSent;1
16;32;26;EventSent;12
16;32;25;EventSent;1
16;32;26;EventSent;6685
16;32;27;EventSent;8367
16;32;28;EventSent;7647
16;32;29;EventSent;7978
16;32;30;EventSent;7208
16;32;31;EventSent;4936
16;32;32;EventSent;1
16;32;31;EventSent;1
16;32;32;EventSent;4886
16;32;33;EventSent;2763
16;32;34;EventSent;7824
16;32;35;EventSent;8314
16;32;36;EventSent;7824
16;32;37;EventSent;4820
16;32;38;EventSent;6875
16;32;39;EventSent;7340
16;32;40;EventSent;10
16;32;39;EventSent;1
16;32;40;EventSent;5
16;32;39;EventSent;1
16;32;40;EventSent;7112
16;32;41;EventSent;7436
16;32;42;EventSent;2
16;32;41;EventSent;1
16;32;42;EventSent;6653
16;32;43;EventSent;13
16;32;42;EventSent;1
16;32;43;EventSent;6446
16;32;44;EventSent;430
16;32;45;EventSent;12
16;32;44;EventSent;1
16;32;45;EventSent;1
16;32;44;EventSent;3
16;32;45;EventSent;36
16;32;44;EventSent;1
16;32;45;EventSent;2
16;32;44;EventSent;2
16;32;45;EventSent;7836
16;32;46;EventSent;1
16;32;45;EventSent;1
16;32;46;EventSent;7292
16;32;47;EventSent;29
16;32;46;EventSent;1
16;32;47;EventSent;5706
16;32;48;EventSent;6966
16;32;49;EventSent;6163
16;32;50;EventSent;7664
16;32;51;EventSent;6283
16;32;52;EventSent;8636
16;32;53;EventSent;8182
16;32;54;EventSent;7402
16;32;55;EventSent;7144
16;32;56;EventSent;6397
16;32;57;EventSent;5051
16;32;58;EventSent;7574
16;32;59;EventSent;6947
16;33;00;EventSent;4251
16;33;01;EventSent;7612
16;33;02;EventSent;7485
16;33;03;EventSent;5285
16;33;04;EventSent;21
16;33;03;EventSent;1
16;33;04;EventSent;7166
16;33;05;EventSent;7015
16;33;06;EventSent;7424
16;33;07;EventSent;6981
16;33;08;EventSent;6505
16;33;09;EventSent;7757
16;33;10;EventSent;8314
16;33;11;EventSent;17
16;33;10;EventSent;1
16;33;11;EventSent;7885
16;33;12;EventSent;3
16;33;11;EventSent;1
16;33;12;EventSent;1
16;33;11;EventSent;2
16;33;12;EventSent;1
16;33;11;EventSent;2
16;33;12;EventSent;1
16;33;11;EventSent;4
16;33;12;EventSent;3547
16;33;13;EventSent;4208
16;33;14;EventSent;6490
16;33;15;EventSent;8506
16;33;16;EventSent;1
16;33;15;EventSent;1
16;33;16;EventSent;8000
16;33;17;EventSent;7462
16;33;18;EventSent;7601
16;33;19;EventSent;7975
16;33;20;EventSent;3034
16;33;21;EventSent;1
16;33;20;EventSent;1
16;33;21;EventSent;6
16;33;20;EventSent;1
16;33;21;EventSent;1
16;33;20;EventSent;1
16;33;21;EventSent;1
16;33;20;EventSent;1
16;33;21;EventSent;2
16;33;20;EventSent;6
16;33;21;EventSent;8357
16;33;22;EventSent;7155
16;33;23;EventSent;6289
16;33;24;EventSent;7264
16;33;25;EventSent;6625
16;33;26;EventSent;7692
16;33;27;EventSent;8112
16;33;28;EventSent;8806
16;33;29;EventSent;5
16;33;28;EventSent;1
16;33;29;EventSent;8536
16;33;30;EventSent;7939
16;33;31;EventSent;7363
16;33;32;EventSent;1
16;33;31;EventSent;3
16;33;32;EventSent;7591
16;33;33;EventSent;6688
16;33;34;EventSent;16
16;33;33;EventSent;2
16;33;34;EventSent;5612
16;33;35;EventSent;15
16;33;34;EventSent;3
16;33;35;EventSent;6765
16;33;36;EventSent;3
16;33;35;EventSent;1
16;33;36;EventSent;7366
16;33;37;EventSent;8615
16;33;38;EventSent;7739
16;33;39;EventSent;7072
16;33;40;EventSent;1
16;33;39;EventSent;1
16;33;40;EventSent;6263
16;33;41;EventSent;6
16;33;40;EventSent;4
16;33;41;EventSent;12
16;33;40;EventSent;5
16;33;41;EventSent;2
16;33;40;EventSent;1
16;33;41;EventSent;1
16;33;40;EventSent;2
16;33;41;EventSent;7955
16;33;42;EventSent;4565
16;33;43;EventSent;6318
16;33;44;EventSent;8165
16;33;45;EventSent;7959
16;33;46;EventSent;4
16;33;45;EventSent;2
16;33;46;EventSent;4180
16;33;47;EventSent;6852
16;33;48;EventSent;7545
16;33;49;EventSent;6
16;33;48;EventSent;1
16;33;49;EventSent;1
16;33;48;EventSent;2
16;33;49;EventSent;7
16;33;48;EventSent;1
16;33;49;EventSent;7124
16;33;50;EventSent;8299
16;33;51;EventSent;6474
16;33;52;EventSent;7451
16;33;53;EventSent;8364
16;33;54;EventSent;8029
16;33;55;EventSent;7830
16;33;56;EventSent;8
16;33;55;EventSent;3
16;33;56;EventSent;7674
16;33;57;EventSent;7392
16;33;58;EventSent;7272
16;33;59;EventSent;7286
16;34;00;EventSent;26
16;33;59;EventSent;1
16;34;00;EventSent;3202
16;34;01;EventSent;7626
16;34;02;EventSent;6676
16;34;03;EventSent;7833
16;34;04;EventSent;12
16;34;03;EventSent;1
16;34;04;EventSent;6807
16;34;05;EventSent;8058
16;34;06;EventSent;7
16;34;05;EventSent;1
16;34;06;EventSent;1
16;34;05;EventSent;1
16;34;06;EventSent;1
16;34;05;EventSent;2
16;34;06;EventSent;7185
16;34;07;EventSent;1
16;34;06;EventSent;2
16;34;07;EventSent;3772
16;34;08;EventSent;3674
16;34;09;EventSent;9
16;34;08;EventSent;1
16;34;09;EventSent;6893
16;34;10;EventSent;16
16;34;09;EventSent;2
16;34;10;EventSent;5604
16;34;11;EventSent;7323
16;34;12;EventSent;5775
16;34;13;EventSent;4870
16;34;14;EventSent;3
16;34;13;EventSent;1
16;34;14;EventSent;8029
16;34;15;EventSent;7060
16;34;16;EventSent;11
16;34;15;EventSent;2
16;34;16;EventSent;21
16;34;15;EventSent;1
16;34;16;EventSent;8010
16;34;17;EventSent;14
16;34;16;EventSent;1
16;34;17;EventSent;7908
16;34;18;EventSent;6726
16;34;19;EventSent;8
16;34;18;EventSent;1
16;34;19;EventSent;5137
16;34;20;EventSent;1
16;34;19;EventSent;18
16;34;20;EventSent;6183
16;34;21;EventSent;7242
16;34;22;EventSent;7277
16;34;23;EventSent;6891
16;34;24;EventSent;5213
16;34;25;EventSent;6670
16;34;26;EventSent;5937
16;34;27;EventSent;7345
16;34;28;EventSent;4426
16;34;29;EventSent;2
16;34;28;EventSent;3
16;34;29;EventSent;9
16;34;28;EventSent;4
16;34;29;EventSent;3484
16;34;30;EventSent;7843
16;34;31;EventSent;7616
16;34;32;EventSent;23
16;34;31;EventSent;1
16;34;32;EventSent;7234
16;34;33;EventSent;8038
16;34;34;EventSent;2
16;34;33;EventSent;2
16;34;34;EventSent;7962
16;34;35;EventSent;7375
16;34;36;EventSent;1
16;34;35;EventSent;1
16;34;36;EventSent;1
16;34;35;EventSent;7
16;34;36;EventSent;5023
16;34;37;EventSent;5226
16;34;38;EventSent;6817
16;34;39;EventSent;6683
16;34;40;EventSent;7725
16;34;41;EventSent;1
16;34;40;EventSent;1
16;34;41;EventSent;3453
16;34;42;EventSent;6550
16;34;43;EventSent;8528
16;34;44;EventSent;7725
16;34;45;EventSent;7818
16;34;46;EventSent;6765
16;34;47;EventSent;7247
16;34;48;EventSent;6906
16;34;49;EventSent;7189
16;34;50;EventSent;7690
16;34;51;EventSent;7157
16;34;52;EventSent;7553
16;34;53;EventSent;7154
16;34;54;EventSent;7980
16;34;55;EventSent;7395
16;34;56;EventSent;6265
16;34;57;EventSent;100
16;34;56;EventSent;1
16;34;57;EventSent;6
16;34;56;EventSent;1
16;34;57;EventSent;25
16;34;56;EventSent;3
16;34;57;EventSent;5934
16;34;58;EventSent;7284
16;34;59;EventSent;1
16;34;58;EventSent;1
16;34;59;EventSent;7122
16;35;00;EventSent;6533
16;35;01;EventSent;5616
16;35;02;EventSent;2
16;35;01;EventSent;1
16;35;02;EventSent;7706
16;35;03;EventSent;5391
16;35;04;EventSent;6448
16;35;05;EventSent;6529
16;35;06;EventSent;7962
16;35;07;EventSent;251
16;35;06;EventSent;1
16;35;07;EventSent;4727
16;35;08;EventSent;8113
16;35;09;EventSent;6720
16;35;10;EventSent;5726
16;35;11;EventSent;5145
16;35;12;EventSent;9
16;35;11;EventSent;1
16;35;12;EventSent;19
16;35;11;EventSent;1
16;35;12;EventSent;6015
16;35;13;EventSent;17
16;35;12;EventSent;2
16;35;13;EventSent;7405
16;35;14;EventSent;8959
16;35;15;EventSent;7507
16;35;16;EventSent;6771
16;35;17;EventSent;7562
16;35;18;EventSent;7514
16;35;19;EventSent;8102
16;35;20;EventSent;6742
16;35;21;EventSent;7729
16;35;22;EventSent;14
16;35;21;EventSent;1
16;35;22;EventSent;4
16;35;21;EventSent;3
16;35;22;EventSent;8147
16;35;23;EventSent;6147
16;35;24;EventSent;4639
16;35;25;EventSent;6904
16;35;26;EventSent;6310
16;35;27;EventSent;7083
16;35;28;EventSent;6121
16;35;29;EventSent;8112
16;35;30;EventSent;1
16;35;29;EventSent;1
16;35;30;EventSent;4175
16;35;31;EventSent;5171
16;35;32;EventSent;9
16;35;31;EventSent;1
16;35;32;EventSent;10
16;35;31;EventSent;1
16;35;32;EventSent;7083
16;35;33;EventSent;5479
16;35;34;EventSent;6986
16;35;35;EventSent;7500
16;35;36;EventSent;6039
16;35;37;EventSent;7269
16;35;38;EventSent;6319
16;35;39;EventSent;5672
16;35;40;EventSent;7707
16;35;41;EventSent;7913
16;35;42;EventSent;3
16;35;41;EventSent;1
16;35;42;EventSent;6588
16;35;43;EventSent;7880
16;35;44;EventSent;6441
16;35;45;EventSent;7193
16;35;46;EventSent;2093
16;35;47;EventSent;6716
16;35;48;EventSent;10
16;35;47;EventSent;1
16;35;48;EventSent;4
16;35;47;EventSent;8
16;35;48;EventSent;6725
16;35;49;EventSent;7869
16;35;50;EventSent;8259
16;35;51;EventSent;8007
16;35;52;EventSent;5760
16;35;53;EventSent;5118
16;35;54;EventSent;7570
16;35;55;EventSent;6114
16;35;56;EventSent;6250
16;35;57;EventSent;5452
16;35;58;EventSent;9
16;35;57;EventSent;1
16;35;58;EventSent;18
16;35;57;EventSent;1
16;35;58;EventSent;2621
16;35;59;EventSent;6955
16;36;00;EventSent;2
16;35;59;EventSent;1
16;36;00;EventSent;7849
16;36;01;EventSent;7226
16;36;02;EventSent;8151
16;36;03;EventSent;6451
16;36;04;EventSent;64
16;36;03;EventSent;8
16;36;04;EventSent;1004
16;36;05;EventSent;7312
16;36;06;EventSent;6274
16;36;07;EventSent;6061
16;36;08;EventSent;6474
16;36;09;EventSent;7481
16;36;10;EventSent;10
16;36;09;EventSent;1
16;36;10;EventSent;1
16;36;09;EventSent;1
16;36;10;EventSent;7677
16;36;11;EventSent;4357
16;36;12;EventSent;7690
16;36;13;EventSent;6442
16;36;14;EventSent;6066
16;36;15;EventSent;228
16;36;14;EventSent;1
16;36;15;EventSent;6727
16;36;16;EventSent;4
16;36;15;EventSent;4
16;36;16;EventSent;3
16;36;15;EventSent;1
16;36;16;EventSent;4
16;36;15;EventSent;1
16;36;16;EventSent;8540
16;36;17;EventSent;8367
16;36;18;EventSent;8038
16;36;19;EventSent;6740
16;36;20;EventSent;5604
16;36;21;EventSent;7764
16;36;22;EventSent;5552
16;36;23;EventSent;7218
16;36;24;EventSent;8028
16;36;25;EventSent;7370
16;36;26;EventSent;26
16;36;25;EventSent;1
16;36;26;EventSent;6639
16;36;27;EventSent;5
16;36;26;EventSent;1
16;36;27;EventSent;2
16;36;26;EventSent;1
16;36;27;EventSent;3
16;36;26;EventSent;1
16;36;27;EventSent;4100
16;36;28;EventSent;7268
16;36;29;EventSent;6480
16;36;30;EventSent;7987
16;36;31;EventSent;7
16;36;30;EventSent;1
16;36;31;EventSent;6488
16;36;32;EventSent;6402
16;36;33;EventSent;6
16;36;32;EventSent;2
16;36;33;EventSent;7587
16;36;34;EventSent;2
16;36;33;EventSent;1
16;36;34;EventSent;6411
16;36;35;EventSent;11
16;36;34;EventSent;1
16;36;35;EventSent;4
16;36;34;EventSent;1
16;36;35;EventSent;6644
16;36;36;EventSent;7763
16;36;37;EventSent;6784
16;36;38;EventSent;5830
16;36;39;EventSent;7976
16;36;40;EventSent;1
16;36;39;EventSent;1
16;36;40;EventSent;28
16;36;39;EventSent;1
16;36;40;EventSent;7631
16;36;41;EventSent;1
16;36;40;EventSent;2
16;36;41;EventSent;3
16;36;40;EventSent;1
16;36;41;EventSent;8224
16;36;42;EventSent;9037
16;36;43;EventSent;7939
16;36;44;EventSent;20
16;36;43;EventSent;2
16;36;44;EventSent;1
16;36;43;EventSent;1
16;36;44;EventSent;7340
16;36;45;EventSent;7599
16;36;46;EventSent;4756
16;36;47;EventSent;8300
16;36;48;EventSent;7138
16;36;49;EventSent;4089
16;36;50;EventSent;6445
16;36;51;EventSent;7732
16;36;52;EventSent;6202
16;36;53;EventSent;1
16;36;52;EventSent;4
16;36;53;EventSent;6928
16;36;54;EventSent;7388
16;36;55;EventSent;7308
16;36;56;EventSent;9
16;36;55;EventSent;1
16;36;56;EventSent;6254
16;36;57;EventSent;5
16;36;56;EventSent;4
16;36;57;EventSent;74
16;36;56;EventSent;4
16;36;57;EventSent;7020
16;36;58;EventSent;7324
16;36;59;EventSent;11
16;36;58;EventSent;10
16;36;59;EventSent;6516
16;37;00;EventSent;6951
16;37;01;EventSent;7271
16;37;02;EventSent;10
16;37;01;EventSent;1
16;37;02;EventSent;7962
16;37;03;EventSent;7750
16;37;04;EventSent;3
16;37;03;EventSent;1
16;37;04;EventSent;8462
16;37;05;EventSent;2
16;37;04;EventSent;1
16;37;05;EventSent;4
16;37;04;EventSent;1
16;37;05;EventSent;7821
16;37;06;EventSent;1
16;37;05;EventSent;1
16;37;06;EventSent;1
16;37;05;EventSent;1
16;37;06;EventSent;7659
16;37;07;EventSent;7698
16;37;08;EventSent;6
16;37;07;EventSent;1
16;37;08;EventSent;5366
16;37;09;EventSent;21
16;37;08;EventSent;1
16;37;09;EventSent;13
16;37;08;EventSent;1
16;37;09;EventSent;7085
16;37;10;EventSent;7493
16;37;11;EventSent;7747
16;37;12;EventSent;6867
16;37;13;EventSent;6316
16;37;14;EventSent;7870
16;37;15;EventSent;3
16;37;14;EventSent;2
16;37;15;EventSent;1
16;37;14;EventSent;3
16;37;15;EventSent;8332
16;37;16;EventSent;6325
16;37;17;EventSent;7431
16;37;18;EventSent;3
16;37;17;EventSent;1
16;37;18;EventSent;10
16;37;17;EventSent;1
16;37;18;EventSent;6732
16;37;19;EventSent;7803
16;37;20;EventSent;2
16;37;19;EventSent;1
16;37;20;EventSent;4684
16;37;21;EventSent;7705
16;37;22;EventSent;8298
16;37;23;EventSent;4627
16;37;24;EventSent;5673
16;37;25;EventSent;6667
16;37;26;EventSent;1
16;37;25;EventSent;2
16;37;26;EventSent;7329
16;37;27;EventSent;7
16;37;26;EventSent;2
16;37;27;EventSent;1
16;37;26;EventSent;1
16;37;27;EventSent;1
16;37;26;EventSent;2
16;37;27;EventSent;1
16;37;26;EventSent;1
16;37;27;EventSent;60
16;37;26;EventSent;1
16;37;27;EventSent;5079
16;37;28;EventSent;7480
16;37;29;EventSent;7429
16;37;30;EventSent;6414
16;37;31;EventSent;6524
16;37;32;EventSent;2
16;37;31;EventSent;1
16;37;32;EventSent;5135
16;37;33;EventSent;8362
16;37;34;EventSent;8307
16;37;35;EventSent;7420
16;37;36;EventSent;4769
16;37;37;EventSent;26
16;37;36;EventSent;1
16;37;37;EventSent;6652
16;37;38;EventSent;8090
16;37;39;EventSent;6287
16;37;40;EventSent;1449
16;37;41;EventSent;7319
16;37;42;EventSent;14
16;37;41;EventSent;7
16;37;42;EventSent;6586
16;37;43;EventSent;4976
16;37;44;EventSent;7033
16;37;45;EventSent;3829
16;37;46;EventSent;29
16;37;45;EventSent;1
16;37;46;EventSent;7
16;37;45;EventSent;1
16;37;46;EventSent;3
16;37;45;EventSent;1
16;37;46;EventSent;2
16;37;45;EventSent;1
16;37;46;EventSent;7474
16;37;47;EventSent;4099
16;37;48;EventSent;7079
16;37;49;EventSent;7472
16;37;50;EventSent;7179
16;37;51;EventSent;8205
16;37;52;EventSent;1
16;37;51;EventSent;1
16;37;52;EventSent;4
16;37;51;EventSent;1
16;37;52;EventSent;7077
16;37;53;EventSent;6269
16;37;54;EventSent;6750
16;37;55;EventSent;7709
16;37;56;EventSent;7486
16;37;57;EventSent;8825
16;37;58;EventSent;17
16;37;57;EventSent;1
16;37;58;EventSent;7950
16;37;59;EventSent;5512
16;38;00;EventSent;6423
16;38;01;EventSent;7
16;38;00;EventSent;1
16;38;01;EventSent;4364
16;38;02;EventSent;7476
16;38;03;EventSent;8156
16;38;04;EventSent;8148
16;38;05;EventSent;6201
16;38;06;EventSent;8093
16;38;07;EventSent;7921
16;38;08;EventSent;7296
16;38;09;EventSent;5484
16;38;10;EventSent;7777
16;38;11;EventSent;1
16;38;10;EventSent;1
16;38;11;EventSent;6443
16;38;12;EventSent;3
16;38;11;EventSent;1
16;38;12;EventSent;26
16;38;11;EventSent;10
16;38;12;EventSent;5372
16;38;13;EventSent;3
16;38;12;EventSent;1
16;38;13;EventSent;8332
16;38;14;EventSent;1
16;38;13;EventSent;3
16;38;14;EventSent;1
16;38;13;EventSent;1
16;38;14;EventSent;1
16;38;13;EventSent;1
16;38;14;EventSent;1
16;38;13;EventSent;1
16;38;14;EventSent;1
16;38;13;EventSent;1
16;38;14;EventSent;3
16;38;13;EventSent;1
16;38;14;EventSent;7276
16;38;15;EventSent;3343
16;38;16;EventSent;6582
16;38;17;EventSent;5187
16;38;18;EventSent;10
16;38;17;EventSent;1
16;38;18;EventSent;9
16;38;17;EventSent;1
16;38;18;EventSent;6845
16;38;19;EventSent;5041
16;38;20;EventSent;7190
16;38;21;EventSent;7175
16;38;22;EventSent;7398
16;38;23;EventSent;4872
16;38;24;EventSent;8706
16;38;25;EventSent;6221
16;38;26;EventSent;18
16;38;25;EventSent;1
16;38;26;EventSent;6730
16;38;27;EventSent;7311
16;38;28;EventSent;7
16;38;27;EventSent;1
16;38;28;EventSent;7409
16;38;29;EventSent;6723
16;38;30;EventSent;7581
16;38;31;EventSent;8391
16;38;32;EventSent;15
16;38;31;EventSent;1
16;38;32;EventSent;7709
16;38;33;EventSent;8350
16;38;34;EventSent;8305
16;38;35;EventSent;7702
16;38;36;EventSent;1
16;38;35;EventSent;1
16;38;36;EventSent;7716
16;38;37;EventSent;6236
16;38;38;EventSent;7725
16;38;39;EventSent;8321
16;38;40;EventSent;6783
16;38;41;EventSent;3129
16;38;42;EventSent;5958
16;38;43;EventSent;5260
16;38;44;EventSent;1
16;38;43;EventSent;1
16;38;44;EventSent;1
16;38;43;EventSent;1
16;38;44;EventSent;7449
16;38;45;EventSent;6167
16;38;46;EventSent;4193
16;38;47;EventSent;8490
16;38;48;EventSent;6676
16;38;49;EventSent;3
16;38;48;EventSent;1
16;38;49;EventSent;4761
16;38;50;EventSent;7881
16;38;51;EventSent;1
16;38;50;EventSent;7
16;38;51;EventSent;9
16;38;50;EventSent;1
16;38;51;EventSent;7224
16;38;52;EventSent;6919
16;38;53;EventSent;4
16;38;52;EventSent;1
16;38;53;EventSent;6465
16;38;54;EventSent;6685
16;38;55;EventSent;6471
16;38;56;EventSent;6
16;38;55;EventSent;1
16;38;56;EventSent;7964
16;38;57;EventSent;8207
16;38;58;EventSent;1
16;38;57;EventSent;1
16;38;58;EventSent;6289
16;38;59;EventSent;7439
16;39;00;EventSent;8403
16;39;01;EventSent;6726
16;39;02;EventSent;1
16;39;01;EventSent;1
16;39;02;EventSent;4932
16;39;03;EventSent;7012
16;39;04;EventSent;7569
16;39;05;EventSent;5225
16;39;06;EventSent;8001
16;39;07;EventSent;6138
16;39;08;EventSent;18
16;39;07;EventSent;2
16;39;08;EventSent;1
16;39;07;EventSent;1
16;39;08;EventSent;1
16;39;07;EventSent;2
16;39;08;EventSent;1
16;39;07;EventSent;1
16;39;08;EventSent;6690
16;39;09;EventSent;15
16;39;08;EventSent;1
16;39;09;EventSent;1
16;39;08;EventSent;1
16;39;09;EventSent;7
16;39;08;EventSent;2
16;39;09;EventSent;1
16;39;08;EventSent;1
16;39;09;EventSent;1
16;39;08;EventSent;1
16;39;09;EventSent;1
16;39;08;EventSent;1
16;39;09;EventSent;7927
16;39;10;EventSent;7755
16;39;11;EventSent;8070
16;39;12;EventSent;16
16;39;11;EventSent;1
16;39;12;EventSent;8674
16;39;13;EventSent;8599
16;39;14;EventSent;8433
16;39;15;EventSent;6719
16;39;16;EventSent;1
16;39;15;EventSent;1
16;39;16;EventSent;8224
16;39;17;EventSent;5685
16;39;18;EventSent;7919
16;39;19;EventSent;6661
16;39;20;EventSent;8263
16;39;21;EventSent;5673
16;39;22;EventSent;8695
16;39;23;EventSent;8348
16;39;24;EventSent;5445
16;39;25;EventSent;5514
16;39;26;EventSent;6399
16;39;27;EventSent;6871
16;39;28;EventSent;9145
16;39;29;EventSent;8572
16;39;30;EventSent;8610
16;39;31;EventSent;8505
16;39;32;EventSent;3
16;39;31;EventSent;1
16;39;32;EventSent;7344
16;39;33;EventSent;9146
16;39;34;EventSent;1
16;39;33;EventSent;1
16;39;34;EventSent;8747
16;39;35;EventSent;15
16;39;34;EventSent;6
16;39;35;EventSent;8664
16;39;36;EventSent;8127
16;39;37;EventSent;8184
16;39;38;EventSent;8658
16;39;39;EventSent;4
16;39;38;EventSent;1
16;39;39;EventSent;8275
16;39;40;EventSent;8636
16;39;41;EventSent;9179
16;39;42;EventSent;8100
16;39;43;EventSent;7534
16;39;44;EventSent;5
16;39;43;EventSent;1
16;39;44;EventSent;6
16;39;43;EventSent;3
16;39;44;EventSent;8502
16;39;45;EventSent;6195
16;39;46;EventSent;8984
16;39;47;EventSent;8532
16;39;48;EventSent;8989
16;39;49;EventSent;9113
16;39;50;EventSent;8802
16;39;51;EventSent;8629
16;39;52;EventSent;8847
16;39;53;EventSent;8791
16;39;54;EventSent;8895
16;39;55;EventSent;8525
16;39;56;EventSent;8482
16;39;57;EventSent;8935
16;39;58;EventSent;20
16;39;57;EventSent;1
16;39;58;EventSent;8867
16;39;59;EventSent;8732
16;40;00;EventSent;8238
16;40;01;EventSent;1
16;40;00;EventSent;1
16;40;01;EventSent;6670
16;40;02;EventSent;4
16;40;01;EventSent;1
16;40;02;EventSent;6560
16;40;03;EventSent;7898
16;40;04;EventSent;8453
16;40;05;EventSent;9190
16;40;06;EventSent;6637
16;40;07;EventSent;7674
16;40;08;EventSent;8557
16;40;09;EventSent;8526
16;40;10;EventSent;1
16;40;09;EventSent;1
16;40;10;EventSent;7
16;40;09;EventSent;1
16;40;10;EventSent;1
16;40;09;EventSent;6
16;40;10;EventSent;8243
16;40;11;EventSent;9020
16;40;12;EventSent;9110
16;40;13;EventSent;8412
16;40;14;EventSent;9107
16;40;15;EventSent;8797
16;40;16;EventSent;8750
16;40;17;EventSent;8862
16;40;18;EventSent;9107
16;40;19;EventSent;15
16;40;18;EventSent;6
16;40;19;EventSent;8397
16;40;20;EventSent;9175
16;40;21;EventSent;9208
16;40;22;EventSent;8272
16;40;23;EventSent;3
16;40;22;EventSent;1
16;40;23;EventSent;8633
16;40;24;EventSent;9071
16;40;25;EventSent;6731
16;40;26;EventSent;8145
16;40;27;EventSent;204
16;40;26;EventSent;1
16;40;27;EventSent;7
16;40;26;EventSent;1
16;40;27;EventSent;1
16;40;26;EventSent;1
16;40;27;EventSent;2
16;40;26;EventSent;2
16;40;27;EventSent;7733
16;40;28;EventSent;7887
16;40;29;EventSent;14
16;40;28;EventSent;2
16;40;29;EventSent;6733
16;40;30;EventSent;8550
16;40;31;EventSent;8706
16;40;32;EventSent;1
16;40;31;EventSent;2
16;40;32;EventSent;8620
16;40;33;EventSent;8224
16;40;34;EventSent;9360
16;40;35;EventSent;8504
16;40;36;EventSent;9318
16;40;37;EventSent;8880
16;40;38;EventSent;9467
16;40;39;EventSent;8073
16;40;40;EventSent;8769
16;40;41;EventSent;9286
16;40;42;EventSent;9089
16;40;43;EventSent;7595
16;40;44;EventSent;7200
16;40;45;EventSent;1
16;40;44;EventSent;1
16;40;45;EventSent;6680
16;40;46;EventSent;1
16;40;45;EventSent;2
16;40;46;EventSent;7956
16;40;47;EventSent;8139
16;40;48;EventSent;8
16;40;47;EventSent;1
16;40;48;EventSent;2
16;40;47;EventSent;1
16;40;48;EventSent;8148
16;40;49;EventSent;8619
16;40;50;EventSent;8703
16;40;51;EventSent;8313
16;40;52;EventSent;9446
16;40;53;EventSent;8621
16;40;54;EventSent;9071
16;40;55;EventSent;6133
16;40;56;EventSent;26
16;40;55;EventSent;4
16;40;56;EventSent;6590
16;40;57;EventSent;4
16;40;56;EventSent;1
16;40;57;EventSent;7521
16;40;58;EventSent;8063
16;40;59;EventSent;8741
16;41;00;EventSent;6358
16;41;01;EventSent;8488
16;41;02;EventSent;8379
16;41;03;EventSent;8897
16;41;04;EventSent;12
16;41;03;EventSent;1
16;41;04;EventSent;8706
16;41;05;EventSent;8324
16;41;06;EventSent;1
16;41;05;EventSent;1
16;41;06;EventSent;7907
16;41;07;EventSent;5937
16;41;08;EventSent;1
16;41;07;EventSent;1
16;41;08;EventSent;3
16;41;07;EventSent;1
16;41;08;EventSent;9501
16;41;09;EventSent;8168
16;41;10;EventSent;8708
16;41;11;EventSent;4
16;41;10;EventSent;1
16;41;11;EventSent;8798
16;41;12;EventSent;8905
16;41;13;EventSent;7382
16;41;14;EventSent;8057
16;41;15;EventSent;7952
16;41;16;EventSent;8826
16;41;17;EventSent;7841
16;41;18;EventSent;9
16;41;17;EventSent;1
16;41;18;EventSent;8931
16;41;19;EventSent;1
16;41;18;EventSent;1
16;41;19;EventSent;8220
16;41;20;EventSent;7662
16;41;21;EventSent;8239
16;41;22;EventSent;1
16;41;21;EventSent;1
16;41;22;EventSent;1
16;41;21;EventSent;1
16;41;22;EventSent;1
16;41;21;EventSent;2
16;41;22;EventSent;1
16;41;21;EventSent;1
16;41;22;EventSent;1
16;41;21;EventSent;2
16;41;22;EventSent;4835
16;41;23;EventSent;7196
16;41;24;EventSent;11
16;41;23;EventSent;1
16;41;24;EventSent;6292
16;41;25;EventSent;6223
16;41;26;EventSent;3472
16;41;27;EventSent;6
16;41;26;EventSent;2
16;41;27;EventSent;6607
16;41;28;EventSent;7998
16;41;29;EventSent;8201
16;41;30;EventSent;7731
16;41;31;EventSent;12
16;41;30;EventSent;1
16;41;31;EventSent;5
16;41;30;EventSent;10
16;41;31;EventSent;8115
16;41;32;EventSent;8284
16;41;33;EventSent;9049
16;41;34;EventSent;9309
16;41;35;EventSent;8390
16;41;36;EventSent;7880
16;41;37;EventSent;5184
16;41;38;EventSent;8557
16;41;39;EventSent;7408
16;41;40;EventSent;7347
16;41;41;EventSent;6781
16;41;42;EventSent;8149
16;41;43;EventSent;9144
16;41;44;EventSent;8301
16;41;45;EventSent;8748
16;41;46;EventSent;9056
16;41;47;EventSent;6164
16;41;48;EventSent;9382
16;41;49;EventSent;9034
16;41;50;EventSent;8643
16;41;51;EventSent;9267
16;41;52;EventSent;6112
16;41;53;EventSent;7271
16;41;54;EventSent;8801
16;41;55;EventSent;7240
16;41;56;EventSent;7458
16;41;57;EventSent;9022
16;41;58;EventSent;7518
16;41;59;EventSent;5498
16;42;00;EventSent;3194
16;42;01;EventSent;6030
16;42;02;EventSent;8542
16;42;03;EventSent;5792
16;42;04;EventSent;4431
16;42;05;EventSent;4401
16;42;06;EventSent;1
16;42;05;EventSent;1
16;42;06;EventSent;3272
16;42;07;EventSent;2
16;42;06;EventSent;2
16;42;07;EventSent;14
16;42;06;EventSent;3
16;42;07;EventSent;6660
16;42;08;EventSent;18
16;42;07;EventSent;1
16;42;08;EventSent;5740
16;42;09;EventSent;2
16;42;08;EventSent;1
16;42;09;EventSent;4
16;42;08;EventSent;3
16;42;09;EventSent;7400
16;42;10;EventSent;7
16;42;09;EventSent;1
16;42;10;EventSent;3
16;42;09;EventSent;1
16;42;10;EventSent;8265
16;42;11;EventSent;7537
16;42;12;EventSent;5716
16;42;13;EventSent;15
16;42;12;EventSent;5
16;42;13;EventSent;3292
16;42;14;EventSent;6113
16;42;15;EventSent;6
16;42;14;EventSent;5
16;42;15;EventSent;7656
16;42;16;EventSent;7983
16;42;17;EventSent;7799
16;42;18;EventSent;3
16;42;17;EventSent;1
16;42;18;EventSent;7583
16;42;19;EventSent;7385
16;42;20;EventSent;9379
16;42;21;EventSent;8177
16;42;22;EventSent;1
16;42;21;EventSent;3
16;42;22;EventSent;8441
16;42;23;EventSent;1
16;42;22;EventSent;1
16;42;23;EventSent;7866
16;42;24;EventSent;1
16;42;23;EventSent;1
16;42;24;EventSent;6727
16;42;25;EventSent;7781
16;42;26;EventSent;6376
16;42;27;EventSent;8009
16;42;28;EventSent;7918
16;42;29;EventSent;7484
16;42;30;EventSent;7747
16;42;31;EventSent;19
16;42;30;EventSent;3
16;42;31;EventSent;5681
16;42;32;EventSent;8229
16;42;33;EventSent;7326
16;42;34;EventSent;7798
16;42;35;EventSent;5927
16;42;36;EventSent;9139
16;42;37;EventSent;8524
16;42;38;EventSent;3
16;42;37;EventSent;1
16;42;38;EventSent;8269
16;42;39;EventSent;9170
16;42;40;EventSent;6865
16;42;41;EventSent;5601
16;42;42;EventSent;7714
16;42;43;EventSent;6783
16;42;44;EventSent;2
16;42;43;EventSent;2
16;42;44;EventSent;1
16;42;43;EventSent;1
16;42;44;EventSent;6
16;42;43;EventSent;1
16;42;44;EventSent;2
16;42;43;EventSent;1
16;42;44;EventSent;8092
16;42;45;EventSent;6180
16;42;46;EventSent;2
16;42;45;EventSent;1
16;42;46;EventSent;4
16;42;45;EventSent;1
16;42;46;EventSent;4
16;42;45;EventSent;15
16;42;46;EventSent;7614
16;42;47;EventSent;7664
16;42;48;EventSent;10
16;42;47;EventSent;1
16;42;48;EventSent;7005
16;42;49;EventSent;1
16;42;48;EventSent;6
16;42;49;EventSent;1
16;42;48;EventSent;8
16;42;49;EventSent;5606
16;42;50;EventSent;1
16;42;49;EventSent;1
16;42;50;EventSent;2
16;42;49;EventSent;1
16;42;50;EventSent;7652
16;42;51;EventSent;8538
16;42;52;EventSent;7056
16;42;53;EventSent;6138
16;42;54;EventSent;6260
16;42;55;EventSent;6906
16;42;56;EventSent;7124
16;42;57;EventSent;1
16;42;56;EventSent;2
16;42;57;EventSent;7120
16;42;58;EventSent;8328
16;42;59;EventSent;8354
16;43;00;EventSent;8217
16;43;01;EventSent;8546
16;43;02;EventSent;8816
16;43;03;EventSent;7710
16;43;04;EventSent;8552
16;43;05;EventSent;8167
16;43;06;EventSent;7874
16;43;07;EventSent;5859
16;43;08;EventSent;8160
16;43;09;EventSent;9225
16;43;10;EventSent;8684
16;43;11;EventSent;8773
16;43;12;EventSent;8717
16;43;13;EventSent;9146
16;43;14;EventSent;7981
16;43;15;EventSent;4
16;43;14;EventSent;1
16;43;15;EventSent;9143
16;43;16;EventSent;9670
16;43;17;EventSent;9160
16;43;18;EventSent;7650
16;43;19;EventSent;4013
16;43;20;EventSent;9010
16;43;21;EventSent;9642
16;43;22;EventSent;9290
16;43;23;EventSent;7801
16;43;24;EventSent;24
16;43;23;EventSent;1
16;43;24;EventSent;7921
16;43;25;EventSent;8880
16;43;26;EventSent;41
16;43;25;EventSent;1
16;43;26;EventSent;137
16;43;25;EventSent;1
16;43;26;EventSent;8271
16;43;27;EventSent;8040
16;43;28;EventSent;8667
16;43;29;EventSent;7722
16;43;30;EventSent;8144
16;43;31;EventSent;8720
16;43;32;EventSent;4
16;43;31;EventSent;1
16;43;32;EventSent;1
16;43;31;EventSent;1
16;43;32;EventSent;1
16;43;31;EventSent;2
16;43;32;EventSent;1
16;43;31;EventSent;1
16;43;32;EventSent;4
16;43;31;EventSent;3
16;43;32;EventSent;8721
16;43;33;EventSent;8822
16;43;34;EventSent;16
16;43;33;EventSent;1
16;43;34;EventSent;8028
16;43;35;EventSent;2
16;43;34;EventSent;1
16;43;35;EventSent;7970
16;43;36;EventSent;7307
16;43;37;EventSent;1
16;43;36;EventSent;1
16;43;37;EventSent;9416
16;43;38;EventSent;19
16;43;37;EventSent;1
16;43;38;EventSent;9604
16;43;39;EventSent;9592
16;43;40;EventSent;8912
16;43;41;EventSent;8833
16;43;42;EventSent;9224
16;43;43;EventSent;8299
16;43;44;EventSent;9391
16;43;45;EventSent;8580
16;43;46;EventSent;8882
16;43;47;EventSent;8332
16;43;48;EventSent;8599
16;43;49;EventSent;8879
16;43;50;EventSent;8862
16;43;51;EventSent;9385
16;43;52;EventSent;7031
16;43;53;EventSent;9520
16;43;54;EventSent;8095
16;43;55;EventSent;8430
16;43;56;EventSent;8810
16;43;57;EventSent;8188
16;43;58;EventSent;8269
16;43;59;EventSent;8604
16;44;00;EventSent;8409
16;44;01;EventSent;8553
16;44;02;EventSent;7811
16;44;03;EventSent;6028
16;44;04;EventSent;6772
16;44;05;EventSent;19
16;44;04;EventSent;3
16;44;05;EventSent;7839
16;44;06;EventSent;8942
16;44;07;EventSent;8731
16;44;08;EventSent;8970
16;44;09;EventSent;8543
16;44;10;EventSent;8221
16;44;11;EventSent;9086
16;44;12;EventSent;9032
16;44;13;EventSent;8804
16;44;14;EventSent;9471
16;44;15;EventSent;8089
16;44;16;EventSent;7309
16;44;17;EventSent;8264
16;44;18;EventSent;1
16;44;17;EventSent;1
16;44;18;EventSent;9487
16;44;19;EventSent;8894
16;44;20;EventSent;8568
16;44;21;EventSent;9395
16;44;22;EventSent;8892
16;44;23;EventSent;11
16;44;22;EventSent;9
16;44;23;EventSent;7489
16;44;24;EventSent;8932
16;44;25;EventSent;2
16;44;24;EventSent;1
16;44;25;EventSent;8088
16;44;26;EventSent;8681
16;44;27;EventSent;9213
16;44;28;EventSent;6999
16;44;29;EventSent;7012
16;44;30;EventSent;8885
16;44;31;EventSent;8543
16;44;32;EventSent;8324
16;44;33;EventSent;8519
16;44;34;EventSent;9329
16;44;35;EventSent;7648
16;44;36;EventSent;8668
16;44;37;EventSent;7513
16;44;38;EventSent;8638
16;44;39;EventSent;8838
16;44;40;EventSent;9030
16;44;41;EventSent;8785
16;44;42;EventSent;8283
16;44;43;EventSent;9234
16;44;44;EventSent;8943
16;44;45;EventSent;7817
16;44;46;EventSent;7412
16;44;47;EventSent;9150
16;44;48;EventSent;9379
16;44;49;EventSent;9030
16;44;50;EventSent;8715
16;44;51;EventSent;7954
16;44;52;EventSent;8054
16;44;53;EventSent;9527
16;44;54;EventSent;8404
16;44;55;EventSent;8418
16;44;56;EventSent;8711
16;44;57;EventSent;9447
16;44;58;EventSent;6973
16;44;59;EventSent;4205
16;45;00;EventSent;8379
16;45;01;EventSent;2
16;45;00;EventSent;2
16;45;01;EventSent;9416
16;45;02;EventSent;9221
16;45;03;EventSent;5084
16;45;04;EventSent;9094
16;45;05;EventSent;7929
16;45;06;EventSent;9535
16;45;07;EventSent;7289
16;45;08;EventSent;7875
16;45;09;EventSent;8411
16;45;10;EventSent;6456
16;45;11;EventSent;9040
16;45;12;EventSent;7992
16;45;13;EventSent;8709
16;45;14;EventSent;8961
16;45;15;EventSent;8718
16;45;16;EventSent;2
16;45;15;EventSent;1
16;45;16;EventSent;8983
16;45;17;EventSent;8
16;45;16;EventSent;1
16;45;17;EventSent;7931
16;45;18;EventSent;7
16;45;17;EventSent;1
16;45;18;EventSent;7830
16;45;19;EventSent;6874
16;45;20;EventSent;11
16;45;19;EventSent;1
16;45;20;EventSent;2
16;45;19;EventSent;11
16;45;20;EventSent;6762
16;45;21;EventSent;8405
16;45;22;EventSent;8925
16;45;23;EventSent;1
16;45;22;EventSent;1
16;45;23;EventSent;9115
16;45;24;EventSent;9529
16;45;25;EventSent;8931
16;45;26;EventSent;8930
16;45;27;EventSent;8760
16;45;28;EventSent;9520
16;45;29;EventSent;8647
16;45;30;EventSent;8759
16;45;31;EventSent;9174
16;45;32;EventSent;1
16;45;31;EventSent;2
16;45;32;EventSent;1
16;45;31;EventSent;1
16;45;32;EventSent;1
16;45;31;EventSent;2
16;45;32;EventSent;1
16;45;31;EventSent;1
16;45;32;EventSent;9298
16;45;33;EventSent;9461
16;45;34;EventSent;9561
16;45;35;EventSent;8939
16;45;36;EventSent;8604
16;45;37;EventSent;7739
16;45;38;EventSent;6707
16;45;39;EventSent;8811
16;45;40;EventSent;8746
16;45;41;EventSent;8721
16;45;42;EventSent;9149
16;45;43;EventSent;8589
16;45;44;EventSent;9076
16;45;45;EventSent;13
16;45;44;EventSent;7
16;45;45;EventSent;6
16;45;44;EventSent;5
16;45;45;EventSent;8517
16;45;46;EventSent;9042
16;45;47;EventSent;4062
16;45;48;EventSent;44
16;45;47;EventSent;1
16;45;48;EventSent;7
16;45;47;EventSent;1
16;45;48;EventSent;8351
16;45;49;EventSent;8435
16;45;50;EventSent;9409
16;45;51;EventSent;9400
16;45;52;EventSent;8887
16;45;53;EventSent;9309
16;45;54;EventSent;8730
16;45;55;EventSent;7101
16;45;56;EventSent;8584
16;45;57;EventSent;8841
16;45;58;EventSent;8506
16;45;59;EventSent;9690
16;46;00;EventSent;9556
16;46;01;EventSent;8075
16;46;02;EventSent;8979
16;46;03;EventSent;9133
16;46;04;EventSent;8835
16;46;05;EventSent;6023
16;46;06;EventSent;19
16;46;05;EventSent;2
16;46;06;EventSent;5635
16;46;07;EventSent;8911
16;46;08;EventSent;9149
16;46;09;EventSent;9011
16;46;10;EventSent;8524
16;46;11;EventSent;8793
16;46;12;EventSent;9195
16;46;13;EventSent;6186
16;46;14;EventSent;8823
16;46;15;EventSent;9200
16;46;16;EventSent;9583
16;46;17;EventSent;9374
16;46;18;EventSent;7801
16;46;19;EventSent;7251
16;46;20;EventSent;2
16;46;19;EventSent;1
16;46;20;EventSent;8913
16;46;21;EventSent;8049
16;46;22;EventSent;9064
16;46;23;EventSent;8875
16;46;24;EventSent;6731
16;46;25;EventSent;7761
16;46;26;EventSent;8010
16;46;27;EventSent;6
16;46;26;EventSent;1
16;46;27;EventSent;5
16;46;26;EventSent;1
16;46;27;EventSent;8677
16;46;28;EventSent;9657
16;46;29;EventSent;9482
16;46;30;EventSent;7503
16;46;31;EventSent;8498
16;46;32;EventSent;8474
16;46;33;EventSent;8032
16;46;34;EventSent;7395
16;46;35;EventSent;6462
16;46;36;EventSent;8942
16;46;37;EventSent;6951
16;46;38;EventSent;2
16;46;37;EventSent;19
16;46;38;EventSent;8608
16;46;39;EventSent;9064
16;46;40;EventSent;5931
16;46;41;EventSent;2
16;46;40;EventSent;1
16;46;41;EventSent;8
16;46;40;EventSent;3
16;46;41;EventSent;6457
16;46;42;EventSent;9033
16;46;43;EventSent;8747
16;46;44;EventSent;9047
16;46;45;EventSent;7288
16;46;46;EventSent;8865
16;46;47;EventSent;6990
16;46;48;EventSent;8340
16;46;49;EventSent;8645
16;46;50;EventSent;7767
16;46;51;EventSent;6
16;46;50;EventSent;1
16;46;51;EventSent;7619
16;46;52;EventSent;7458
16;46;53;EventSent;8247
16;46;54;EventSent;1
16;46;53;EventSent;1
16;46;54;EventSent;7990
16;46;55;EventSent;8832
16;46;56;EventSent;8264
16;46;57;EventSent;8773
16;46;58;EventSent;1
16;46;57;EventSent;1
16;46;58;EventSent;8938
16;46;59;EventSent;8093
16;47;00;EventSent;7795
16;47;01;EventSent;7479
16;47;02;EventSent;18
16;47;01;EventSent;1
16;47;02;EventSent;6946
16;47;03;EventSent;4
16;47;02;EventSent;1
16;47;03;EventSent;8601
16;47;04;EventSent;9327
16;47;05;EventSent;9184
16;47;06;EventSent;9452
16;47;07;EventSent;8049
16;47;08;EventSent;8165
16;47;09;EventSent;6302
16;47;10;EventSent;7626
16;47;11;EventSent;7976
16;47;12;EventSent;2
16;47;11;EventSent;1
16;47;12;EventSent;1
16;47;11;EventSent;1
16;47;12;EventSent;8562
16;47;13;EventSent;7481
16;47;14;EventSent;2
16;47;13;EventSent;2
16;47;14;EventSent;8624
16;47;15;EventSent;8050
16;47;16;EventSent;7596
16;47;17;EventSent;8674
16;47;18;EventSent;8613
16;47;19;EventSent;8473
16;47;20;EventSent;48
16;47;19;EventSent;1
16;47;20;EventSent;8557
16;47;21;EventSent;8959
16;47;22;EventSent;8043
16;47;23;EventSent;9105
16;47;24;EventSent;6570
16;47;25;EventSent;8405
16;47;26;EventSent;8762
16;47;27;EventSent;7060
16;47;28;EventSent;9415
16;47;29;EventSent;9138
16;47;30;EventSent;5
16;47;29;EventSent;1
16;47;30;EventSent;9128
16;47;31;EventSent;8909
16;47;32;EventSent;2
16;47;31;EventSent;2
16;47;32;EventSent;9519
16;47;33;EventSent;9350
16;47;34;EventSent;9604
16;47;35;EventSent;8964
16;47;36;EventSent;9372
16;47;37;EventSent;9242
16;47;38;EventSent;9291
16;47;39;EventSent;9178
16;47;40;EventSent;9481
16;47;41;EventSent;8694
16;47;42;EventSent;8766
16;47;43;EventSent;10
16;47;42;EventSent;11
16;47;43;EventSent;7516
16;47;44;EventSent;8402
16;47;45;EventSent;9236
16;47;46;EventSent;9571
16;47;47;EventSent;9305
16;47;48;EventSent;9203
16;47;49;EventSent;8812
16;47;50;EventSent;8952
16;47;51;EventSent;8932
16;47;52;EventSent;9065
16;47;53;EventSent;9199
16;47;54;EventSent;1
16;47;53;EventSent;1
16;47;54;EventSent;2
16;47;53;EventSent;1
16;47;54;EventSent;9502
16;47;55;EventSent;3
16;47;54;EventSent;1
16;47;55;EventSent;9011
16;47;56;EventSent;8137
16;47;57;EventSent;8231
16;47;58;EventSent;9238
16;47;59;EventSent;9
16;47;58;EventSent;1
16;47;59;EventSent;6589
16;48;00;EventSent;9188
16;48;01;EventSent;9138
16;48;02;EventSent;8529
16;48;03;EventSent;8921
16;48;04;EventSent;9323
16;48;05;EventSent;8844
16;48;06;EventSent;9573
16;48;07;EventSent;9433
16;48;08;EventSent;9233
16;48;09;EventSent;9588
16;48;10;EventSent;9524
16;48;11;EventSent;9260
16;48;12;EventSent;7929
16;48;13;EventSent;8762
16;48;14;EventSent;9242
16;48;15;EventSent;9027
16;48;16;EventSent;8324
16;48;17;EventSent;9168
16;48;18;EventSent;8963
16;48;19;EventSent;8338
16;48;20;EventSent;7554
16;48;21;EventSent;9321
16;48;22;EventSent;7999
16;48;23;EventSent;8482
16;48;24;EventSent;8600
16;48;25;EventSent;8709
16;48;26;EventSent;7772
16;48;27;EventSent;7411
16;48;28;EventSent;8101
16;48;29;EventSent;8330
16;48;30;EventSent;6532
16;48;31;EventSent;6
16;48;30;EventSent;1
16;48;31;EventSent;6
16;48;30;EventSent;1
16;48;31;EventSent;5080
16;48;32;EventSent;9525
16;48;33;EventSent;4
16;48;32;EventSent;1
16;48;33;EventSent;7
16;48;32;EventSent;1
16;48;33;EventSent;8895
16;48;34;EventSent;3
16;48;33;EventSent;7
16;48;34;EventSent;2
16;48;33;EventSent;1
16;48;34;EventSent;6722
16;48;35;EventSent;8518
16;48;36;EventSent;7674
16;48;37;EventSent;24
16;48;36;EventSent;1
16;48;37;EventSent;6959
16;48;38;EventSent;8418
16;48;39;EventSent;3
16;48;38;EventSent;4
16;48;39;EventSent;7898
16;48;40;EventSent;8324
16;48;41;EventSent;7167
16;48;42;EventSent;8733
16;48;43;EventSent;8953
16;48;44;EventSent;7829
16;48;45;EventSent;6670
16;48;46;EventSent;8732
16;48;47;EventSent;6925
16;48;48;EventSent;8363
16;48;49;EventSent;8550
16;48;50;EventSent;6779
16;48;51;EventSent;1
16;48;50;EventSent;1
16;48;51;EventSent;10
16;48;50;EventSent;6
16;48;51;EventSent;5695
16;48;52;EventSent;9064
16;48;53;EventSent;7336
16;48;54;EventSent;8070
16;48;55;EventSent;8455
16;48;56;EventSent;8981
16;48;57;EventSent;8202
16;48;58;EventSent;8473
16;48;59;EventSent;8837
16;49;00;EventSent;9153
16;49;01;EventSent;8034
16;49;02;EventSent;42
16;49;01;EventSent;1
16;49;02;EventSent;7733
16;49;03;EventSent;6994
16;49;04;EventSent;2
16;49;03;EventSent;1
16;49;04;EventSent;3
16;49;03;EventSent;1
16;49;04;EventSent;8203
16;49;05;EventSent;6174
16;49;06;EventSent;3111
16;49;07;EventSent;3345
16;49;08;EventSent;7640
16;49;09;EventSent;12
16;49;08;EventSent;9
16;49;09;EventSent;8756
16;49;10;EventSent;7768
16;49;11;EventSent;7903
16;49;12;EventSent;9119
16;49;13;EventSent;8359
16;49;14;EventSent;8453
16;49;15;EventSent;8608
16;49;16;EventSent;8441
16;49;17;EventSent;8887
16;49;18;EventSent;8817
16;49;19;EventSent;8187
16;49;20;EventSent;6725
16;49;21;EventSent;8947
16;49;22;EventSent;8310
16;49;23;EventSent;6668
16;49;24;EventSent;8806
16;49;25;EventSent;5551
16;49;26;EventSent;8659
16;49;27;EventSent;7874
16;49;28;EventSent;9276
16;49;29;EventSent;7551
16;49;30;EventSent;8904
16;49;31;EventSent;8562
16;49;32;EventSent;8540
16;49;33;EventSent;21
16;49;32;EventSent;1
16;49;33;EventSent;11
16;49;32;EventSent;1
16;49;33;EventSent;8849
16;49;34;EventSent;9450
16;49;35;EventSent;9479
16;49;36;EventSent;8647
16;49;37;EventSent;9276
16;49;38;EventSent;1
16;49;37;EventSent;1
16;49;38;EventSent;8630
16;49;39;EventSent;8798
16;49;40;EventSent;8213
16;49;41;EventSent;8505
16;49;42;EventSent;8648
16;49;43;EventSent;9267
16;49;44;EventSent;8364
16;49;45;EventSent;7065
16;49;46;EventSent;8106
16;49;47;EventSent;12
16;49;46;EventSent;1
16;49;47;EventSent;8654
16;49;48;EventSent;8862
16;49;49;EventSent;8056
16;49;50;EventSent;8855
16;49;51;EventSent;7294
16;49;52;EventSent;6476
16;49;53;EventSent;2
16;49;52;EventSent;2
16;49;53;EventSent;2
16;49;52;EventSent;2
16;49;53;EventSent;3
16;49;52;EventSent;2
16;49;53;EventSent;8209
16;49;54;EventSent;8500
16;49;55;EventSent;7041
16;49;56;EventSent;8012
16;49;57;EventSent;8512
16;49;58;EventSent;6
16;49;57;EventSent;1
16;49;58;EventSent;9039
16;49;59;EventSent;9273
16;50;00;EventSent;1
16;49;59;EventSent;1
16;50;00;EventSent;9076
16;50;01;EventSent;1
16;50;00;EventSent;1
16;50;01;EventSent;8762
16;50;02;EventSent;5820
16;50;03;EventSent;8482
16;50;04;EventSent;8816
16;50;05;EventSent;9101
16;50;06;EventSent;9540
16;50;07;EventSent;8497
16;50;08;EventSent;5685
16;50;09;EventSent;7499
16;50;10;EventSent;1
16;50;09;EventSent;1
16;50;10;EventSent;8337
16;50;11;EventSent;8909
16;50;12;EventSent;9062
16;50;13;EventSent;12
16;50;12;EventSent;1
16;50;13;EventSent;8084
16;50;14;EventSent;8516
16;50;15;EventSent;8989
16;50;16;EventSent;8117
16;50;17;EventSent;8266
16;50;18;EventSent;9093
16;50;19;EventSent;9146
16;50;20;EventSent;8776
16;50;21;EventSent;8343
16;50;22;EventSent;1
16;50;21;EventSent;1
16;50;22;EventSent;8795
16;50;23;EventSent;8932
16;50;24;EventSent;9434
16;50;25;EventSent;7750
16;50;26;EventSent;6908
16;50;27;EventSent;8227
16;50;28;EventSent;9077
16;50;29;EventSent;8650
16;50;30;EventSent;11
16;50;29;EventSent;1
16;50;30;EventSent;17
16;50;29;EventSent;1
16;50;30;EventSent;9201
16;50;31;EventSent;8045
16;50;32;EventSent;7514
16;50;33;EventSent;8093
16;50;34;EventSent;8897
16;50;35;EventSent;7474
16;50;36;EventSent;7173
16;50;37;EventSent;7297
16;50;38;EventSent;9566
16;50;39;EventSent;1
16;50;38;EventSent;1
16;50;39;EventSent;9460
16;50;40;EventSent;9477
16;50;41;EventSent;8522
16;50;42;EventSent;8124
16;50;43;EventSent;33
16;50;42;EventSent;2
16;50;43;EventSent;8508
16;50;44;EventSent;9346
16;50;45;EventSent;9510
16;50;46;EventSent;9063
16;50;47;EventSent;16
16;50;46;EventSent;6
16;50;47;EventSent;8264
16;50;48;EventSent;8375
16;50;49;EventSent;8525
16;50;50;EventSent;2
16;50;49;EventSent;1
16;50;50;EventSent;7583
16;50;51;EventSent;7696
16;50;52;EventSent;9487
16;50;53;EventSent;9328
16;50;54;EventSent;9096
16;50;55;EventSent;8818
16;50;56;EventSent;6343
16;50;57;EventSent;8257
16;50;58;EventSent;19
16;50;57;EventSent;1
16;50;58;EventSent;8655
16;50;59;EventSent;6
16;50;58;EventSent;12
16;50;59;EventSent;8155
16;51;00;EventSent;27
16;50;59;EventSent;1
16;51;00;EventSent;7647
16;51;01;EventSent;9142
16;51;02;EventSent;8952
16;51;03;EventSent;8192
16;51;04;EventSent;8738
16;51;05;EventSent;6524
16;51;06;EventSent;6414
16;51;07;EventSent;3
16;51;06;EventSent;1
16;51;07;EventSent;8910
16;51;08;EventSent;8557
16;51;09;EventSent;9204
16;51;10;EventSent;8977
16;51;11;EventSent;9322
16;51;12;EventSent;9025
16;51;13;EventSent;8732
16;51;14;EventSent;8876
16;51;15;EventSent;8408
16;51;16;EventSent;8626
16;51;17;EventSent;8439
16;51;18;EventSent;8995
16;51;19;EventSent;7760
16;51;20;EventSent;8244
16;51;21;EventSent;8704
16;51;22;EventSent;9517
16;51;23;EventSent;9286
16;51;24;EventSent;7563
16;51;25;EventSent;8400
16;51;26;EventSent;7926
16;51;27;EventSent;7299
16;51;28;EventSent;8647
16;51;29;EventSent;7783
16;51;30;EventSent;21
16;51;29;EventSent;1
16;51;30;EventSent;9463
16;51;31;EventSent;9079
16;51;32;EventSent;8924
16;51;33;EventSent;8591
16;51;34;EventSent;8543
16;51;35;EventSent;8513
16;51;36;EventSent;8268
16;51;37;EventSent;8888
16;51;38;EventSent;6791
16;51;39;EventSent;9001
16;51;40;EventSent;7913
16;51;41;EventSent;8223
16;51;42;EventSent;1
16;51;41;EventSent;1
16;51;42;EventSent;18
16;51;41;EventSent;1
16;51;42;EventSent;7811
16;51;43;EventSent;8133
16;51;44;EventSent;9147
16;51;45;EventSent;8798
16;51;46;EventSent;8462
16;51;47;EventSent;1
16;51;46;EventSent;1
16;51;47;EventSent;8613
16;51;48;EventSent;1
16;51;47;EventSent;1
16;51;48;EventSent;8210
16;51;49;EventSent;6
16;51;48;EventSent;1
16;51;49;EventSent;1
16;51;48;EventSent;1
16;51;49;EventSent;8821
16;51;50;EventSent;9343
16;51;51;EventSent;7315
16;51;52;EventSent;7991
16;51;53;EventSent;8987
16;51;54;EventSent;7581
16;51;55;EventSent;9054
16;51;56;EventSent;1
16;51;55;EventSent;1
16;51;56;EventSent;8101
16;51;57;EventSent;8811
16;51;58;EventSent;8017
16;51;59;EventSent;7850
16;52;00;EventSent;8731
16;52;01;EventSent;9281
16;52;02;EventSent;9332
16;52;03;EventSent;8731
16;52;04;EventSent;7926
16;52;05;EventSent;9089
16;52;06;EventSent;8829
16;52;07;EventSent;1
16;52;06;EventSent;1
16;52;07;EventSent;8920
16;52;08;EventSent;9007
16;52;09;EventSent;9218
16;52;10;EventSent;8740
16;52;11;EventSent;9285
16;52;12;EventSent;8423
16;52;13;EventSent;8550
16;52;14;EventSent;8790
16;52;15;EventSent;6580
16;52;16;EventSent;9348
16;52;17;EventSent;9134
16;52;18;EventSent;8467
16;52;19;EventSent;8728
16;52;20;EventSent;9536
16;52;21;EventSent;8999
16;52;22;EventSent;9320
16;52;23;EventSent;8775
16;52;24;EventSent;6953
16;52;25;EventSent;9237
16;52;26;EventSent;7643
16;52;27;EventSent;9406
16;52;28;EventSent;3
16;52;27;EventSent;1
16;52;28;EventSent;9030
16;52;29;EventSent;8918
16;52;30;EventSent;2
16;52;29;EventSent;1
16;52;30;EventSent;9412
16;52;31;EventSent;8576
16;52;32;EventSent;3
16;52;31;EventSent;1
16;52;32;EventSent;28
16;52;31;EventSent;4
16;52;32;EventSent;8983
16;52;33;EventSent;9102
16;52;34;EventSent;9
16;52;33;EventSent;1
16;52;34;EventSent;8374
16;52;35;EventSent;9034
16;52;36;EventSent;8211
16;52;37;EventSent;9067
16;52;38;EventSent;8702
16;52;39;EventSent;9335
16;52;40;EventSent;9010
16;52;41;EventSent;7750
16;52;42;EventSent;8512
16;52;43;EventSent;5
16;52;42;EventSent;1
16;52;43;EventSent;1
16;52;42;EventSent;1
16;52;43;EventSent;8845
16;52;44;EventSent;8433
16;52;45;EventSent;8456
16;52;46;EventSent;7338
16;52;47;EventSent;9189
16;52;48;EventSent;7452
16;52;49;EventSent;2
16;52;48;EventSent;1
16;52;49;EventSent;8634
16;52;50;EventSent;9127
16;52;51;EventSent;9152
16;52;52;EventSent;8539
16;52;53;EventSent;1
16;52;52;EventSent;1
16;52;53;EventSent;8102
16;52;54;EventSent;8373
16;52;55;EventSent;8455
16;52;56;EventSent;2
16;52;55;EventSent;1
16;52;56;EventSent;8949
16;52;57;EventSent;8357
16;52;58;EventSent;7835
16;52;59;EventSent;9253
16;53;00;EventSent;8983
16;53;01;EventSent;8746
16;53;02;EventSent;4264
16;53;03;EventSent;3
16;53;02;EventSent;17
16;53;03;EventSent;8835
16;53;04;EventSent;9178
16;53;05;EventSent;20
16;53;04;EventSent;1
16;53;05;EventSent;1
16;53;04;EventSent;1
16;53;05;EventSent;8819
16;53;06;EventSent;7883
16;53;07;EventSent;9304
16;53;08;EventSent;1
16;53;07;EventSent;2
16;53;08;EventSent;9027
16;53;09;EventSent;7866
16;53;10;EventSent;9124
16;53;11;EventSent;9005
16;53;12;EventSent;8233
16;53;13;EventSent;8822
16;53;14;EventSent;5
16;53;13;EventSent;2
16;53;14;EventSent;9206
16;53;15;EventSent;9307
16;53;16;EventSent;9055
16;53;17;EventSent;2
16;53;16;EventSent;1
16;53;17;EventSent;9195
16;53;18;EventSent;7
16;53;17;EventSent;1
16;53;18;EventSent;7
16;53;17;EventSent;1
16;53;18;EventSent;8834
16;53;19;EventSent;8445
16;53;20;EventSent;7641
16;53;21;EventSent;6947
16;53;22;EventSent;8042
16;53;23;EventSent;7809
16;53;24;EventSent;9012
16;53;25;EventSent;8438
16;53;26;EventSent;8411
16;53;27;EventSent;8323
16;53;28;EventSent;8305
16;53;29;EventSent;9149
16;53;30;EventSent;8754
16;53;31;EventSent;8801
16;53;32;EventSent;8487
16;53;33;EventSent;8809
16;53;34;EventSent;8832
16;53;35;EventSent;9037
16;53;36;EventSent;8947
16;53;37;EventSent;9027
16;53;38;EventSent;1
16;53;37;EventSent;1
16;53;38;EventSent;8615
16;53;39;EventSent;8986
16;53;40;EventSent;7991
16;53;41;EventSent;2
16;53;40;EventSent;1
16;53;41;EventSent;9202
16;53;42;EventSent;8817
16;53;43;EventSent;8302
16;53;44;EventSent;9104
16;53;45;EventSent;8969
16;53;46;EventSent;9201
16;53;47;EventSent;9080
16;53;48;EventSent;8246
16;53;49;EventSent;9013
16;53;50;EventSent;9310
16;53;51;EventSent;1
16;53;50;EventSent;1
16;53;51;EventSent;8809
16;53;52;EventSent;9480
16;53;53;EventSent;8505
16;53;54;EventSent;3
16;53;53;EventSent;2
16;53;54;EventSent;9316
16;53;55;EventSent;9301
16;53;56;EventSent;8196
16;53;57;EventSent;8926
16;53;58;EventSent;8310
16;53;59;EventSent;9231
16;54;00;EventSent;8828
16;54;01;EventSent;8432
16;54;02;EventSent;8806
16;54;03;EventSent;8352
16;54;04;EventSent;9138
16;54;05;EventSent;7626
16;54;06;EventSent;8532
16;54;07;EventSent;9053
16;54;08;EventSent;8825
16;54;09;EventSent;7528
16;54;10;EventSent;8723
16;54;11;EventSent;7246
16;54;12;EventSent;8361
16;54;13;EventSent;1
16;54;12;EventSent;1
16;54;13;EventSent;7777
16;54;14;EventSent;8638
16;54;15;EventSent;6
16;54;14;EventSent;2
16;54;15;EventSent;2
16;54;14;EventSent;2
16;54;15;EventSent;8843
16;54;16;EventSent;8936
16;54;17;EventSent;8779
16;54;18;EventSent;8799
16;54;19;EventSent;8305
16;54;20;EventSent;4153
16;54;21;EventSent;16
16;54;20;EventSent;1
16;54;21;EventSent;3
16;54;20;EventSent;1
16;54;21;EventSent;7795
16;54;22;EventSent;8848
16;54;23;EventSent;1
16;54;22;EventSent;2
16;54;23;EventSent;4
16;54;22;EventSent;1
16;54;23;EventSent;8459
16;54;24;EventSent;9075
16;54;25;EventSent;8834
16;54;26;EventSent;7799
16;54;27;EventSent;7049
16;54;28;EventSent;8393
16;54;29;EventSent;8270
16;54;30;EventSent;8538
16;54;31;EventSent;3
16;54;30;EventSent;1
16;54;31;EventSent;9368
16;54;32;EventSent;6974
16;54;33;EventSent;8033
16;54;34;EventSent;9037
16;54;35;EventSent;8985
16;54;36;EventSent;8896
16;54;37;EventSent;9265
16;54;38;EventSent;7813
16;54;39;EventSent;9074
16;54;40;EventSent;7333
16;54;41;EventSent;7569
16;54;42;EventSent;9631
16;54;43;EventSent;1
16;54;42;EventSent;6
16;54;43;EventSent;9180
16;54;44;EventSent;1
16;54;43;EventSent;1
16;54;44;EventSent;8853
16;54;45;EventSent;8674
16;54;46;EventSent;8955
16;54;47;EventSent;8072
16;54;48;EventSent;21
16;54;47;EventSent;1
16;54;48;EventSent;9207
16;54;49;EventSent;8613
16;54;50;EventSent;6362
16;54;51;EventSent;8426
16;54;52;EventSent;7634
16;54;53;EventSent;9093
16;54;54;EventSent;8647
16;54;55;EventSent;6996
16;54;56;EventSent;11
16;54;55;EventSent;1
16;54;56;EventSent;6915
16;54;57;EventSent;7816
16;54;58;EventSent;8811
16;54;59;EventSent;8390
16;55;00;EventSent;8678
16;55;01;EventSent;1
16;55;00;EventSent;1
16;55;01;EventSent;2
16;55;00;EventSent;1
16;55;01;EventSent;8449
16;55;02;EventSent;7721
16;55;03;EventSent;8267
16;55;04;EventSent;9072
16;55;05;EventSent;9069
16;55;06;EventSent;8774
16;55;07;EventSent;8646
16;55;08;EventSent;2
16;55;07;EventSent;1
16;55;08;EventSent;9465
16;55;09;EventSent;4
16;55;08;EventSent;1
16;55;09;EventSent;8778
16;55;10;EventSent;9285
16;55;11;EventSent;8557
16;55;12;EventSent;9263
16;55;13;EventSent;9103
16;55;14;EventSent;7919
16;55;15;EventSent;6435
16;55;16;EventSent;7557
16;55;17;EventSent;8664
16;55;18;EventSent;8220
16;55;19;EventSent;8861
16;55;20;EventSent;8431
16;55;21;EventSent;8557
16;55;22;EventSent;9301
16;55;23;EventSent;9421
16;55;24;EventSent;8482
16;55;25;EventSent;9432
16;55;26;EventSent;8934
16;55;27;EventSent;9453
16;55;28;EventSent;9376
16;55;29;EventSent;8979
16;55;30;EventSent;8457
16;55;31;EventSent;6960
16;55;32;EventSent;9351
16;55;33;EventSent;8889
16;55;34;EventSent;9372
16;55;35;EventSent;9412
16;55;36;EventSent;9307
16;55;37;EventSent;3
16;55;36;EventSent;3
16;55;37;EventSent;1
16;55;36;EventSent;2
16;55;37;EventSent;9359
16;55;38;EventSent;8923
16;55;39;EventSent;7825
16;55;40;EventSent;7873
16;55;41;EventSent;8940
16;55;42;EventSent;8510
16;55;43;EventSent;7783
16;55;44;EventSent;9330
16;55;45;EventSent;9427
16;55;46;EventSent;9449
16;55;47;EventSent;9554
16;55;48;EventSent;8893
16;55;49;EventSent;9097
16;55;50;EventSent;8192
16;55;51;EventSent;8616
16;55;52;EventSent;2
16;55;51;EventSent;1
16;55;52;EventSent;1
16;55;51;EventSent;1
16;55;52;EventSent;3
16;55;51;EventSent;1
16;55;52;EventSent;8148
16;55;53;EventSent;1
16;55;52;EventSent;1
16;55;53;EventSent;9446
16;55;54;EventSent;1
16;55;53;EventSent;1
16;55;54;EventSent;9281
16;55;55;EventSent;8921
16;55;56;EventSent;7773
16;55;57;EventSent;8565
16;55;58;EventSent;11
16;55;57;EventSent;1
16;55;58;EventSent;2
16;55;57;EventSent;2
16;55;58;EventSent;8845
16;55;59;EventSent;9226
16;56;00;EventSent;9356
16;56;01;EventSent;8822
16;56;02;EventSent;8447
16;56;03;EventSent;1180
16;56;04;EventSent;12
16;56;03;EventSent;1
16;56;04;EventSent;8136
16;56;05;EventSent;9097
16;56;06;EventSent;3841
16;56;07;EventSent;17
16;56;06;EventSent;1
16;56;07;EventSent;3824
16;56;08;EventSent;8070
16;56;09;EventSent;5
16;56;08;EventSent;1
16;56;09;EventSent;9131
16;56;10;EventSent;8628
16;56;11;EventSent;31
16;56;10;EventSent;1
16;56;11;EventSent;9203
16;56;12;EventSent;7244
16;56;13;EventSent;7086
16;56;14;EventSent;4
16;56;13;EventSent;1
16;56;14;EventSent;9127
16;56;15;EventSent;9152
16;56;16;EventSent;2
16;56;15;EventSent;3
16;56;16;EventSent;6357
16;56;17;EventSent;2
16;56;16;EventSent;1
16;56;17;EventSent;9391
16;56;18;EventSent;9160
16;56;19;EventSent;9107
16;56;20;EventSent;8518
16;56;21;EventSent;8486
16;56;22;EventSent;8806
16;56;23;EventSent;8677
16;56;24;EventSent;9663
16;56;25;EventSent;9440
16;56;26;EventSent;7259
16;56;27;EventSent;9182
16;56;28;EventSent;9526
16;56;29;EventSent;9190
16;56;30;EventSent;2
16;56;29;EventSent;1
16;56;30;EventSent;5
16;56;29;EventSent;1
16;56;30;EventSent;9083
16;56;31;EventSent;7599
16;56;32;EventSent;9008
16;56;33;EventSent;5477
16;56;34;EventSent;8888
16;56;35;EventSent;1
16;56;34;EventSent;1
16;56;35;EventSent;7697
16;56;36;EventSent;8590
16;56;37;EventSent;19
16;56;36;EventSent;2
16;56;37;EventSent;8892
16;56;38;EventSent;9197
16;56;39;EventSent;8834
16;56;40;EventSent;8764
16;56;41;EventSent;8258
16;56;42;EventSent;7374
16;56;43;EventSent;8728
16;56;44;EventSent;8892
16;56;45;EventSent;7568
16;56;46;EventSent;8710
16;56;47;EventSent;9216
16;56;48;EventSent;9054
16;56;49;EventSent;7910
16;56;50;EventSent;9227
16;56;51;EventSent;10
16;56;50;EventSent;3
16;56;51;EventSent;2
16;56;50;EventSent;2
16;56;51;EventSent;8843
16;56;52;EventSent;8368
16;56;53;EventSent;9276
16;56;54;EventSent;9017
16;56;55;EventSent;9486
16;56;56;EventSent;8496
16;56;57;EventSent;8627
16;56;58;EventSent;8065
16;56;59;EventSent;8814
16;57;00;EventSent;7012
16;57;01;EventSent;11
16;57;00;EventSent;1
16;57;01;EventSent;8270
16;57;02;EventSent;9208
16;57;03;EventSent;8700
16;57;04;EventSent;9537
16;57;05;EventSent;9310
16;57;06;EventSent;9332
16;57;07;EventSent;9208
16;57;08;EventSent;1
16;57;07;EventSent;2
16;57;08;EventSent;8159
16;57;09;EventSent;5841
16;57;10;EventSent;10
16;57;09;EventSent;4
16;57;10;EventSent;6332
16;57;11;EventSent;7224
16;57;12;EventSent;7618
16;57;13;EventSent;9364
16;57;14;EventSent;8573
16;57;15;EventSent;8828
16;57;16;EventSent;5
16;57;15;EventSent;3
16;57;16;EventSent;9508
16;57;17;EventSent;7841
16;57;18;EventSent;2
16;57;17;EventSent;1
16;57;18;EventSent;9159
16;57;19;EventSent;9468
16;57;20;EventSent;9218
16;57;21;EventSent;9372
16;57;22;EventSent;8865
16;57;23;EventSent;7755
16;57;24;EventSent;9485
16;57;25;EventSent;9263
16;57;26;EventSent;9400
16;57;27;EventSent;9662
16;57;28;EventSent;8842
16;57;29;EventSent;9604
16;57;30;EventSent;9516
16;57;31;EventSent;9567
16;57;32;EventSent;9624
16;57;33;EventSent;9501
16;57;34;EventSent;9586
16;57;35;EventSent;9691
16;57;36;EventSent;9591
16;57;37;EventSent;9664
16;57;38;EventSent;9456
16;57;39;EventSent;1
16;57;38;EventSent;1
16;57;39;EventSent;2
16;57;38;EventSent;2
16;57;39;EventSent;9530
16;57;40;EventSent;9426
16;57;41;EventSent;9611
16;57;42;EventSent;9596
16;57;43;EventSent;9440
16;57;44;EventSent;5
16;57;43;EventSent;1
16;57;44;EventSent;9714
16;57;45;EventSent;9658
16;57;46;EventSent;9525
16;57;47;EventSent;9339
16;57;48;EventSent;9705
16;57;49;EventSent;9671
16;57;50;EventSent;9575
16;57;51;EventSent;9571
16;57;52;EventSent;1
16;57;51;EventSent;1
16;57;52;EventSent;4
16;57;51;EventSent;1
16;57;52;EventSent;8906
16;57;53;EventSent;8900
16;57;54;EventSent;4
16;57;53;EventSent;1
16;57;54;EventSent;1
16;57;53;EventSent;2
16;57;54;EventSent;8886
16;57;55;EventSent;7
16;57;54;EventSent;1
16;57;55;EventSent;8896
16;57;56;EventSent;9574
16;57;57;EventSent;8907
16;57;58;EventSent;9288
16;57;59;EventSent;9504
16;58;00;EventSent;9482
16;58;01;EventSent;8861
16;58;02;EventSent;9216
16;58;03;EventSent;9039
16;58;04;EventSent;9617
16;58;05;EventSent;9637
16;58;06;EventSent;9782
16;58;07;EventSent;9526
16;58;08;EventSent;9459
16;58;09;EventSent;9502
16;58;10;EventSent;9561
16;58;11;EventSent;9619
16;58;12;EventSent;9525
16;58;13;EventSent;9544
16;58;14;EventSent;9670
16;58;15;EventSent;9559
16;58;16;EventSent;9538
16;58;17;EventSent;9125
16;58;18;EventSent;9412
16;58;19;EventSent;9317
16;58;20;EventSent;9579
16;58;21;EventSent;9652
16;58;22;EventSent;9449
16;58;23;EventSent;9536
16;58;24;EventSent;9633
16;58;25;EventSent;9715
16;58;26;EventSent;9653
16;58;27;EventSent;9522
16;58;28;EventSent;9508
16;58;29;EventSent;9581
16;58;30;EventSent;9647
16;58;31;EventSent;9510
16;58;32;EventSent;9601
16;58;33;EventSent;9501
16;58;34;EventSent;9666
16;58;35;EventSent;9678
16;58;36;EventSent;2818
