hour;minute;second;event;total
16;26;02;EventSent;1005
16;26;03;EventSent;1
16;26;02;EventSent;1
16;26;03;EventSent;2952
16;26;04;EventSent;3
16;26;03;EventSent;2
16;26;04;EventSent;1
16;26;03;EventSent;1
16;26;04;EventSent;1
16;26;03;EventSent;1
16;26;04;EventSent;26
16;26;03;EventSent;2
16;26;04;EventSent;2829
16;26;05;EventSent;12
16;26;04;EventSent;1
16;26;05;EventSent;25
16;26;04;EventSent;6
16;26;05;EventSent;1
16;26;04;EventSent;2
16;26;05;EventSent;2505
16;26;06;EventSent;19
16;26;05;EventSent;2
16;26;06;EventSent;2275
16;26;07;EventSent;3354
16;26;08;EventSent;2
16;26;07;EventSent;1
16;26;08;EventSent;6
16;26;07;EventSent;2
16;26;08;EventSent;2
16;26;07;EventSent;1
16;26;08;EventSent;3364
16;26;09;EventSent;12
16;26;08;EventSent;2
16;26;09;EventSent;10
16;26;08;EventSent;1
16;26;09;EventSent;3368
16;26;10;EventSent;1859
16;26;11;EventSent;3315
16;26;12;EventSent;1
16;26;11;EventSent;5
16;26;12;EventSent;4033
16;26;13;EventSent;4
16;26;12;EventSent;1
16;26;13;EventSent;16
16;26;12;EventSent;3
16;26;13;EventSent;1
16;26;12;EventSent;1
16;26;13;EventSent;2
16;26;12;EventSent;1
16;26;13;EventSent;16
16;26;12;EventSent;1
16;26;13;EventSent;2
16;26;12;EventSent;1
16;26;13;EventSent;1
16;26;12;EventSent;1
16;26;13;EventSent;1
16;26;12;EventSent;2
16;26;13;EventSent;3031
16;26;14;EventSent;3969
16;26;15;EventSent;27
16;26;14;EventSent;3
16;26;15;EventSent;1
16;26;14;EventSent;1
16;26;15;EventSent;1
16;26;14;EventSent;7
16;26;15;EventSent;13
16;26;14;EventSent;2
16;26;15;EventSent;3095
16;26;16;EventSent;21
16;26;15;EventSent;5
16;26;16;EventSent;4
16;26;15;EventSent;8
16;26;16;EventSent;3737
16;26;17;EventSent;23
16;26;16;EventSent;1
16;26;17;EventSent;27
16;26;16;EventSent;1
16;26;17;EventSent;3
16;26;16;EventSent;1
16;26;17;EventSent;3404
16;26;18;EventSent;1
16;26;17;EventSent;1
16;26;18;EventSent;3498
16;26;19;EventSent;1
16;26;18;EventSent;8
16;26;19;EventSent;1
16;26;18;EventSent;4
16;26;19;EventSent;3439
16;26;20;EventSent;15
16;26;19;EventSent;3
16;26;20;EventSent;3566
16;26;21;EventSent;3685
16;26;22;EventSent;15
16;26;21;EventSent;1
16;26;22;EventSent;4
16;26;21;EventSent;2
16;26;22;EventSent;3770
16;26;23;EventSent;1
16;26;22;EventSent;9
16;26;23;EventSent;2
16;26;22;EventSent;2
16;26;23;EventSent;3
16;26;22;EventSent;1
16;26;23;EventSent;6
16;26;22;EventSent;1
16;26;23;EventSent;3260
16;26;24;EventSent;3760
16;26;25;EventSent;29
16;26;24;EventSent;4
16;26;25;EventSent;7
16;26;24;EventSent;1
16;26;25;EventSent;2339
16;26;26;EventSent;5090
16;26;27;EventSent;1
16;26;26;EventSent;1
16;26;27;EventSent;1
16;26;26;EventSent;2
16;26;27;EventSent;5548
16;26;28;EventSent;1
16;26;27;EventSent;2
16;26;28;EventSent;31
16;26;27;EventSent;2
16;26;28;EventSent;5430
16;26;29;EventSent;24
16;26;28;EventSent;2
16;26;29;EventSent;4
16;26;28;EventSent;4
16;26;29;EventSent;1
16;26;28;EventSent;5
16;26;29;EventSent;1
16;26;28;EventSent;1
16;26;29;EventSent;1
16;26;28;EventSent;2
16;26;29;EventSent;1
16;26;28;EventSent;4
16;26;29;EventSent;5118
16;26;30;EventSent;4
16;26;29;EventSent;1
16;26;30;EventSent;1
16;26;29;EventSent;1
16;26;30;EventSent;1
16;26;29;EventSent;1
16;26;30;EventSent;1
16;26;29;EventSent;1
16;26;30;EventSent;2
16;26;29;EventSent;3
16;26;30;EventSent;5471
16;26;31;EventSent;3
16;26;30;EventSent;1
16;26;31;EventSent;1
16;26;30;EventSent;4
16;26;31;EventSent;2
16;26;30;EventSent;2
16;26;31;EventSent;15
16;26;30;EventSent;1
16;26;31;EventSent;2
16;26;30;EventSent;1
16;26;31;EventSent;4759
16;26;32;EventSent;1
16;26;31;EventSent;1
16;26;32;EventSent;7
16;26;31;EventSent;1
16;26;32;EventSent;1
16;26;31;EventSent;1
16;26;32;EventSent;3741
16;26;33;EventSent;1
16;26;32;EventSent;17
16;26;33;EventSent;3
16;26;32;EventSent;1
16;26;33;EventSent;3664
16;26;34;EventSent;1
16;26;33;EventSent;1
16;26;34;EventSent;3236
16;26;35;EventSent;4
16;26;34;EventSent;2
16;26;35;EventSent;1
16;26;34;EventSent;1
16;26;35;EventSent;3
16;26;34;EventSent;2
16;26;35;EventSent;1293
16;26;36;EventSent;3604
16;26;37;EventSent;4995
16;26;38;EventSent;1
16;26;37;EventSent;2
16;26;38;EventSent;4985
16;26;39;EventSent;2
16;26;38;EventSent;3
16;26;39;EventSent;2
16;26;38;EventSent;1
16;26;39;EventSent;1
16;26;38;EventSent;1
16;26;39;EventSent;4
16;26;38;EventSent;1
16;26;39;EventSent;9
16;26;38;EventSent;3
16;26;39;EventSent;5036
16;26;40;EventSent;3
16;26;39;EventSent;1
16;26;40;EventSent;9
16;26;39;EventSent;1
16;26;40;EventSent;4881
16;26;41;EventSent;1033
16;26;45;EventSent;601
16;26;46;EventSent;2924
16;26;47;EventSent;1
16;26;46;EventSent;1
16;26;47;EventSent;3
16;26;46;EventSent;1
16;26;47;EventSent;7
16;26;46;EventSent;1
16;26;47;EventSent;3169
16;26;48;EventSent;3490
16;26;49;EventSent;1395
16;26;56;EventSent;2062
16;26;57;EventSent;7106
16;26;58;EventSent;1
16;26;57;EventSent;5
16;26;58;EventSent;7700
16;26;59;EventSent;6778
16;27;00;EventSent;5999
16;27;01;EventSent;4
16;27;00;EventSent;1
16;27;01;EventSent;7914
16;27;02;EventSent;5
16;27;01;EventSent;1
16;27;02;EventSent;11
16;27;01;EventSent;1
16;27;02;EventSent;7650
16;27;03;EventSent;2
16;27;02;EventSent;2
16;27;03;EventSent;4
16;27;02;EventSent;1
16;27;03;EventSent;1
16;27;02;EventSent;1
16;27;03;EventSent;1
16;27;02;EventSent;2
16;27;03;EventSent;6843
16;27;04;EventSent;6897
16;27;05;EventSent;8
16;27;04;EventSent;1
16;27;05;EventSent;4
16;27;04;EventSent;1
16;27;05;EventSent;6965
16;27;06;EventSent;6042
16;27;07;EventSent;7088
16;27;08;EventSent;6815
16;27;09;EventSent;4644
16;27;10;EventSent;1
16;27;09;EventSent;2
16;27;10;EventSent;4
16;27;09;EventSent;5
16;27;10;EventSent;6369
16;27;11;EventSent;3
16;27;10;EventSent;1
16;27;11;EventSent;9
16;27;10;EventSent;1
16;27;11;EventSent;8213
16;27;12;EventSent;4
16;27;11;EventSent;1
16;27;12;EventSent;6705
16;27;13;EventSent;7484
16;27;14;EventSent;7145
16;27;15;EventSent;1
16;27;14;EventSent;1
16;27;15;EventSent;8
16;27;14;EventSent;10
16;27;15;EventSent;6696
16;27;16;EventSent;8251
16;27;17;EventSent;7826
16;27;18;EventSent;7823
16;27;19;EventSent;2
16;27;18;EventSent;2
16;27;19;EventSent;1
16;27;18;EventSent;1
16;27;19;EventSent;8196
16;27;20;EventSent;15
16;27;19;EventSent;1
16;27;20;EventSent;8221
16;27;21;EventSent;5423
16;27;22;EventSent;8833
16;27;23;EventSent;7402
16;27;24;EventSent;4871
16;27;25;EventSent;8
16;27;24;EventSent;3
16;27;25;EventSent;6
16;27;24;EventSent;1
16;27;25;EventSent;7698
16;27;26;EventSent;5
16;27;25;EventSent;1
16;27;26;EventSent;6155
16;27;27;EventSent;1
16;27;26;EventSent;1
16;27;27;EventSent;1
16;27;26;EventSent;1
16;27;27;EventSent;1
16;27;26;EventSent;5
16;27;27;EventSent;8697
16;27;28;EventSent;7499
16;27;29;EventSent;6353
16;27;30;EventSent;5
16;27;29;EventSent;1
16;27;30;EventSent;7511
16;27;31;EventSent;1
16;27;30;EventSent;1
16;27;31;EventSent;8421
16;27;32;EventSent;7747
16;27;33;EventSent;6972
16;27;34;EventSent;1
16;27;33;EventSent;3
16;27;34;EventSent;8652
16;27;35;EventSent;1
16;27;34;EventSent;1
16;27;35;EventSent;7161
16;27;36;EventSent;7800
16;27;37;EventSent;1
16;27;36;EventSent;2
16;27;37;EventSent;1
16;27;36;EventSent;1
16;27;37;EventSent;1
16;27;36;EventSent;2
16;27;37;EventSent;9051
16;27;38;EventSent;8850
16;27;39;EventSent;8761
16;27;40;EventSent;8021
16;27;41;EventSent;11
16;27;40;EventSent;5
16;27;41;EventSent;7232
16;27;42;EventSent;7720
16;27;43;EventSent;3
16;27;42;EventSent;1
16;27;43;EventSent;8170
16;27;44;EventSent;7051
16;27;45;EventSent;14
16;27;44;EventSent;1
16;27;45;EventSent;8538
16;27;46;EventSent;8783
16;27;47;EventSent;9248
16;27;48;EventSent;7784
16;27;49;EventSent;14
16;27;48;EventSent;1
16;27;49;EventSent;6766
16;27;50;EventSent;6896
16;27;51;EventSent;7947
16;27;52;EventSent;7610
16;27;53;EventSent;7032
16;27;54;EventSent;8021
16;27;55;EventSent;6659
16;27;56;EventSent;2
16;27;55;EventSent;5
16;27;56;EventSent;9
16;27;55;EventSent;1
16;27;56;EventSent;8
16;27;55;EventSent;1
16;27;56;EventSent;2
16;27;55;EventSent;2
16;27;56;EventSent;5382
16;27;57;EventSent;5199
16;27;58;EventSent;8296
16;27;59;EventSent;26
16;27;58;EventSent;1
16;27;59;EventSent;7461
16;28;00;EventSent;7384
16;28;01;EventSent;8172
16;28;02;EventSent;7889
16;28;03;EventSent;7194
16;28;04;EventSent;5409
16;28;05;EventSent;7269
16;28;06;EventSent;146
16;28;05;EventSent;2
16;28;06;EventSent;1
16;28;05;EventSent;1
16;28;06;EventSent;6177
16;28;07;EventSent;5877
16;28;08;EventSent;8813
16;28;09;EventSent;5501
16;28;10;EventSent;7194
16;28;11;EventSent;6541
16;28;12;EventSent;9053
16;28;13;EventSent;7834
16;28;14;EventSent;8482
16;28;15;EventSent;7257
16;28;16;EventSent;6179
16;28;17;EventSent;7861
16;28;18;EventSent;14
16;28;17;EventSent;1
16;28;18;EventSent;8224
16;28;19;EventSent;5589
16;28;20;EventSent;8863
16;28;21;EventSent;6917
16;28;22;EventSent;8086
16;28;23;EventSent;8500
16;28;24;EventSent;6794
16;28;25;EventSent;7289
16;28;26;EventSent;4875
16;28;27;EventSent;6588
16;28;28;EventSent;7742
16;28;29;EventSent;6599
16;28;30;EventSent;8
16;28;29;EventSent;1
16;28;30;EventSent;3
16;28;29;EventSent;4
16;28;30;EventSent;8603
16;28;31;EventSent;6682
16;28;32;EventSent;6977
16;28;33;EventSent;24
16;28;32;EventSent;1
16;28;33;EventSent;6183
16;28;34;EventSent;4096
16;28;35;EventSent;17
16;28;34;EventSent;1
16;28;35;EventSent;2292
16;28;36;EventSent;6435
16;28;37;EventSent;29
16;28;36;EventSent;1
16;28;37;EventSent;7544
16;28;38;EventSent;2
16;28;37;EventSent;1
16;28;38;EventSent;8132
16;28;39;EventSent;6658
16;28;40;EventSent;33
16;28;39;EventSent;1
16;28;40;EventSent;1
16;28;39;EventSent;1
16;28;40;EventSent;5720
16;28;41;EventSent;6016
16;28;42;EventSent;16
16;28;41;EventSent;1
16;28;42;EventSent;7745
16;28;43;EventSent;6140
16;28;44;EventSent;3
16;28;43;EventSent;10
16;28;44;EventSent;14
16;28;43;EventSent;6
16;28;44;EventSent;7643
16;28;45;EventSent;4411
16;28;46;EventSent;1
16;28;45;EventSent;1
16;28;46;EventSent;2
16;28;45;EventSent;1
16;28;46;EventSent;2
16;28;45;EventSent;1
16;28;46;EventSent;1
16;28;45;EventSent;5
16;28;46;EventSent;5
16;28;45;EventSent;3
16;28;46;EventSent;6529
16;28;47;EventSent;6908
16;28;48;EventSent;5
16;28;47;EventSent;1
16;28;48;EventSent;3
16;28;47;EventSent;12
16;28;48;EventSent;2
16;28;47;EventSent;1
16;28;48;EventSent;1
16;28;47;EventSent;1
16;28;48;EventSent;7444
16;28;49;EventSent;8235
16;28;50;EventSent;8299
16;28;51;EventSent;7052
16;28;52;EventSent;7340
16;28;53;EventSent;15
16;28;52;EventSent;1
16;28;53;EventSent;6
16;28;52;EventSent;1
16;28;53;EventSent;8193
16;28;54;EventSent;6810
16;28;55;EventSent;1
16;28;54;EventSent;1
16;28;55;EventSent;8
16;28;54;EventSent;2
16;28;55;EventSent;1
16;28;54;EventSent;1
16;28;55;EventSent;4629
16;28;56;EventSent;5489
16;28;57;EventSent;8007
16;28;58;EventSent;7649
16;28;59;EventSent;5341
16;29;00;EventSent;7451
16;29;01;EventSent;6434
16;29;02;EventSent;8354
16;29;03;EventSent;1
16;29;02;EventSent;3
16;29;03;EventSent;1
16;29;02;EventSent;1
16;29;03;EventSent;6293
16;29;04;EventSent;7463
16;29;05;EventSent;16
16;29;04;EventSent;1
16;29;05;EventSent;17
16;29;04;EventSent;1
16;29;05;EventSent;5961
16;29;06;EventSent;8135
16;29;07;EventSent;8823
16;29;08;EventSent;8213
16;29;09;EventSent;39
16;29;08;EventSent;1
16;29;09;EventSent;6196
16;29;10;EventSent;7051
16;29;11;EventSent;2
16;29;10;EventSent;2
16;29;11;EventSent;7941
16;29;12;EventSent;6902
16;29;13;EventSent;7290
16;29;14;EventSent;7433
16;29;15;EventSent;7042
16;29;16;EventSent;7354
16;29;17;EventSent;6872
16;29;18;EventSent;5580
16;29;19;EventSent;6933
16;29;20;EventSent;7410
16;29;21;EventSent;7607
16;29;22;EventSent;8994
16;29;23;EventSent;1
16;29;22;EventSent;1
16;29;23;EventSent;7524
16;29;24;EventSent;7543
16;29;25;EventSent;5762
16;29;26;EventSent;7099
16;29;27;EventSent;8277
16;29;28;EventSent;7720
16;29;29;EventSent;11
16;29;28;EventSent;1
16;29;29;EventSent;7054
16;29;30;EventSent;6934
16;29;31;EventSent;8092
16;29;32;EventSent;13
16;29;31;EventSent;1
16;29;32;EventSent;2
16;29;31;EventSent;3
16;29;32;EventSent;5809
16;29;33;EventSent;7243
16;29;34;EventSent;8157
16;29;35;EventSent;7486
16;29;36;EventSent;8148
16;29;37;EventSent;6840
16;29;38;EventSent;7824
16;29;39;EventSent;8073
16;29;40;EventSent;8565
16;29;41;EventSent;7980
16;29;42;EventSent;81
16;29;41;EventSent;1
16;29;42;EventSent;4
16;29;41;EventSent;1
16;29;42;EventSent;6542
16;29;43;EventSent;9198
16;29;44;EventSent;7201
16;29;45;EventSent;9067
16;29;46;EventSent;5662
16;29;47;EventSent;6530
16;29;48;EventSent;7203
16;29;49;EventSent;1
16;29;48;EventSent;1
16;29;49;EventSent;8
16;29;48;EventSent;2
16;29;49;EventSent;1
16;29;48;EventSent;5
16;29;49;EventSent;2
16;29;48;EventSent;1
16;29;49;EventSent;2
16;29;48;EventSent;1
16;29;49;EventSent;1
16;29;48;EventSent;9
16;29;49;EventSent;7
16;29;48;EventSent;1
16;29;49;EventSent;6884
16;29;50;EventSent;7942
16;29;51;EventSent;7004
16;29;52;EventSent;6152
16;29;53;EventSent;7454
16;29;54;EventSent;8108
16;29;55;EventSent;5821
16;29;56;EventSent;4
16;29;55;EventSent;1
16;29;56;EventSent;8271
16;29;57;EventSent;5618
16;29;58;EventSent;9
16;29;57;EventSent;1
16;29;58;EventSent;20
16;29;57;EventSent;4
16;29;58;EventSent;8320
16;29;59;EventSent;7689
16;30;00;EventSent;3
16;29;59;EventSent;1
16;30;00;EventSent;7645
16;30;01;EventSent;6648
16;30;02;EventSent;7915
16;30;03;EventSent;7041
16;30;04;EventSent;4
16;30;03;EventSent;4
16;30;04;EventSent;8443
16;30;05;EventSent;71
16;30;04;EventSent;1
16;30;05;EventSent;7498
16;30;06;EventSent;8866
16;30;07;EventSent;8885
16;30;08;EventSent;8222
16;30;09;EventSent;6637
16;30;10;EventSent;1
16;30;09;EventSent;1
16;30;10;EventSent;8482
16;30;11;EventSent;8737
16;30;12;EventSent;8815
16;30;13;EventSent;1
16;30;12;EventSent;1
16;30;13;EventSent;5621
16;30;14;EventSent;7105
16;30;15;EventSent;1
16;30;14;EventSent;1
16;30;15;EventSent;7115
16;30;16;EventSent;16
16;30;15;EventSent;2
16;30;16;EventSent;3
16;30;15;EventSent;2
16;30;16;EventSent;8245
16;30;17;EventSent;8071
16;30;18;EventSent;8053
16;30;19;EventSent;3
16;30;18;EventSent;1
16;30;19;EventSent;6981
16;30;20;EventSent;8357
16;30;21;EventSent;6718
16;30;22;EventSent;7744
16;30;23;EventSent;7068
16;30;24;EventSent;97
16;30;23;EventSent;1
16;30;24;EventSent;2
16;30;23;EventSent;2
16;30;24;EventSent;6802
16;30;25;EventSent;7652
16;30;26;EventSent;6
16;30;25;EventSent;2
16;30;26;EventSent;1
16;30;25;EventSent;2
16;30;26;EventSent;1
16;30;25;EventSent;1
16;30;26;EventSent;3
16;30;25;EventSent;2
16;30;26;EventSent;5
16;30;25;EventSent;2
16;30;26;EventSent;4403
16;30;27;EventSent;7880
16;30;28;EventSent;7115
16;30;29;EventSent;8413
16;30;30;EventSent;7752
16;30;31;EventSent;8318
16;30;32;EventSent;8280
16;30;33;EventSent;7467
16;30;34;EventSent;8321
16;30;35;EventSent;7212
16;30;36;EventSent;6680
16;30;37;EventSent;6212
16;30;38;EventSent;2
16;30;37;EventSent;1
16;30;38;EventSent;7745
16;30;39;EventSent;8391
16;30;40;EventSent;8745
16;30;41;EventSent;6459
16;30;42;EventSent;9
16;30;41;EventSent;1
16;30;42;EventSent;1
16;30;41;EventSent;6
16;30;42;EventSent;6346
16;30;43;EventSent;8361
16;30;44;EventSent;7101
16;30;45;EventSent;7942
16;30;46;EventSent;7138
16;30;47;EventSent;6774
16;30;48;EventSent;3
16;30;47;EventSent;1
16;30;48;EventSent;1
16;30;47;EventSent;3
16;30;48;EventSent;8492
16;30;49;EventSent;1
16;30;48;EventSent;2
16;30;49;EventSent;1
16;30;48;EventSent;1
16;30;49;EventSent;2
16;30;48;EventSent;3
16;30;49;EventSent;2
16;30;48;EventSent;1
16;30;49;EventSent;6921
16;30;50;EventSent;6861
16;30;51;EventSent;7262
16;30;52;EventSent;7475
16;30;53;EventSent;27
16;30;52;EventSent;1
16;30;53;EventSent;1
16;30;52;EventSent;3
16;30;53;EventSent;5784
16;30;54;EventSent;1
16;30;53;EventSent;1
16;30;54;EventSent;7649
16;30;55;EventSent;13
16;30;54;EventSent;1
16;30;55;EventSent;8254
16;30;56;EventSent;6328
16;30;57;EventSent;5682
16;30;58;EventSent;13
16;30;57;EventSent;1
16;30;58;EventSent;8263
16;30;59;EventSent;7368
16;31;00;EventSent;8513
16;31;01;EventSent;1
16;31;00;EventSent;1
16;31;01;EventSent;7099
16;31;02;EventSent;8
16;31;01;EventSent;1
16;31;02;EventSent;13
16;31;01;EventSent;1
16;31;02;EventSent;1
16;31;01;EventSent;3
16;31;02;EventSent;6776
16;31;03;EventSent;5872
16;31;04;EventSent;8273
16;31;05;EventSent;1
16;31;04;EventSent;1
16;31;05;EventSent;6715
16;31;06;EventSent;7473
16;31;07;EventSent;7312
16;31;08;EventSent;8028
16;31;09;EventSent;7321
16;31;10;EventSent;8655
16;31;11;EventSent;1
16;31;10;EventSent;1
16;31;11;EventSent;6284
16;31;12;EventSent;6869
16;31;13;EventSent;8725
16;31;14;EventSent;7767
16;31;15;EventSent;5
16;31;14;EventSent;1
16;31;15;EventSent;7
16;31;14;EventSent;1
16;31;15;EventSent;7568
16;31;16;EventSent;8011
16;31;17;EventSent;7411
16;31;18;EventSent;8361
16;31;19;EventSent;6912
16;31;20;EventSent;7260
16;31;21;EventSent;6927
16;31;22;EventSent;7605
16;31;23;EventSent;12
16;31;22;EventSent;4
16;31;23;EventSent;4
16;31;22;EventSent;2
16;31;23;EventSent;6877
16;31;24;EventSent;9
16;31;23;EventSent;2
16;31;24;EventSent;8464
16;31;25;EventSent;7120
16;31;26;EventSent;3
16;31;25;EventSent;3
16;31;26;EventSent;4874
16;31;27;EventSent;2
16;31;26;EventSent;3
16;31;27;EventSent;13
16;31;26;EventSent;6
16;31;27;EventSent;8799
16;31;28;EventSent;8966
16;31;29;EventSent;4
16;31;28;EventSent;1
16;31;29;EventSent;8783
16;31;30;EventSent;8686
16;31;31;EventSent;6046
16;31;32;EventSent;2
16;31;31;EventSent;3
16;31;32;EventSent;15
16;31;31;EventSent;1
16;31;32;EventSent;5420
16;31;33;EventSent;7251
16;31;34;EventSent;8152
16;31;35;EventSent;6880
16;31;36;EventSent;6222
16;31;37;EventSent;24
16;31;36;EventSent;1
16;31;37;EventSent;3
16;31;36;EventSent;8
16;31;37;EventSent;7516
16;31;38;EventSent;8291
16;31;39;EventSent;7839
16;31;40;EventSent;7939
16;31;41;EventSent;7562
16;31;42;EventSent;8732
16;31;43;EventSent;4778
16;31;44;EventSent;8
16;31;43;EventSent;1
16;31;44;EventSent;18
16;31;43;EventSent;4
16;31;44;EventSent;2
16;31;43;EventSent;1
16;31;44;EventSent;7531
16;31;45;EventSent;8129
16;31;46;EventSent;7467
16;31;47;EventSent;7815
16;31;48;EventSent;8467
16;31;49;EventSent;6020
16;31;50;EventSent;7754
16;31;51;EventSent;7540
16;31;52;EventSent;8344
16;31;53;EventSent;2
16;31;52;EventSent;1
16;31;53;EventSent;2
16;31;52;EventSent;2
16;31;53;EventSent;1
16;31;52;EventSent;5
16;31;53;EventSent;4
16;31;52;EventSent;1
16;31;53;EventSent;6506
16;31;54;EventSent;7139
16;31;55;EventSent;6219
16;31;56;EventSent;7220
16;31;57;EventSent;1
16;31;56;EventSent;1
16;31;57;EventSent;8586
16;31;58;EventSent;7311
16;31;59;EventSent;25
16;31;58;EventSent;1
16;31;59;EventSent;1
16;31;58;EventSent;2
16;31;59;EventSent;7318
16;32;00;EventSent;7322
16;32;01;EventSent;8371
16;32;02;EventSent;7048
16;32;03;EventSent;3
16;32;02;EventSent;1
16;32;03;EventSent;16
16;32;02;EventSent;2
16;32;03;EventSent;8454
16;32;04;EventSent;2
16;32;03;EventSent;1
16;32;04;EventSent;7512
16;32;05;EventSent;8878
16;32;06;EventSent;8133
16;32;07;EventSent;7005
16;32;08;EventSent;8015
16;32;09;EventSent;2
16;32;08;EventSent;1
16;32;09;EventSent;7873
16;32;10;EventSent;8483
16;32;11;EventSent;6984
16;32;12;EventSent;7912
16;32;13;EventSent;1
16;32;12;EventSent;3
16;32;13;EventSent;7830
16;32;14;EventSent;8166
16;32;15;EventSent;8163
16;32;16;EventSent;7881
16;32;17;EventSent;8112
16;32;18;EventSent;8008
16;32;19;EventSent;22
16;32;18;EventSent;3
16;32;19;EventSent;6885
16;32;20;EventSent;7525
16;32;21;EventSent;8609
16;32;22;EventSent;1
16;32;21;EventSent;1
16;32;22;EventSent;4
16;32;21;EventSent;3
16;32;22;EventSent;1
16;32;21;EventSent;1
16;32;22;EventSent;6981
16;32;23;EventSent;6966
16;32;24;EventSent;1
16;32;23;EventSent;1
16;32;24;EventSent;7247
16;32;25;EventSent;7592
16;32;26;EventSent;5644
16;32;27;EventSent;8017
16;32;28;EventSent;9119
16;32;29;EventSent;9082
16;32;30;EventSent;4656
16;32;31;EventSent;6940
16;32;32;EventSent;6841
16;32;33;EventSent;8430
16;32;34;EventSent;2
16;32;33;EventSent;2
16;32;34;EventSent;7068
16;32;35;EventSent;7995
16;32;36;EventSent;8037
16;32;37;EventSent;7889
16;32;38;EventSent;7478
16;32;39;EventSent;7788
16;32;40;EventSent;2
16;32;39;EventSent;4
16;32;40;EventSent;1
16;32;39;EventSent;2
16;32;40;EventSent;8510
16;32;41;EventSent;7400
16;32;42;EventSent;7057
16;32;43;EventSent;6919
16;32;44;EventSent;8122
16;32;45;EventSent;2
16;32;44;EventSent;1
16;32;45;EventSent;7744
16;32;46;EventSent;7235
16;32;47;EventSent;6330
16;32;48;EventSent;8252
16;32;49;EventSent;7807
16;32;50;EventSent;7307
16;32;51;EventSent;7355
16;32;52;EventSent;6619
16;32;53;EventSent;7817
16;32;54;EventSent;1
16;32;53;EventSent;1
16;32;54;EventSent;8708
16;32;55;EventSent;1
16;32;54;EventSent;1
16;32;55;EventSent;4976
16;32;56;EventSent;6281
16;32;57;EventSent;8080
16;32;58;EventSent;8437
16;32;59;EventSent;7883
16;33;00;EventSent;7
16;32;59;EventSent;1
16;33;00;EventSent;3
16;32;59;EventSent;2
16;33;00;EventSent;6884
16;33;01;EventSent;22
16;33;00;EventSent;1
16;33;01;EventSent;3
16;33;00;EventSent;4
16;33;01;EventSent;4
16;33;00;EventSent;10
16;33;01;EventSent;7776
16;33;02;EventSent;8806
16;33;03;EventSent;7998
16;33;04;EventSent;8073
16;33;05;EventSent;1
16;33;04;EventSent;1
16;33;05;EventSent;7045
16;33;06;EventSent;1
16;33;05;EventSent;1
16;33;06;EventSent;13
16;33;05;EventSent;1
16;33;06;EventSent;3
16;33;05;EventSent;1
16;33;06;EventSent;7337
16;33;07;EventSent;8083
16;33;08;EventSent;3
16;33;07;EventSent;1
16;33;08;EventSent;5210
16;33;09;EventSent;7099
16;33;10;EventSent;8210
16;33;11;EventSent;3524
16;33;12;EventSent;22
16;33;11;EventSent;1
16;33;12;EventSent;1
16;33;11;EventSent;2
16;33;12;EventSent;6
16;33;11;EventSent;2
16;33;12;EventSent;3911
16;33;13;EventSent;5
16;33;12;EventSent;1
16;33;13;EventSent;7578
16;33;14;EventSent;7456
16;33;15;EventSent;6
16;33;14;EventSent;1
16;33;15;EventSent;11
16;33;14;EventSent;1
16;33;15;EventSent;1
16;33;14;EventSent;1
16;33;15;EventSent;6964
16;33;16;EventSent;7431
16;33;17;EventSent;8545
16;33;18;EventSent;8599
16;33;19;EventSent;8050
16;33;20;EventSent;8337
16;33;21;EventSent;7441
16;33;22;EventSent;8426
16;33;23;EventSent;8239
16;33;24;EventSent;7681
16;33;25;EventSent;3
16;33;24;EventSent;1
16;33;25;EventSent;6965
16;33;26;EventSent;7120
16;33;27;EventSent;8120
16;33;28;EventSent;8418
16;33;29;EventSent;1
16;33;28;EventSent;1
16;33;29;EventSent;1
16;33;28;EventSent;4
16;33;29;EventSent;2
16;33;28;EventSent;2
16;33;29;EventSent;3
16;33;28;EventSent;2
16;33;29;EventSent;6414
16;33;30;EventSent;8618
16;33;31;EventSent;8873
16;33;32;EventSent;7595
16;33;33;EventSent;5926
16;33;34;EventSent;6347
16;33;35;EventSent;6454
16;33;36;EventSent;9248
16;33;37;EventSent;9012
16;33;38;EventSent;8362
16;33;39;EventSent;7986
16;33;40;EventSent;8536
16;33;41;EventSent;1
16;33;40;EventSent;1
16;33;41;EventSent;7080
16;33;42;EventSent;7199
16;33;43;EventSent;6346
16;33;44;EventSent;8867
16;33;45;EventSent;7957
16;33;46;EventSent;1
16;33;45;EventSent;1
16;33;46;EventSent;15
16;33;45;EventSent;4
16;33;46;EventSent;6556
16;33;47;EventSent;27
16;33;46;EventSent;1
16;33;47;EventSent;7319
16;33;48;EventSent;7291
16;33;49;EventSent;7476
16;33;50;EventSent;17
16;33;49;EventSent;5
16;33;50;EventSent;8230
16;33;51;EventSent;7471
16;33;52;EventSent;7398
16;33;53;EventSent;7494
16;33;54;EventSent;8546
16;33;55;EventSent;8339
16;33;56;EventSent;7410
16;33;57;EventSent;7440
16;33;58;EventSent;8393
16;33;59;EventSent;6353
16;34;00;EventSent;7742
16;34;01;EventSent;7589
16;34;02;EventSent;7358
16;34;03;EventSent;5969
16;34;04;EventSent;1
16;34;03;EventSent;2
16;34;04;EventSent;18
16;34;03;EventSent;1
16;34;04;EventSent;8540
16;34;05;EventSent;7104
16;34;06;EventSent;5389
16;34;07;EventSent;12
16;34;06;EventSent;1
16;34;07;EventSent;7334
16;34;08;EventSent;6345
16;34;09;EventSent;16
16;34;08;EventSent;1
16;34;09;EventSent;3
16;34;08;EventSent;1
16;34;09;EventSent;6698
16;34;10;EventSent;7835
16;34;11;EventSent;5
16;34;10;EventSent;1
16;34;11;EventSent;6
16;34;10;EventSent;1
16;34;11;EventSent;1
16;34;10;EventSent;1
16;34;11;EventSent;6
16;34;10;EventSent;2
16;34;11;EventSent;7904
16;34;12;EventSent;8969
16;34;13;EventSent;7753
16;34;14;EventSent;7118
16;34;15;EventSent;7210
16;34;16;EventSent;7788
16;34;17;EventSent;1
16;34;16;EventSent;1
16;34;17;EventSent;2
16;34;16;EventSent;1
16;34;17;EventSent;7693
16;34;18;EventSent;7079
16;34;19;EventSent;4
16;34;18;EventSent;1
16;34;19;EventSent;15
16;34;18;EventSent;1
16;34;19;EventSent;7962
16;34;20;EventSent;7944
16;34;21;EventSent;7611
16;34;22;EventSent;18
16;34;21;EventSent;2
16;34;22;EventSent;32
16;34;21;EventSent;3
16;34;22;EventSent;6512
16;34;23;EventSent;9
16;34;22;EventSent;1
16;34;23;EventSent;5
16;34;22;EventSent;1
16;34;23;EventSent;6622
16;34;24;EventSent;9085
16;34;25;EventSent;6381
16;34;26;EventSent;5885
16;34;27;EventSent;5439
16;34;28;EventSent;2
16;34;27;EventSent;11
16;34;28;EventSent;8514
16;34;29;EventSent;5921
16;34;30;EventSent;1
16;34;29;EventSent;1
16;34;30;EventSent;1
16;34;29;EventSent;1
16;34;30;EventSent;7
16;34;29;EventSent;1
16;34;30;EventSent;1
16;34;29;EventSent;1
16;34;30;EventSent;1
16;34;29;EventSent;2
16;34;30;EventSent;1
16;34;29;EventSent;1
16;34;30;EventSent;6822
16;34;31;EventSent;7178
16;34;32;EventSent;7524
16;34;33;EventSent;13
16;34;32;EventSent;1
16;34;33;EventSent;40
16;34;32;EventSent;1
16;34;33;EventSent;8119
16;34;34;EventSent;6245
16;34;35;EventSent;7735
16;34;36;EventSent;2
16;34;35;EventSent;1
16;34;36;EventSent;7381
16;34;37;EventSent;6104
16;34;38;EventSent;7925
16;34;39;EventSent;4
16;34;38;EventSent;1
16;34;39;EventSent;8932
16;34;40;EventSent;8073
16;34;41;EventSent;7506
16;34;42;EventSent;7480
16;34;43;EventSent;8836
16;34;44;EventSent;7453
16;34;45;EventSent;7528
16;34;46;EventSent;7750
16;34;47;EventSent;1
16;34;46;EventSent;1
16;34;47;EventSent;4
16;34;46;EventSent;1
16;34;47;EventSent;7964
16;34;48;EventSent;8000
16;34;49;EventSent;6018
16;34;50;EventSent;4986
16;34;51;EventSent;4
16;34;50;EventSent;2
16;34;51;EventSent;8101
16;34;52;EventSent;7877
16;34;53;EventSent;1
16;34;52;EventSent;1
16;34;53;EventSent;8236
16;34;54;EventSent;8435
16;34;55;EventSent;4930
16;34;56;EventSent;7912
16;34;57;EventSent;5128
16;34;58;EventSent;8366
16;34;59;EventSent;5323
16;35;00;EventSent;6925
16;35;01;EventSent;8816
16;35;02;EventSent;8633
16;35;03;EventSent;7628
16;35;04;EventSent;7209
16;35;05;EventSent;7396
16;35;06;EventSent;7459
16;35;07;EventSent;8027
16;35;08;EventSent;1
16;35;07;EventSent;1
16;35;08;EventSent;8597
16;35;09;EventSent;6919
16;35;10;EventSent;86
16;35;09;EventSent;1
16;35;10;EventSent;6025
16;35;11;EventSent;6074
16;35;12;EventSent;7060
16;35;13;EventSent;6995
16;35;14;EventSent;5850
16;35;15;EventSent;5149
16;35;16;EventSent;8248
16;35;17;EventSent;24
16;35;16;EventSent;1
16;35;17;EventSent;4566
16;35;18;EventSent;7
16;35;17;EventSent;3
16;35;18;EventSent;12
16;35;17;EventSent;1
16;35;18;EventSent;6706
16;35;19;EventSent;6322
16;35;20;EventSent;6774
16;35;21;EventSent;12
16;35;20;EventSent;1
16;35;21;EventSent;9
16;35;20;EventSent;1
16;35;21;EventSent;7022
16;35;22;EventSent;4
16;35;21;EventSent;1
16;35;22;EventSent;17
16;35;21;EventSent;2
16;35;22;EventSent;7057
16;35;23;EventSent;7979
16;35;24;EventSent;6739
16;35;25;EventSent;4
16;35;24;EventSent;2
16;35;25;EventSent;4
16;35;24;EventSent;4
16;35;25;EventSent;2
16;35;24;EventSent;1
16;35;25;EventSent;8097
16;35;26;EventSent;7015
16;35;27;EventSent;4
16;35;26;EventSent;3
16;35;27;EventSent;6
16;35;26;EventSent;2
16;35;27;EventSent;6239
16;35;28;EventSent;5
16;35;27;EventSent;1
16;35;28;EventSent;7430
16;35;29;EventSent;7145
16;35;30;EventSent;19
16;35;29;EventSent;5
16;35;30;EventSent;8207
16;35;31;EventSent;2
16;35;30;EventSent;1
16;35;31;EventSent;7609
16;35;32;EventSent;6453
16;35;33;EventSent;3
16;35;32;EventSent;11
16;35;33;EventSent;2
16;35;32;EventSent;1
16;35;33;EventSent;4
16;35;32;EventSent;2
16;35;33;EventSent;7809
16;35;34;EventSent;7888
16;35;35;EventSent;7169
16;35;36;EventSent;7292
16;35;37;EventSent;8097
16;35;38;EventSent;7966
16;35;39;EventSent;7352
16;35;40;EventSent;16
16;35;39;EventSent;1
16;35;40;EventSent;7328
16;35;41;EventSent;7896
16;35;42;EventSent;7368
16;35;43;EventSent;7396
16;35;44;EventSent;9032
16;35;45;EventSent;5607
16;35;46;EventSent;8280
16;35;47;EventSent;8352
16;35;48;EventSent;7265
16;35;49;EventSent;6661
16;35;50;EventSent;7420
16;35;51;EventSent;6689
16;35;52;EventSent;21
16;35;51;EventSent;1
16;35;52;EventSent;7580
16;35;53;EventSent;4895
16;35;54;EventSent;12
16;35;53;EventSent;1
16;35;54;EventSent;1
16;35;53;EventSent;2
16;35;54;EventSent;1
16;35;53;EventSent;1
16;35;54;EventSent;6842
16;35;55;EventSent;6601
16;35;56;EventSent;6827
16;35;57;EventSent;7700
16;35;58;EventSent;9084
16;35;59;EventSent;16
16;35;58;EventSent;1
16;35;59;EventSent;3
16;35;58;EventSent;3
16;35;59;EventSent;6831
16;36;00;EventSent;4
16;35;59;EventSent;1
16;36;00;EventSent;7809
16;36;01;EventSent;7693
16;36;02;EventSent;9
16;36;01;EventSent;2
16;36;02;EventSent;7130
16;36;03;EventSent;6837
16;36;04;EventSent;6375
16;36;05;EventSent;1
16;36;04;EventSent;1
16;36;05;EventSent;1
16;36;04;EventSent;1
16;36;05;EventSent;8333
16;36;06;EventSent;7284
16;36;07;EventSent;8225
16;36;08;EventSent;16
16;36;07;EventSent;1
16;36;08;EventSent;4661
16;36;09;EventSent;16
16;36;08;EventSent;1
16;36;09;EventSent;8141
16;36;10;EventSent;8843
16;36;11;EventSent;2
16;36;10;EventSent;1
16;36;11;EventSent;5
16;36;10;EventSent;2
16;36;11;EventSent;8431
16;36;12;EventSent;7249
16;36;13;EventSent;7441
16;36;14;EventSent;7714
16;36;15;EventSent;8905
16;36;16;EventSent;2
16;36;15;EventSent;14
16;36;16;EventSent;7507
16;36;17;EventSent;7916
16;36;18;EventSent;8283
16;36;19;EventSent;6996
16;36;20;EventSent;6
16;36;19;EventSent;1
16;36;20;EventSent;4681
16;36;21;EventSent;15
16;36;20;EventSent;1
16;36;21;EventSent;7117
16;36;22;EventSent;8555
16;36;23;EventSent;14
16;36;22;EventSent;1
16;36;23;EventSent;8256
16;36;24;EventSent;8679
16;36;25;EventSent;3
16;36;24;EventSent;2
16;36;25;EventSent;1
16;36;24;EventSent;1
16;36;25;EventSent;6879
16;36;26;EventSent;3
16;36;25;EventSent;1
16;36;26;EventSent;1
16;36;25;EventSent;3
16;36;26;EventSent;5875
16;36;27;EventSent;8175
16;36;28;EventSent;8038
16;36;29;EventSent;8270
16;36;30;EventSent;8367
16;36;31;EventSent;6637
16;36;32;EventSent;8
16;36;31;EventSent;1
16;36;32;EventSent;8031
16;36;33;EventSent;7833
16;36;34;EventSent;2
16;36;33;EventSent;2
16;36;34;EventSent;7004
16;36;35;EventSent;7838
16;36;36;EventSent;3
16;36;35;EventSent;1
16;36;36;EventSent;7163
16;36;37;EventSent;7
16;36;36;EventSent;1
16;36;37;EventSent;5731
16;36;38;EventSent;9
16;36;37;EventSent;1
16;36;38;EventSent;16
16;36;37;EventSent;3
16;36;38;EventSent;6276
16;36;39;EventSent;4151
16;36;40;EventSent;15
16;36;39;EventSent;1
16;36;40;EventSent;1
16;36;39;EventSent;1
16;36;40;EventSent;5651
16;36;41;EventSent;8610
16;36;42;EventSent;7909
16;36;43;EventSent;3
16;36;42;EventSent;1
16;36;43;EventSent;7872
16;36;44;EventSent;16
16;36;43;EventSent;1
16;36;44;EventSent;1
16;36;43;EventSent;2
16;36;44;EventSent;4
16;36;43;EventSent;1
16;36;44;EventSent;1
16;36;43;EventSent;3
16;36;44;EventSent;8669
16;36;45;EventSent;7062
16;36;46;EventSent;7783
16;36;47;EventSent;7635
16;36;48;EventSent;7979
16;36;49;EventSent;8193
16;36;50;EventSent;2
16;36;49;EventSent;1
16;36;50;EventSent;3309
16;36;51;EventSent;6595
16;36;52;EventSent;6524
16;36;53;EventSent;6148
16;36;54;EventSent;6642
16;36;55;EventSent;5765
16;36;56;EventSent;26
16;36;55;EventSent;1
16;36;56;EventSent;7680
16;36;57;EventSent;7522
16;36;58;EventSent;8441
16;36;59;EventSent;7862
16;37;00;EventSent;5199
16;37;01;EventSent;1
16;37;00;EventSent;1
16;37;01;EventSent;9189
16;37;02;EventSent;7844
16;37;03;EventSent;8223
16;37;04;EventSent;7046
16;37;05;EventSent;6818
16;37;06;EventSent;1
16;37;05;EventSent;1
16;37;06;EventSent;2
16;37;05;EventSent;1
16;37;06;EventSent;3
16;37;05;EventSent;2
16;37;06;EventSent;1
16;37;05;EventSent;2
16;37;06;EventSent;1
16;37;05;EventSent;3
16;37;06;EventSent;1
16;37;05;EventSent;1
16;37;06;EventSent;6659
16;37;07;EventSent;6971
16;37;08;EventSent;8084
16;37;09;EventSent;6044
16;37;10;EventSent;7224
16;37;11;EventSent;6314
16;37;12;EventSent;9
16;37;11;EventSent;1
16;37;12;EventSent;8
16;37;11;EventSent;1
16;37;12;EventSent;8141
16;37;13;EventSent;6180
16;37;14;EventSent;3
16;37;13;EventSent;18
16;37;14;EventSent;7336
16;37;15;EventSent;5747
16;37;16;EventSent;4786
16;37;17;EventSent;7623
16;37;18;EventSent;8572
16;37;19;EventSent;1
16;37;18;EventSent;1
16;37;19;EventSent;2
16;37;18;EventSent;2
16;37;19;EventSent;1
16;37;18;EventSent;9
16;37;19;EventSent;1
16;37;18;EventSent;1
16;37;19;EventSent;1
16;37;18;EventSent;1
16;37;19;EventSent;1
16;37;18;EventSent;2
16;37;19;EventSent;8367
16;37;20;EventSent;13
16;37;19;EventSent;1
16;37;20;EventSent;1
16;37;19;EventSent;1
16;37;20;EventSent;6319
16;37;21;EventSent;5335
16;37;22;EventSent;5842
16;37;23;EventSent;7447
16;37;24;EventSent;6820
16;37;25;EventSent;7480
16;37;26;EventSent;2
16;37;25;EventSent;1
16;37;26;EventSent;5845
16;37;27;EventSent;10
16;37;26;EventSent;1
16;37;27;EventSent;4
16;37;26;EventSent;2
16;37;27;EventSent;9
16;37;26;EventSent;1
16;37;27;EventSent;5043
16;37;28;EventSent;5435
16;37;29;EventSent;1
16;37;28;EventSent;5
16;37;29;EventSent;12
16;37;28;EventSent;5
16;37;29;EventSent;8620
16;37;30;EventSent;7903
16;37;31;EventSent;8260
16;37;32;EventSent;3
16;37;31;EventSent;1
16;37;32;EventSent;1
16;37;31;EventSent;1
16;37;32;EventSent;7529
16;37;33;EventSent;7173
16;37;34;EventSent;7810
16;37;35;EventSent;7461
16;37;36;EventSent;7971
16;37;37;EventSent;8530
16;37;38;EventSent;8741
16;37;39;EventSent;6737
16;37;40;EventSent;8204
16;37;41;EventSent;7396
16;37;42;EventSent;7732
16;37;43;EventSent;7196
16;37;44;EventSent;5278
16;37;45;EventSent;7686
16;37;46;EventSent;7358
16;37;47;EventSent;8839
16;37;48;EventSent;1
16;37;47;EventSent;1
16;37;48;EventSent;1
16;37;47;EventSent;1
16;37;48;EventSent;1
16;37;47;EventSent;3
16;37;48;EventSent;1
16;37;47;EventSent;4
16;37;48;EventSent;5815
16;37;49;EventSent;7601
16;37;50;EventSent;6976
16;37;51;EventSent;1
16;37;50;EventSent;1
16;37;51;EventSent;7309
16;37;52;EventSent;7506
16;37;53;EventSent;1
16;37;52;EventSent;1
16;37;53;EventSent;3
16;37;52;EventSent;2
16;37;53;EventSent;1
16;37;52;EventSent;1
16;37;53;EventSent;8756
16;37;54;EventSent;28
16;37;53;EventSent;1
16;37;54;EventSent;7307
16;37;55;EventSent;7509
16;37;56;EventSent;2
16;37;55;EventSent;1
16;37;56;EventSent;6757
16;37;57;EventSent;4850
16;37;58;EventSent;7910
16;37;59;EventSent;7878
16;38;00;EventSent;7294
16;38;01;EventSent;7727
16;38;02;EventSent;6273
16;38;03;EventSent;4456
16;38;04;EventSent;21
16;38;03;EventSent;1
16;38;04;EventSent;8536
16;38;05;EventSent;7711
16;38;06;EventSent;1
16;38;05;EventSent;1
16;38;06;EventSent;7445
16;38;07;EventSent;7018
16;38;08;EventSent;7643
16;38;09;EventSent;8241
16;38;10;EventSent;8745
16;38;11;EventSent;8793
16;38;12;EventSent;7908
16;38;13;EventSent;7684
16;38;14;EventSent;2
16;38;13;EventSent;2
16;38;14;EventSent;2
16;38;13;EventSent;1
16;38;14;EventSent;1
16;38;13;EventSent;1
16;38;14;EventSent;6918
16;38;15;EventSent;1
16;38;14;EventSent;1
16;38;15;EventSent;7929
16;38;16;EventSent;8198
16;38;17;EventSent;8159
16;38;18;EventSent;7705
16;38;19;EventSent;6564
16;38;20;EventSent;6619
16;38;21;EventSent;7352
16;38;22;EventSent;28
16;38;21;EventSent;1
16;38;22;EventSent;8
16;38;21;EventSent;3
16;38;22;EventSent;7956
16;38;23;EventSent;7524
16;38;24;EventSent;8775
16;38;25;EventSent;7288
16;38;26;EventSent;7574
16;38;27;EventSent;9
16;38;26;EventSent;1
16;38;27;EventSent;1
16;38;26;EventSent;1
16;38;27;EventSent;5
16;38;26;EventSent;1
16;38;27;EventSent;7740
16;38;28;EventSent;6
16;38;27;EventSent;1
16;38;28;EventSent;9
16;38;27;EventSent;7
16;38;28;EventSent;8239
16;38;29;EventSent;7356
16;38;30;EventSent;6312
16;38;31;EventSent;4321
16;38;32;EventSent;7717
16;38;33;EventSent;8624
16;38;34;EventSent;8080
16;38;35;EventSent;7631
16;38;36;EventSent;7239
16;38;37;EventSent;7989
16;38;38;EventSent;8484
16;38;39;EventSent;9157
16;38;40;EventSent;4257
16;38;41;EventSent;1
16;38;40;EventSent;1
16;38;41;EventSent;5647
16;38;42;EventSent;5796
16;38;43;EventSent;8301
16;38;44;EventSent;8568
16;38;45;EventSent;8297
16;38;46;EventSent;8014
16;38;47;EventSent;8689
16;38;48;EventSent;6047
16;38;49;EventSent;2
16;38;48;EventSent;1
16;38;49;EventSent;7941
16;38;50;EventSent;7632
16;38;51;EventSent;5072
16;38;52;EventSent;35
16;38;51;EventSent;1
16;38;52;EventSent;2535
16;38;53;EventSent;9128
16;38;54;EventSent;4
16;38;53;EventSent;1
16;38;54;EventSent;15
16;38;53;EventSent;1
16;38;54;EventSent;7959
16;38;55;EventSent;5493
16;38;56;EventSent;6469
16;38;57;EventSent;7101
16;38;58;EventSent;9198
16;38;59;EventSent;7939
16;39;00;EventSent;8465
16;39;01;EventSent;4144
16;39;02;EventSent;2
16;39;01;EventSent;2
16;39;02;EventSent;6
16;39;01;EventSent;5
16;39;02;EventSent;8039
16;39;03;EventSent;8133
16;39;04;EventSent;2
16;39;03;EventSent;2
16;39;04;EventSent;2888
16;39;05;EventSent;5977
16;39;06;EventSent;6614
16;39;07;EventSent;6568
16;39;08;EventSent;8
16;39;07;EventSent;2
16;39;08;EventSent;4
16;39;07;EventSent;2
16;39;08;EventSent;7137
16;39;09;EventSent;75
16;39;08;EventSent;1
16;39;09;EventSent;9372
16;39;10;EventSent;7323
16;39;11;EventSent;8321
16;39;12;EventSent;6022
16;39;13;EventSent;6922
16;39;14;EventSent;3
16;39;13;EventSent;3
16;39;14;EventSent;7473
16;39;15;EventSent;7
16;39;14;EventSent;14
16;39;15;EventSent;7025
16;39;16;EventSent;7583
16;39;17;EventSent;12
16;39;16;EventSent;3
16;39;17;EventSent;8
16;39;16;EventSent;2
16;39;17;EventSent;6310
16;39;18;EventSent;9
16;39;17;EventSent;2
16;39;18;EventSent;5
16;39;17;EventSent;2
16;39;18;EventSent;7899
16;39;19;EventSent;2
16;39;18;EventSent;1
16;39;19;EventSent;7686
16;39;20;EventSent;1
16;39;19;EventSent;1
16;39;20;EventSent;7725
16;39;21;EventSent;7479
16;39;22;EventSent;1
16;39;21;EventSent;10
16;39;22;EventSent;7061
16;39;23;EventSent;7112
16;39;24;EventSent;7894
16;39;25;EventSent;7974
16;39;26;EventSent;6158
16;39;27;EventSent;7928
16;39;28;EventSent;9657
16;39;29;EventSent;20
16;39;28;EventSent;1
16;39;29;EventSent;9177
16;39;30;EventSent;8939
16;39;31;EventSent;7423
16;39;32;EventSent;9485
16;39;33;EventSent;9019
16;39;34;EventSent;9006
16;39;35;EventSent;1
16;39;34;EventSent;6
16;39;35;EventSent;2
16;39;34;EventSent;2
16;39;35;EventSent;8867
16;39;36;EventSent;8979
16;39;37;EventSent;9059
16;39;38;EventSent;9209
16;39;39;EventSent;9194
16;39;40;EventSent;8824
16;39;41;EventSent;8166
16;39;42;EventSent;3
16;39;41;EventSent;1
16;39;42;EventSent;9017
16;39;43;EventSent;7392
16;39;44;EventSent;9243
16;39;45;EventSent;9390
16;39;46;EventSent;3
16;39;45;EventSent;2
16;39;46;EventSent;7485
16;39;47;EventSent;8804
16;39;48;EventSent;8750
16;39;49;EventSent;4
16;39;48;EventSent;1
16;39;49;EventSent;2
16;39;48;EventSent;15
16;39;49;EventSent;9356
16;39;50;EventSent;9424
16;39;51;EventSent;8499
16;39;52;EventSent;7443
16;39;53;EventSent;8918
16;39;54;EventSent;8518
16;39;55;EventSent;6866
16;39;56;EventSent;8213
16;39;57;EventSent;8586
16;39;58;EventSent;1
16;39;57;EventSent;1
16;39;58;EventSent;7460
16;39;59;EventSent;8971
16;40;00;EventSent;8150
16;40;01;EventSent;7886
16;40;02;EventSent;8011
16;40;03;EventSent;3
16;40;02;EventSent;1
16;40;03;EventSent;14
16;40;02;EventSent;4
16;40;03;EventSent;7291
16;40;04;EventSent;7968
16;40;05;EventSent;8749
16;40;06;EventSent;6527
16;40;07;EventSent;96
16;40;06;EventSent;1
16;40;07;EventSent;18
16;40;06;EventSent;2
16;40;07;EventSent;6667
16;40;08;EventSent;9289
16;40;09;EventSent;8156
16;40;10;EventSent;4
16;40;09;EventSent;1
16;40;10;EventSent;1
16;40;09;EventSent;1
16;40;10;EventSent;5785
16;40;11;EventSent;8610
16;40;12;EventSent;9667
16;40;13;EventSent;8692
16;40;14;EventSent;9726
16;40;15;EventSent;7752
16;40;16;EventSent;9
16;40;15;EventSent;1
16;40;16;EventSent;8991
16;40;17;EventSent;7598
16;40;18;EventSent;12
16;40;17;EventSent;1
16;40;18;EventSent;1
16;40;17;EventSent;1
16;40;18;EventSent;17
16;40;17;EventSent;3
16;40;18;EventSent;1
16;40;17;EventSent;3
16;40;18;EventSent;8928
16;40;19;EventSent;9494
16;40;20;EventSent;9636
16;40;21;EventSent;1
16;40;20;EventSent;1
16;40;21;EventSent;9463
16;40;22;EventSent;8733
16;40;23;EventSent;9444
16;40;24;EventSent;7254
16;40;25;EventSent;8812
16;40;26;EventSent;7526
16;40;27;EventSent;11
16;40;26;EventSent;1
16;40;27;EventSent;1
16;40;26;EventSent;4
16;40;27;EventSent;5
16;40;26;EventSent;1
16;40;27;EventSent;8161
16;40;28;EventSent;8344
16;40;29;EventSent;7958
16;40;30;EventSent;6
16;40;29;EventSent;5
16;40;30;EventSent;1
16;40;29;EventSent;2
16;40;30;EventSent;23
16;40;29;EventSent;1
16;40;30;EventSent;1
16;40;29;EventSent;2
16;40;30;EventSent;8674
16;40;31;EventSent;7925
16;40;32;EventSent;8591
16;40;33;EventSent;8616
16;40;34;EventSent;9825
16;40;35;EventSent;9663
16;40;36;EventSent;9348
16;40;37;EventSent;7318
16;40;38;EventSent;9896
16;40;39;EventSent;6823
16;40;40;EventSent;9317
16;40;41;EventSent;9612
16;40;42;EventSent;9817
16;40;43;EventSent;9351
16;40;44;EventSent;9233
16;40;45;EventSent;8828
16;40;46;EventSent;8313
16;40;47;EventSent;9363
16;40;48;EventSent;4
16;40;47;EventSent;1
16;40;48;EventSent;9309
16;40;49;EventSent;6
16;40;48;EventSent;1
16;40;49;EventSent;5
16;40;48;EventSent;2
16;40;49;EventSent;9207
16;40;50;EventSent;9788
16;40;51;EventSent;7996
16;40;52;EventSent;27
16;40;51;EventSent;1
16;40;52;EventSent;9275
16;40;53;EventSent;8492
16;40;54;EventSent;8281
16;40;55;EventSent;8205
16;40;56;EventSent;13
16;40;55;EventSent;1
16;40;56;EventSent;8587
16;40;57;EventSent;8003
16;40;58;EventSent;2
16;40;57;EventSent;1
16;40;58;EventSent;7
16;40;57;EventSent;1
16;40;58;EventSent;1
16;40;57;EventSent;1
16;40;58;EventSent;2
16;40;57;EventSent;2
16;40;58;EventSent;10
16;40;57;EventSent;1
16;40;58;EventSent;8617
16;40;59;EventSent;44
16;40;58;EventSent;1
16;40;59;EventSent;7
16;40;58;EventSent;1
16;40;59;EventSent;9718
16;41;00;EventSent;9841
16;41;01;EventSent;9052
16;41;02;EventSent;8956
16;41;03;EventSent;8845
16;41;04;EventSent;8907
16;41;05;EventSent;6
16;41;04;EventSent;1
16;41;05;EventSent;8462
16;41;06;EventSent;9094
16;41;07;EventSent;9882
16;41;08;EventSent;8443
16;41;09;EventSent;7
16;41;08;EventSent;1
16;41;09;EventSent;8688
16;41;10;EventSent;2
16;41;09;EventSent;1
16;41;10;EventSent;8050
16;41;11;EventSent;8392
16;41;12;EventSent;8
16;41;11;EventSent;1
16;41;12;EventSent;1
16;41;11;EventSent;1
16;41;12;EventSent;6900
16;41;13;EventSent;8493
16;41;14;EventSent;7195
16;41;15;EventSent;7271
16;41;16;EventSent;8438
16;41;17;EventSent;8787
16;41;18;EventSent;7466
16;41;19;EventSent;7992
16;41;20;EventSent;7178
16;41;21;EventSent;1
16;41;20;EventSent;1
16;41;21;EventSent;2
16;41;20;EventSent;1
16;41;21;EventSent;8018
16;41;22;EventSent;7508
16;41;23;EventSent;7430
16;41;24;EventSent;6721
16;41;25;EventSent;7547
16;41;26;EventSent;8785
16;41;27;EventSent;7664
16;41;28;EventSent;8878
16;41;29;EventSent;8925
16;41;30;EventSent;8702
16;41;31;EventSent;8623
16;41;32;EventSent;9066
16;41;33;EventSent;9123
16;41;34;EventSent;8977
16;41;35;EventSent;8
16;41;34;EventSent;1
16;41;35;EventSent;3
16;41;34;EventSent;1
16;41;35;EventSent;9845
16;41;36;EventSent;9
16;41;35;EventSent;2
16;41;36;EventSent;8232
16;41;37;EventSent;8655
16;41;38;EventSent;7954
16;41;39;EventSent;7828
16;41;40;EventSent;8
16;41;39;EventSent;1
16;41;40;EventSent;4943
16;41;41;EventSent;7703
16;41;42;EventSent;6
16;41;41;EventSent;1
16;41;42;EventSent;60
16;41;41;EventSent;2
16;41;42;EventSent;7751
16;41;43;EventSent;6007
16;41;44;EventSent;32
16;41;43;EventSent;1
16;41;44;EventSent;2
16;41;43;EventSent;2
16;41;44;EventSent;8710
16;41;45;EventSent;7565
16;41;46;EventSent;9082
16;41;47;EventSent;3
16;41;46;EventSent;1
16;41;47;EventSent;8829
16;41;48;EventSent;1
16;41;47;EventSent;1
16;41;48;EventSent;9626
16;41;49;EventSent;8542
16;41;50;EventSent;8977
16;41;51;EventSent;4
16;41;50;EventSent;1
16;41;51;EventSent;7922
16;41;52;EventSent;1
16;41;51;EventSent;1
16;41;52;EventSent;9044
16;41;53;EventSent;6427
16;41;54;EventSent;9456
16;41;55;EventSent;9090
16;41;56;EventSent;7061
16;41;57;EventSent;2
16;41;56;EventSent;1
16;41;57;EventSent;12
16;41;56;EventSent;4
16;41;57;EventSent;9364
16;41;58;EventSent;12
16;41;57;EventSent;1
16;41;58;EventSent;6
16;41;57;EventSent;3
16;41;58;EventSent;8254
16;41;59;EventSent;8700
16;42;00;EventSent;18
16;41;59;EventSent;1
16;42;00;EventSent;8891
16;42;01;EventSent;8018
16;42;02;EventSent;8622
16;42;03;EventSent;8685
16;42;04;EventSent;1
16;42;03;EventSent;1
16;42;04;EventSent;7418
16;42;05;EventSent;30
16;42;04;EventSent;1
16;42;05;EventSent;7
16;42;04;EventSent;2
16;42;05;EventSent;8676
16;42;06;EventSent;8
16;42;05;EventSent;1
16;42;06;EventSent;1
16;42;05;EventSent;1
16;42;06;EventSent;5900
16;42;07;EventSent;8048
16;42;08;EventSent;8163
16;42;09;EventSent;7096
16;42;10;EventSent;7753
16;42;11;EventSent;8809
16;42;12;EventSent;9174
16;42;13;EventSent;9520
16;42;14;EventSent;3
16;42;13;EventSent;1
16;42;14;EventSent;9519
16;42;15;EventSent;5929
16;42;16;EventSent;8103
16;42;17;EventSent;8327
16;42;18;EventSent;8677
16;42;19;EventSent;9543
16;42;20;EventSent;9588
16;42;21;EventSent;7879
16;42;22;EventSent;7656
16;42;23;EventSent;8276
16;42;24;EventSent;7712
16;42;25;EventSent;7204
16;42;26;EventSent;1
16;42;25;EventSent;10
16;42;26;EventSent;8087
16;42;27;EventSent;8351
16;42;28;EventSent;8167
16;42;29;EventSent;7476
16;42;30;EventSent;1
16;42;29;EventSent;3
16;42;30;EventSent;6542
16;42;31;EventSent;7614
16;42;32;EventSent;8436
16;42;33;EventSent;7190
16;42;34;EventSent;6671
16;42;35;EventSent;7250
16;42;36;EventSent;8527
16;42;37;EventSent;8079
16;42;38;EventSent;8215
16;42;39;EventSent;7943
16;42;40;EventSent;8179
16;42;41;EventSent;6501
16;42;42;EventSent;7570
16;42;43;EventSent;6765
16;42;44;EventSent;7335
16;42;45;EventSent;7391
16;42;46;EventSent;8056
16;42;47;EventSent;7406
16;42;48;EventSent;1
16;42;47;EventSent;1
16;42;48;EventSent;18
16;42;47;EventSent;3
16;42;48;EventSent;8181
16;42;49;EventSent;8583
16;42;50;EventSent;16
16;42;49;EventSent;1
16;42;50;EventSent;6855
16;42;51;EventSent;12
16;42;50;EventSent;1
16;42;51;EventSent;8177
16;42;52;EventSent;1
16;42;51;EventSent;7
16;42;52;EventSent;6942
16;42;53;EventSent;5355
16;42;54;EventSent;8165
16;42;55;EventSent;6471
16;42;56;EventSent;17
16;42;55;EventSent;1
16;42;56;EventSent;5
16;42;55;EventSent;2
16;42;56;EventSent;6
16;42;55;EventSent;1
16;42;56;EventSent;7802
16;42;57;EventSent;2
16;42;56;EventSent;1
16;42;57;EventSent;2
16;42;56;EventSent;2
16;42;57;EventSent;1
16;42;56;EventSent;1
16;42;57;EventSent;7559
16;42;58;EventSent;8028
16;42;59;EventSent;8799
16;43;00;EventSent;8290
16;43;01;EventSent;6057
16;43;02;EventSent;8671
16;43;03;EventSent;8455
16;43;04;EventSent;9824
16;43;05;EventSent;9329
16;43;06;EventSent;9012
16;43;07;EventSent;1
16;43;06;EventSent;1
16;43;07;EventSent;9145
16;43;08;EventSent;9430
16;43;09;EventSent;9078
16;43;10;EventSent;9081
16;43;11;EventSent;8248
16;43;12;EventSent;9207
16;43;13;EventSent;1
16;43;12;EventSent;1
16;43;13;EventSent;8258
16;43;14;EventSent;9634
16;43;15;EventSent;9409
16;43;16;EventSent;9850
16;43;17;EventSent;8938
16;43;18;EventSent;9656
16;43;19;EventSent;9570
16;43;20;EventSent;9579
16;43;21;EventSent;9296
16;43;22;EventSent;8422
16;43;23;EventSent;9112
16;43;24;EventSent;14
16;43;23;EventSent;2
16;43;24;EventSent;5
16;43;23;EventSent;1
16;43;24;EventSent;9099
16;43;25;EventSent;9278
16;43;26;EventSent;9782
16;43;27;EventSent;8731
16;43;28;EventSent;8688
16;43;29;EventSent;1
16;43;28;EventSent;1
16;43;29;EventSent;8344
16;43;30;EventSent;2
16;43;29;EventSent;1
16;43;30;EventSent;9
16;43;29;EventSent;1
16;43;30;EventSent;8710
16;43;31;EventSent;8530
16;43;32;EventSent;16
16;43;31;EventSent;1
16;43;32;EventSent;9746
16;43;33;EventSent;9467
16;43;34;EventSent;9467
16;43;35;EventSent;9748
16;43;36;EventSent;9244
16;43;37;EventSent;8
16;43;36;EventSent;1
16;43;37;EventSent;8742
16;43;38;EventSent;10031
16;43;39;EventSent;9819
16;43;40;EventSent;9750
16;43;41;EventSent;7623
16;43;42;EventSent;9796
16;43;43;EventSent;9670
16;43;44;EventSent;9579
16;43;45;EventSent;7772
16;43;46;EventSent;9168
16;43;47;EventSent;9528
16;43;48;EventSent;7489
16;43;49;EventSent;9058
16;43;50;EventSent;9842
16;43;51;EventSent;8906
16;43;52;EventSent;2
16;43;51;EventSent;3
16;43;52;EventSent;2
16;43;51;EventSent;1
16;43;52;EventSent;2
16;43;51;EventSent;2
16;43;52;EventSent;1
16;43;51;EventSent;1
16;43;52;EventSent;1
16;43;51;EventSent;1
16;43;52;EventSent;9652
16;43;53;EventSent;9031
16;43;54;EventSent;9324
16;43;55;EventSent;9302
16;43;56;EventSent;7707
16;43;57;EventSent;8466
16;43;58;EventSent;8953
16;43;59;EventSent;5
16;43;58;EventSent;1
16;43;59;EventSent;3
16;43;58;EventSent;1
16;43;59;EventSent;1
16;43;58;EventSent;4
16;43;59;EventSent;2
16;43;58;EventSent;1
16;43;59;EventSent;4
16;43;58;EventSent;3
16;43;59;EventSent;9207
16;44;00;EventSent;9158
16;44;01;EventSent;7400
16;44;02;EventSent;9435
16;44;03;EventSent;6843
16;44;04;EventSent;8275
16;44;05;EventSent;10
16;44;04;EventSent;1
16;44;05;EventSent;10
16;44;04;EventSent;2
16;44;05;EventSent;7086
16;44;06;EventSent;2
16;44;05;EventSent;1
16;44;06;EventSent;8765
16;44;07;EventSent;9056
16;44;08;EventSent;9959
16;44;09;EventSent;8777
16;44;10;EventSent;2
16;44;09;EventSent;1
16;44;10;EventSent;8417
16;44;11;EventSent;8230
16;44;12;EventSent;9640
16;44;13;EventSent;8749
16;44;14;EventSent;9314
16;44;15;EventSent;1
16;44;14;EventSent;1
16;44;15;EventSent;9177
16;44;16;EventSent;9421
16;44;17;EventSent;8762
16;44;18;EventSent;1
16;44;17;EventSent;1
16;44;18;EventSent;9531
16;44;19;EventSent;1
16;44;18;EventSent;1
16;44;19;EventSent;9879
16;44;20;EventSent;1
16;44;19;EventSent;1
16;44;20;EventSent;9614
16;44;21;EventSent;8628
16;44;22;EventSent;9385
16;44;23;EventSent;9036
16;44;24;EventSent;14
16;44;23;EventSent;1
16;44;24;EventSent;8863
16;44;25;EventSent;8856
16;44;26;EventSent;9114
16;44;27;EventSent;1
16;44;26;EventSent;1
16;44;27;EventSent;9483
16;44;28;EventSent;3
16;44;27;EventSent;1
16;44;28;EventSent;8918
16;44;29;EventSent;9567
16;44;30;EventSent;9428
16;44;31;EventSent;7589
16;44;32;EventSent;9601
16;44;33;EventSent;9402
16;44;34;EventSent;9275
16;44;35;EventSent;8668
16;44;36;EventSent;8192
16;44;37;EventSent;9157
16;44;38;EventSent;9361
16;44;39;EventSent;8826
16;44;40;EventSent;8994
16;44;41;EventSent;8977
16;44;42;EventSent;9880
16;44;43;EventSent;9389
16;44;44;EventSent;8826
16;44;45;EventSent;74
16;44;44;EventSent;1
16;44;45;EventSent;4
16;44;44;EventSent;1
16;44;45;EventSent;9404
16;44;46;EventSent;15
16;44;45;EventSent;1
16;44;46;EventSent;9131
16;44;47;EventSent;8868
16;44;48;EventSent;9829
16;44;49;EventSent;9535
16;44;50;EventSent;8621
16;44;51;EventSent;8385
16;44;52;EventSent;9553
16;44;53;EventSent;8808
16;44;54;EventSent;8423
16;44;55;EventSent;8832
16;44;56;EventSent;9669
16;44;57;EventSent;1
16;44;56;EventSent;1
16;44;57;EventSent;10023
16;44;58;EventSent;9654
16;44;59;EventSent;9862
16;45;00;EventSent;9182
16;45;01;EventSent;9119
16;45;02;EventSent;8493
16;45;03;EventSent;9610
16;45;04;EventSent;8074
16;45;05;EventSent;7359
16;45;06;EventSent;9385
16;45;07;EventSent;7364
16;45;08;EventSent;9029
16;45;09;EventSent;9344
16;45;10;EventSent;9369
16;45;11;EventSent;8980
16;45;12;EventSent;7703
16;45;13;EventSent;8908
16;45;14;EventSent;9458
16;45;15;EventSent;21
16;45;14;EventSent;1
16;45;15;EventSent;9353
16;45;16;EventSent;9465
16;45;17;EventSent;9275
16;45;18;EventSent;9442
16;45;19;EventSent;9318
16;45;20;EventSent;3
16;45;19;EventSent;1
16;45;20;EventSent;9478
16;45;21;EventSent;1
16;45;20;EventSent;1
16;45;21;EventSent;7893
16;45;22;EventSent;2
16;45;21;EventSent;1
16;45;22;EventSent;9672
16;45;23;EventSent;9498
16;45;24;EventSent;6
16;45;23;EventSent;1
16;45;24;EventSent;10140
16;45;25;EventSent;9506
16;45;26;EventSent;8165
16;45;27;EventSent;5355
16;45;28;EventSent;9721
16;45;29;EventSent;8431
16;45;30;EventSent;8457
16;45;31;EventSent;9511
16;45;32;EventSent;9662
16;45;33;EventSent;9829
16;45;34;EventSent;6235
16;45;35;EventSent;9471
16;45;36;EventSent;8207
16;45;37;EventSent;3
16;45;36;EventSent;13
16;45;37;EventSent;1
16;45;36;EventSent;3
16;45;37;EventSent;1
16;45;36;EventSent;1
16;45;37;EventSent;8802
16;45;38;EventSent;1
16;45;37;EventSent;1
16;45;38;EventSent;9112
16;45;39;EventSent;8439
16;45;40;EventSent;9780
16;45;41;EventSent;7305
16;45;42;EventSent;8723
16;45;43;EventSent;9062
16;45;44;EventSent;9371
16;45;45;EventSent;9455
16;45;46;EventSent;8893
16;45;47;EventSent;8804
16;45;48;EventSent;15
16;45;47;EventSent;7
16;45;48;EventSent;9657
16;45;49;EventSent;8978
16;45;50;EventSent;9710
16;45;51;EventSent;1
16;45;50;EventSent;1
16;45;51;EventSent;8219
16;45;52;EventSent;1
16;45;51;EventSent;1
16;45;52;EventSent;9384
16;45;53;EventSent;9688
16;45;54;EventSent;9687
16;45;55;EventSent;9365
16;45;56;EventSent;8398
16;45;57;EventSent;19
16;45;56;EventSent;1
16;45;57;EventSent;7774
16;45;58;EventSent;9169
16;45;59;EventSent;8718
16;46;00;EventSent;9671
16;46;01;EventSent;8449
16;46;02;EventSent;9156
16;46;03;EventSent;8941
16;46;04;EventSent;1
16;46;03;EventSent;1
16;46;04;EventSent;9859
16;46;05;EventSent;9167
16;46;06;EventSent;9193
16;46;07;EventSent;5
16;46;06;EventSent;15
16;46;07;EventSent;9485
16;46;08;EventSent;9078
16;46;09;EventSent;8924
16;46;10;EventSent;9541
16;46;11;EventSent;8427
16;46;12;EventSent;9566
16;46;13;EventSent;7906
16;46;14;EventSent;8912
16;46;15;EventSent;9861
16;46;16;EventSent;5613
16;46;17;EventSent;9283
16;46;18;EventSent;9408
16;46;19;EventSent;9211
16;46;20;EventSent;8019
16;46;21;EventSent;8651
16;46;22;EventSent;8949
16;46;23;EventSent;7762
16;46;24;EventSent;8470
16;46;25;EventSent;7858
16;46;26;EventSent;8916
16;46;27;EventSent;6845
16;46;28;EventSent;9803
16;46;29;EventSent;9975
16;46;30;EventSent;8822
16;46;31;EventSent;22
16;46;30;EventSent;1
16;46;31;EventSent;4564
16;46;32;EventSent;3
16;46;31;EventSent;1
16;46;32;EventSent;8
16;46;31;EventSent;1
16;46;32;EventSent;2
16;46;31;EventSent;3
16;46;32;EventSent;9861
16;46;33;EventSent;8496
16;46;34;EventSent;9137
16;46;35;EventSent;9225
16;46;36;EventSent;9134
16;46;37;EventSent;1
16;46;36;EventSent;2
16;46;37;EventSent;7317
16;46;38;EventSent;9326
16;46;39;EventSent;8701
16;46;40;EventSent;1
16;46;39;EventSent;1
16;46;40;EventSent;8944
16;46;41;EventSent;7632
16;46;42;EventSent;9537
16;46;43;EventSent;9036
16;46;44;EventSent;9383
16;46;45;EventSent;6
16;46;44;EventSent;3
16;46;45;EventSent;7
16;46;44;EventSent;5
16;46;45;EventSent;7911
16;46;46;EventSent;7523
16;46;47;EventSent;7305
16;46;48;EventSent;6
16;46;47;EventSent;2
16;46;48;EventSent;5
16;46;47;EventSent;1
16;46;48;EventSent;8972
16;46;49;EventSent;8951
16;46;50;EventSent;7391
16;46;51;EventSent;9216
16;46;52;EventSent;9848
16;46;53;EventSent;9396
16;46;54;EventSent;8100
16;46;55;EventSent;8279
16;46;56;EventSent;7894
16;46;57;EventSent;7927
16;46;58;EventSent;8070
16;46;59;EventSent;7196
16;47;00;EventSent;6418
16;47;01;EventSent;6746
16;47;02;EventSent;8418
16;47;03;EventSent;7013
16;47;04;EventSent;4
16;47;03;EventSent;1
16;47;04;EventSent;9718
16;47;05;EventSent;9152
16;47;06;EventSent;9853
16;47;07;EventSent;8312
16;47;08;EventSent;9187
16;47;09;EventSent;8920
16;47;10;EventSent;7291
16;47;11;EventSent;2
16;47;10;EventSent;1
16;47;11;EventSent;8649
16;47;12;EventSent;9224
16;47;13;EventSent;9059
16;47;14;EventSent;9556
16;47;15;EventSent;2
16;47;14;EventSent;2
16;47;15;EventSent;9193
16;47;16;EventSent;8367
16;47;17;EventSent;9074
16;47;18;EventSent;1
16;47;17;EventSent;1
16;47;18;EventSent;1
16;47;17;EventSent;1
16;47;18;EventSent;2
16;47;17;EventSent;1
16;47;18;EventSent;9213
16;47;19;EventSent;12
16;47;18;EventSent;9
16;47;19;EventSent;9310
16;47;20;EventSent;9053
16;47;21;EventSent;1
16;47;20;EventSent;2
16;47;21;EventSent;1
16;47;20;EventSent;3
16;47;21;EventSent;1
16;47;20;EventSent;1
16;47;21;EventSent;3
16;47;20;EventSent;2
16;47;21;EventSent;9211
16;47;22;EventSent;9000
16;47;23;EventSent;8917
16;47;24;EventSent;9839
16;47;25;EventSent;9223
16;47;26;EventSent;9716
16;47;27;EventSent;1
16;47;26;EventSent;4
16;47;27;EventSent;7576
16;47;28;EventSent;9523
16;47;29;EventSent;10003
16;47;30;EventSent;9967
16;47;31;EventSent;8713
16;47;32;EventSent;9517
16;47;33;EventSent;9761
16;47;34;EventSent;9796
16;47;35;EventSent;9807
16;47;36;EventSent;8195
16;47;37;EventSent;9442
16;47;38;EventSent;8970
16;47;39;EventSent;9300
16;47;40;EventSent;9483
16;47;41;EventSent;8848
16;47;42;EventSent;1
16;47;41;EventSent;1
16;47;42;EventSent;1
16;47;41;EventSent;1
16;47;42;EventSent;9147
16;47;43;EventSent;8613
16;47;44;EventSent;9773
16;47;45;EventSent;8857
16;47;46;EventSent;9533
16;47;47;EventSent;9521
16;47;48;EventSent;9504
16;47;49;EventSent;9781
16;47;50;EventSent;1
16;47;49;EventSent;1
16;47;50;EventSent;9996
16;47;51;EventSent;9002
16;47;52;EventSent;9554
16;47;53;EventSent;9243
16;47;54;EventSent;1
16;47;53;EventSent;1
16;47;54;EventSent;1
16;47;53;EventSent;18
16;47;54;EventSent;9414
16;47;55;EventSent;5874
16;47;56;EventSent;9364
16;47;57;EventSent;9126
16;47;58;EventSent;9495
16;47;59;EventSent;9725
16;48;00;EventSent;9303
16;48;01;EventSent;8912
16;48;02;EventSent;9644
16;48;03;EventSent;9631
16;48;04;EventSent;9746
16;48;05;EventSent;9669
16;48;06;EventSent;9460
16;48;07;EventSent;9548
16;48;08;EventSent;9880
16;48;09;EventSent;8702
16;48;10;EventSent;9262
16;48;11;EventSent;8851
16;48;12;EventSent;9009
16;48;13;EventSent;9395
16;48;14;EventSent;9661
16;48;15;EventSent;8728
16;48;16;EventSent;1
16;48;15;EventSent;1
16;48;16;EventSent;8859
16;48;17;EventSent;7015
16;48;18;EventSent;9331
16;48;19;EventSent;19
16;48;18;EventSent;1
16;48;19;EventSent;7692
16;48;20;EventSent;8522
16;48;21;EventSent;8
16;48;20;EventSent;1
16;48;21;EventSent;9551
16;48;22;EventSent;7964
16;48;23;EventSent;9154
16;48;24;EventSent;9090
16;48;25;EventSent;2
16;48;24;EventSent;1
16;48;25;EventSent;1
16;48;24;EventSent;1
16;48;25;EventSent;8280
16;48;26;EventSent;8165
16;48;27;EventSent;8427
16;48;28;EventSent;9015
16;48;29;EventSent;9393
16;48;30;EventSent;8898
16;48;31;EventSent;9352
16;48;32;EventSent;7625
16;48;33;EventSent;7811
16;48;34;EventSent;8677
16;48;35;EventSent;3
16;48;34;EventSent;2
16;48;35;EventSent;8697
16;48;36;EventSent;8199
16;48;37;EventSent;8788
16;48;38;EventSent;7885
16;48;39;EventSent;9
16;48;38;EventSent;1
16;48;39;EventSent;1
16;48;38;EventSent;1
16;48;39;EventSent;4
16;48;38;EventSent;3
16;48;39;EventSent;2
16;48;38;EventSent;1
16;48;39;EventSent;8492
16;48;40;EventSent;8994
16;48;41;EventSent;9165
16;48;42;EventSent;8570
16;48;43;EventSent;9627
16;48;44;EventSent;8916
16;48;45;EventSent;8819
16;48;46;EventSent;8798
16;48;47;EventSent;8860
16;48;48;EventSent;7729
16;48;49;EventSent;8957
16;48;50;EventSent;9228
16;48;51;EventSent;8503
16;48;52;EventSent;1
16;48;51;EventSent;1
16;48;52;EventSent;9290
16;48;53;EventSent;8777
16;48;54;EventSent;19
16;48;53;EventSent;1
16;48;54;EventSent;8179
16;48;55;EventSent;1
16;48;54;EventSent;1
16;48;55;EventSent;8504
16;48;56;EventSent;2
16;48;55;EventSent;4
16;48;56;EventSent;2
16;48;55;EventSent;1
16;48;56;EventSent;2
16;48;55;EventSent;1
16;48;56;EventSent;1
16;48;55;EventSent;2
16;48;56;EventSent;1
16;48;55;EventSent;1
16;48;56;EventSent;3
16;48;55;EventSent;2
16;48;56;EventSent;9600
16;48;57;EventSent;8268
16;48;58;EventSent;8215
16;48;59;EventSent;7631
16;49;00;EventSent;9603
16;49;01;EventSent;1
16;49;00;EventSent;1
16;49;01;EventSent;9031
16;49;02;EventSent;8995
16;49;03;EventSent;8053
16;49;04;EventSent;8039
16;49;05;EventSent;7
16;49;04;EventSent;1
16;49;05;EventSent;12
16;49;04;EventSent;3
16;49;05;EventSent;10
16;49;04;EventSent;2
16;49;05;EventSent;4
16;49;04;EventSent;2
16;49;05;EventSent;9134
16;49;06;EventSent;7492
16;49;07;EventSent;8798
16;49;08;EventSent;8811
16;49;09;EventSent;9124
16;49;10;EventSent;7973
16;49;11;EventSent;8530
16;49;12;EventSent;8045
16;49;13;EventSent;8871
16;49;14;EventSent;9123
16;49;15;EventSent;8272
16;49;16;EventSent;7735
16;49;17;EventSent;9220
16;49;18;EventSent;8720
16;49;19;EventSent;8792
16;49;20;EventSent;9532
16;49;21;EventSent;9530
16;49;22;EventSent;9842
16;49;23;EventSent;1
16;49;22;EventSent;1
16;49;23;EventSent;9552
16;49;24;EventSent;12
16;49;23;EventSent;1
16;49;24;EventSent;9696
16;49;25;EventSent;8272
16;49;26;EventSent;8652
16;49;27;EventSent;5693
16;49;28;EventSent;9908
16;49;29;EventSent;9589
16;49;30;EventSent;9407
16;49;31;EventSent;9218
16;49;32;EventSent;9039
16;49;33;EventSent;6616
16;49;34;EventSent;9965
16;49;35;EventSent;8910
16;49;36;EventSent;9747
16;49;37;EventSent;9572
16;49;38;EventSent;7905
16;49;39;EventSent;8363
16;49;40;EventSent;9369
16;49;41;EventSent;8359
16;49;42;EventSent;9158
16;49;43;EventSent;8768
16;49;44;EventSent;7127
16;49;45;EventSent;7769
16;49;46;EventSent;8847
16;49;47;EventSent;2
16;49;46;EventSent;1
16;49;47;EventSent;9221
16;49;48;EventSent;8569
16;49;49;EventSent;8870
16;49;50;EventSent;9185
16;49;51;EventSent;13
16;49;50;EventSent;8
16;49;51;EventSent;5637
16;49;52;EventSent;8472
16;49;53;EventSent;1
16;49;52;EventSent;3
16;49;53;EventSent;1
16;49;52;EventSent;2
16;49;53;EventSent;8664
16;49;54;EventSent;7917
16;49;55;EventSent;6153
16;49;56;EventSent;15
16;49;55;EventSent;1
16;49;56;EventSent;6699
16;49;57;EventSent;7591
16;49;58;EventSent;9332
16;49;59;EventSent;9333
16;50;00;EventSent;8163
16;50;01;EventSent;9167
16;50;02;EventSent;8540
16;50;03;EventSent;4
16;50;02;EventSent;1
16;50;03;EventSent;4552
16;50;04;EventSent;8951
16;50;05;EventSent;8090
16;50;06;EventSent;70
16;50;05;EventSent;1
16;50;06;EventSent;1
16;50;05;EventSent;1
16;50;06;EventSent;30
16;50;05;EventSent;1
16;50;06;EventSent;8934
16;50;07;EventSent;9474
16;50;08;EventSent;8953
16;50;09;EventSent;8169
16;50;10;EventSent;1
16;50;09;EventSent;1
16;50;10;EventSent;9774
16;50;11;EventSent;8945
16;50;12;EventSent;7803
16;50;13;EventSent;21
16;50;12;EventSent;1
16;50;13;EventSent;3
16;50;12;EventSent;2
16;50;13;EventSent;9367
16;50;14;EventSent;9143
16;50;15;EventSent;9519
16;50;16;EventSent;9527
16;50;17;EventSent;8352
16;50;18;EventSent;8459
16;50;19;EventSent;7451
16;50;20;EventSent;8957
16;50;21;EventSent;8013
16;50;22;EventSent;8596
16;50;23;EventSent;8581
16;50;24;EventSent;3
16;50;23;EventSent;2
16;50;24;EventSent;8854
16;50;25;EventSent;18
16;50;24;EventSent;2
16;50;25;EventSent;8471
16;50;26;EventSent;6461
16;50;27;EventSent;2
16;50;26;EventSent;1
16;50;27;EventSent;4
16;50;26;EventSent;1
16;50;27;EventSent;2
16;50;26;EventSent;2
16;50;27;EventSent;1
16;50;26;EventSent;1
16;50;27;EventSent;7608
16;50;28;EventSent;9190
16;50;29;EventSent;7305
16;50;30;EventSent;9850
16;50;31;EventSent;8914
16;50;32;EventSent;8286
16;50;33;EventSent;9291
16;50;34;EventSent;8442
16;50;35;EventSent;9346
16;50;36;EventSent;8194
16;50;37;EventSent;9677
16;50;38;EventSent;9324
16;50;39;EventSent;9875
16;50;40;EventSent;8397
16;50;41;EventSent;8834
16;50;42;EventSent;9062
16;50;43;EventSent;9247
16;50;44;EventSent;7475
16;50;45;EventSent;9501
16;50;46;EventSent;9417
16;50;47;EventSent;9071
16;50;48;EventSent;8443
16;50;49;EventSent;9214
16;50;50;EventSent;8
16;50;49;EventSent;2
16;50;50;EventSent;1
16;50;49;EventSent;1
16;50;50;EventSent;9299
16;50;51;EventSent;8033
16;50;52;EventSent;9451
16;50;53;EventSent;8993
16;50;54;EventSent;8704
16;50;55;EventSent;9489
16;50;56;EventSent;8623
16;50;57;EventSent;9233
16;50;58;EventSent;8957
16;50;59;EventSent;31
16;50;58;EventSent;1
16;50;59;EventSent;8008
16;51;00;EventSent;8800
16;51;01;EventSent;8265
16;51;02;EventSent;8393
16;51;03;EventSent;9206
16;51;04;EventSent;9192
16;51;05;EventSent;8918
16;51;06;EventSent;9726
16;51;07;EventSent;8969
16;51;08;EventSent;8315
16;51;09;EventSent;9784
16;51;10;EventSent;9559
16;51;11;EventSent;9505
16;51;12;EventSent;9097
16;51;13;EventSent;9159
16;51;14;EventSent;9339
16;51;15;EventSent;6
16;51;14;EventSent;15
16;51;15;EventSent;1
16;51;14;EventSent;1
16;51;15;EventSent;8838
16;51;16;EventSent;8955
16;51;17;EventSent;8
16;51;16;EventSent;1
16;51;17;EventSent;8798
16;51;18;EventSent;7662
16;51;19;EventSent;8288
16;51;20;EventSent;8534
16;51;21;EventSent;8449
16;51;22;EventSent;9785
16;51;23;EventSent;9409
16;51;24;EventSent;1
16;51;23;EventSent;1
16;51;24;EventSent;8738
16;51;25;EventSent;8848
16;51;26;EventSent;1
16;51;25;EventSent;1
16;51;26;EventSent;1
16;51;25;EventSent;4
16;51;26;EventSent;2
16;51;25;EventSent;1
16;51;26;EventSent;7798
16;51;27;EventSent;8703
16;51;28;EventSent;9397
16;51;29;EventSent;9346
16;51;30;EventSent;9661
16;51;31;EventSent;9278
16;51;32;EventSent;7890
16;51;33;EventSent;8761
16;51;34;EventSent;8865
16;51;35;EventSent;1
16;51;34;EventSent;1
16;51;35;EventSent;4
16;51;34;EventSent;1
16;51;35;EventSent;13
16;51;34;EventSent;1
16;51;35;EventSent;8640
16;51;36;EventSent;7996
16;51;37;EventSent;8561
16;51;38;EventSent;8881
16;51;39;EventSent;9138
16;51;40;EventSent;9836
16;51;41;EventSent;3
16;51;40;EventSent;1
16;51;41;EventSent;10
16;51;40;EventSent;1
16;51;41;EventSent;8827
16;51;42;EventSent;1
16;51;41;EventSent;1
16;51;42;EventSent;8669
16;51;43;EventSent;8382
16;51;44;EventSent;9015
16;51;45;EventSent;9104
16;51;46;EventSent;9093
16;51;47;EventSent;9503
16;51;48;EventSent;9148
16;51;49;EventSent;8934
16;51;50;EventSent;8818
16;51;51;EventSent;8481
16;51;52;EventSent;7333
16;51;53;EventSent;9270
16;51;54;EventSent;4
16;51;53;EventSent;1
16;51;54;EventSent;3
16;51;53;EventSent;1
16;51;54;EventSent;1
16;51;53;EventSent;1
16;51;54;EventSent;1
16;51;53;EventSent;2
16;51;54;EventSent;9206
16;51;55;EventSent;8383
16;51;56;EventSent;7249
16;51;57;EventSent;8555
16;51;58;EventSent;3
16;51;57;EventSent;2
16;51;58;EventSent;9001
16;51;59;EventSent;2
16;51;58;EventSent;1
16;51;59;EventSent;1
16;51;58;EventSent;1
16;51;59;EventSent;2
16;51;58;EventSent;1
16;51;59;EventSent;8789
16;52;00;EventSent;9584
16;52;01;EventSent;3
16;52;00;EventSent;1
16;52;01;EventSent;9070
16;52;02;EventSent;8941
16;52;03;EventSent;7641
16;52;04;EventSent;8513
16;52;05;EventSent;1
16;52;04;EventSent;1
16;52;05;EventSent;15
16;52;04;EventSent;5
16;52;05;EventSent;9450
16;52;06;EventSent;2
16;52;05;EventSent;1
16;52;06;EventSent;2
16;52;05;EventSent;3
16;52;06;EventSent;9416
16;52;07;EventSent;8139
16;52;08;EventSent;8912
16;52;09;EventSent;9820
16;52;10;EventSent;8460
16;52;11;EventSent;8762
16;52;12;EventSent;8905
16;52;13;EventSent;9499
16;52;14;EventSent;8912
16;52;15;EventSent;1
16;52;14;EventSent;1
16;52;15;EventSent;9299
16;52;16;EventSent;1
16;52;15;EventSent;1
16;52;16;EventSent;9473
16;52;17;EventSent;8703
16;52;18;EventSent;9393
16;52;19;EventSent;5907
16;52;20;EventSent;3
16;52;19;EventSent;1
16;52;20;EventSent;1
16;52;19;EventSent;1
16;52;20;EventSent;8884
16;52;21;EventSent;2
16;52;20;EventSent;1
16;52;21;EventSent;4
16;52;20;EventSent;1
16;52;21;EventSent;9552
16;52;22;EventSent;9687
16;52;23;EventSent;1
16;52;22;EventSent;4
16;52;23;EventSent;1
16;52;22;EventSent;1
16;52;23;EventSent;2
16;52;22;EventSent;1
16;52;23;EventSent;9114
16;52;24;EventSent;1
16;52;23;EventSent;1
16;52;24;EventSent;2
16;52;23;EventSent;1
16;52;24;EventSent;8631
16;52;25;EventSent;9266
16;52;26;EventSent;8390
16;52;27;EventSent;9382
16;52;28;EventSent;2
16;52;27;EventSent;1
16;52;28;EventSent;8635
16;52;29;EventSent;9047
16;52;30;EventSent;9026
16;52;31;EventSent;8276
16;52;32;EventSent;8297
16;52;33;EventSent;8606
16;52;34;EventSent;9057
16;52;35;EventSent;9139
16;52;36;EventSent;9622
16;52;37;EventSent;7985
16;52;38;EventSent;9493
16;52;39;EventSent;9307
16;52;40;EventSent;8679
16;52;41;EventSent;8414
16;52;42;EventSent;9240
16;52;43;EventSent;9150
16;52;44;EventSent;9703
16;52;45;EventSent;9206
16;52;46;EventSent;9478
16;52;47;EventSent;9451
16;52;48;EventSent;9420
16;52;49;EventSent;8878
16;52;50;EventSent;9591
16;52;51;EventSent;9804
16;52;52;EventSent;9034
16;52;53;EventSent;7553
16;52;54;EventSent;9266
16;52;55;EventSent;8103
16;52;56;EventSent;9432
16;52;57;EventSent;7222
16;52;58;EventSent;8137
16;52;59;EventSent;9600
16;53;00;EventSent;9635
16;53;01;EventSent;9566
16;53;02;EventSent;9145
16;53;03;EventSent;7115
16;53;04;EventSent;9361
16;53;05;EventSent;9400
16;53;06;EventSent;8644
16;53;07;EventSent;8135
16;53;08;EventSent;7045
16;53;09;EventSent;9056
16;53;10;EventSent;9416
16;53;11;EventSent;8926
16;53;12;EventSent;9350
16;53;13;EventSent;8971
16;53;14;EventSent;8780
16;53;15;EventSent;9764
16;53;16;EventSent;1
16;53;15;EventSent;1
16;53;16;EventSent;8041
16;53;17;EventSent;9317
16;53;18;EventSent;12
16;53;17;EventSent;1
16;53;18;EventSent;9239
16;53;19;EventSent;3
16;53;18;EventSent;1
16;53;19;EventSent;9295
16;53;20;EventSent;7474
16;53;21;EventSent;9365
16;53;22;EventSent;9067
16;53;23;EventSent;9118
16;53;24;EventSent;9228
16;53;25;EventSent;1
16;53;24;EventSent;1
16;53;25;EventSent;8369
16;53;26;EventSent;4
16;53;25;EventSent;1
16;53;26;EventSent;9285
16;53;27;EventSent;3
16;53;26;EventSent;1
16;53;27;EventSent;2
16;53;26;EventSent;1
16;53;27;EventSent;1
16;53;26;EventSent;2
16;53;27;EventSent;1
16;53;26;EventSent;1
16;53;27;EventSent;6661
16;53;28;EventSent;9233
16;53;29;EventSent;9315
16;53;30;EventSent;2
16;53;29;EventSent;1
16;53;30;EventSent;7926
16;53;31;EventSent;8034
16;53;32;EventSent;8133
16;53;33;EventSent;8931
16;53;34;EventSent;1
16;53;33;EventSent;1
16;53;34;EventSent;9399
16;53;35;EventSent;9499
16;53;36;EventSent;8825
16;53;37;EventSent;7807
16;53;38;EventSent;9742
16;53;39;EventSent;11
16;53;38;EventSent;1
16;53;39;EventSent;9637
16;53;40;EventSent;9415
16;53;41;EventSent;9540
16;53;42;EventSent;9357
16;53;43;EventSent;9367
16;53;44;EventSent;8970
16;53;45;EventSent;8560
16;53;46;EventSent;8205
16;53;47;EventSent;9077
16;53;48;EventSent;9397
16;53;49;EventSent;1
16;53;48;EventSent;1
16;53;49;EventSent;9054
16;53;50;EventSent;9906
16;53;51;EventSent;9987
16;53;52;EventSent;9273
16;53;53;EventSent;9070
16;53;54;EventSent;9941
16;53;55;EventSent;8952
16;53;56;EventSent;8591
16;53;57;EventSent;1
16;53;56;EventSent;1
16;53;57;EventSent;1
16;53;56;EventSent;1
16;53;57;EventSent;9042
16;53;58;EventSent;9558
16;53;59;EventSent;8915
16;54;00;EventSent;7950
16;54;01;EventSent;8650
16;54;02;EventSent;36
16;54;01;EventSent;1
16;54;02;EventSent;7629
16;54;03;EventSent;8655
16;54;04;EventSent;9583
16;54;05;EventSent;9201
16;54;06;EventSent;8770
16;54;07;EventSent;7869
16;54;08;EventSent;8926
16;54;09;EventSent;8667
16;54;10;EventSent;9173
16;54;11;EventSent;8699
16;54;12;EventSent;4760
16;54;13;EventSent;8111
16;54;14;EventSent;9021
16;54;15;EventSent;9680
16;54;16;EventSent;7258
16;54;17;EventSent;2
16;54;16;EventSent;1
16;54;17;EventSent;9311
16;54;18;EventSent;9263
16;54;19;EventSent;9714
16;54;20;EventSent;9421
16;54;21;EventSent;9497
16;54;22;EventSent;1
16;54;21;EventSent;1
16;54;22;EventSent;1
16;54;21;EventSent;1
16;54;22;EventSent;8584
16;54;23;EventSent;9162
16;54;24;EventSent;9759
16;54;25;EventSent;9212
16;54;26;EventSent;17
16;54;25;EventSent;1
16;54;26;EventSent;8955
16;54;27;EventSent;8230
16;54;28;EventSent;8900
16;54;29;EventSent;8489
16;54;30;EventSent;1
16;54;29;EventSent;1
16;54;30;EventSent;8381
16;54;31;EventSent;8975
16;54;32;EventSent;17
16;54;31;EventSent;1
16;54;32;EventSent;9600
16;54;33;EventSent;9415
16;54;34;EventSent;5732
16;54;35;EventSent;9475
16;54;36;EventSent;1
16;54;35;EventSent;1
16;54;36;EventSent;9487
16;54;37;EventSent;11
16;54;36;EventSent;1
16;54;37;EventSent;9073
16;54;38;EventSent;1
16;54;37;EventSent;1
16;54;38;EventSent;9320
16;54;39;EventSent;9336
16;54;40;EventSent;8848
16;54;41;EventSent;9419
16;54;42;EventSent;9279
16;54;43;EventSent;9270
16;54;44;EventSent;9047
16;54;45;EventSent;8977
16;54;46;EventSent;9069
16;54;47;EventSent;6967
16;54;48;EventSent;8044
16;54;49;EventSent;4
16;54;48;EventSent;1
16;54;49;EventSent;2
16;54;48;EventSent;1
16;54;49;EventSent;14
16;54;48;EventSent;2
16;54;49;EventSent;5516
16;54;50;EventSent;7937
16;54;51;EventSent;9634
16;54;52;EventSent;8645
16;54;53;EventSent;9015
16;54;54;EventSent;8044
16;54;55;EventSent;1
16;54;54;EventSent;1
16;54;55;EventSent;9113
16;54;56;EventSent;7848
16;54;57;EventSent;8756
16;54;58;EventSent;9396
16;54;59;EventSent;8
16;54;58;EventSent;1
16;54;59;EventSent;8345
16;55;00;EventSent;4
16;54;59;EventSent;2
16;55;00;EventSent;2
16;54;59;EventSent;3
16;55;00;EventSent;9162
16;55;01;EventSent;1
16;55;00;EventSent;1
16;55;01;EventSent;8621
16;55;02;EventSent;6225
16;55;03;EventSent;3971
16;55;04;EventSent;9119
16;55;05;EventSent;8329
16;55;06;EventSent;8917
16;55;07;EventSent;8916
16;55;08;EventSent;9309
16;55;09;EventSent;12
16;55;08;EventSent;1
16;55;09;EventSent;6
16;55;08;EventSent;1
16;55;09;EventSent;9456
16;55;10;EventSent;9575
16;55;11;EventSent;7601
16;55;12;EventSent;2
16;55;11;EventSent;1
16;55;12;EventSent;6448
16;55;13;EventSent;9577
16;55;14;EventSent;5334
16;55;15;EventSent;7725
16;55;16;EventSent;9265
16;55;17;EventSent;8475
16;55;18;EventSent;7576
16;55;19;EventSent;8027
16;55;20;EventSent;14
16;55;19;EventSent;1
16;55;20;EventSent;6
16;55;19;EventSent;1
16;55;20;EventSent;8571
16;55;21;EventSent;1
16;55;20;EventSent;1
16;55;21;EventSent;1
16;55;20;EventSent;1
16;55;21;EventSent;2
16;55;20;EventSent;1
16;55;21;EventSent;9644
16;55;22;EventSent;9013
16;55;23;EventSent;9682
16;55;24;EventSent;8998
16;55;25;EventSent;9895
16;55;26;EventSent;5
16;55;25;EventSent;16
16;55;26;EventSent;8830
16;55;27;EventSent;12
16;55;26;EventSent;1
16;55;27;EventSent;9440
16;55;28;EventSent;9067
16;55;29;EventSent;9558
16;55;30;EventSent;8921
16;55;31;EventSent;9921
16;55;32;EventSent;9745
16;55;33;EventSent;9854
16;55;34;EventSent;9445
16;55;35;EventSent;9566
16;55;36;EventSent;9309
16;55;37;EventSent;9066
16;55;38;EventSent;9287
16;55;39;EventSent;8456
16;55;40;EventSent;9491
16;55;41;EventSent;9780
16;55;42;EventSent;9595
16;55;43;EventSent;9728
16;55;44;EventSent;9463
16;55;45;EventSent;9506
16;55;46;EventSent;9780
16;55;47;EventSent;8982
16;55;48;EventSent;9459
16;55;49;EventSent;9375
16;55;50;EventSent;9225
16;55;51;EventSent;9634
16;55;52;EventSent;9659
16;55;53;EventSent;8096
16;55;54;EventSent;9464
16;55;55;EventSent;9651
16;55;56;EventSent;8202
16;55;57;EventSent;7804
16;55;58;EventSent;14
16;55;57;EventSent;1
16;55;58;EventSent;9735
16;55;59;EventSent;9503
16;56;00;EventSent;9263
16;56;01;EventSent;13
16;56;00;EventSent;1
16;56;01;EventSent;8384
16;56;02;EventSent;13
16;56;01;EventSent;1
16;56;02;EventSent;10
16;56;01;EventSent;4
16;56;02;EventSent;1
16;56;01;EventSent;4
16;56;02;EventSent;8272
16;56;03;EventSent;8285
16;56;04;EventSent;1
16;56;03;EventSent;2
16;56;04;EventSent;8646
16;56;05;EventSent;9524
16;56;06;EventSent;8970
16;56;07;EventSent;7760
16;56;08;EventSent;7656
16;56;09;EventSent;9407
16;56;10;EventSent;9487
16;56;11;EventSent;9042
16;56;12;EventSent;8573
16;56;13;EventSent;7
16;56;12;EventSent;1
16;56;13;EventSent;8969
16;56;14;EventSent;8981
16;56;15;EventSent;1
16;56;14;EventSent;1
16;56;15;EventSent;1
16;56;14;EventSent;1
16;56;15;EventSent;3
16;56;14;EventSent;1
16;56;15;EventSent;9539
16;56;16;EventSent;8545
16;56;17;EventSent;7672
16;56;18;EventSent;2
16;56;17;EventSent;1
16;56;18;EventSent;9396
16;56;19;EventSent;9107
16;56;20;EventSent;9632
16;56;21;EventSent;8554
16;56;22;EventSent;8774
16;56;23;EventSent;9636
16;56;24;EventSent;9757
16;56;25;EventSent;9588
16;56;26;EventSent;9141
16;56;27;EventSent;9087
16;56;28;EventSent;9725
16;56;29;EventSent;9762
16;56;30;EventSent;7
16;56;29;EventSent;1
16;56;30;EventSent;11
16;56;29;EventSent;7
16;56;30;EventSent;8839
16;56;31;EventSent;6431
16;56;32;EventSent;9452
16;56;33;EventSent;9826
16;56;34;EventSent;9096
16;56;35;EventSent;9
16;56;34;EventSent;10
16;56;35;EventSent;9222
16;56;36;EventSent;8141
16;56;37;EventSent;8926
16;56;38;EventSent;9556
16;56;39;EventSent;9385
16;56;40;EventSent;4
16;56;39;EventSent;1
16;56;40;EventSent;9185
16;56;41;EventSent;9236
16;56;42;EventSent;9098
16;56;43;EventSent;9021
16;56;44;EventSent;9129
16;56;45;EventSent;8831
16;56;46;EventSent;9639
16;56;47;EventSent;8859
16;56;48;EventSent;9536
16;56;49;EventSent;9828
16;56;50;EventSent;8173
16;56;51;EventSent;9862
16;56;52;EventSent;8141
16;56;53;EventSent;8329
16;56;54;EventSent;9772
16;56;55;EventSent;9493
16;56;56;EventSent;6853
16;56;57;EventSent;7218
16;56;58;EventSent;9320
16;56;59;EventSent;9463
16;57;00;EventSent;9212
16;57;01;EventSent;9870
16;57;02;EventSent;9340
16;57;03;EventSent;9878
16;57;04;EventSent;9901
16;57;05;EventSent;9068
16;57;06;EventSent;8669
16;57;07;EventSent;9487
16;57;08;EventSent;9906
16;57;09;EventSent;9104
16;57;10;EventSent;9633
16;57;11;EventSent;8867
16;57;12;EventSent;7886
16;57;13;EventSent;31
16;57;12;EventSent;3
16;57;13;EventSent;1
16;57;12;EventSent;1
16;57;13;EventSent;9055
16;57;14;EventSent;8671
16;57;15;EventSent;27
16;57;14;EventSent;1
16;57;15;EventSent;8348
16;57;16;EventSent;9199
16;57;17;EventSent;8191
16;57;18;EventSent;9619
16;57;19;EventSent;2
16;57;18;EventSent;1
16;57;19;EventSent;27
16;57;18;EventSent;1
16;57;19;EventSent;9487
16;57;20;EventSent;22
16;57;19;EventSent;1
16;57;20;EventSent;7630
16;57;21;EventSent;9767
16;57;22;EventSent;3
16;57;21;EventSent;1
16;57;22;EventSent;9118
16;57;23;EventSent;8949
16;57;24;EventSent;9751
16;57;25;EventSent;9438
16;57;26;EventSent;9684
16;57;27;EventSent;9928
16;57;28;EventSent;9685
16;57;29;EventSent;10097
16;57;30;EventSent;10100
16;57;31;EventSent;10026
16;57;32;EventSent;2
16;57;31;EventSent;1
16;57;32;EventSent;9868
16;57;33;EventSent;9759
16;57;34;EventSent;1
16;57;33;EventSent;1
16;57;34;EventSent;10087
16;57;35;EventSent;10085
16;57;36;EventSent;10091
16;57;37;EventSent;9771
16;57;38;EventSent;9961
16;57;39;EventSent;10166
16;57;40;EventSent;10070
16;57;41;EventSent;10027
16;57;42;EventSent;9767
16;57;43;EventSent;10136
16;57;44;EventSent;10018
16;57;45;EventSent;10101
16;57;46;EventSent;9836
16;57;47;EventSent;8639
16;57;48;EventSent;10081
16;57;49;EventSent;10015
16;57;50;EventSent;10054
16;57;51;EventSent;9945
16;57;52;EventSent;9325
16;57;53;EventSent;9354
16;57;54;EventSent;9798
16;57;55;EventSent;10021
16;57;56;EventSent;9952
16;57;57;EventSent;9166
16;57;58;EventSent;9970
16;57;59;EventSent;9773
16;58;00;EventSent;1
16;57;59;EventSent;1
16;58;00;EventSent;9286
16;58;01;EventSent;8886
16;58;02;EventSent;9390
16;58;03;EventSent;9856
16;58;04;EventSent;10183
16;58;05;EventSent;10010
16;58;06;EventSent;9873
16;58;07;EventSent;10001
16;58;08;EventSent;10043
16;58;09;EventSent;9964
16;58;10;EventSent;10023
16;58;11;EventSent;2
16;58;10;EventSent;1
16;58;11;EventSent;9977
16;58;12;EventSent;10028
16;58;13;EventSent;10021
16;58;14;EventSent;10062
16;58;15;EventSent;9895
16;58;16;EventSent;9965
16;58;17;EventSent;10016
16;58;18;EventSent;9990
16;58;19;EventSent;10184
16;58;20;EventSent;10094
16;58;21;EventSent;10078
16;58;22;EventSent;9006
16;58;23;EventSent;10038
16;58;24;EventSent;9982
16;58;25;EventSent;10062
16;58;26;EventSent;10032
16;58;27;EventSent;9597
16;58;28;EventSent;10060
16;58;29;EventSent;9814
16;58;30;EventSent;10006
16;58;31;EventSent;10080
16;58;32;EventSent;9802
16;58;33;EventSent;10053
16;58;34;EventSent;9997
16;58;35;EventSent;1
16;58;34;EventSent;1
16;58;35;EventSent;1
16;58;34;EventSent;1
16;58;35;EventSent;9854
16;58;36;EventSent;4659
