hour;minute;second;event;total
16;26;02;EventSent;72
16;26;03;EventSent;1385
16;26;04;EventSent;1
16;26;03;EventSent;2
16;26;04;EventSent;2683
16;26;05;EventSent;1
16;26;04;EventSent;1
16;26;05;EventSent;1
16;26;04;EventSent;2
16;26;05;EventSent;3
16;26;04;EventSent;1
16;26;05;EventSent;1
16;26;04;EventSent;2
16;26;05;EventSent;1
16;26;04;EventSent;7
16;26;05;EventSent;2580
16;26;06;EventSent;9
16;26;05;EventSent;2
16;26;06;EventSent;1
16;26;05;EventSent;2
16;26;06;EventSent;15
16;26;05;EventSent;1
16;26;06;EventSent;2050
16;26;07;EventSent;1
16;26;06;EventSent;2
16;26;07;EventSent;3
16;26;06;EventSent;1
16;26;07;EventSent;48
16;26;06;EventSent;1
16;26;07;EventSent;1
16;26;06;EventSent;1
16;26;07;EventSent;2777
16;26;08;EventSent;2
16;26;07;EventSent;1
16;26;08;EventSent;31
16;26;07;EventSent;1
16;26;08;EventSent;1
16;26;07;EventSent;4
16;26;08;EventSent;3203
16;26;09;EventSent;12
16;26;08;EventSent;3
16;26;09;EventSent;31
16;26;08;EventSent;2
16;26;09;EventSent;3675
16;26;10;EventSent;8
16;26;09;EventSent;1
16;26;10;EventSent;5
16;26;09;EventSent;2
16;26;10;EventSent;3958
16;26;11;EventSent;11
16;26;10;EventSent;2
16;26;11;EventSent;4
16;26;10;EventSent;2
16;26;11;EventSent;3341
16;26;12;EventSent;4059
16;26;13;EventSent;1
16;26;12;EventSent;2
16;26;13;EventSent;4029
16;26;14;EventSent;4
16;26;13;EventSent;3
16;26;14;EventSent;1
16;26;13;EventSent;7
16;26;14;EventSent;1
16;26;13;EventSent;6
16;26;14;EventSent;1
16;26;13;EventSent;1
16;26;14;EventSent;1
16;26;13;EventSent;4
16;26;14;EventSent;3804
16;26;15;EventSent;4059
16;26;16;EventSent;27
16;26;15;EventSent;2
16;26;16;EventSent;3
16;26;15;EventSent;1
16;26;16;EventSent;9
16;26;15;EventSent;2
16;26;16;EventSent;3982
16;26;17;EventSent;1
16;26;16;EventSent;1
16;26;17;EventSent;1
16;26;16;EventSent;1
16;26;17;EventSent;9
16;26;16;EventSent;2
16;26;17;EventSent;3
16;26;16;EventSent;2
16;26;17;EventSent;2
16;26;16;EventSent;1
16;26;17;EventSent;3465
16;26;18;EventSent;1
16;26;17;EventSent;5
16;26;18;EventSent;3682
16;26;19;EventSent;2
16;26;18;EventSent;2
16;26;19;EventSent;3433
16;26;20;EventSent;5
16;26;19;EventSent;1
16;26;20;EventSent;9
16;26;19;EventSent;4
16;26;20;EventSent;1
16;26;19;EventSent;1
16;26;20;EventSent;1
16;26;19;EventSent;3
16;26;20;EventSent;3367
16;26;21;EventSent;9
16;26;20;EventSent;1
16;26;21;EventSent;13
16;26;20;EventSent;1
16;26;21;EventSent;2
16;26;20;EventSent;1
16;26;21;EventSent;3539
16;26;22;EventSent;35
16;26;21;EventSent;1
16;26;22;EventSent;3527
16;26;23;EventSent;11
16;26;22;EventSent;2
16;26;23;EventSent;3006
16;26;24;EventSent;3
16;26;23;EventSent;6
16;26;24;EventSent;1
16;26;23;EventSent;2
16;26;24;EventSent;17
16;26;23;EventSent;4
16;26;24;EventSent;2
16;26;23;EventSent;1
16;26;24;EventSent;8
16;26;23;EventSent;1
16;26;24;EventSent;3
16;26;23;EventSent;2
16;26;24;EventSent;1
16;26;23;EventSent;1
16;26;24;EventSent;2612
16;26;25;EventSent;130
16;26;30;EventSent;21
16;26;31;EventSent;3517
16;26;32;EventSent;1
16;26;31;EventSent;1
16;26;32;EventSent;14
16;26;31;EventSent;2
16;26;32;EventSent;14
16;26;31;EventSent;1
16;26;32;EventSent;3847
16;26;33;EventSent;4
16;26;32;EventSent;4
16;26;33;EventSent;1
16;26;32;EventSent;2
16;26;33;EventSent;5
16;26;32;EventSent;1
16;26;33;EventSent;3
16;26;32;EventSent;1
16;26;33;EventSent;6
16;26;32;EventSent;1
16;26;33;EventSent;1
16;26;32;EventSent;3
16;26;33;EventSent;3831
16;26;34;EventSent;4544
16;26;35;EventSent;4834
16;26;36;EventSent;3769
16;26;37;EventSent;221
16;26;48;EventSent;3565
16;26;49;EventSent;8669
16;26;50;EventSent;2
16;26;49;EventSent;1
16;26;50;EventSent;2
16;26;49;EventSent;1
16;26;50;EventSent;1
16;26;49;EventSent;1
16;26;50;EventSent;4318
16;26;51;EventSent;5
16;26;50;EventSent;1
16;26;51;EventSent;7242
16;26;52;EventSent;1427
16;27;01;EventSent;6913
16;27;02;EventSent;1
16;27;01;EventSent;1
16;27;02;EventSent;7406
16;27;03;EventSent;6857
16;27;04;EventSent;6967
16;27;05;EventSent;6151
16;27;06;EventSent;3216
16;27;07;EventSent;27
16;27;06;EventSent;1
16;27;07;EventSent;5207
16;27;08;EventSent;5390
16;27;09;EventSent;13
16;27;08;EventSent;1
16;27;09;EventSent;7030
16;27;10;EventSent;7234
16;27;11;EventSent;7466
16;27;12;EventSent;8902
16;27;13;EventSent;9174
16;27;14;EventSent;6658
16;27;15;EventSent;7372
16;27;16;EventSent;7706
16;27;17;EventSent;7571
16;27;18;EventSent;5983
16;27;19;EventSent;2
16;27;18;EventSent;1
16;27;19;EventSent;8798
16;27;20;EventSent;9304
16;27;21;EventSent;4525
16;27;22;EventSent;3
16;27;21;EventSent;1
16;27;22;EventSent;7564
16;27;23;EventSent;3697
16;27;24;EventSent;7110
16;27;25;EventSent;7775
16;27;26;EventSent;6661
16;27;27;EventSent;7272
16;27;28;EventSent;8502
16;27;29;EventSent;7446
16;27;30;EventSent;9106
16;27;31;EventSent;8138
16;27;32;EventSent;7952
16;27;33;EventSent;8900
16;27;34;EventSent;7595
16;27;35;EventSent;6487
16;27;36;EventSent;1
16;27;35;EventSent;1
16;27;36;EventSent;7919
16;27;37;EventSent;7106
16;27;38;EventSent;13
16;27;37;EventSent;3
16;27;38;EventSent;11
16;27;37;EventSent;4
16;27;38;EventSent;1
16;27;37;EventSent;2
16;27;38;EventSent;5688
16;27;39;EventSent;2
16;27;38;EventSent;3
16;27;39;EventSent;7765
16;27;40;EventSent;9178
16;27;41;EventSent;8201
16;27;42;EventSent;5941
16;27;43;EventSent;8218
16;27;44;EventSent;7077
16;27;45;EventSent;6905
16;27;46;EventSent;7862
16;27;47;EventSent;8802
16;27;48;EventSent;1
16;27;47;EventSent;1
16;27;48;EventSent;6217
16;27;49;EventSent;13
16;27;48;EventSent;9
16;27;49;EventSent;7310
16;27;50;EventSent;7640
16;27;51;EventSent;8323
16;27;52;EventSent;6880
16;27;53;EventSent;8652
16;27;54;EventSent;8678
16;27;55;EventSent;7539
16;27;56;EventSent;7033
16;27;57;EventSent;8245
16;27;58;EventSent;7218
16;27;59;EventSent;5
16;27;58;EventSent;10
16;27;59;EventSent;1
16;27;58;EventSent;1
16;27;59;EventSent;20
16;27;58;EventSent;1
16;27;59;EventSent;8697
16;28;00;EventSent;8088
16;28;01;EventSent;8230
16;28;02;EventSent;5543
16;28;03;EventSent;7
16;28;02;EventSent;2
16;28;03;EventSent;7221
16;28;04;EventSent;15
16;28;03;EventSent;2
16;28;04;EventSent;8339
16;28;05;EventSent;17
16;28;04;EventSent;1
16;28;05;EventSent;2
16;28;04;EventSent;1
16;28;05;EventSent;9247
16;28;06;EventSent;9252
16;28;07;EventSent;9
16;28;06;EventSent;3
16;28;07;EventSent;1
16;28;06;EventSent;1
16;28;07;EventSent;6477
16;28;08;EventSent;8749
16;28;09;EventSent;7219
16;28;10;EventSent;6887
16;28;11;EventSent;14
16;28;10;EventSent;7
16;28;11;EventSent;6486
16;28;12;EventSent;15
16;28;11;EventSent;1
16;28;12;EventSent;7
16;28;11;EventSent;1
16;28;12;EventSent;1
16;28;11;EventSent;1
16;28;12;EventSent;8491
16;28;13;EventSent;1
16;28;12;EventSent;1
16;28;13;EventSent;7235
16;28;14;EventSent;69
16;28;13;EventSent;1
16;28;14;EventSent;4
16;28;13;EventSent;3
16;28;14;EventSent;3
16;28;13;EventSent;1
16;28;14;EventSent;8176
16;28;15;EventSent;7247
16;28;16;EventSent;8442
16;28;17;EventSent;8943
16;28;18;EventSent;2
16;28;17;EventSent;1
16;28;18;EventSent;10
16;28;17;EventSent;2
16;28;18;EventSent;8584
16;28;19;EventSent;8843
16;28;20;EventSent;1
16;28;19;EventSent;1
16;28;20;EventSent;7936
16;28;21;EventSent;5
16;28;20;EventSent;2
16;28;21;EventSent;6291
16;28;22;EventSent;8407
16;28;23;EventSent;7739
16;28;24;EventSent;8050
16;28;25;EventSent;7971
16;28;26;EventSent;4939
16;28;27;EventSent;6334
16;28;28;EventSent;6659
16;28;29;EventSent;7427
16;28;30;EventSent;5750
16;28;31;EventSent;25
16;28;30;EventSent;1
16;28;31;EventSent;17
16;28;30;EventSent;3
16;28;31;EventSent;8322
16;28;32;EventSent;8819
16;28;33;EventSent;7233
16;28;34;EventSent;4
16;28;33;EventSent;2
16;28;34;EventSent;8437
16;28;35;EventSent;8066
16;28;36;EventSent;8007
16;28;37;EventSent;8657
16;28;38;EventSent;6287
16;28;39;EventSent;13
16;28;38;EventSent;7
16;28;39;EventSent;8503
16;28;40;EventSent;7477
16;28;41;EventSent;8174
16;28;42;EventSent;8017
16;28;43;EventSent;6832
16;28;44;EventSent;7593
16;28;45;EventSent;10
16;28;44;EventSent;1
16;28;45;EventSent;8822
16;28;46;EventSent;7631
16;28;47;EventSent;5873
16;28;48;EventSent;3
16;28;47;EventSent;1
16;28;48;EventSent;7505
16;28;49;EventSent;2
16;28;48;EventSent;1
16;28;49;EventSent;8231
16;28;50;EventSent;8465
16;28;51;EventSent;7236
16;28;52;EventSent;7956
16;28;53;EventSent;8003
16;28;54;EventSent;20
16;28;53;EventSent;1
16;28;54;EventSent;7236
16;28;55;EventSent;7476
16;28;56;EventSent;8654
16;28;57;EventSent;6953
16;28;58;EventSent;8312
16;28;59;EventSent;7726
16;29;00;EventSent;7538
16;29;01;EventSent;9080
16;29;02;EventSent;8677
16;29;03;EventSent;3
16;29;02;EventSent;1
16;29;03;EventSent;7047
16;29;04;EventSent;1
16;29;03;EventSent;2
16;29;04;EventSent;2
16;29;03;EventSent;1
16;29;04;EventSent;8940
16;29;05;EventSent;5690
16;29;06;EventSent;14
16;29;05;EventSent;2
16;29;06;EventSent;7670
16;29;07;EventSent;6564
16;29;08;EventSent;7613
16;29;09;EventSent;12
16;29;08;EventSent;1
16;29;09;EventSent;7
16;29;08;EventSent;1
16;29;09;EventSent;7324
16;29;10;EventSent;9
16;29;09;EventSent;1
16;29;10;EventSent;7569
16;29;11;EventSent;14
16;29;10;EventSent;1
16;29;11;EventSent;5
16;29;10;EventSent;1
16;29;11;EventSent;6393
16;29;12;EventSent;6110
16;29;13;EventSent;6424
16;29;14;EventSent;8264
16;29;15;EventSent;6903
16;29;16;EventSent;7144
16;29;17;EventSent;1
16;29;16;EventSent;1
16;29;17;EventSent;8059
16;29;18;EventSent;2
16;29;17;EventSent;1
16;29;18;EventSent;7960
16;29;19;EventSent;8062
16;29;20;EventSent;8931
16;29;21;EventSent;6324
16;29;22;EventSent;1
16;29;21;EventSent;1
16;29;22;EventSent;1
16;29;21;EventSent;1
16;29;22;EventSent;7937
16;29;23;EventSent;4443
16;29;24;EventSent;1
16;29;23;EventSent;2
16;29;24;EventSent;6620
16;29;25;EventSent;5903
16;29;26;EventSent;8585
16;29;27;EventSent;7161
16;29;28;EventSent;8033
16;29;29;EventSent;8211
16;29;30;EventSent;9003
16;29;31;EventSent;9363
16;29;32;EventSent;7837
16;29;33;EventSent;5719
16;29;34;EventSent;17
16;29;33;EventSent;7
16;29;34;EventSent;4
16;29;33;EventSent;1
16;29;34;EventSent;1
16;29;33;EventSent;2
16;29;34;EventSent;8845
16;29;35;EventSent;7736
16;29;36;EventSent;7933
16;29;37;EventSent;1
16;29;36;EventSent;1
16;29;37;EventSent;1
16;29;36;EventSent;1
16;29;37;EventSent;1
16;29;36;EventSent;1
16;29;37;EventSent;5
16;29;36;EventSent;1
16;29;37;EventSent;7243
16;29;38;EventSent;6537
16;29;39;EventSent;12
16;29;38;EventSent;7
16;29;39;EventSent;5525
16;29;40;EventSent;7421
16;29;41;EventSent;7781
16;29;42;EventSent;9293
16;29;43;EventSent;8592
16;29;44;EventSent;6715
16;29;45;EventSent;6450
16;29;46;EventSent;8456
16;29;47;EventSent;6468
16;29;48;EventSent;8106
16;29;49;EventSent;8528
16;29;50;EventSent;7502
16;29;51;EventSent;7578
16;29;52;EventSent;8551
16;29;53;EventSent;7176
16;29;54;EventSent;5808
16;29;55;EventSent;6414
16;29;56;EventSent;8457
16;29;57;EventSent;7495
16;29;58;EventSent;7304
16;29;59;EventSent;1
16;29;58;EventSent;1
16;29;59;EventSent;25
16;29;58;EventSent;1
16;29;59;EventSent;6876
16;30;00;EventSent;7509
16;30;01;EventSent;7744
16;30;02;EventSent;13
16;30;01;EventSent;1
16;30;02;EventSent;6966
16;30;03;EventSent;7118
16;30;04;EventSent;7
16;30;03;EventSent;2
16;30;04;EventSent;9
16;30;03;EventSent;11
16;30;04;EventSent;6982
16;30;05;EventSent;6327
16;30;06;EventSent;25
16;30;05;EventSent;1
16;30;06;EventSent;15
16;30;05;EventSent;1
16;30;06;EventSent;7572
16;30;07;EventSent;7800
16;30;08;EventSent;8383
16;30;09;EventSent;7552
16;30;10;EventSent;1
16;30;09;EventSent;2
16;30;10;EventSent;2
16;30;09;EventSent;1
16;30;10;EventSent;4
16;30;09;EventSent;1
16;30;10;EventSent;1
16;30;09;EventSent;1
16;30;10;EventSent;8696
16;30;11;EventSent;7321
16;30;12;EventSent;6325
16;30;13;EventSent;7910
16;30;14;EventSent;8650
16;30;15;EventSent;6465
16;30;16;EventSent;7773
16;30;17;EventSent;7377
16;30;18;EventSent;3
16;30;17;EventSent;1
16;30;18;EventSent;9025
16;30;19;EventSent;8257
16;30;20;EventSent;7461
16;30;21;EventSent;7950
16;30;22;EventSent;6939
16;30;23;EventSent;8640
16;30;24;EventSent;1
16;30;23;EventSent;1
16;30;24;EventSent;6131
16;30;25;EventSent;6562
16;30;26;EventSent;12
16;30;25;EventSent;1
16;30;26;EventSent;10
16;30;25;EventSent;4
16;30;26;EventSent;8695
16;30;27;EventSent;7167
16;30;28;EventSent;14
16;30;27;EventSent;1
16;30;28;EventSent;3
16;30;27;EventSent;1
16;30;28;EventSent;6224
16;30;29;EventSent;8499
16;30;30;EventSent;8729
16;30;31;EventSent;8069
16;30;32;EventSent;7827
16;30;33;EventSent;7988
16;30;34;EventSent;2
16;30;33;EventSent;1
16;30;34;EventSent;1
16;30;33;EventSent;19
16;30;34;EventSent;8178
16;30;35;EventSent;8217
16;30;36;EventSent;6901
16;30;37;EventSent;6463
16;30;38;EventSent;16
16;30;37;EventSent;5
16;30;38;EventSent;7898
16;30;39;EventSent;8512
16;30;40;EventSent;8939
16;30;41;EventSent;17
16;30;40;EventSent;1
16;30;41;EventSent;7586
16;30;42;EventSent;8620
16;30;43;EventSent;6867
16;30;44;EventSent;6620
16;30;45;EventSent;7846
16;30;46;EventSent;6763
16;30;47;EventSent;6240
16;30;48;EventSent;5753
16;30;49;EventSent;8167
16;30;50;EventSent;6894
16;30;51;EventSent;3
16;30;50;EventSent;2
16;30;51;EventSent;7127
16;30;52;EventSent;4
16;30;51;EventSent;3
16;30;52;EventSent;7328
16;30;53;EventSent;6530
16;30;54;EventSent;3
16;30;53;EventSent;1
16;30;54;EventSent;2
16;30;53;EventSent;1
16;30;54;EventSent;1
16;30;53;EventSent;1
16;30;54;EventSent;7084
16;30;55;EventSent;7936
16;30;56;EventSent;7188
16;30;57;EventSent;5440
16;30;58;EventSent;7909
16;30;59;EventSent;6551
16;31;00;EventSent;9017
16;31;01;EventSent;7391
16;31;02;EventSent;7
16;31;01;EventSent;1
16;31;02;EventSent;8187
16;31;03;EventSent;6884
16;31;04;EventSent;8010
16;31;05;EventSent;8712
16;31;06;EventSent;4679
16;31;07;EventSent;169
16;31;06;EventSent;1
16;31;07;EventSent;5977
16;31;08;EventSent;8891
16;31;09;EventSent;6009
16;31;10;EventSent;8476
16;31;11;EventSent;7643
16;31;12;EventSent;7822
16;31;13;EventSent;7918
16;31;14;EventSent;6106
16;31;15;EventSent;5547
16;31;16;EventSent;2
16;31;15;EventSent;1
16;31;16;EventSent;1
16;31;15;EventSent;1
16;31;16;EventSent;1
16;31;15;EventSent;1
16;31;16;EventSent;2
16;31;15;EventSent;1
16;31;16;EventSent;2
16;31;15;EventSent;1
16;31;16;EventSent;2
16;31;15;EventSent;2
16;31;16;EventSent;8024
16;31;17;EventSent;7440
16;31;18;EventSent;8047
16;31;19;EventSent;7472
16;31;20;EventSent;5591
16;31;21;EventSent;1
16;31;20;EventSent;1
16;31;21;EventSent;2
16;31;20;EventSent;1
16;31;21;EventSent;7350
16;31;22;EventSent;8518
16;31;23;EventSent;7866
16;31;24;EventSent;4
16;31;23;EventSent;1
16;31;24;EventSent;11
16;31;23;EventSent;1
16;31;24;EventSent;7859
16;31;25;EventSent;7780
16;31;26;EventSent;8820
16;31;27;EventSent;9184
16;31;28;EventSent;9378
16;31;29;EventSent;9280
16;31;30;EventSent;8726
16;31;31;EventSent;7732
16;31;32;EventSent;7101
16;31;33;EventSent;6829
16;31;34;EventSent;5613
16;31;35;EventSent;5796
16;31;36;EventSent;6
16;31;35;EventSent;1
16;31;36;EventSent;2
16;31;35;EventSent;1
16;31;36;EventSent;1
16;31;35;EventSent;3
16;31;36;EventSent;1
16;31;35;EventSent;1
16;31;36;EventSent;7365
16;31;37;EventSent;7309
16;31;38;EventSent;7874
16;31;39;EventSent;7419
16;31;40;EventSent;8110
16;31;41;EventSent;6896
16;31;42;EventSent;7337
16;31;43;EventSent;6087
16;31;44;EventSent;5953
16;31;45;EventSent;13
16;31;44;EventSent;2
16;31;45;EventSent;4
16;31;44;EventSent;4
16;31;45;EventSent;8444
16;31;46;EventSent;8780
16;31;47;EventSent;7787
16;31;48;EventSent;7853
16;31;49;EventSent;6385
16;31;50;EventSent;7569
16;31;51;EventSent;1
16;31;50;EventSent;1
16;31;51;EventSent;7138
16;31;52;EventSent;6736
16;31;53;EventSent;9076
16;31;54;EventSent;13
16;31;53;EventSent;1
16;31;54;EventSent;7958
16;31;55;EventSent;7250
16;31;56;EventSent;6624
16;31;57;EventSent;6257
16;31;58;EventSent;8633
16;31;59;EventSent;7540
16;32;00;EventSent;1
16;31;59;EventSent;2
16;32;00;EventSent;7972
16;32;01;EventSent;7161
16;32;02;EventSent;2
16;32;01;EventSent;1
16;32;02;EventSent;6366
16;32;03;EventSent;7853
16;32;04;EventSent;8150
16;32;05;EventSent;6774
16;32;06;EventSent;7262
16;32;07;EventSent;1
16;32;06;EventSent;1
16;32;07;EventSent;6521
16;32;08;EventSent;1
16;32;07;EventSent;1
16;32;08;EventSent;8004
16;32;09;EventSent;1
16;32;08;EventSent;1
16;32;09;EventSent;7095
16;32;10;EventSent;9350
16;32;11;EventSent;7925
16;32;12;EventSent;6281
16;32;13;EventSent;6574
16;32;14;EventSent;7767
16;32;15;EventSent;64
16;32;14;EventSent;1
16;32;15;EventSent;5974
16;32;16;EventSent;7405
16;32;17;EventSent;13
16;32;16;EventSent;1
16;32;17;EventSent;5
16;32;16;EventSent;2
16;32;17;EventSent;7026
16;32;18;EventSent;9
16;32;17;EventSent;2
16;32;18;EventSent;7186
16;32;19;EventSent;8296
16;32;20;EventSent;8376
16;32;21;EventSent;9309
16;32;22;EventSent;8767
16;32;23;EventSent;7595
16;32;24;EventSent;4
16;32;23;EventSent;1
16;32;24;EventSent;8319
16;32;25;EventSent;8030
16;32;26;EventSent;1
16;32;25;EventSent;1
16;32;26;EventSent;7009
16;32;27;EventSent;8104
16;32;28;EventSent;9304
16;32;29;EventSent;7
16;32;28;EventSent;1
16;32;29;EventSent;7997
16;32;30;EventSent;5750
16;32;31;EventSent;4663
16;32;32;EventSent;6051
16;32;33;EventSent;10
16;32;32;EventSent;1
16;32;33;EventSent;3
16;32;32;EventSent;1
16;32;33;EventSent;3
16;32;32;EventSent;3
16;32;33;EventSent;8623
16;32;34;EventSent;7314
16;32;35;EventSent;7478
16;32;36;EventSent;8200
16;32;37;EventSent;3
16;32;36;EventSent;1
16;32;37;EventSent;7282
16;32;38;EventSent;7636
16;32;39;EventSent;7501
16;32;40;EventSent;3
16;32;39;EventSent;1
16;32;40;EventSent;7578
16;32;41;EventSent;7798
16;32;42;EventSent;5864
16;32;43;EventSent;19
16;32;42;EventSent;5
16;32;43;EventSent;8024
16;32;44;EventSent;4
16;32;43;EventSent;2
16;32;44;EventSent;6217
16;32;45;EventSent;8427
16;32;46;EventSent;8047
16;32;47;EventSent;23
16;32;46;EventSent;1
16;32;47;EventSent;7475
16;32;48;EventSent;7311
16;32;49;EventSent;6346
16;32;50;EventSent;8392
16;32;51;EventSent;34
16;32;50;EventSent;1
16;32;51;EventSent;7448
16;32;52;EventSent;8858
16;32;53;EventSent;12
16;32;52;EventSent;1
16;32;53;EventSent;9
16;32;52;EventSent;2
16;32;53;EventSent;9230
16;32;54;EventSent;7369
16;32;55;EventSent;7702
16;32;56;EventSent;8574
16;32;57;EventSent;8200
16;32;58;EventSent;7861
16;32;59;EventSent;15
16;32;58;EventSent;2
16;32;59;EventSent;25
16;32;58;EventSent;1
16;32;59;EventSent;3
16;32;58;EventSent;1
16;32;59;EventSent;8108
16;33;00;EventSent;6399
16;33;01;EventSent;13
16;33;00;EventSent;5
16;33;01;EventSent;11
16;33;00;EventSent;1
16;33;01;EventSent;2
16;33;00;EventSent;2
16;33;01;EventSent;7919
16;33;02;EventSent;9090
16;33;03;EventSent;6113
16;33;04;EventSent;1
16;33;03;EventSent;1
16;33;04;EventSent;1
16;33;03;EventSent;1
16;33;04;EventSent;7713
16;33;05;EventSent;4901
16;33;06;EventSent;4047
16;33;07;EventSent;14
16;33;06;EventSent;2
16;33;07;EventSent;4554
16;33;08;EventSent;8
16;33;07;EventSent;5
16;33;08;EventSent;8202
16;33;09;EventSent;8388
16;33;10;EventSent;7800
16;33;11;EventSent;6090
16;33;12;EventSent;8256
16;33;13;EventSent;1
16;33;12;EventSent;3
16;33;13;EventSent;1
16;33;12;EventSent;1
16;33;13;EventSent;8175
16;33;14;EventSent;1
16;33;13;EventSent;1
16;33;14;EventSent;7926
16;33;15;EventSent;16
16;33;14;EventSent;2
16;33;15;EventSent;15
16;33;14;EventSent;1
16;33;15;EventSent;7468
16;33;16;EventSent;5633
16;33;17;EventSent;8
16;33;16;EventSent;1
16;33;17;EventSent;11
16;33;16;EventSent;1
16;33;17;EventSent;6013
16;33;18;EventSent;8678
16;33;19;EventSent;7590
16;33;20;EventSent;7703
16;33;21;EventSent;7881
16;33;22;EventSent;7299
16;33;23;EventSent;8277
16;33;24;EventSent;7637
16;33;25;EventSent;6962
16;33;26;EventSent;7384
16;33;27;EventSent;8344
16;33;28;EventSent;9494
16;33;29;EventSent;7554
16;33;30;EventSent;7861
16;33;31;EventSent;7877
16;33;32;EventSent;6
16;33;31;EventSent;15
16;33;32;EventSent;8703
16;33;33;EventSent;1
16;33;32;EventSent;2
16;33;33;EventSent;2
16;33;32;EventSent;2
16;33;33;EventSent;7450
16;33;34;EventSent;7142
16;33;35;EventSent;8973
16;33;36;EventSent;9093
16;33;37;EventSent;6407
16;33;38;EventSent;7686
16;33;39;EventSent;4980
16;33;40;EventSent;52
16;33;39;EventSent;2
16;33;40;EventSent;6293
16;33;41;EventSent;1
16;33;40;EventSent;1
16;33;41;EventSent;17
16;33;40;EventSent;2
16;33;41;EventSent;7894
16;33;42;EventSent;8329
16;33;43;EventSent;7791
16;33;44;EventSent;8307
16;33;45;EventSent;8492
16;33;46;EventSent;7002
16;33;47;EventSent;7318
16;33;48;EventSent;7029
16;33;49;EventSent;14
16;33;48;EventSent;1
16;33;49;EventSent;7420
16;33;50;EventSent;17
16;33;49;EventSent;5
16;33;50;EventSent;6731
16;33;51;EventSent;8501
16;33;52;EventSent;7693
16;33;53;EventSent;5
16;33;52;EventSent;1
16;33;53;EventSent;8487
16;33;54;EventSent;6771
16;33;55;EventSent;7585
16;33;56;EventSent;8498
16;33;57;EventSent;9072
16;33;58;EventSent;8728
16;33;59;EventSent;1
16;33;58;EventSent;1
16;33;59;EventSent;7935
16;34;00;EventSent;7722
16;34;01;EventSent;7250
16;34;02;EventSent;7
16;34;01;EventSent;1
16;34;02;EventSent;8245
16;34;03;EventSent;5920
16;34;04;EventSent;10
16;34;03;EventSent;1
16;34;04;EventSent;7462
16;34;05;EventSent;8558
16;34;06;EventSent;46
16;34;05;EventSent;2
16;34;06;EventSent;12
16;34;05;EventSent;1
16;34;06;EventSent;7327
16;34;07;EventSent;5776
16;34;08;EventSent;11
16;34;07;EventSent;1
16;34;08;EventSent;2
16;34;07;EventSent;1
16;34;08;EventSent;7993
16;34;09;EventSent;6796
16;34;10;EventSent;7636
16;34;11;EventSent;8269
16;34;12;EventSent;3
16;34;11;EventSent;2
16;34;12;EventSent;7011
16;34;13;EventSent;7979
16;34;14;EventSent;7476
16;34;15;EventSent;7840
16;34;16;EventSent;8809
16;34;17;EventSent;8216
16;34;18;EventSent;8168
16;34;19;EventSent;6949
16;34;20;EventSent;5
16;34;19;EventSent;1
16;34;20;EventSent;2
16;34;19;EventSent;4
16;34;20;EventSent;1
16;34;19;EventSent;2
16;34;20;EventSent;8750
16;34;21;EventSent;7562
16;34;22;EventSent;4
16;34;21;EventSent;2
16;34;22;EventSent;13
16;34;21;EventSent;3
16;34;22;EventSent;5
16;34;21;EventSent;1
16;34;22;EventSent;2
16;34;21;EventSent;1
16;34;22;EventSent;8
16;34;21;EventSent;2
16;34;22;EventSent;8202
16;34;23;EventSent;8397
16;34;24;EventSent;11
16;34;23;EventSent;1
16;34;24;EventSent;4
16;34;23;EventSent;1
16;34;24;EventSent;7176
16;34;25;EventSent;8
16;34;24;EventSent;1
16;34;25;EventSent;7
16;34;24;EventSent;1
16;34;25;EventSent;3
16;34;24;EventSent;2
16;34;25;EventSent;1
16;34;24;EventSent;2
16;34;25;EventSent;1
16;34;24;EventSent;6
16;34;25;EventSent;6793
16;34;26;EventSent;5638
16;34;27;EventSent;7363
16;34;28;EventSent;7805
16;34;29;EventSent;7694
16;34;30;EventSent;6428
16;34;31;EventSent;8
16;34;30;EventSent;1
16;34;31;EventSent;2
16;34;30;EventSent;6
16;34;31;EventSent;1
16;34;30;EventSent;4
16;34;31;EventSent;5853
16;34;32;EventSent;8196
16;34;33;EventSent;26
16;34;32;EventSent;1
16;34;33;EventSent;8480
16;34;34;EventSent;1903
16;34;35;EventSent;7874
16;34;36;EventSent;8475
16;34;37;EventSent;1
16;34;36;EventSent;1
16;34;37;EventSent;8399
16;34;38;EventSent;8857
16;34;39;EventSent;8298
16;34;40;EventSent;7
16;34;39;EventSent;1
16;34;40;EventSent;6
16;34;39;EventSent;4
16;34;40;EventSent;1
16;34;39;EventSent;3
16;34;40;EventSent;6254
16;34;41;EventSent;8009
16;34;42;EventSent;6546
16;34;43;EventSent;8233
16;34;44;EventSent;6707
16;34;45;EventSent;7732
16;34;46;EventSent;8066
16;34;47;EventSent;7525
16;34;48;EventSent;7233
16;34;49;EventSent;7445
16;34;50;EventSent;7018
16;34;51;EventSent;1
16;34;50;EventSent;1
16;34;51;EventSent;7593
16;34;52;EventSent;34
16;34;51;EventSent;1
16;34;52;EventSent;7660
16;34;53;EventSent;6750
16;34;54;EventSent;2
16;34;53;EventSent;1
16;34;54;EventSent;7813
16;34;55;EventSent;7
16;34;54;EventSent;1
16;34;55;EventSent;2
16;34;54;EventSent;2
16;34;55;EventSent;7431
16;34;56;EventSent;7
16;34;55;EventSent;1
16;34;56;EventSent;10
16;34;55;EventSent;1
16;34;56;EventSent;6056
16;34;57;EventSent;11
16;34;56;EventSent;1
16;34;57;EventSent;50
16;34;56;EventSent;5
16;34;57;EventSent;5681
16;34;58;EventSent;7898
16;34;59;EventSent;9
16;34;58;EventSent;8
16;34;59;EventSent;6265
16;35;00;EventSent;3
16;34;59;EventSent;2
16;35;00;EventSent;2
16;34;59;EventSent;2
16;35;00;EventSent;4
16;34;59;EventSent;1
16;35;00;EventSent;4
16;34;59;EventSent;1
16;35;00;EventSent;6607
16;35;01;EventSent;17
16;35;00;EventSent;1
16;35;01;EventSent;1
16;35;00;EventSent;1
16;35;01;EventSent;8616
16;35;02;EventSent;6870
16;35;03;EventSent;7883
16;35;04;EventSent;5463
16;35;05;EventSent;7742
16;35;06;EventSent;6749
16;35;07;EventSent;2
16;35;06;EventSent;1
16;35;07;EventSent;7162
16;35;08;EventSent;9082
16;35;09;EventSent;7273
16;35;10;EventSent;3719
16;35;11;EventSent;5557
16;35;12;EventSent;6273
16;35;13;EventSent;7506
16;35;14;EventSent;8208
16;35;15;EventSent;8454
16;35;16;EventSent;5
16;35;15;EventSent;1
16;35;16;EventSent;6962
16;35;17;EventSent;7771
16;35;18;EventSent;7175
16;35;19;EventSent;7829
16;35;20;EventSent;7575
16;35;21;EventSent;2
16;35;20;EventSent;1
16;35;21;EventSent;19
16;35;20;EventSent;2
16;35;21;EventSent;6452
16;35;22;EventSent;7651
16;35;23;EventSent;2
16;35;22;EventSent;1
16;35;23;EventSent;1
16;35;22;EventSent;1
16;35;23;EventSent;8234
16;35;24;EventSent;4
16;35;23;EventSent;1
16;35;24;EventSent;7442
16;35;25;EventSent;7896
16;35;26;EventSent;7666
16;35;27;EventSent;5828
16;35;28;EventSent;8571
16;35;29;EventSent;1
16;35;28;EventSent;2
16;35;29;EventSent;1
16;35;28;EventSent;2
16;35;29;EventSent;7833
16;35;30;EventSent;7527
16;35;31;EventSent;6894
16;35;32;EventSent;5
16;35;31;EventSent;1
16;35;32;EventSent;1
16;35;31;EventSent;1
16;35;32;EventSent;7015
16;35;33;EventSent;7864
16;35;34;EventSent;7386
16;35;35;EventSent;1
16;35;34;EventSent;1
16;35;35;EventSent;8559
16;35;36;EventSent;6737
16;35;37;EventSent;8535
16;35;38;EventSent;6219
16;35;39;EventSent;5916
16;35;40;EventSent;7108
16;35;41;EventSent;8164
16;35;42;EventSent;1
16;35;41;EventSent;8
16;35;42;EventSent;5
16;35;41;EventSent;2
16;35;42;EventSent;7278
16;35;43;EventSent;8700
16;35;44;EventSent;9087
16;35;45;EventSent;6064
16;35;46;EventSent;24
16;35;45;EventSent;2
16;35;46;EventSent;4
16;35;45;EventSent;1
16;35;46;EventSent;6508
16;35;47;EventSent;7450
16;35;48;EventSent;7799
16;35;49;EventSent;1
16;35;48;EventSent;1
16;35;49;EventSent;6898
16;35;50;EventSent;7428
16;35;51;EventSent;7489
16;35;52;EventSent;1
16;35;51;EventSent;1
16;35;52;EventSent;8717
16;35;53;EventSent;4
16;35;52;EventSent;2
16;35;53;EventSent;6594
16;35;54;EventSent;4
16;35;53;EventSent;1
16;35;54;EventSent;1
16;35;53;EventSent;2
16;35;54;EventSent;28
16;35;53;EventSent;3
16;35;54;EventSent;5
16;35;53;EventSent;1
16;35;54;EventSent;6088
16;35;55;EventSent;7071
16;35;56;EventSent;7462
16;35;57;EventSent;12
16;35;56;EventSent;1
16;35;57;EventSent;5929
16;35;58;EventSent;84
16;35;57;EventSent;1
16;35;58;EventSent;28
16;35;57;EventSent;1
16;35;58;EventSent;7055
16;35;59;EventSent;4966
16;36;00;EventSent;6807
16;36;01;EventSent;7917
16;36;02;EventSent;8710
16;36;03;EventSent;8712
16;36;04;EventSent;7289
16;36;05;EventSent;7807
16;36;06;EventSent;7709
16;36;07;EventSent;7909
16;36;08;EventSent;6856
16;36;09;EventSent;7420
16;36;10;EventSent;8979
16;36;11;EventSent;8229
16;36;12;EventSent;7277
16;36;13;EventSent;7046
16;36;14;EventSent;17
16;36;13;EventSent;1
16;36;14;EventSent;5
16;36;13;EventSent;5
16;36;14;EventSent;7690
16;36;15;EventSent;7379
16;36;16;EventSent;7638
16;36;17;EventSent;7924
16;36;18;EventSent;7678
16;36;19;EventSent;8058
16;36;20;EventSent;2
16;36;19;EventSent;1
16;36;20;EventSent;1
16;36;19;EventSent;2
16;36;20;EventSent;8
16;36;19;EventSent;1
16;36;20;EventSent;4636
16;36;21;EventSent;9
16;36;20;EventSent;1
16;36;21;EventSent;1
16;36;20;EventSent;3
16;36;21;EventSent;1
16;36;20;EventSent;3
16;36;21;EventSent;4498
16;36;22;EventSent;16
16;36;21;EventSent;1
16;36;22;EventSent;40
16;36;21;EventSent;2
16;36;22;EventSent;7222
16;36;23;EventSent;6355
16;36;24;EventSent;8711
16;36;25;EventSent;17
16;36;24;EventSent;1
16;36;25;EventSent;7011
16;36;26;EventSent;6012
16;36;27;EventSent;8394
16;36;28;EventSent;8320
16;36;29;EventSent;23
16;36;28;EventSent;1
16;36;29;EventSent;1
16;36;28;EventSent;1
16;36;29;EventSent;8324
16;36;30;EventSent;8093
16;36;31;EventSent;8382
16;36;32;EventSent;7534
16;36;33;EventSent;8446
16;36;34;EventSent;7337
16;36;35;EventSent;8563
16;36;36;EventSent;7417
16;36;37;EventSent;6743
16;36;38;EventSent;7720
16;36;39;EventSent;8618
16;36;40;EventSent;7586
16;36;41;EventSent;7
16;36;40;EventSent;1
16;36;41;EventSent;3
16;36;40;EventSent;3
16;36;41;EventSent;4
16;36;40;EventSent;5
16;36;41;EventSent;7988
16;36;42;EventSent;7471
16;36;43;EventSent;12
16;36;42;EventSent;2
16;36;43;EventSent;20
16;36;42;EventSent;1
16;36;43;EventSent;5212
16;36;44;EventSent;36
16;36;43;EventSent;1
16;36;44;EventSent;7792
16;36;45;EventSent;18
16;36;44;EventSent;1
16;36;45;EventSent;7016
16;36;46;EventSent;44
16;36;45;EventSent;1
16;36;46;EventSent;6643
16;36;47;EventSent;8546
16;36;48;EventSent;8258
16;36;49;EventSent;5668
16;36;50;EventSent;5
16;36;49;EventSent;1
16;36;50;EventSent;8806
16;36;51;EventSent;7618
16;36;52;EventSent;22
16;36;51;EventSent;1
16;36;52;EventSent;7452
16;36;53;EventSent;1
16;36;52;EventSent;1
16;36;53;EventSent;8032
16;36;54;EventSent;7861
16;36;55;EventSent;7697
16;36;56;EventSent;8
16;36;55;EventSent;1
16;36;56;EventSent;8106
16;36;57;EventSent;7391
16;36;58;EventSent;6840
16;36;59;EventSent;7
16;36;58;EventSent;15
16;36;59;EventSent;7806
16;37;00;EventSent;6713
16;37;01;EventSent;12
16;37;00;EventSent;1
16;37;01;EventSent;6452
16;37;02;EventSent;7817
16;37;03;EventSent;8344
16;37;04;EventSent;8362
16;37;05;EventSent;7800
16;37;06;EventSent;1
16;37;05;EventSent;1
16;37;06;EventSent;1
16;37;05;EventSent;1
16;37;06;EventSent;7758
16;37;07;EventSent;7379
16;37;08;EventSent;2
16;37;07;EventSent;8
16;37;08;EventSent;6
16;37;07;EventSent;5
16;37;08;EventSent;7995
16;37;09;EventSent;6161
16;37;10;EventSent;8820
16;37;11;EventSent;7693
16;37;12;EventSent;7870
16;37;13;EventSent;5964
16;37;14;EventSent;7878
16;37;15;EventSent;6723
16;37;16;EventSent;2
16;37;15;EventSent;4
16;37;16;EventSent;7368
16;37;17;EventSent;4
16;37;16;EventSent;1
16;37;17;EventSent;7823
16;37;18;EventSent;7060
16;37;19;EventSent;5766
16;37;20;EventSent;8592
16;37;21;EventSent;7947
16;37;22;EventSent;5
16;37;21;EventSent;1
16;37;22;EventSent;6121
16;37;23;EventSent;8971
16;37;24;EventSent;7383
16;37;25;EventSent;5998
16;37;26;EventSent;5883
16;37;27;EventSent;8187
16;37;28;EventSent;6035
16;37;29;EventSent;1
16;37;28;EventSent;1
16;37;29;EventSent;6111
16;37;30;EventSent;18
16;37;29;EventSent;1
16;37;30;EventSent;6984
16;37;31;EventSent;7179
16;37;32;EventSent;7337
16;37;33;EventSent;8668
16;37;34;EventSent;7259
16;37;35;EventSent;6955
16;37;36;EventSent;18
16;37;35;EventSent;1
16;37;36;EventSent;7
16;37;35;EventSent;1
16;37;36;EventSent;7820
16;37;37;EventSent;6131
16;37;38;EventSent;16
16;37;37;EventSent;1
16;37;38;EventSent;5
16;37;37;EventSent;1
16;37;38;EventSent;5
16;37;37;EventSent;1
16;37;38;EventSent;1
16;37;37;EventSent;2
16;37;38;EventSent;7062
16;37;39;EventSent;7043
16;37;40;EventSent;7152
16;37;41;EventSent;7819
16;37;42;EventSent;14
16;37;41;EventSent;3
16;37;42;EventSent;5
16;37;41;EventSent;1
16;37;42;EventSent;7534
16;37;43;EventSent;5173
16;37;44;EventSent;7891
16;37;45;EventSent;7982
16;37;46;EventSent;8114
16;37;47;EventSent;7402
16;37;48;EventSent;4865
16;37;49;EventSent;14
16;37;48;EventSent;1
16;37;49;EventSent;4
16;37;48;EventSent;1
16;37;49;EventSent;6399
16;37;50;EventSent;6871
16;37;51;EventSent;10
16;37;50;EventSent;1
16;37;51;EventSent;8060
16;37;52;EventSent;1
16;37;51;EventSent;1
16;37;52;EventSent;6
16;37;51;EventSent;7
16;37;52;EventSent;5
16;37;51;EventSent;1
16;37;52;EventSent;8
16;37;51;EventSent;3
16;37;52;EventSent;7762
16;37;53;EventSent;5887
16;37;54;EventSent;7336
16;37;55;EventSent;14
16;37;54;EventSent;1
16;37;55;EventSent;2
16;37;54;EventSent;1
16;37;55;EventSent;6516
16;37;56;EventSent;8850
16;37;57;EventSent;4
16;37;56;EventSent;1
16;37;57;EventSent;2
16;37;56;EventSent;1
16;37;57;EventSent;1
16;37;56;EventSent;2
16;37;57;EventSent;6469
16;37;58;EventSent;7544
16;37;59;EventSent;8366
16;38;00;EventSent;6441
16;38;01;EventSent;7578
16;38;02;EventSent;7201
16;38;03;EventSent;5174
16;38;04;EventSent;6210
16;38;05;EventSent;8371
16;38;06;EventSent;5
16;38;05;EventSent;1
16;38;06;EventSent;9006
16;38;07;EventSent;8083
16;38;08;EventSent;8223
16;38;09;EventSent;12
16;38;08;EventSent;1
16;38;09;EventSent;5842
16;38;10;EventSent;6
16;38;09;EventSent;1
16;38;10;EventSent;8235
16;38;11;EventSent;8490
16;38;12;EventSent;7467
16;38;13;EventSent;8161
16;38;14;EventSent;5971
16;38;15;EventSent;26
16;38;14;EventSent;2
16;38;15;EventSent;1
16;38;14;EventSent;1
16;38;15;EventSent;3
16;38;14;EventSent;2
16;38;15;EventSent;5751
16;38;16;EventSent;8097
16;38;17;EventSent;7861
16;38;18;EventSent;9013
16;38;19;EventSent;1
16;38;18;EventSent;3
16;38;19;EventSent;1
16;38;18;EventSent;1
16;38;19;EventSent;2
16;38;18;EventSent;14
16;38;19;EventSent;6693
16;38;20;EventSent;8015
16;38;21;EventSent;6815
16;38;22;EventSent;8323
16;38;23;EventSent;7596
16;38;24;EventSent;8758
16;38;25;EventSent;6700
16;38;26;EventSent;1
16;38;25;EventSent;1
16;38;26;EventSent;7368
16;38;27;EventSent;7657
16;38;28;EventSent;7950
16;38;29;EventSent;7942
16;38;30;EventSent;22
16;38;29;EventSent;1
16;38;30;EventSent;7438
16;38;31;EventSent;8685
16;38;32;EventSent;7532
16;38;33;EventSent;1
16;38;32;EventSent;1
16;38;33;EventSent;9
16;38;32;EventSent;1
16;38;33;EventSent;7726
16;38;34;EventSent;7552
16;38;35;EventSent;8279
16;38;36;EventSent;8395
16;38;37;EventSent;7311
16;38;38;EventSent;1
16;38;37;EventSent;2
16;38;38;EventSent;6343
16;38;39;EventSent;7007
16;38;40;EventSent;7451
16;38;41;EventSent;18
16;38;40;EventSent;1
16;38;41;EventSent;30
16;38;40;EventSent;3
16;38;41;EventSent;5427
16;38;42;EventSent;11
16;38;41;EventSent;1
16;38;42;EventSent;8
16;38;41;EventSent;2
16;38;42;EventSent;4562
16;38;43;EventSent;7991
16;38;44;EventSent;8781
16;38;45;EventSent;7773
16;38;46;EventSent;6848
16;38;47;EventSent;7085
16;38;48;EventSent;7333
16;38;49;EventSent;6800
16;38;50;EventSent;7081
16;38;51;EventSent;7420
16;38;52;EventSent;6868
16;38;53;EventSent;6
16;38;52;EventSent;1
16;38;53;EventSent;1
16;38;52;EventSent;1
16;38;53;EventSent;5
16;38;52;EventSent;2
16;38;53;EventSent;8794
16;38;54;EventSent;8507
16;38;55;EventSent;29
16;38;54;EventSent;1
16;38;55;EventSent;16
16;38;54;EventSent;8
16;38;55;EventSent;7087
16;38;56;EventSent;6396
16;38;57;EventSent;8081
16;38;58;EventSent;7908
16;38;59;EventSent;7548
16;39;00;EventSent;1
16;38;59;EventSent;2
16;39;00;EventSent;8624
16;39;01;EventSent;7359
16;39;02;EventSent;6790
16;39;03;EventSent;3
16;39;02;EventSent;2
16;39;03;EventSent;1
16;39;02;EventSent;1
16;39;03;EventSent;5996
16;39;04;EventSent;9
16;39;03;EventSent;1
16;39;04;EventSent;2
16;39;03;EventSent;2
16;39;04;EventSent;1
16;39;03;EventSent;1
16;39;04;EventSent;5
16;39;03;EventSent;1
16;39;04;EventSent;7503
16;39;05;EventSent;6450
16;39;06;EventSent;7713
16;39;07;EventSent;6913
16;39;08;EventSent;8395
16;39;09;EventSent;7644
16;39;10;EventSent;52
16;39;09;EventSent;1
16;39;10;EventSent;7179
16;39;11;EventSent;6300
16;39;12;EventSent;8960
16;39;13;EventSent;6550
16;39;14;EventSent;8002
16;39;15;EventSent;7979
16;39;16;EventSent;7528
16;39;17;EventSent;6645
16;39;18;EventSent;7320
16;39;19;EventSent;7
16;39;18;EventSent;1
16;39;19;EventSent;20
16;39;18;EventSent;1
16;39;19;EventSent;8065
16;39;20;EventSent;7792
16;39;21;EventSent;6345
16;39;22;EventSent;6975
16;39;23;EventSent;6206
16;39;24;EventSent;6986
16;39;25;EventSent;1
16;39;24;EventSent;2
16;39;25;EventSent;6573
16;39;26;EventSent;7217
16;39;27;EventSent;8500
16;39;28;EventSent;8585
16;39;29;EventSent;4
16;39;28;EventSent;1
16;39;29;EventSent;9034
16;39;30;EventSent;8581
16;39;31;EventSent;8
16;39;30;EventSent;1
16;39;31;EventSent;8967
16;39;32;EventSent;1
16;39;31;EventSent;2
16;39;32;EventSent;9047
16;39;33;EventSent;9035
16;39;34;EventSent;8976
16;39;35;EventSent;17
16;39;34;EventSent;1
16;39;35;EventSent;12
16;39;34;EventSent;1
16;39;35;EventSent;6975
16;39;36;EventSent;15
16;39;35;EventSent;6
16;39;36;EventSent;8411
16;39;37;EventSent;9192
16;39;38;EventSent;4
16;39;37;EventSent;1
16;39;38;EventSent;14
16;39;37;EventSent;2
16;39;38;EventSent;1
16;39;37;EventSent;1
16;39;38;EventSent;1
16;39;37;EventSent;1
16;39;38;EventSent;9466
16;39;39;EventSent;8978
16;39;40;EventSent;8979
16;39;41;EventSent;8898
16;39;42;EventSent;8637
16;39;43;EventSent;8529
16;39;44;EventSent;8608
16;39;45;EventSent;8708
16;39;46;EventSent;8887
16;39;47;EventSent;9138
16;39;48;EventSent;9063
16;39;49;EventSent;5
16;39;48;EventSent;2
16;39;49;EventSent;4
16;39;48;EventSent;1
16;39;49;EventSent;9437
16;39;50;EventSent;8766
16;39;51;EventSent;2
16;39;50;EventSent;1
16;39;51;EventSent;8740
16;39;52;EventSent;9336
16;39;53;EventSent;8276
16;39;54;EventSent;9043
16;39;55;EventSent;1
16;39;54;EventSent;2
16;39;55;EventSent;7927
16;39;56;EventSent;12
16;39;55;EventSent;1
16;39;56;EventSent;14
16;39;55;EventSent;2
16;39;56;EventSent;9308
16;39;57;EventSent;8771
16;39;58;EventSent;9607
16;39;59;EventSent;9156
16;40;00;EventSent;8657
16;40;01;EventSent;9897
16;40;02;EventSent;9267
16;40;03;EventSent;8225
16;40;04;EventSent;8852
16;40;05;EventSent;9486
16;40;06;EventSent;9486
16;40;07;EventSent;7877
16;40;08;EventSent;2
16;40;07;EventSent;1
16;40;08;EventSent;2
16;40;07;EventSent;2
16;40;08;EventSent;43
16;40;07;EventSent;2
16;40;08;EventSent;6566
16;40;09;EventSent;5331
16;40;10;EventSent;157
16;40;09;EventSent;1
16;40;10;EventSent;11
16;40;09;EventSent;1
16;40;10;EventSent;5498
16;40;11;EventSent;9
16;40;10;EventSent;1
16;40;11;EventSent;6066
16;40;12;EventSent;6950
16;40;13;EventSent;6262
16;40;14;EventSent;8213
16;40;15;EventSent;8402
16;40;16;EventSent;9025
16;40;17;EventSent;9995
16;40;18;EventSent;7741
16;40;19;EventSent;8030
16;40;20;EventSent;9700
16;40;21;EventSent;9727
16;40;22;EventSent;9001
16;40;23;EventSent;7467
16;40;24;EventSent;7454
16;40;25;EventSent;8068
16;40;26;EventSent;9
16;40;25;EventSent;1
16;40;26;EventSent;9090
16;40;27;EventSent;24
16;40;26;EventSent;2
16;40;27;EventSent;8032
16;40;28;EventSent;9953
16;40;29;EventSent;9283
16;40;30;EventSent;9154
16;40;31;EventSent;8159
16;40;32;EventSent;8161
16;40;33;EventSent;6974
16;40;34;EventSent;9260
16;40;35;EventSent;8850
16;40;36;EventSent;7773
16;40;37;EventSent;7225
16;40;38;EventSent;7744
16;40;39;EventSent;7292
16;40;40;EventSent;3
16;40;39;EventSent;2
16;40;40;EventSent;2
16;40;39;EventSent;1
16;40;40;EventSent;1
16;40;39;EventSent;1
16;40;40;EventSent;1
16;40;39;EventSent;1
16;40;40;EventSent;1
16;40;39;EventSent;1
16;40;40;EventSent;1
16;40;39;EventSent;2
16;40;40;EventSent;2
16;40;39;EventSent;1
16;40;40;EventSent;2
16;40;39;EventSent;3
16;40;40;EventSent;7221
16;40;41;EventSent;10243
16;40;42;EventSent;10
16;40;41;EventSent;1
16;40;42;EventSent;4
16;40;41;EventSent;1
16;40;42;EventSent;6146
16;40;43;EventSent;425
16;40;44;EventSent;2627
16;40;45;EventSent;9669
16;40;46;EventSent;8657
16;40;47;EventSent;8543
16;40;48;EventSent;9149
16;40;49;EventSent;5120
16;40;50;EventSent;160
16;40;52;EventSent;239
16;40;53;EventSent;7608
16;40;54;EventSent;9388
16;40;55;EventSent;8460
16;40;56;EventSent;1356
16;40;57;EventSent;2892
16;40;58;EventSent;1
16;40;57;EventSent;12
16;40;58;EventSent;6
16;40;57;EventSent;4
16;40;58;EventSent;8188
16;40;59;EventSent;10098
16;41;00;EventSent;6762
16;41;02;EventSent;5812
16;41;03;EventSent;4
16;41;02;EventSent;1
16;41;03;EventSent;8230
16;41;04;EventSent;9948
16;41;05;EventSent;6336
16;41;06;EventSent;9340
16;41;07;EventSent;8774
16;41;08;EventSent;7803
16;41;09;EventSent;10328
16;41;10;EventSent;8188
16;41;11;EventSent;4
16;41;10;EventSent;1
16;41;11;EventSent;10302
16;41;12;EventSent;5965
16;41;16;EventSent;2111
16;41;17;EventSent;7705
16;41;18;EventSent;6058
16;41;19;EventSent;2
16;41;18;EventSent;8
16;41;19;EventSent;1
16;41;18;EventSent;9
16;41;19;EventSent;8971
16;41;20;EventSent;9786
16;41;21;EventSent;4678
16;41;24;EventSent;6625
16;41;25;EventSent;7589
16;41;26;EventSent;6195
16;41;27;EventSent;6865
16;41;28;EventSent;7836
16;41;29;EventSent;8316
16;41;30;EventSent;479
16;41;36;EventSent;5765
16;41;37;EventSent;7396
16;41;38;EventSent;6741
16;41;54;EventSent;4973
16;41;55;EventSent;15
16;41;54;EventSent;1
16;41;55;EventSent;1
16;41;54;EventSent;1
16;41;55;EventSent;8863
16;41;56;EventSent;7660
16;41;57;EventSent;25
16;41;56;EventSent;2
16;41;57;EventSent;2
16;41;56;EventSent;5
16;41;57;EventSent;7500
16;41;58;EventSent;2180
16;41;59;EventSent;7011
16;42;00;EventSent;8008
16;42;01;EventSent;16
16;42;00;EventSent;1
16;42;01;EventSent;10
16;42;00;EventSent;1
16;42;01;EventSent;9637
16;42;02;EventSent;5903
16;42;03;EventSent;57
16;42;04;EventSent;2496
16;42;05;EventSent;7968
16;42;06;EventSent;1
16;42;05;EventSent;2
16;42;06;EventSent;2
16;42;05;EventSent;2
16;42;06;EventSent;1
16;42;05;EventSent;1
16;42;06;EventSent;2
16;42;05;EventSent;3
16;42;06;EventSent;8401
16;42;07;EventSent;8139
16;42;08;EventSent;6145
16;42;09;EventSent;2137
16;42;15;EventSent;8257
16;42;16;EventSent;10592
16;42;17;EventSent;6629
16;42;18;EventSent;2994
16;42;19;EventSent;3217
16;42;20;EventSent;82
16;42;23;EventSent;375
16;42;24;EventSent;10614
16;42;25;EventSent;9238
16;42;26;EventSent;8592
16;42;27;EventSent;734
16;42;28;EventSent;5142
16;42;29;EventSent;9169
16;42;30;EventSent;1
16;42;29;EventSent;1
16;42;30;EventSent;7287
16;42;31;EventSent;9349
16;42;32;EventSent;8921
16;42;33;EventSent;704
16;42;35;EventSent;3507
16;42;36;EventSent;8991
16;42;37;EventSent;6980
16;42;38;EventSent;12
16;42;37;EventSent;1
16;42;38;EventSent;2
16;42;37;EventSent;4
16;42;38;EventSent;6
16;42;37;EventSent;2
16;42;38;EventSent;5073
16;42;39;EventSent;36
16;42;42;EventSent;32
16;42;43;EventSent;1266
16;42;44;EventSent;4022
16;42;45;EventSent;6445
16;42;46;EventSent;8203
16;42;47;EventSent;10578
16;42;48;EventSent;5018
16;42;49;EventSent;4879
16;42;50;EventSent;3102
16;42;52;EventSent;4735
16;42;53;EventSent;8669
16;42;54;EventSent;9776
16;42;55;EventSent;331
16;42;56;EventSent;3371
16;42;57;EventSent;8807
16;42;58;EventSent;10647
16;42;59;EventSent;7840
16;43;02;EventSent;2311
16;43;03;EventSent;9134
16;43;04;EventSent;10085
16;43;05;EventSent;6641
16;43;06;EventSent;6650
16;43;07;EventSent;7
16;43;06;EventSent;1
16;43;07;EventSent;8399
16;43;08;EventSent;8532
16;43;09;EventSent;7228
16;43;10;EventSent;7532
16;43;11;EventSent;4036
16;43;12;EventSent;14
16;43;13;EventSent;6469
16;43;14;EventSent;9589
16;43;15;EventSent;8623
16;43;16;EventSent;8362
16;43;17;EventSent;8149
16;43;18;EventSent;2031
16;43;21;EventSent;5970
16;43;22;EventSent;7302
16;43;23;EventSent;3483
16;43;24;EventSent;2335
16;43;25;EventSent;7696
16;43;26;EventSent;8392
16;43;27;EventSent;7355
16;43;28;EventSent;3
16;43;27;EventSent;4
16;43;28;EventSent;29
16;43;27;EventSent;3
16;43;28;EventSent;9595
16;43;29;EventSent;7557
16;43;30;EventSent;8131
16;43;31;EventSent;8574
16;43;32;EventSent;8076
16;43;33;EventSent;9298
16;43;34;EventSent;6347
16;43;35;EventSent;99
16;43;36;EventSent;2623
16;43;37;EventSent;6969
16;43;38;EventSent;6750
16;43;39;EventSent;7327
16;43;40;EventSent;650
16;43;41;EventSent;6402
16;43;42;EventSent;8857
16;43;43;EventSent;8142
16;43;44;EventSent;6857
16;43;45;EventSent;9326
16;43;46;EventSent;5807
16;43;47;EventSent;7675
16;43;48;EventSent;7243
16;43;49;EventSent;3869
16;43;51;EventSent;1493
16;43;52;EventSent;6771
16;43;53;EventSent;6442
16;43;54;EventSent;4592
16;43;57;EventSent;973
16;43;58;EventSent;10756
16;43;59;EventSent;10142
16;44;00;EventSent;1927
16;44;07;EventSent;4016
16;44;08;EventSent;9799
16;44;09;EventSent;8571
16;44;13;EventSent;228
16;44;14;EventSent;2292
16;44;15;EventSent;2295
16;44;16;EventSent;683
16;44;18;EventSent;6500
16;44;19;EventSent;9977
16;44;20;EventSent;10727
16;44;21;EventSent;10589
16;44;22;EventSent;1129
16;44;25;EventSent;1755
16;44;26;EventSent;8765
16;44;27;EventSent;10120
16;44;28;EventSent;3872
16;44;29;EventSent;2302
16;44;30;EventSent;7057
16;44;31;EventSent;6481
16;44;32;EventSent;809
16;44;36;EventSent;4514
16;44;37;EventSent;7446
16;44;38;EventSent;7180
16;44;39;EventSent;7892
16;44;40;EventSent;5797
16;44;41;EventSent;972
16;44;44;EventSent;5906
16;44;45;EventSent;8721
16;44;46;EventSent;7765
16;44;47;EventSent;6
16;44;50;EventSent;4025
16;44;51;EventSent;6764
16;44;52;EventSent;6231
16;44;53;EventSent;9361
16;44;54;EventSent;10278
16;44;55;EventSent;3269
16;44;58;EventSent;1512
16;44;59;EventSent;7729
16;45;00;EventSent;4
16;44;59;EventSent;6
16;45;00;EventSent;8413
16;45;01;EventSent;6581
16;45;02;EventSent;10
16;45;01;EventSent;2
16;45;02;EventSent;1
16;45;01;EventSent;1
16;45;02;EventSent;1
16;45;01;EventSent;1
16;45;02;EventSent;1
16;45;01;EventSent;4
16;45;02;EventSent;1
16;45;01;EventSent;1
16;45;02;EventSent;40
16;45;01;EventSent;1
16;45;02;EventSent;4
16;45;01;EventSent;1
16;45;02;EventSent;7503
16;45;03;EventSent;6616
16;45;04;EventSent;6081
16;45;05;EventSent;7474
16;45;06;EventSent;9995
16;45;07;EventSent;7664
16;45;08;EventSent;4200
16;45;09;EventSent;9292
16;45;10;EventSent;8809
16;45;11;EventSent;1866
16;45;14;EventSent;3803
16;45;15;EventSent;8842
16;45;16;EventSent;8535
16;45;17;EventSent;5076
16;45;18;EventSent;7020
16;45;19;EventSent;2
16;45;18;EventSent;1
16;45;19;EventSent;7552
16;45;20;EventSent;7955
16;45;21;EventSent;9823
16;45;22;EventSent;6100
16;45;23;EventSent;7751
16;45;24;EventSent;4679
16;45;25;EventSent;297
16;45;26;EventSent;4456
16;45;27;EventSent;19
16;45;26;EventSent;1
16;45;27;EventSent;7208
16;45;28;EventSent;8799
16;45;29;EventSent;16
16;45;28;EventSent;3
16;45;29;EventSent;7037
16;45;30;EventSent;9280
16;45;31;EventSent;9886
16;45;32;EventSent;2265
16;45;35;EventSent;2669
16;45;36;EventSent;10224
16;45;37;EventSent;10565
16;45;38;EventSent;2282
16;45;39;EventSent;3794
16;45;40;EventSent;10157
16;45;41;EventSent;8694
16;45;42;EventSent;9202
16;45;43;EventSent;10282
16;45;44;EventSent;8505
16;45;45;EventSent;8579
16;45;46;EventSent;6897
16;45;50;EventSent;5044
16;45;51;EventSent;4
16;45;50;EventSent;1
16;45;51;EventSent;8
16;45;50;EventSent;1
16;45;51;EventSent;7308
16;45;52;EventSent;7417
16;45;53;EventSent;462
16;45;56;EventSent;1509
16;45;57;EventSent;8562
16;45;58;EventSent;8064
16;45;59;EventSent;5700
16;46;00;EventSent;73
16;46;01;EventSent;6289
16;46;02;EventSent;6825
16;46;03;EventSent;9
16;46;02;EventSent;2
16;46;03;EventSent;7262
16;46;04;EventSent;3097
16;46;05;EventSent;1251
16;46;06;EventSent;6486
16;46;07;EventSent;6452
16;46;08;EventSent;444
16;46;09;EventSent;5985
16;46;10;EventSent;6127
16;46;11;EventSent;6498
16;46;12;EventSent;5239
16;46;13;EventSent;3959
16;46;14;EventSent;9726
16;46;15;EventSent;9049
16;46;16;EventSent;5843
16;46;17;EventSent;7694
16;46;18;EventSent;65
16;46;17;EventSent;1
16;46;18;EventSent;7365
16;46;19;EventSent;3269
16;46;20;EventSent;5905
16;46;21;EventSent;7987
16;46;22;EventSent;7810
16;46;23;EventSent;9549
16;46;24;EventSent;10234
16;46;25;EventSent;8732
16;46;26;EventSent;4662
16;46;29;EventSent;20
16;46;30;EventSent;6464
16;46;31;EventSent;6449
16;46;32;EventSent;6890
16;46;33;EventSent;2
16;46;32;EventSent;2
16;46;33;EventSent;7
16;46;32;EventSent;2
16;46;33;EventSent;4407
16;46;34;EventSent;15
16;46;35;EventSent;4832
16;46;36;EventSent;10543
16;46;37;EventSent;8449
16;46;40;EventSent;18
16;46;41;EventSent;7282
16;46;42;EventSent;8702
16;46;43;EventSent;8780
16;46;44;EventSent;7639
16;46;45;EventSent;5138
16;46;47;EventSent;7085
16;46;48;EventSent;10541
16;46;49;EventSent;3
16;46;48;EventSent;1
16;46;49;EventSent;8479
16;46;50;EventSent;8867
16;46;51;EventSent;3511
16;46;53;EventSent;3260
16;46;54;EventSent;10059
16;46;55;EventSent;3030
16;46;56;EventSent;7069
16;46;57;EventSent;28
16;46;56;EventSent;1
16;46;57;EventSent;12
16;46;56;EventSent;4
16;46;57;EventSent;6927
16;46;58;EventSent;8904
16;46;59;EventSent;5016
16;47;00;EventSent;10267
16;47;01;EventSent;10480
16;47;02;EventSent;8614
16;47;03;EventSent;7942
16;47;04;EventSent;7005
16;47;05;EventSent;417
16;47;09;EventSent;2291
16;47;10;EventSent;9334
16;47;11;EventSent;10517
16;47;12;EventSent;8599
16;47;13;EventSent;7775
16;47;14;EventSent;1464
16;47;20;EventSent;4895
16;47;21;EventSent;7812
16;47;22;EventSent;7641
16;47;23;EventSent;7566
16;47;24;EventSent;3172
16;47;25;EventSent;31
16;47;31;EventSent;505
16;47;32;EventSent;9585
16;47;33;EventSent;10524
16;47;34;EventSent;7900
16;47;36;EventSent;52
16;47;37;EventSent;8826
16;47;38;EventSent;9893
16;47;39;EventSent;6237
16;47;40;EventSent;8952
16;47;41;EventSent;8600
16;47;42;EventSent;8087
16;47;43;EventSent;5217
16;47;44;EventSent;422
16;47;49;EventSent;7202
16;47;50;EventSent;7002
16;47;51;EventSent;8034
16;47;52;EventSent;8
16;47;51;EventSent;1
16;47;52;EventSent;1
16;47;51;EventSent;1
16;47;52;EventSent;6183
16;47;53;EventSent;4061
16;47;54;EventSent;3895
16;47;55;EventSent;8114
16;47;56;EventSent;10319
16;47;57;EventSent;4801
16;47;58;EventSent;6766
16;47;59;EventSent;9943
16;48;00;EventSent;2
16;47;59;EventSent;1
16;48;00;EventSent;8287
16;48;01;EventSent;2350
16;48;02;EventSent;1893
16;48;03;EventSent;8606
16;48;04;EventSent;10382
16;48;05;EventSent;5
16;48;04;EventSent;1
16;48;05;EventSent;8588
16;48;06;EventSent;9839
16;48;07;EventSent;8769
16;48;08;EventSent;9
16;48;07;EventSent;1
16;48;08;EventSent;8683
16;48;09;EventSent;10210
16;48;10;EventSent;7264
16;48;12;EventSent;888
16;48;13;EventSent;8003
16;48;14;EventSent;1
16;48;13;EventSent;14
16;48;14;EventSent;1
16;48;13;EventSent;3
16;48;14;EventSent;2
16;48;13;EventSent;1
16;48;14;EventSent;9466
16;48;15;EventSent;9887
16;48;16;EventSent;158
16;48;19;EventSent;2598
16;48;20;EventSent;9756
16;48;21;EventSent;10609
16;48;22;EventSent;9643
16;48;33;EventSent;834
16;48;34;EventSent;7090
16;48;35;EventSent;5853
16;48;36;EventSent;9741
16;48;37;EventSent;9650
16;48;38;EventSent;2629
16;48;39;EventSent;10111
16;48;40;EventSent;10067
16;48;41;EventSent;9013
16;48;42;EventSent;7829
16;48;43;EventSent;8046
16;48;44;EventSent;9704
16;48;45;EventSent;6587
16;48;46;EventSent;1379
16;48;47;EventSent;3584
16;48;48;EventSent;3444
16;48;56;EventSent;3433
16;48;57;EventSent;7696
16;48;58;EventSent;8668
16;48;59;EventSent;1498
16;49;09;EventSent;7420
16;49;10;EventSent;9479
16;49;11;EventSent;8503
16;49;12;EventSent;9678
16;49;13;EventSent;9620
16;49;14;EventSent;10489
16;49;15;EventSent;1956
16;49;16;EventSent;2477
16;49;17;EventSent;6652
16;49;18;EventSent;4
16;49;17;EventSent;6
16;49;18;EventSent;8786
16;49;19;EventSent;8564
16;49;20;EventSent;5523
16;49;21;EventSent;3473
16;49;22;EventSent;10356
16;49;23;EventSent;9746
16;49;24;EventSent;8056
16;49;25;EventSent;5886
16;49;26;EventSent;1457
16;49;27;EventSent;5610
16;49;28;EventSent;7156
16;49;29;EventSent;8704
16;49;30;EventSent;7588
16;49;31;EventSent;1774
16;49;32;EventSent;8103
16;49;33;EventSent;9469
16;49;34;EventSent;9101
16;49;35;EventSent;9911
16;49;36;EventSent;2919
16;49;37;EventSent;6686
16;49;38;EventSent;6977
16;49;39;EventSent;8
16;49;38;EventSent;2
16;49;39;EventSent;5371
16;49;40;EventSent;8085
16;49;41;EventSent;12
16;49;40;EventSent;1
16;49;41;EventSent;8458
16;49;42;EventSent;7084
16;49;43;EventSent;5073
16;49;44;EventSent;7596
16;49;45;EventSent;8299
16;49;46;EventSent;2905
16;49;50;EventSent;6580
16;49;51;EventSent;10127
16;49;52;EventSent;6602
16;49;53;EventSent;8505
16;49;54;EventSent;10503
16;49;55;EventSent;4798
16;49;59;EventSent;5556
16;50;00;EventSent;9715
16;50;01;EventSent;9411
16;50;02;EventSent;7235
16;50;03;EventSent;7670
16;50;04;EventSent;2446
16;50;06;EventSent;2275
16;50;07;EventSent;7596
16;50;08;EventSent;7761
16;50;09;EventSent;10014
16;50;10;EventSent;9901
16;50;11;EventSent;4080
16;50;15;EventSent;1059
16;50;16;EventSent;2
16;50;15;EventSent;1
16;50;16;EventSent;10277
16;50;17;EventSent;9899
16;50;18;EventSent;7517
16;50;19;EventSent;9966
16;50;20;EventSent;932
16;50;24;EventSent;2321
16;50;25;EventSent;1
16;50;24;EventSent;5
16;50;25;EventSent;9
16;50;24;EventSent;7
16;50;25;EventSent;8119
16;50;26;EventSent;9381
16;50;27;EventSent;6411
16;50;28;EventSent;5122
16;50;29;EventSent;4759
16;50;30;EventSent;1324
16;50;40;EventSent;6852
16;53;15;EventSent;500
16;53;16;EventSent;2517
16;53;17;EventSent;24
16;53;16;EventSent;4
16;53;17;EventSent;22
16;53;16;EventSent;1
16;53;17;EventSent;2
16;53;16;EventSent;2
16;53;17;AckSent;50
16;53;17;EventSent;2525
16;53;18;EventSent;22
16;53;17;AckSent;1
16;53;18;AckSent;10
16;53;17;EventSent;1
16;53;18;EventSent;1
16;53;17;EventSent;12
16;53;18;EventSent;2
16;53;17;EventSent;2
16;53;18;AckSent;126
16;53;18;EventSent;1511
16;53;19;EventSent;1
16;53;18;EventSent;4
16;53;19;AckSent;149
16;53;19;EventSent;2521
16;53;20;EventSent;70
16;53;19;AckSent;1
16;53;20;AckSent;1
16;53;20;EventSent;1
16;53;19;EventSent;1
16;53;20;EventSent;14
16;53;19;EventSent;1
16;53;20;AckSent;142
16;53;20;EventSent;2428
16;53;21;AckSent;113
16;53;21;EventSent;3135
16;53;22;AckSent;8
16;53;22;EventSent;10
16;53;21;EventSent;1
16;53;22;AckSent;199
16;53;22;EventSent;3724
16;53;23;EventSent;65
16;53;22;AckSent;1
16;53;23;AckSent;1
16;53;23;EventSent;1
16;53;22;EventSent;2
16;53;23;EventSent;2
16;53;22;EventSent;1
16;53;23;EventSent;4
16;53;22;EventSent;1
16;53;23;AckSent;150
16;53;23;EventSent;3325
16;53;24;EventSent;115
16;53;23;AckSent;1
16;53;24;EventSent;21
16;53;23;EventSent;1
16;53;24;AckSent;131
16;53;24;EventSent;3002
16;53;25;AckSent;135
16;53;25;EventSent;2843
16;53;26;EventSent;3
16;53;25;EventSent;1
16;53;26;EventSent;1
16;53;25;EventSent;3
16;53;26;EventSent;6
16;53;25;EventSent;1
16;53;26;AckSent;94
16;53;26;EventSent;2429
16;53;27;AckSent;185
16;53;27;EventSent;270
16;53;28;AckSent;147
16;53;29;AckSent;189
16;53;30;AckSent;120
16;53;30;EventSent;29
16;53;31;AckSent;34
16;53;32;AckSent;63
16;53;32;EventSent;722
16;53;33;AckSent;61
16;53;33;EventSent;933
16;53;34;AckSent;58
16;53;34;EventSent;715
16;53;35;AckSent;53
16;53;35;EventSent;942
16;53;36;AckSent;164
16;53;36;EventSent;1004
16;53;37;AckSent;52
16;53;37;EventSent;945
16;53;38;AckSent;103
16;53;38;EventSent;771
16;53;39;AckSent;51
16;53;39;EventSent;111
16;53;40;AckSent;49
16;53;41;AckSent;93
16;53;42;AckSent;141
16;53;43;AckSent;58
16;53;44;AckSent;111
16;53;45;AckSent;77
16;53;46;AckSent;60
16;53;47;AckSent;72
16;53;48;AckSent;88
16;53;49;AckSent;77
16;53;50;AckSent;63
16;53;51;AckSent;28
16;53;52;AckSent;23
16;53;53;AckSent;33
16;53;54;AckSent;38
16;53;55;AckSent;33
16;53;56;AckSent;43
16;53;57;AckSent;54
16;53;58;AckSent;31
16;53;59;AckSent;31
16;54;00;AckSent;30
16;54;01;AckSent;32
16;54;02;AckSent;18
16;54;03;AckSent;50
16;54;04;AckSent;30
16;54;05;AckSent;28
16;54;06;AckSent;16
16;54;07;AckSent;19
16;54;08;AckSent;31
16;54;09;AckSent;40
16;54;10;AckSent;127
16;54;11;AckSent;449
16;54;12;AckSent;81
16;54;13;AckSent;65
16;54;14;AckSent;77
16;54;15;AckSent;28
16;54;16;AckSent;42
16;54;17;AckSent;19
16;54;18;AckSent;33
16;54;19;AckSent;32
16;54;20;AckSent;39
16;54;21;AckSent;49
16;54;22;AckSent;32
16;54;23;AckSent;33
16;54;24;AckSent;27
16;54;25;AckSent;20
16;54;26;AckSent;41
16;54;27;AckSent;123
16;54;28;AckSent;126
16;54;29;AckSent;53
16;54;30;AckSent;84
16;54;31;AckSent;82
16;54;32;AckSent;102
16;54;33;AckSent;110
16;54;34;AckSent;157
16;54;35;AckSent;52
16;54;36;AckSent;17
16;54;37;AckSent;25
16;54;38;AckSent;72
16;54;39;AckSent;38
16;54;40;AckSent;44
16;54;41;AckSent;77
16;54;42;AckSent;51
16;54;43;AckSent;45
16;54;44;AckSent;37
16;54;45;AckSent;53
16;54;46;AckSent;49
16;54;47;AckSent;45
16;54;48;AckSent;26
16;54;49;AckSent;69
16;54;50;AckSent;148
16;54;50;EventSent;3380
16;54;51;AckSent;164
16;54;51;EventSent;8363
16;54;52;AckSent;152
16;54;52;EventSent;9376
16;54;53;AckSent;134
16;54;53;EventSent;3805
16;54;54;AckSent;336
16;54;55;AckSent;219
16;54;57;AckSent;61
16;54;57;EventSent;1568
16;54;58;AckSent;160
16;54;59;AckSent;195
16;55;00;AckSent;112
16;55;01;AckSent;231
16;55;02;AckSent;388
16;55;03;AckSent;221
16;55;04;AckSent;88
16;55;04;EventSent;5822
16;55;05;AckSent;232
16;55;05;EventSent;6933
16;55;06;AckSent;75
16;55;06;EventSent;6960
16;55;07;EventSent;55
16;55;06;EventSent;3
16;55;07;AckSent;145
16;55;07;EventSent;2200
16;55;08;AckSent;217
16;55;08;EventSent;153
16;55;09;AckSent;275
16;55;10;AckSent;159
16;55;11;AckSent;242
16;55;12;AckSent;406
16;55;13;AckSent;187
16;55;14;AckSent;96
16;55;15;AckSent;157
16;55;16;AckSent;199
16;55;17;AckSent;119
16;55;18;AckSent;244
16;55;19;AckSent;100
16;55;20;AckSent;216
16;55;21;AckSent;112
16;55;22;AckSent;111
16;55;23;AckSent;314
16;55;24;AckSent;126
16;55;25;AckSent;129
16;55;26;AckSent;131
16;55;27;AckSent;177
16;55;28;AckSent;253
16;55;29;AckSent;264
16;55;30;AckSent;218
16;55;31;AckSent;551
16;55;32;AckSent;173
16;55;33;AckSent;125
16;55;34;AckSent;251
16;55;35;AckSent;133
16;55;36;AckSent;196
16;55;37;AckSent;325
16;55;38;AckSent;284
16;55;39;AckSent;508
16;55;40;AckSent;685
16;55;41;AckSent;632
16;55;42;AckSent;188
16;55;43;AckSent;213
16;55;44;AckSent;155
16;55;45;AckSent;107
16;55;46;AckSent;91
16;55;47;AckSent;77
16;55;48;AckSent;75
16;55;49;AckSent;13
16;55;50;AckSent;200
16;55;51;AckSent;125
16;55;52;AckSent;106
16;55;53;AckSent;116
16;55;54;AckSent;70
16;55;55;AckSent;70
16;55;56;AckSent;50
16;55;57;AckSent;74
16;55;58;AckSent;94
16;55;59;AckSent;121
16;56;00;AckSent;151
16;56;01;AckSent;258
16;56;02;AckSent;152
16;56;03;AckSent;336
16;56;04;AckSent;177
16;56;05;AckSent;139
16;56;06;AckSent;35
16;56;07;AckSent;67
16;56;08;AckSent;631
16;56;09;AckSent;93
16;56;10;AckSent;88
16;56;11;AckSent;174
16;56;12;AckSent;219
16;56;13;AckSent;203
16;56;14;AckSent;238
16;56;15;AckSent;198
16;56;16;AckSent;112
16;56;17;AckSent;273
16;56;18;AckSent;301
16;56;19;AckSent;312
16;56;20;AckSent;462
16;56;20;EventSent;7588
16;56;21;AckSent;301
16;56;21;EventSent;8732
16;56;22;AckSent;397
16;56;22;EventSent;8600
16;56;23;AckSent;700
16;56;23;EventSent;4198
16;56;24;AckSent;896
16;56;25;AckSent;620
16;56;26;AckSent;331
16;56;27;AckSent;350
16;56;28;AckSent;441
16;56;29;AckSent;297
16;56;30;AckSent;649
16;56;31;AckSent;515
16;56;32;AckSent;209
16;56;33;AckSent;106
16;56;34;AckSent;265
16;56;35;AckSent;810
16;56;36;AckSent;548
16;56;37;AckSent;584
16;56;38;AckSent;394
16;56;39;AckSent;289
16;56;40;AckSent;715
16;56;41;AckSent;1075
16;56;42;AckSent;1212
16;56;43;AckSent;461
16;56;44;AckSent;745
16;56;45;AckSent;410
16;56;46;AckSent;921
16;56;47;AckSent;158
16;56;48;AckSent;466
16;56;49;AckSent;212
16;56;50;AckSent;331
16;56;51;AckSent;66
16;56;52;AckSent;550
16;56;53;AckSent;629
16;56;54;AckSent;276
16;56;55;AckSent;265
16;56;56;AckSent;268
16;56;56;EventSent;4267
16;56;57;AckSent;240
16;56;57;EventSent;4629
16;56;58;AckSent;126
16;56;58;EventSent;4311
16;56;59;AckSent;652
16;56;59;EventSent;15
16;57;00;AckSent;401
16;57;01;AckSent;176
16;57;02;AckSent;96
16;57;03;AckSent;99
16;57;04;AckSent;173
16;57;05;AckSent;210
16;57;06;AckSent;185
16;57;07;AckSent;321
16;57;08;AckSent;322
16;57;09;AckSent;137
16;57;10;AckSent;285
16;57;11;AckSent;1140
16;57;12;AckSent;172
16;57;13;AckSent;90
16;57;14;AckSent;439
16;57;15;AckSent;654
16;57;16;AckSent;110
16;57;17;AckSent;149
16;57;18;AckSent;222
16;57;19;AckSent;311
16;57;19;EventSent;530
16;57;20;AckSent;273
16;57;20;EventSent;7251
16;57;21;EventSent;1
16;57;20;EventSent;12
16;57;21;EventSent;1
16;57;20;EventSent;5
16;57;21;AckSent;393
16;57;21;EventSent;7851
16;57;22;AckSent;287
16;57;22;EventSent;7298
16;57;23;EventSent;1
16;57;22;EventSent;6
16;57;23;AckSent;220
16;57;23;EventSent;2309
16;57;24;AckSent;293
16;57;25;AckSent;326
16;57;26;AckSent;385
16;57;27;AckSent;432
16;57;28;AckSent;1296
16;57;29;AckSent;525
16;57;30;AckSent;287
16;57;31;AckSent;284
16;57;32;AckSent;348
16;57;33;AckSent;394
16;57;34;AckSent;249
16;57;35;AckSent;580
16;57;36;AckSent;198
16;57;37;AckSent;421
16;57;37;EventSent;7180
16;57;38;AckSent;283
16;57;38;EventSent;6151
16;57;39;AckSent;667
16;57;39;EventSent;2423
16;57;40;AckSent;604
16;57;41;AckSent;536
16;57;42;AckSent;608
16;57;43;AckSent;487
16;57;44;AckSent;402
16;57;45;AckSent;404
16;57;46;AckSent;240
16;57;47;AckSent;263
16;57;48;AckSent;658
16;57;49;AckSent;520
16;57;50;AckSent;455
16;57;51;AckSent;369
16;57;52;AckSent;577
16;57;53;AckSent;1627
16;57;54;AckSent;864
16;57;55;AckSent;976
16;57;56;AckSent;301
16;57;57;AckSent;219
16;57;58;AckSent;222
16;57;59;AckSent;166
16;58;00;AckSent;181
16;58;01;AckSent;269
16;58;02;AckSent;129
16;58;03;AckSent;157
16;58;04;AckSent;258
16;58;04;EventSent;4940
16;58;05;AckSent;758
16;58;05;EventSent;8878
16;58;06;AckSent;711
16;58;06;EventSent;10051
16;58;07;AckSent;921
16;58;07;EventSent;1261
16;58;08;AckSent;689
16;58;09;AckSent;633
16;58;10;AckSent;571
16;58;11;AckSent;666
16;58;12;AckSent;490
16;58;13;AckSent;226
16;58;14;AckSent;253
16;58;15;AckSent;572
16;58;16;AckSent;571
16;58;17;AckSent;267
16;58;18;AckSent;317
16;58;19;AckSent;390
16;58;19;EventSent;3194
16;58;20;AckSent;482
16;58;20;EventSent;9495
16;58;21;AckSent;568
16;58;21;EventSent;9283
16;58;22;AckSent;744
16;58;22;EventSent;400
16;58;23;AckSent;1392
16;58;24;AckSent;334
16;58;25;AckSent;676
16;58;26;AckSent;762
16;58;27;AckSent;337
16;58;28;AckSent;292
16;58;29;AckSent;759
16;58;30;AckSent;235
16;58;31;AckSent;1121
16;58;32;AckSent;794
16;58;33;AckSent;427
16;58;34;AckSent;387
16;58;35;AckSent;535
16;58;36;AckSent;985
16;58;37;AckSent;1206
16;58;38;AckSent;1779
16;58;39;AckSent;2919
16;58;40;AckSent;1602
16;58;41;AckSent;2960
16;58;42;AckSent;4121
16;58;43;AckSent;9178
16;58;44;AckSent;5173
16;58;45;AckSent;4876
16;58;46;AckSent;5615
16;58;47;AckSent;4849
16;58;48;AckSent;5133
16;58;49;AckSent;5122
16;58;50;AckSent;4847
16;58;51;AckSent;5051
16;58;52;AckSent;5499
16;58;53;AckSent;4945
16;58;54;AckSent;3636
16;58;55;AckSent;4120
16;58;56;AckSent;4347
16;58;57;AckSent;4866
16;58;58;AckSent;6162
16;58;59;AckSent;5936
16;59;00;AckSent;5737
16;59;01;AckSent;4946
16;59;02;AckSent;4959
16;59;03;AckSent;5617
16;59;04;AckSent;5801
16;59;05;AckSent;5275
