hour;minute;second;event;total
16;26;02;EventSent;1025
16;26;03;EventSent;3
16;26;02;EventSent;1
16;26;03;EventSent;2
16;26;02;EventSent;2
16;26;03;EventSent;1
16;26;02;EventSent;1
16;26;03;EventSent;3210
16;26;04;EventSent;22
16;26;03;EventSent;4
16;26;04;EventSent;21
16;26;03;EventSent;1
16;26;04;EventSent;2
16;26;03;EventSent;2
16;26;04;EventSent;1
16;26;03;EventSent;1
16;26;04;EventSent;2724
16;26;05;EventSent;3
16;26;04;EventSent;1
16;26;05;EventSent;4
16;26;04;EventSent;2
16;26;05;EventSent;2
16;26;04;EventSent;2
16;26;05;EventSent;1
16;26;04;EventSent;2
16;26;05;EventSent;2269
16;26;06;EventSent;17
16;26;05;EventSent;5
16;26;06;EventSent;1
16;26;05;EventSent;5
16;26;06;EventSent;2754
16;26;07;EventSent;1
16;26;06;EventSent;1
16;26;07;EventSent;13
16;26;06;EventSent;1
16;26;07;EventSent;3357
16;26;08;EventSent;4
16;26;07;EventSent;14
16;26;08;EventSent;3981
16;26;09;EventSent;10
16;26;08;EventSent;4
16;26;09;EventSent;7
16;26;08;EventSent;2
16;26;09;EventSent;3496
16;26;10;EventSent;1
16;26;09;EventSent;2
16;26;10;EventSent;19
16;26;09;EventSent;1
16;26;10;EventSent;3075
16;26;11;EventSent;60
16;26;10;EventSent;5
16;26;11;EventSent;2877
16;26;12;EventSent;4
16;26;11;EventSent;5
16;26;12;EventSent;1
16;26;11;EventSent;3
16;26;12;EventSent;1
16;26;11;EventSent;4
16;26;12;EventSent;4340
16;26;13;EventSent;116
16;26;12;EventSent;2
16;26;13;EventSent;4
16;26;12;EventSent;3
16;26;13;EventSent;1
16;26;12;EventSent;1
16;26;13;EventSent;3594
16;26;14;EventSent;20
16;26;13;EventSent;1
16;26;14;EventSent;3
16;26;13;EventSent;3
16;26;14;EventSent;6
16;26;13;EventSent;1
16;26;14;EventSent;3434
16;26;15;EventSent;11
16;26;14;EventSent;1
16;26;15;EventSent;136
16;26;14;EventSent;1
16;26;15;EventSent;4
16;26;14;EventSent;2
16;26;15;EventSent;426
16;26;17;EventSent;2017
16;26;18;EventSent;6
16;26;17;EventSent;3
16;26;18;EventSent;2
16;26;17;EventSent;1
16;26;18;EventSent;1
16;26;17;EventSent;1
16;26;18;EventSent;1
16;26;17;EventSent;3
16;26;18;EventSent;3
16;26;17;EventSent;2
16;26;18;EventSent;1
16;26;17;EventSent;2
16;26;18;EventSent;4391
16;26;19;EventSent;5
16;26;18;EventSent;2
16;26;19;EventSent;5
16;26;18;EventSent;1
16;26;19;EventSent;4714
16;26;20;EventSent;4958
16;26;21;EventSent;23
16;26;20;EventSent;1
16;26;21;EventSent;16
16;26;20;EventSent;2
16;26;21;EventSent;3
16;26;20;EventSent;4
16;26;21;EventSent;4936
16;26;22;EventSent;1
16;26;21;EventSent;2
16;26;22;EventSent;2
16;26;21;EventSent;1
16;26;22;EventSent;1
16;26;21;EventSent;7
16;26;22;EventSent;2
16;26;21;EventSent;4
16;26;22;EventSent;1
16;26;21;EventSent;1
16;26;22;EventSent;4192
16;26;23;EventSent;8
16;26;22;EventSent;1
16;26;23;EventSent;243
16;26;28;EventSent;26
16;26;29;EventSent;3800
16;26;30;EventSent;1
16;26;29;EventSent;19
16;26;30;EventSent;4421
16;26;31;EventSent;227
16;26;30;EventSent;2
16;26;31;EventSent;10
16;26;30;EventSent;1
16;26;31;EventSent;48
16;26;30;EventSent;5
16;26;31;EventSent;4969
16;26;32;EventSent;5
16;26;31;EventSent;1
16;26;32;EventSent;8
16;26;31;EventSent;6
16;26;32;EventSent;5355
16;26;33;EventSent;16
16;26;32;EventSent;13
16;26;33;EventSent;4848
16;26;34;EventSent;26
16;26;33;EventSent;1
16;26;34;EventSent;1339
16;26;42;EventSent;1774
16;26;43;EventSent;4510
16;26;44;EventSent;4687
16;26;45;EventSent;4411
16;26;46;EventSent;2066
16;26;47;EventSent;2978
16;26;48;EventSent;3023
16;26;49;EventSent;1227
16;26;56;EventSent;6258
16;26;57;EventSent;6559
16;26;58;EventSent;6437
16;26;59;EventSent;4332
16;27;00;EventSent;4
16;26;59;EventSent;1
16;27;00;EventSent;2
16;26;59;EventSent;1
16;27;00;EventSent;1
16;26;59;EventSent;1
16;27;00;EventSent;7134
16;27;01;EventSent;26
16;27;00;EventSent;1
16;27;01;EventSent;3
16;27;00;EventSent;1
16;27;01;EventSent;6356
16;27;02;EventSent;8399
16;27;03;EventSent;7331
16;27;04;EventSent;8316
16;27;05;EventSent;151
16;27;07;EventSent;3503
16;27;08;EventSent;8305
16;27;09;EventSent;7450
16;27;10;EventSent;1
16;27;09;EventSent;1
16;27;10;EventSent;15
16;27;09;EventSent;2
16;27;10;EventSent;1
16;27;09;EventSent;1
16;27;10;EventSent;1
16;27;09;EventSent;1
16;27;10;EventSent;7091
16;27;11;EventSent;5
16;27;10;EventSent;2
16;27;11;EventSent;5
16;27;10;EventSent;1
16;27;11;EventSent;8378
16;27;12;EventSent;8190
16;27;13;EventSent;7778
16;27;14;EventSent;2
16;27;13;EventSent;1
16;27;14;EventSent;1
16;27;13;EventSent;1
16;27;14;EventSent;7339
16;27;15;EventSent;1
16;27;14;EventSent;2
16;27;15;EventSent;7121
16;27;16;EventSent;8886
16;27;17;EventSent;6645
16;27;18;EventSent;8293
16;27;19;EventSent;8710
16;27;20;EventSent;7711
16;27;21;EventSent;3601
16;27;22;EventSent;8079
16;27;23;EventSent;5582
16;27;24;EventSent;1
16;27;23;EventSent;1
16;27;24;EventSent;1
16;27;23;EventSent;1
16;27;24;EventSent;1
16;27;23;EventSent;7
16;27;24;EventSent;7128
16;27;25;EventSent;6906
16;27;26;EventSent;6590
16;27;27;EventSent;7265
16;27;28;EventSent;8584
16;27;29;EventSent;6786
16;27;30;EventSent;6147
16;27;31;EventSent;22
16;27;30;EventSent;10
16;27;31;EventSent;2
16;27;30;EventSent;2
16;27;31;EventSent;7630
16;27;32;EventSent;8116
16;27;33;EventSent;7595
16;27;34;EventSent;8281
16;27;35;EventSent;6793
16;27;36;EventSent;7186
16;27;37;EventSent;7729
16;27;38;EventSent;8341
16;27;39;EventSent;8402
16;27;40;EventSent;7536
16;27;41;EventSent;5618
16;27;42;EventSent;5377
16;27;43;EventSent;7543
16;27;44;EventSent;8328
16;27;45;EventSent;9003
16;27;46;EventSent;8532
16;27;47;EventSent;8957
16;27;48;EventSent;7746
16;27;49;EventSent;8
16;27;48;EventSent;1
16;27;49;EventSent;7362
16;27;50;EventSent;8337
16;27;51;EventSent;7188
16;27;52;EventSent;7899
16;27;53;EventSent;7564
16;27;54;EventSent;7236
16;27;55;EventSent;2
16;27;54;EventSent;1
16;27;55;EventSent;5232
16;27;56;EventSent;5
16;27;55;EventSent;2
16;27;56;EventSent;5
16;27;55;EventSent;2
16;27;56;EventSent;5999
16;27;57;EventSent;11
16;27;56;EventSent;1
16;27;57;EventSent;7891
16;27;58;EventSent;7863
16;27;59;EventSent;5018
16;28;00;EventSent;8227
16;28;01;EventSent;8371
16;28;02;EventSent;6644
16;28;03;EventSent;1
16;28;02;EventSent;1
16;28;03;EventSent;8409
16;28;04;EventSent;7775
16;28;05;EventSent;7153
16;28;06;EventSent;5540
16;28;07;EventSent;19
16;28;06;EventSent;2
16;28;07;EventSent;7123
16;28;08;EventSent;6384
16;28;09;EventSent;12
16;28;08;EventSent;1
16;28;09;EventSent;7171
16;28;10;EventSent;1
16;28;09;EventSent;3
16;28;10;EventSent;1
16;28;09;EventSent;5
16;28;10;EventSent;6929
16;28;11;EventSent;7833
16;28;12;EventSent;7545
16;28;13;EventSent;7316
16;28;14;EventSent;22
16;28;13;EventSent;5
16;28;14;EventSent;6
16;28;13;EventSent;1
16;28;14;EventSent;6664
16;28;15;EventSent;8715
16;28;16;EventSent;8010
16;28;17;EventSent;9400
16;28;18;EventSent;7
16;28;17;EventSent;1
16;28;18;EventSent;7068
16;28;19;EventSent;8479
16;28;20;EventSent;7523
16;28;21;EventSent;13
16;28;20;EventSent;1
16;28;21;EventSent;5848
16;28;22;EventSent;9088
16;28;23;EventSent;6084
16;28;24;EventSent;4326
16;28;25;EventSent;5950
16;28;26;EventSent;20
16;28;25;EventSent;1
16;28;26;EventSent;6227
16;28;27;EventSent;6016
16;28;28;EventSent;3
16;28;27;EventSent;1
16;28;28;EventSent;2
16;28;27;EventSent;1
16;28;28;EventSent;7479
16;28;29;EventSent;8530
16;28;30;EventSent;8695
16;28;31;EventSent;5440
16;28;32;EventSent;6571
16;28;33;EventSent;8652
16;28;34;EventSent;8622
16;28;35;EventSent;9
16;28;34;EventSent;1
16;28;35;EventSent;6376
16;28;36;EventSent;7581
16;28;37;EventSent;7807
16;28;38;EventSent;12
16;28;37;EventSent;2
16;28;38;EventSent;8171
16;28;39;EventSent;8962
16;28;40;EventSent;8474
16;28;41;EventSent;6943
16;28;42;EventSent;7645
16;28;43;EventSent;3
16;28;42;EventSent;1
16;28;43;EventSent;6493
16;28;44;EventSent;1
16;28;43;EventSent;1
16;28;44;EventSent;17
16;28;43;EventSent;2
16;28;44;EventSent;8013
16;28;45;EventSent;6605
16;28;46;EventSent;7705
16;28;47;EventSent;6936
16;28;48;EventSent;6610
16;28;49;EventSent;8747
16;28;50;EventSent;8076
16;28;51;EventSent;9152
16;28;52;EventSent;8013
16;28;53;EventSent;7285
16;28;54;EventSent;2
16;28;53;EventSent;11
16;28;54;EventSent;1
16;28;53;EventSent;9
16;28;54;EventSent;4991
16;28;55;EventSent;5
16;28;54;EventSent;1
16;28;55;EventSent;2
16;28;54;EventSent;3
16;28;55;EventSent;5402
16;28;56;EventSent;8644
16;28;57;EventSent;2
16;28;56;EventSent;1
16;28;57;EventSent;2
16;28;56;EventSent;5
16;28;57;EventSent;5296
16;28;58;EventSent;7888
16;28;59;EventSent;8073
16;29;00;EventSent;7820
16;29;01;EventSent;3
16;29;00;EventSent;1
16;29;01;EventSent;11
16;29;00;EventSent;2
16;29;01;EventSent;13
16;29;00;EventSent;1
16;29;01;EventSent;4
16;29;00;EventSent;1
16;29;01;EventSent;8496
16;29;02;EventSent;8902
16;29;03;EventSent;6674
16;29;04;EventSent;7761
16;29;05;EventSent;7345
16;29;06;EventSent;6730
16;29;07;EventSent;13
16;29;06;EventSent;1
16;29;07;EventSent;13
16;29;06;EventSent;2
16;29;07;EventSent;1
16;29;06;EventSent;1
16;29;07;EventSent;6678
16;29;08;EventSent;7380
16;29;09;EventSent;8819
16;29;10;EventSent;5787
16;29;11;EventSent;6825
16;29;12;EventSent;7088
16;29;13;EventSent;7913
16;29;14;EventSent;7910
16;29;15;EventSent;45
16;29;14;EventSent;1
16;29;15;EventSent;2
16;29;14;EventSent;4
16;29;15;EventSent;6418
16;29;16;EventSent;7778
16;29;17;EventSent;19
16;29;16;EventSent;1
16;29;17;EventSent;20
16;29;16;EventSent;2
16;29;17;EventSent;6871
16;29;18;EventSent;6950
16;29;19;EventSent;8138
16;29;20;EventSent;7538
16;29;21;EventSent;6006
16;29;22;EventSent;2
16;29;21;EventSent;1
16;29;22;EventSent;2
16;29;21;EventSent;1
16;29;22;EventSent;7643
16;29;23;EventSent;4
16;29;22;EventSent;1
16;29;23;EventSent;8142
16;29;24;EventSent;11
16;29;23;EventSent;2
16;29;24;EventSent;13
16;29;23;EventSent;1
16;29;24;EventSent;1
16;29;23;EventSent;1
16;29;24;EventSent;7648
16;29;25;EventSent;7339
16;29;26;EventSent;7553
16;29;27;EventSent;8126
16;29;28;EventSent;8874
16;29;29;EventSent;7948
16;29;30;EventSent;5619
16;29;31;EventSent;1
16;29;30;EventSent;1
16;29;31;EventSent;8506
16;29;32;EventSent;6913
16;29;33;EventSent;6378
16;29;34;EventSent;7764
16;29;35;EventSent;10
16;29;34;EventSent;2
16;29;35;EventSent;2
16;29;34;EventSent;4
16;29;35;EventSent;4
16;29;34;EventSent;1
16;29;35;EventSent;2
16;29;34;EventSent;2
16;29;35;EventSent;7636
16;29;36;EventSent;19
16;29;35;EventSent;2
16;29;36;EventSent;7
16;29;35;EventSent;5
16;29;36;EventSent;7452
16;29;37;EventSent;8699
16;29;38;EventSent;1
16;29;37;EventSent;1
16;29;38;EventSent;8082
16;29;39;EventSent;5238
16;29;40;EventSent;2
16;29;39;EventSent;1
16;29;40;EventSent;2
16;29;39;EventSent;9
16;29;40;EventSent;6661
16;29;41;EventSent;6198
16;29;42;EventSent;8270
16;29;43;EventSent;8584
16;29;44;EventSent;6397
16;29;45;EventSent;26
16;29;44;EventSent;1
16;29;45;EventSent;3345
16;29;46;EventSent;7272
16;29;47;EventSent;7645
16;29;48;EventSent;4716
16;29;49;EventSent;7692
16;29;50;EventSent;6909
16;29;51;EventSent;7851
16;29;52;EventSent;13
16;29;51;EventSent;2
16;29;52;EventSent;7534
16;29;53;EventSent;8407
16;29;54;EventSent;6684
16;29;55;EventSent;5666
16;29;56;EventSent;6375
16;29;57;EventSent;24
16;29;56;EventSent;1
16;29;57;EventSent;10
16;29;56;EventSent;5
16;29;57;EventSent;4925
16;29;58;EventSent;1
16;29;57;EventSent;1
16;29;58;EventSent;1
16;29;57;EventSent;2
16;29;58;EventSent;1
16;29;57;EventSent;1
16;29;58;EventSent;8671
16;29;59;EventSent;3
16;29;58;EventSent;1
16;29;59;EventSent;8560
16;30;00;EventSent;7814
16;30;01;EventSent;8362
16;30;02;EventSent;7993
16;30;03;EventSent;8196
16;30;04;EventSent;7478
16;30;05;EventSent;17
16;30;04;EventSent;4
16;30;05;EventSent;7622
16;30;06;EventSent;19
16;30;05;EventSent;1
16;30;06;EventSent;8443
16;30;07;EventSent;7
16;30;06;EventSent;2
16;30;07;EventSent;10
16;30;06;EventSent;1
16;30;07;EventSent;5591
16;30;08;EventSent;9126
16;30;09;EventSent;8128
16;30;10;EventSent;8596
16;30;11;EventSent;4
16;30;10;EventSent;2
16;30;11;EventSent;7857
16;30;12;EventSent;8698
16;30;13;EventSent;1
16;30;12;EventSent;1
16;30;13;EventSent;1
16;30;12;EventSent;2
16;30;13;EventSent;2
16;30;12;EventSent;1
16;30;13;EventSent;6908
16;30;14;EventSent;11
16;30;13;EventSent;2
16;30;14;EventSent;5
16;30;13;EventSent;1
16;30;14;EventSent;1
16;30;13;EventSent;1
16;30;14;EventSent;1
16;30;13;EventSent;1
16;30;14;EventSent;2
16;30;13;EventSent;1
16;30;14;EventSent;2
16;30;13;EventSent;2
16;30;14;EventSent;6923
16;30;15;EventSent;5780
16;30;16;EventSent;12
16;30;15;EventSent;1
16;30;16;EventSent;1
16;30;15;EventSent;1
16;30;16;EventSent;2
16;30;15;EventSent;2
16;30;16;EventSent;1
16;30;15;EventSent;1
16;30;16;EventSent;3
16;30;15;EventSent;1
16;30;16;EventSent;1
16;30;15;EventSent;3
16;30;16;EventSent;7727
16;30;17;EventSent;7979
16;30;18;EventSent;7956
16;30;19;EventSent;30
16;30;18;EventSent;1
16;30;19;EventSent;6707
16;30;20;EventSent;1
16;30;19;EventSent;1
16;30;20;EventSent;8056
16;30;21;EventSent;7617
16;30;22;EventSent;6705
16;30;23;EventSent;6852
16;30;24;EventSent;7742
16;30;25;EventSent;6438
16;30;26;EventSent;1
16;30;25;EventSent;11
16;30;26;EventSent;6461
16;30;27;EventSent;8915
16;30;28;EventSent;6975
16;30;29;EventSent;37
16;30;28;EventSent;1
16;30;29;EventSent;4742
16;30;30;EventSent;8253
16;30;31;EventSent;7043
16;30;32;EventSent;8119
16;30;33;EventSent;1
16;30;32;EventSent;1
16;30;33;EventSent;7700
16;30;34;EventSent;7852
16;30;35;EventSent;6859
16;30;36;EventSent;5287
16;30;37;EventSent;10
16;30;36;EventSent;2
16;30;37;EventSent;6486
16;30;38;EventSent;7837
16;30;39;EventSent;5
16;30;38;EventSent;1
16;30;39;EventSent;8695
16;30;40;EventSent;7874
16;30;41;EventSent;11
16;30;40;EventSent;1
16;30;41;EventSent;6
16;30;40;EventSent;1
16;30;41;EventSent;6673
16;30;42;EventSent;7275
16;30;43;EventSent;6551
16;30;44;EventSent;3
16;30;43;EventSent;1
16;30;44;EventSent;4
16;30;43;EventSent;3
16;30;44;EventSent;7418
16;30;45;EventSent;7529
16;30;46;EventSent;7286
16;30;47;EventSent;7843
16;30;48;EventSent;2
16;30;47;EventSent;1
16;30;48;EventSent;7475
16;30;49;EventSent;7547
16;30;50;EventSent;6
16;30;49;EventSent;1
16;30;50;EventSent;6743
16;30;51;EventSent;8202
16;30;52;EventSent;6
16;30;51;EventSent;1
16;30;52;EventSent;7756
16;30;53;EventSent;5
16;30;52;EventSent;1
16;30;53;EventSent;16
16;30;52;EventSent;1
16;30;53;EventSent;8
16;30;52;EventSent;1
16;30;53;EventSent;5087
16;30;54;EventSent;11
16;30;53;EventSent;1
16;30;54;EventSent;6
16;30;53;EventSent;1
16;30;54;EventSent;1
16;30;53;EventSent;1
16;30;54;EventSent;8250
16;30;55;EventSent;18
16;30;54;EventSent;3
16;30;55;EventSent;6380
16;30;56;EventSent;5862
16;30;57;EventSent;1
16;30;56;EventSent;1
16;30;57;EventSent;6959
16;30;58;EventSent;18
16;30;57;EventSent;1
16;30;58;EventSent;9
16;30;57;EventSent;3
16;30;58;EventSent;7674
16;30;59;EventSent;18
16;30;58;EventSent;1
16;30;59;EventSent;7106
16;31;00;EventSent;8124
16;31;01;EventSent;5588
16;31;02;EventSent;8179
16;31;03;EventSent;7436
16;31;04;EventSent;9149
16;31;05;EventSent;8449
16;31;06;EventSent;7773
16;31;07;EventSent;6264
16;31;08;EventSent;8938
16;31;09;EventSent;6367
16;31;10;EventSent;8548
16;31;11;EventSent;8471
16;31;12;EventSent;5
16;31;11;EventSent;2
16;31;12;EventSent;1
16;31;11;EventSent;2
16;31;12;EventSent;1
16;31;11;EventSent;3
16;31;12;EventSent;8390
16;31;13;EventSent;7648
16;31;14;EventSent;7574
16;31;15;EventSent;35
16;31;14;EventSent;1
16;31;15;EventSent;7376
16;31;16;EventSent;8402
16;31;17;EventSent;5362
16;31;18;EventSent;6630
16;31;19;EventSent;1
16;31;18;EventSent;1
16;31;19;EventSent;6399
16;31;20;EventSent;13
16;31;19;EventSent;1
16;31;20;EventSent;10
16;31;19;EventSent;1
16;31;20;EventSent;2
16;31;19;EventSent;2
16;31;20;EventSent;7664
16;31;21;EventSent;7372
16;31;22;EventSent;7143
16;31;23;EventSent;7411
16;31;24;EventSent;6840
16;31;25;EventSent;6324
16;31;26;EventSent;12
16;31;25;EventSent;1
16;31;26;EventSent;4528
16;31;27;EventSent;480
16;31;28;EventSent;446
16;31;29;EventSent;433
16;31;30;EventSent;5459
16;31;31;EventSent;7808
16;31;32;EventSent;19
16;31;31;EventSent;1
16;31;32;EventSent;6354
16;31;33;EventSent;5011
16;31;34;EventSent;7764
16;31;35;EventSent;6750
16;31;36;EventSent;8
16;31;35;EventSent;1
16;31;36;EventSent;5
16;31;35;EventSent;3
16;31;36;EventSent;7219
16;31;37;EventSent;14
16;31;36;EventSent;1
16;31;37;EventSent;7086
16;31;38;EventSent;6346
16;31;39;EventSent;2
16;31;38;EventSent;3
16;31;39;EventSent;2
16;31;38;EventSent;1
16;31;39;EventSent;5999
16;31;40;EventSent;8190
16;31;41;EventSent;8080
16;31;42;EventSent;10
16;31;41;EventSent;1
16;31;42;EventSent;7690
16;31;43;EventSent;7751
16;31;44;EventSent;8113
16;31;45;EventSent;1
16;31;44;EventSent;1
16;31;45;EventSent;7863
16;31;46;EventSent;7172
16;31;47;EventSent;27
16;31;46;EventSent;1
16;31;47;EventSent;12
16;31;46;EventSent;1
16;31;47;EventSent;6858
16;31;48;EventSent;5
16;31;47;EventSent;1
16;31;48;EventSent;8773
16;31;49;EventSent;6421
16;31;50;EventSent;8016
16;31;51;EventSent;6
16;31;50;EventSent;1
16;31;51;EventSent;7696
16;31;52;EventSent;7869
16;31;53;EventSent;7664
16;31;54;EventSent;7
16;31;53;EventSent;1
16;31;54;EventSent;3
16;31;53;EventSent;1
16;31;54;EventSent;2
16;31;53;EventSent;4
16;31;54;EventSent;1
16;31;53;EventSent;1
16;31;54;EventSent;6164
16;31;55;EventSent;1
16;31;54;EventSent;1
16;31;55;EventSent;11
16;31;54;EventSent;2
16;31;55;EventSent;6299
16;31;56;EventSent;7259
16;31;57;EventSent;6982
16;31;58;EventSent;7034
16;31;59;EventSent;6560
16;32;00;EventSent;1
16;31;59;EventSent;1
16;32;00;EventSent;2
16;31;59;EventSent;1
16;32;00;EventSent;3031
16;32;01;EventSent;3
16;32;00;EventSent;4
16;32;01;EventSent;5
16;32;00;EventSent;2
16;32;01;EventSent;2
16;32;00;EventSent;1
16;32;01;EventSent;1
16;32;00;EventSent;11
16;32;01;EventSent;7869
16;32;02;EventSent;6320
16;32;03;EventSent;7450
16;32;04;EventSent;7030
16;32;05;EventSent;8833
16;32;06;EventSent;17
16;32;05;EventSent;1
16;32;06;EventSent;2
16;32;05;EventSent;1
16;32;06;EventSent;12
16;32;05;EventSent;1
16;32;06;EventSent;8411
16;32;07;EventSent;6358
16;32;08;EventSent;7
16;32;07;EventSent;1
16;32;08;EventSent;9
16;32;07;EventSent;1
16;32;08;EventSent;6421
16;32;09;EventSent;1
16;32;08;EventSent;1
16;32;09;EventSent;1
16;32;08;EventSent;2
16;32;09;EventSent;8040
16;32;10;EventSent;8881
16;32;11;EventSent;7309
16;32;12;EventSent;5100
16;32;13;EventSent;5
16;32;12;EventSent;3
16;32;13;EventSent;2
16;32;12;EventSent;2
16;32;13;EventSent;2
16;32;12;EventSent;1
16;32;13;EventSent;7627
16;32;14;EventSent;7989
16;32;15;EventSent;7161
16;32;16;EventSent;7540
16;32;17;EventSent;1
16;32;16;EventSent;1
16;32;17;EventSent;3
16;32;16;EventSent;1
16;32;17;EventSent;8880
16;32;18;EventSent;8102
16;32;19;EventSent;8263
16;32;20;EventSent;7857
16;32;21;EventSent;1
16;32;20;EventSent;5
16;32;21;EventSent;1
16;32;20;EventSent;5
16;32;21;EventSent;2
16;32;20;EventSent;1
16;32;21;EventSent;7
16;32;20;EventSent;1
16;32;21;EventSent;13
16;32;20;EventSent;6
16;32;21;EventSent;6000
16;32;22;EventSent;6827
16;32;23;EventSent;5355
16;32;24;EventSent;6474
16;32;25;EventSent;8007
16;32;26;EventSent;5939
16;32;27;EventSent;11
16;32;26;EventSent;4
16;32;27;EventSent;1
16;32;26;EventSent;2
16;32;27;EventSent;4
16;32;26;EventSent;2
16;32;27;EventSent;8523
16;32;28;EventSent;3
16;32;27;EventSent;1
16;32;28;EventSent;7132
16;32;29;EventSent;9172
16;32;30;EventSent;6733
16;32;31;EventSent;6910
16;32;32;EventSent;7085
16;32;33;EventSent;7242
16;32;34;EventSent;21
16;32;33;EventSent;1
16;32;34;EventSent;1
16;32;33;EventSent;1
16;32;34;EventSent;2
16;32;33;EventSent;1
16;32;34;EventSent;5893
16;32;35;EventSent;17
16;32;34;EventSent;1
16;32;35;EventSent;5502
16;32;36;EventSent;8759
16;32;37;EventSent;3566
16;32;38;EventSent;7607
16;32;39;EventSent;7631
16;32;40;EventSent;8008
16;32;41;EventSent;2
16;32;40;EventSent;1
16;32;41;EventSent;34
16;32;40;EventSent;5
16;32;41;EventSent;5398
16;32;42;EventSent;7462
16;32;43;EventSent;8
16;32;42;EventSent;1
16;32;43;EventSent;1
16;32;42;EventSent;2
16;32;43;EventSent;1
16;32;42;EventSent;1
16;32;43;EventSent;1
16;32;42;EventSent;1
16;32;43;EventSent;7952
16;32;44;EventSent;8704
16;32;45;EventSent;23
16;32;44;EventSent;1
16;32;45;EventSent;8
16;32;44;EventSent;5
16;32;45;EventSent;6304
16;32;46;EventSent;6232
16;32;47;EventSent;7673
16;32;48;EventSent;2
16;32;47;EventSent;4
16;32;48;EventSent;1
16;32;47;EventSent;4
16;32;48;EventSent;1
16;32;47;EventSent;2
16;32;48;EventSent;3
16;32;47;EventSent;2
16;32;48;EventSent;6758
16;32;49;EventSent;8446
16;32;50;EventSent;5740
16;32;51;EventSent;14
16;32;50;EventSent;1
16;32;51;EventSent;1
16;32;50;EventSent;4
16;32;51;EventSent;6965
16;32;52;EventSent;2
16;32;51;EventSent;1
16;32;52;EventSent;2
16;32;51;EventSent;1
16;32;52;EventSent;8
16;32;51;EventSent;1
16;32;52;EventSent;6113
16;32;53;EventSent;4
16;32;52;EventSent;8
16;32;53;EventSent;8637
16;32;54;EventSent;8144
16;32;55;EventSent;10
16;32;54;EventSent;1
16;32;55;EventSent;3
16;32;54;EventSent;1
16;32;55;EventSent;3
16;32;54;EventSent;1
16;32;55;EventSent;1
16;32;54;EventSent;1
16;32;55;EventSent;1
16;32;54;EventSent;3
16;32;55;EventSent;8385
16;32;56;EventSent;6804
16;32;57;EventSent;13
16;32;56;EventSent;1
16;32;57;EventSent;7
16;32;56;EventSent;3
16;32;57;EventSent;6859
16;32;58;EventSent;7687
16;32;59;EventSent;1
16;32;58;EventSent;2
16;32;59;EventSent;7432
16;33;00;EventSent;12
16;32;59;EventSent;1
16;33;00;EventSent;7555
16;33;01;EventSent;3023
16;33;02;EventSent;9
16;33;01;EventSent;2
16;33;02;EventSent;8848
16;33;03;EventSent;6012
16;33;04;EventSent;9
16;33;03;EventSent;2
16;33;04;EventSent;3
16;33;03;EventSent;1
16;33;04;EventSent;6497
16;33;05;EventSent;6586
16;33;06;EventSent;7472
16;33;07;EventSent;7667
16;33;08;EventSent;6047
16;33;09;EventSent;5378
16;33;10;EventSent;9196
16;33;11;EventSent;6235
16;33;12;EventSent;6398
16;33;13;EventSent;2
16;33;12;EventSent;1
16;33;13;EventSent;19
16;33;12;EventSent;2
16;33;13;EventSent;8187
16;33;14;EventSent;7383
16;33;15;EventSent;16
16;33;14;EventSent;1
16;33;15;EventSent;7650
16;33;16;EventSent;8336
16;33;17;EventSent;7833
16;33;18;EventSent;8100
16;33;19;EventSent;10
16;33;18;EventSent;2
16;33;19;EventSent;1
16;33;18;EventSent;6
16;33;19;EventSent;8130
16;33;20;EventSent;6274
16;33;21;EventSent;8403
16;33;22;EventSent;7996
16;33;23;EventSent;5774
16;33;24;EventSent;22
16;33;23;EventSent;1
16;33;24;EventSent;21
16;33;23;EventSent;2
16;33;24;EventSent;6855
16;33;25;EventSent;7138
16;33;26;EventSent;12
16;33;25;EventSent;2
16;33;26;EventSent;7211
16;33;27;EventSent;7220
16;33;28;EventSent;8996
16;33;29;EventSent;6555
16;33;30;EventSent;7762
16;33;31;EventSent;7793
16;33;32;EventSent;8857
16;33;33;EventSent;2
16;33;32;EventSent;1
16;33;33;EventSent;1
16;33;32;EventSent;1
16;33;33;EventSent;6347
16;33;34;EventSent;7540
16;33;35;EventSent;8476
16;33;36;EventSent;8809
16;33;37;EventSent;14
16;33;36;EventSent;1
16;33;37;EventSent;7916
16;33;38;EventSent;7281
16;33;39;EventSent;8944
16;33;40;EventSent;3
16;33;39;EventSent;1
16;33;40;EventSent;8694
16;33;41;EventSent;8116
16;33;42;EventSent;8399
16;33;43;EventSent;8210
16;33;44;EventSent;1
16;33;43;EventSent;1
16;33;44;EventSent;8467
16;33;45;EventSent;10
16;33;44;EventSent;1
16;33;45;EventSent;3
16;33;44;EventSent;1
16;33;45;EventSent;1
16;33;44;EventSent;2
16;33;45;EventSent;3
16;33;44;EventSent;1
16;33;45;EventSent;1
16;33;44;EventSent;2
16;33;45;EventSent;7981
16;33;46;EventSent;4068
16;33;47;EventSent;19
16;33;46;EventSent;1
16;33;47;EventSent;11
16;33;46;EventSent;1
16;33;47;EventSent;2
16;33;46;EventSent;3
16;33;47;EventSent;7661
16;33;48;EventSent;6761
16;33;49;EventSent;24
16;33;48;EventSent;1
16;33;49;EventSent;5291
16;33;50;EventSent;1
16;33;49;EventSent;1
16;33;50;EventSent;2
16;33;49;EventSent;1
16;33;50;EventSent;3
16;33;49;EventSent;1
16;33;50;EventSent;3
16;33;49;EventSent;1
16;33;50;EventSent;3394
16;33;51;EventSent;11
16;33;50;EventSent;7
16;33;51;EventSent;5
16;33;50;EventSent;1
16;33;51;EventSent;7410
16;33;52;EventSent;7022
16;33;53;EventSent;6688
16;33;54;EventSent;8620
16;33;55;EventSent;12
16;33;54;EventSent;2
16;33;55;EventSent;10
16;33;54;EventSent;3
16;33;55;EventSent;7033
16;33;56;EventSent;7143
16;33;57;EventSent;7022
16;33;58;EventSent;8719
16;33;59;EventSent;6197
16;34;00;EventSent;4
16;33;59;EventSent;3
16;34;00;EventSent;1
16;33;59;EventSent;3
16;34;00;EventSent;8443
16;34;01;EventSent;6983
16;34;02;EventSent;7493
16;34;03;EventSent;8396
16;34;04;EventSent;8
16;34;03;EventSent;1
16;34;04;EventSent;3
16;34;03;EventSent;1
16;34;04;EventSent;1
16;34;03;EventSent;2
16;34;04;EventSent;4
16;34;03;EventSent;2
16;34;04;EventSent;8118
16;34;05;EventSent;8090
16;34;06;EventSent;15
16;34;05;EventSent;1
16;34;06;EventSent;18
16;34;05;EventSent;3
16;34;06;EventSent;4802
16;34;07;EventSent;8
16;34;06;EventSent;3
16;34;07;EventSent;7
16;34;06;EventSent;1
16;34;07;EventSent;1
16;34;06;EventSent;1
16;34;07;EventSent;7342
16;34;08;EventSent;7572
16;34;09;EventSent;15
16;34;08;EventSent;1
16;34;09;EventSent;6927
16;34;10;EventSent;7271
16;34;11;EventSent;3
16;34;10;EventSent;1
16;34;11;EventSent;7071
16;34;12;EventSent;8474
16;34;13;EventSent;1
16;34;12;EventSent;1
16;34;13;EventSent;6690
16;34;14;EventSent;7756
16;34;15;EventSent;7927
16;34;16;EventSent;2
16;34;15;EventSent;1
16;34;16;EventSent;8903
16;34;17;EventSent;9025
16;34;18;EventSent;6111
16;34;19;EventSent;11
16;34;18;EventSent;2
16;34;19;EventSent;1
16;34;18;EventSent;5
16;34;19;EventSent;7
16;34;18;EventSent;1
16;34;19;EventSent;1
16;34;18;EventSent;1
16;34;19;EventSent;6288
16;34;20;EventSent;6223
16;34;21;EventSent;22
16;34;20;EventSent;1
16;34;21;EventSent;17
16;34;20;EventSent;1
16;34;21;EventSent;7166
16;34;22;EventSent;8501
16;34;23;EventSent;6861
16;34;24;EventSent;1
16;34;23;EventSent;1
16;34;24;EventSent;7152
16;34;25;EventSent;3
16;34;24;EventSent;8
16;34;25;EventSent;5475
16;34;26;EventSent;5406
16;34;27;EventSent;5590
16;34;28;EventSent;19
16;34;27;EventSent;2
16;34;28;EventSent;2
16;34;27;EventSent;5
16;34;28;EventSent;3999
16;34;29;EventSent;15
16;34;28;EventSent;6
16;34;29;EventSent;7024
16;34;30;EventSent;7212
16;34;31;EventSent;7758
16;34;32;EventSent;7178
16;34;33;EventSent;4559
16;34;34;EventSent;2
16;34;33;EventSent;1
16;34;34;EventSent;1
16;34;33;EventSent;1
16;34;34;EventSent;6879
16;34;35;EventSent;1
16;34;34;EventSent;1
16;34;35;EventSent;5706
16;34;36;EventSent;13
16;34;35;EventSent;1
16;34;36;EventSent;6
16;34;35;EventSent;1
16;34;36;EventSent;8142
16;34;37;EventSent;8572
16;34;38;EventSent;8738
16;34;39;EventSent;6888
16;34;40;EventSent;4
16;34;39;EventSent;2
16;34;40;EventSent;14
16;34;39;EventSent;1
16;34;40;EventSent;1
16;34;39;EventSent;3
16;34;40;EventSent;8129
16;34;41;EventSent;8499
16;34;42;EventSent;493
16;34;43;EventSent;9
16;34;42;EventSent;1
16;34;43;EventSent;2480
16;34;44;EventSent;7822
16;34;45;EventSent;6799
16;34;46;EventSent;7240
16;34;47;EventSent;12
16;34;46;EventSent;1
16;34;47;EventSent;7401
16;34;48;EventSent;6665
16;34;49;EventSent;5590
16;34;50;EventSent;7905
16;34;51;EventSent;8399
16;34;52;EventSent;7049
16;34;53;EventSent;6582
16;34;54;EventSent;7213
16;34;55;EventSent;7287
16;34;56;EventSent;5882
16;34;57;EventSent;17
16;34;56;EventSent;1
16;34;57;EventSent;6406
16;34;58;EventSent;1
16;34;57;EventSent;2
16;34;58;EventSent;1
16;34;57;EventSent;1
16;34;58;EventSent;2
16;34;57;EventSent;1
16;34;58;EventSent;6359
16;34;59;EventSent;7470
16;35;00;EventSent;1
16;34;59;EventSent;1
16;35;00;EventSent;1
16;34;59;EventSent;6
16;35;00;EventSent;7727
16;35;01;EventSent;6319
16;35;02;EventSent;5
16;35;01;EventSent;2
16;35;02;EventSent;8004
16;35;03;EventSent;7449
16;35;04;EventSent;7119
16;35;05;EventSent;5607
16;35;06;EventSent;4815
16;35;07;EventSent;4693
16;35;08;EventSent;9095
16;35;09;EventSent;6444
16;35;10;EventSent;2
16;35;09;EventSent;1
16;35;10;EventSent;7000
16;35;11;EventSent;4495
16;35;12;EventSent;3
16;35;11;EventSent;1
16;35;12;EventSent;20
16;35;11;EventSent;1
16;35;12;EventSent;2
16;35;11;EventSent;3
16;35;12;EventSent;3531
16;35;13;EventSent;8
16;35;12;EventSent;1
16;35;13;EventSent;21
16;35;12;EventSent;1
16;35;13;EventSent;7723
16;35;14;EventSent;8353
16;35;15;EventSent;1
16;35;14;EventSent;4
16;35;15;EventSent;7227
16;35;16;EventSent;20
16;35;15;EventSent;1
16;35;16;EventSent;7253
16;35;17;EventSent;8238
16;35;18;EventSent;8003
16;35;19;EventSent;6824
16;35;20;EventSent;22
16;35;19;EventSent;1
16;35;20;EventSent;6517
16;35;21;EventSent;7964
16;35;22;EventSent;8633
16;35;23;EventSent;1
16;35;22;EventSent;1
16;35;23;EventSent;7605
16;35;24;EventSent;6164
16;35;25;EventSent;6
16;35;24;EventSent;1
16;35;25;EventSent;4
16;35;24;EventSent;1
16;35;25;EventSent;8019
16;35;26;EventSent;2993
16;35;27;EventSent;5
16;35;26;EventSent;1
16;35;27;EventSent;7230
16;35;28;EventSent;7051
16;35;29;EventSent;7859
16;35;30;EventSent;6624
16;35;31;EventSent;6001
16;35;32;EventSent;6565
16;35;33;EventSent;8411
16;35;34;EventSent;6438
16;35;35;EventSent;1
16;35;34;EventSent;1
16;35;35;EventSent;7069
16;35;36;EventSent;8804
16;35;37;EventSent;7564
16;35;38;EventSent;12
16;35;37;EventSent;1
16;35;38;EventSent;7004
16;35;39;EventSent;6455
16;35;40;EventSent;8052
16;35;41;EventSent;7865
16;35;42;EventSent;5
16;35;41;EventSent;1
16;35;42;EventSent;5
16;35;41;EventSent;1
16;35;42;EventSent;1
16;35;41;EventSent;1
16;35;42;EventSent;7820
16;35;43;EventSent;6954
16;35;44;EventSent;9248
16;35;45;EventSent;7722
16;35;46;EventSent;6872
16;35;47;EventSent;8537
16;35;48;EventSent;3596
16;35;49;EventSent;6090
16;35;50;EventSent;7719
16;35;51;EventSent;8436
16;35;52;EventSent;16
16;35;51;EventSent;4
16;35;52;EventSent;7437
16;35;53;EventSent;27
16;35;52;EventSent;2
16;35;53;EventSent;1
16;35;52;EventSent;4
16;35;53;EventSent;1
16;35;52;EventSent;12
16;35;53;EventSent;6475
16;35;54;EventSent;7975
16;35;55;EventSent;8022
16;35;56;EventSent;7319
16;35;57;EventSent;6961
16;35;58;EventSent;7344
16;35;59;EventSent;6342
16;36;00;EventSent;6865
16;36;01;EventSent;20
16;36;00;EventSent;2
16;36;01;EventSent;8188
16;36;02;EventSent;8659
16;36;03;EventSent;7569
16;36;04;EventSent;7477
16;36;05;EventSent;8817
16;36;06;EventSent;2
16;36;05;EventSent;1
16;36;06;EventSent;8910
16;36;07;EventSent;8029
16;36;08;EventSent;8
16;36;07;EventSent;1
16;36;08;EventSent;6371
16;36;09;EventSent;6
16;36;08;EventSent;1
16;36;09;EventSent;7119
16;36;10;EventSent;8298
16;36;11;EventSent;1
16;36;10;EventSent;1
16;36;11;EventSent;8686
16;36;12;EventSent;8013
16;36;13;EventSent;6001
16;36;14;EventSent;7369
16;36;15;EventSent;6552
16;36;16;EventSent;7999
16;36;17;EventSent;4273
16;36;18;EventSent;8067
16;36;19;EventSent;8284
16;36;20;EventSent;5046
16;36;21;EventSent;8487
16;36;22;EventSent;7906
16;36;23;EventSent;7187
16;36;24;EventSent;7855
16;36;25;EventSent;7282
16;36;26;EventSent;5381
16;36;27;EventSent;16
16;36;26;EventSent;1
16;36;27;EventSent;8324
16;36;28;EventSent;7139
16;36;29;EventSent;6799
16;36;30;EventSent;7878
16;36;31;EventSent;6660
16;36;32;EventSent;7153
16;36;33;EventSent;7553
16;36;34;EventSent;7074
16;36;35;EventSent;7629
16;36;36;EventSent;6727
16;36;37;EventSent;6127
16;36;38;EventSent;5276
16;36;39;EventSent;8444
16;36;40;EventSent;8010
16;36;41;EventSent;6796
16;36;42;EventSent;8379
16;36;43;EventSent;7981
16;36;44;EventSent;1
16;36;43;EventSent;1
16;36;44;EventSent;6757
16;36;45;EventSent;1
16;36;44;EventSent;3
16;36;45;EventSent;1
16;36;44;EventSent;2
16;36;45;EventSent;1
16;36;44;EventSent;14
16;36;45;EventSent;6732
16;36;46;EventSent;6245
16;36;47;EventSent;7255
16;36;48;EventSent;3
16;36;47;EventSent;2
16;36;48;EventSent;7407
16;36;49;EventSent;6331
16;36;50;EventSent;7725
16;36;51;EventSent;8903
16;36;52;EventSent;3
16;36;51;EventSent;1
16;36;52;EventSent;6921
16;36;53;EventSent;6752
16;36;54;EventSent;7592
16;36;55;EventSent;28
16;36;54;EventSent;1
16;36;55;EventSent;6250
16;36;56;EventSent;1
16;36;55;EventSent;2
16;36;56;EventSent;7034
16;36;57;EventSent;5
16;36;56;EventSent;3
16;36;57;EventSent;6
16;36;56;EventSent;1
16;36;57;EventSent;7468
16;36;58;EventSent;8292
16;36;59;EventSent;3
16;36;58;EventSent;2
16;36;59;EventSent;1
16;36;58;EventSent;1
16;36;59;EventSent;8582
16;37;00;EventSent;5545
16;37;01;EventSent;5798
16;37;02;EventSent;7920
16;37;03;EventSent;5977
16;37;04;EventSent;26
16;37;03;EventSent;1
16;37;04;EventSent;8467
16;37;05;EventSent;7839
16;37;06;EventSent;7700
16;37;07;EventSent;7833
16;37;08;EventSent;8343
16;37;09;EventSent;7270
16;37;10;EventSent;3301
16;37;11;EventSent;7895
16;37;12;EventSent;8510
16;37;13;EventSent;5545
16;37;14;EventSent;8299
16;37;15;EventSent;7838
16;37;16;EventSent;2
16;37;15;EventSent;1
16;37;16;EventSent;7584
16;37;17;EventSent;7139
16;37;18;EventSent;7980
16;37;19;EventSent;6474
16;37;20;EventSent;6129
16;37;21;EventSent;52
16;37;20;EventSent;1
16;37;21;EventSent;7053
16;37;22;EventSent;8331
16;37;23;EventSent;7858
16;37;24;EventSent;7836
16;37;25;EventSent;11
16;37;24;EventSent;1
16;37;25;EventSent;1
16;37;24;EventSent;1
16;37;25;EventSent;5704
16;37;26;EventSent;8
16;37;25;EventSent;1
16;37;26;EventSent;1
16;37;25;EventSent;12
16;37;26;EventSent;6773
16;37;27;EventSent;4491
16;37;28;EventSent;6667
16;37;29;EventSent;1
16;37;28;EventSent;2
16;37;29;EventSent;6398
16;37;30;EventSent;8231
16;37;31;EventSent;1
16;37;30;EventSent;1
16;37;31;EventSent;5540
16;37;32;EventSent;9
16;37;31;EventSent;2
16;37;32;EventSent;4
16;37;31;EventSent;8
16;37;32;EventSent;8436
16;37;33;EventSent;6612
16;37;34;EventSent;3
16;37;33;EventSent;1
16;37;34;EventSent;8352
16;37;35;EventSent;8343
16;37;36;EventSent;8765
16;37;37;EventSent;7290
16;37;38;EventSent;9
16;37;37;EventSent;1
16;37;38;EventSent;1
16;37;37;EventSent;2
16;37;38;EventSent;7084
16;37;39;EventSent;7385
16;37;40;EventSent;8249
16;37;41;EventSent;10
16;37;40;EventSent;1
16;37;41;EventSent;10
16;37;40;EventSent;2
16;37;41;EventSent;8306
16;37;42;EventSent;7113
16;37;43;EventSent;7681
16;37;44;EventSent;8213
16;37;45;EventSent;1
16;37;44;EventSent;2
16;37;45;EventSent;1
16;37;44;EventSent;1
16;37;45;EventSent;8138
16;37;46;EventSent;8652
16;37;47;EventSent;8126
16;37;48;EventSent;7535
16;37;49;EventSent;6827
16;37;50;EventSent;5
16;37;49;EventSent;4
16;37;50;EventSent;3
16;37;49;EventSent;1
16;37;50;EventSent;5752
16;37;51;EventSent;5938
16;37;52;EventSent;8276
16;37;53;EventSent;7545
16;37;54;EventSent;3
16;37;53;EventSent;1
16;37;54;EventSent;7
16;37;53;EventSent;1
16;37;54;EventSent;7309
16;37;55;EventSent;7564
16;37;56;EventSent;1
16;37;55;EventSent;1
16;37;56;EventSent;8280
16;37;57;EventSent;8239
16;37;58;EventSent;8251
16;37;59;EventSent;7979
16;38;00;EventSent;8675
16;38;01;EventSent;7892
16;38;02;EventSent;7421
16;38;03;EventSent;7354
16;38;04;EventSent;8306
16;38;05;EventSent;9128
16;38;06;EventSent;9323
16;38;07;EventSent;4955
16;38;08;EventSent;1
16;38;07;EventSent;1
16;38;08;EventSent;1
16;38;07;EventSent;1
16;38;08;EventSent;1
16;38;07;EventSent;1
16;38;08;EventSent;7800
16;38;09;EventSent;8031
16;38;10;EventSent;8715
16;38;11;EventSent;9268
16;38;12;EventSent;7714
16;38;13;EventSent;9
16;38;12;EventSent;1
16;38;13;EventSent;6521
16;38;14;EventSent;16
16;38;13;EventSent;1
16;38;14;EventSent;7516
16;38;15;EventSent;7506
16;38;16;EventSent;5662
16;38;17;EventSent;6
16;38;16;EventSent;1
16;38;17;EventSent;8625
16;38;18;EventSent;7830
16;38;19;EventSent;7592
16;38;20;EventSent;5973
16;38;21;EventSent;7253
16;38;22;EventSent;2
16;38;21;EventSent;2
16;38;22;EventSent;7888
16;38;23;EventSent;7022
16;38;24;EventSent;14
16;38;23;EventSent;1
16;38;24;EventSent;2
16;38;23;EventSent;4
16;38;24;EventSent;8048
16;38;25;EventSent;6465
16;38;26;EventSent;7019
16;38;27;EventSent;7997
16;38;28;EventSent;7666
16;38;29;EventSent;8519
16;38;30;EventSent;8348
16;38;31;EventSent;7434
16;38;32;EventSent;5
16;38;31;EventSent;2
16;38;32;EventSent;7510
16;38;33;EventSent;1
16;38;32;EventSent;1
16;38;33;EventSent;8110
16;38;34;EventSent;1
16;38;33;EventSent;1
16;38;34;EventSent;7944
16;38;35;EventSent;8740
16;38;36;EventSent;8432
16;38;37;EventSent;1
16;38;36;EventSent;1
16;38;37;EventSent;1
16;38;36;EventSent;1
16;38;37;EventSent;1
16;38;36;EventSent;2
16;38;37;EventSent;7841
16;38;38;EventSent;1
16;38;37;EventSent;1
16;38;38;EventSent;8647
16;38;39;EventSent;7115
16;38;40;EventSent;13
16;38;39;EventSent;1
16;38;40;EventSent;6972
16;38;41;EventSent;44
16;38;40;EventSent;1
16;38;41;EventSent;11
16;38;40;EventSent;4
16;38;41;EventSent;6532
16;38;42;EventSent;5253
16;38;43;EventSent;7661
16;38;44;EventSent;9
16;38;43;EventSent;1
16;38;44;EventSent;7702
16;38;45;EventSent;1
16;38;44;EventSent;1
16;38;45;EventSent;1
16;38;44;EventSent;1
16;38;45;EventSent;7928
16;38;46;EventSent;8563
16;38;47;EventSent;7954
16;38;48;EventSent;8120
16;38;49;EventSent;8854
16;38;50;EventSent;4969
16;38;51;EventSent;16
16;38;50;EventSent;1
16;38;51;EventSent;3
16;38;50;EventSent;3
16;38;51;EventSent;6266
16;38;52;EventSent;2
16;38;51;EventSent;2
16;38;52;EventSent;6667
16;38;53;EventSent;7982
16;38;54;EventSent;8583
16;38;55;EventSent;9
16;38;54;EventSent;1
16;38;55;EventSent;7832
16;38;56;EventSent;8148
16;38;57;EventSent;6365
16;38;58;EventSent;2
16;38;57;EventSent;3
16;38;58;EventSent;7
16;38;57;EventSent;1
16;38;58;EventSent;4
16;38;57;EventSent;1
16;38;58;EventSent;2
16;38;57;EventSent;1
16;38;58;EventSent;7620
16;38;59;EventSent;7124
16;39;00;EventSent;8271
16;39;01;EventSent;8103
16;39;02;EventSent;8481
16;39;03;EventSent;1
16;39;02;EventSent;3
16;39;03;EventSent;6316
16;39;04;EventSent;8301
16;39;05;EventSent;2
16;39;04;EventSent;1
16;39;05;EventSent;4595
16;39;06;EventSent;7272
16;39;07;EventSent;5794
16;39;08;EventSent;9
16;39;07;EventSent;10
16;39;08;EventSent;8650
16;39;09;EventSent;8789
16;39;10;EventSent;6781
16;39;11;EventSent;7863
16;39;12;EventSent;8634
16;39;13;EventSent;11
16;39;12;EventSent;1
16;39;13;EventSent;5
16;39;12;EventSent;1
16;39;13;EventSent;8713
16;39;14;EventSent;8545
16;39;15;EventSent;2
16;39;14;EventSent;1
16;39;15;EventSent;7932
16;39;16;EventSent;7882
16;39;17;EventSent;6857
16;39;18;EventSent;1
16;39;17;EventSent;1
16;39;18;EventSent;8177
16;39;19;EventSent;66
16;39;18;EventSent;1
16;39;19;EventSent;7184
16;39;20;EventSent;7934
16;39;21;EventSent;4822
16;39;22;EventSent;7037
16;39;23;EventSent;7228
16;39;24;EventSent;6935
16;39;25;EventSent;6852
16;39;26;EventSent;2
16;39;25;EventSent;2
16;39;26;EventSent;2
16;39;25;EventSent;1
16;39;26;EventSent;2
16;39;25;EventSent;1
16;39;26;EventSent;3
16;39;25;EventSent;1
16;39;26;EventSent;6090
16;39;27;EventSent;8458
16;39;28;EventSent;8768
16;39;29;EventSent;9619
16;39;30;EventSent;3
16;39;29;EventSent;1
16;39;30;EventSent;9225
16;39;31;EventSent;9237
16;39;32;EventSent;5
16;39;31;EventSent;1
16;39;32;EventSent;8
16;39;31;EventSent;2
16;39;32;EventSent;8619
16;39;33;EventSent;9241
16;39;34;EventSent;16
16;39;33;EventSent;3
16;39;34;EventSent;8703
16;39;35;EventSent;8997
16;39;36;EventSent;8629
16;39;37;EventSent;9278
16;39;38;EventSent;8998
16;39;39;EventSent;8300
16;39;40;EventSent;8911
16;39;41;EventSent;8947
16;39;42;EventSent;9270
16;39;43;EventSent;8080
16;39;44;EventSent;8918
16;39;45;EventSent;9310
16;39;46;EventSent;8611
16;39;47;EventSent;9065
16;39;48;EventSent;9252
16;39;49;EventSent;9084
16;39;50;EventSent;9234
16;39;51;EventSent;9180
16;39;52;EventSent;8584
16;39;53;EventSent;9270
16;39;54;EventSent;8546
16;39;55;EventSent;13
16;39;54;EventSent;3
16;39;55;EventSent;4
16;39;54;EventSent;1
16;39;55;EventSent;7894
16;39;56;EventSent;6490
16;39;57;EventSent;4
16;39;56;EventSent;1
16;39;57;EventSent;3
16;39;56;EventSent;1
16;39;57;EventSent;8510
16;39;58;EventSent;7336
16;39;59;EventSent;1
16;39;58;EventSent;1
16;39;59;EventSent;9212
16;40;00;EventSent;8314
16;40;01;EventSent;8951
16;40;02;EventSent;10
16;40;01;EventSent;1
16;40;02;EventSent;10
16;40;01;EventSent;1
16;40;02;EventSent;6723
16;40;03;EventSent;7159
16;40;04;EventSent;8068
16;40;05;EventSent;8903
16;40;06;EventSent;7114
16;40;07;EventSent;8052
16;40;08;EventSent;9181
16;40;09;EventSent;8806
16;40;10;EventSent;8641
16;40;11;EventSent;9394
16;40;12;EventSent;9794
16;40;13;EventSent;3
16;40;12;EventSent;1
16;40;13;EventSent;8986
16;40;14;EventSent;9440
16;40;15;EventSent;2
16;40;14;EventSent;4
16;40;15;EventSent;8167
16;40;16;EventSent;9491
16;40;17;EventSent;8462
16;40;18;EventSent;8420
16;40;19;EventSent;3
16;40;18;EventSent;1
16;40;19;EventSent;9103
16;40;20;EventSent;9555
16;40;21;EventSent;1
16;40;20;EventSent;2
16;40;21;EventSent;9693
16;40;22;EventSent;16
16;40;21;EventSent;1
16;40;22;EventSent;8677
16;40;23;EventSent;8707
16;40;24;EventSent;9425
16;40;25;EventSent;8800
16;40;26;EventSent;9036
16;40;27;EventSent;8135
16;40;28;EventSent;7145
16;40;29;EventSent;8833
16;40;30;EventSent;8047
16;40;31;EventSent;1
16;40;30;EventSent;1
16;40;31;EventSent;16
16;40;30;EventSent;1
16;40;31;EventSent;7438
16;40;32;EventSent;8783
16;40;33;EventSent;9129
16;40;34;EventSent;2
16;40;33;EventSent;1
16;40;34;EventSent;3
16;40;33;EventSent;2
16;40;34;EventSent;8860
16;40;35;EventSent;9605
16;40;36;EventSent;9724
16;40;37;EventSent;9816
16;40;38;EventSent;9561
16;40;39;EventSent;8663
16;40;40;EventSent;9993
16;40;41;EventSent;8556
16;40;42;EventSent;2
16;40;41;EventSent;1
16;40;42;EventSent;9901
16;40;43;EventSent;1
16;40;42;EventSent;1
16;40;43;EventSent;8534
16;40;44;EventSent;8904
16;40;45;EventSent;9370
16;40;46;EventSent;7793
16;40;47;EventSent;9358
16;40;48;EventSent;8120
16;40;49;EventSent;7485
16;40;50;EventSent;7760
16;40;51;EventSent;6
16;40;50;EventSent;1
16;40;51;EventSent;9708
16;40;52;EventSent;9691
16;40;53;EventSent;8238
16;40;54;EventSent;8497
16;40;55;EventSent;7899
16;40;56;EventSent;1
16;40;55;EventSent;3
16;40;56;EventSent;8114
16;40;57;EventSent;9441
16;40;58;EventSent;7369
16;40;59;EventSent;1
16;40;58;EventSent;1
16;40;59;EventSent;8932
16;41;00;EventSent;6509
16;41;01;EventSent;3008
16;41;02;EventSent;1
16;41;01;EventSent;1
16;41;02;EventSent;8465
16;41;03;EventSent;8
16;41;02;EventSent;1
16;41;03;EventSent;4730
16;41;04;EventSent;50
16;41;03;EventSent;1
16;41;04;EventSent;17
16;41;03;EventSent;1
16;41;04;EventSent;2
16;41;03;EventSent;1
16;41;04;EventSent;7064
16;41;05;EventSent;8052
16;41;06;EventSent;9718
16;41;07;EventSent;1238
16;41;08;EventSent;12
16;41;07;EventSent;2
16;41;08;EventSent;5
16;41;07;EventSent;2
16;41;08;EventSent;1
16;41;07;EventSent;2
16;41;08;EventSent;3
16;41;07;EventSent;3
16;41;08;EventSent;7174
16;41;09;EventSent;7976
16;41;10;EventSent;8489
16;41;11;EventSent;7862
16;41;12;EventSent;8951
16;41;13;EventSent;6923
16;41;14;EventSent;5612
16;41;15;EventSent;8191
16;41;16;EventSent;8947
16;41;17;EventSent;157
16;41;16;EventSent;2
16;41;17;EventSent;3
16;41;16;EventSent;2
16;41;17;EventSent;8000
16;41;18;EventSent;7905
16;41;19;EventSent;7630
16;41;20;EventSent;8961
16;41;21;EventSent;8611
16;41;22;EventSent;5895
16;41;23;EventSent;1
16;41;22;EventSent;1
16;41;23;EventSent;8758
16;41;24;EventSent;1
16;41;23;EventSent;1
16;41;24;EventSent;5
16;41;23;EventSent;1
16;41;24;EventSent;6443
16;41;25;EventSent;7253
16;41;26;EventSent;8508
16;41;27;EventSent;34
16;41;26;EventSent;1
16;41;27;EventSent;6341
16;41;28;EventSent;8064
16;41;29;EventSent;7345
16;41;30;EventSent;8140
16;41;31;EventSent;7420
16;41;32;EventSent;8461
16;41;33;EventSent;8509
16;41;34;EventSent;7869
16;41;35;EventSent;3
16;41;34;EventSent;1
16;41;35;EventSent;7
16;41;34;EventSent;5
16;41;35;EventSent;9648
16;41;36;EventSent;8370
16;41;37;EventSent;9162
16;41;38;EventSent;9151
16;41;39;EventSent;8820
16;41;40;EventSent;6997
16;41;41;EventSent;7192
16;41;42;EventSent;8181
16;41;43;EventSent;9330
16;41;44;EventSent;8129
16;41;45;EventSent;7973
16;41;46;EventSent;8923
16;41;47;EventSent;15
16;41;46;EventSent;1
16;41;47;EventSent;8490
16;41;48;EventSent;9622
16;41;49;EventSent;7840
16;41;50;EventSent;8840
16;41;51;EventSent;16
16;41;50;EventSent;1
16;41;51;EventSent;1
16;41;50;EventSent;1
16;41;51;EventSent;7013
16;41;52;EventSent;8486
16;41;53;EventSent;5772
16;41;54;EventSent;8852
16;41;55;EventSent;8109
16;41;56;EventSent;7609
16;41;57;EventSent;8955
16;41;58;EventSent;8732
16;41;59;EventSent;8723
16;42;00;EventSent;8930
16;42;01;EventSent;6393
16;42;02;EventSent;3
16;42;01;EventSent;5
16;42;02;EventSent;7676
16;42;03;EventSent;8393
16;42;04;EventSent;26
16;42;03;EventSent;2
16;42;04;EventSent;8750
16;42;05;EventSent;7669
16;42;06;EventSent;8235
16;42;07;EventSent;9144
16;42;08;EventSent;6883
16;42;09;EventSent;8240
16;42;10;EventSent;7525
16;42;11;EventSent;7888
16;42;12;EventSent;7370
16;42;13;EventSent;8
16;42;12;EventSent;1
16;42;13;EventSent;9
16;42;12;EventSent;3
16;42;13;EventSent;9095
16;42;14;EventSent;1
16;42;13;EventSent;1
16;42;14;EventSent;8344
16;42;15;EventSent;9424
16;42;16;EventSent;6097
16;42;17;EventSent;6766
16;42;18;EventSent;8316
16;42;19;EventSent;9107
16;42;20;EventSent;9014
16;42;21;EventSent;8312
16;42;22;EventSent;7949
16;42;23;EventSent;2
16;42;22;EventSent;20
16;42;23;EventSent;9296
16;42;24;EventSent;7929
16;42;25;EventSent;13
16;42;24;EventSent;1
16;42;25;EventSent;8
16;42;24;EventSent;1
16;42;25;EventSent;6908
16;42;26;EventSent;5494
16;42;27;EventSent;8568
16;42;28;EventSent;7777
16;42;29;EventSent;7534
16;42;30;EventSent;6061
16;42;31;EventSent;7295
16;42;32;EventSent;7823
16;42;33;EventSent;8077
16;42;34;EventSent;15
16;42;33;EventSent;1
16;42;34;EventSent;1
16;42;33;EventSent;1
16;42;34;EventSent;5518
16;42;35;EventSent;15
16;42;34;EventSent;7
16;42;35;EventSent;7015
16;42;36;EventSent;8319
16;42;37;EventSent;8265
16;42;38;EventSent;8890
16;42;39;EventSent;7871
16;42;40;EventSent;20
16;42;39;EventSent;1
16;42;40;EventSent;8342
16;42;41;EventSent;7405
16;42;42;EventSent;3
16;42;41;EventSent;1
16;42;42;EventSent;4
16;42;41;EventSent;1
16;42;42;EventSent;6173
16;42;43;EventSent;6808
16;42;44;EventSent;9179
16;42;45;EventSent;7171
16;42;46;EventSent;8883
16;42;47;EventSent;6294
16;42;48;EventSent;8906
16;42;49;EventSent;4886
16;42;50;EventSent;7862
16;42;51;EventSent;7918
16;42;52;EventSent;5998
16;42;53;EventSent;9006
16;42;54;EventSent;7479
16;42;55;EventSent;6984
16;42;56;EventSent;7008
16;42;57;EventSent;12
16;42;56;EventSent;1
16;42;57;EventSent;7
16;42;56;EventSent;5
16;42;57;EventSent;13
16;42;56;EventSent;1
16;42;57;EventSent;4183
16;42;58;EventSent;8455
16;42;59;EventSent;9064
16;43;00;EventSent;1
16;42;59;EventSent;1
16;43;00;EventSent;8378
16;43;01;EventSent;1
16;43;00;EventSent;2
16;43;01;EventSent;8819
16;43;02;EventSent;9087
16;43;03;EventSent;5
16;43;02;EventSent;1
16;43;03;EventSent;3
16;43;02;EventSent;1
16;43;03;EventSent;9096
16;43;04;EventSent;7618
16;43;05;EventSent;8216
16;43;06;EventSent;7569
16;43;07;EventSent;9678
16;43;08;EventSent;4
16;43;07;EventSent;1
16;43;08;EventSent;8191
16;43;09;EventSent;9471
16;43;10;EventSent;8878
16;43;11;EventSent;6
16;43;10;EventSent;2
16;43;11;EventSent;9004
16;43;12;EventSent;9469
16;43;13;EventSent;9877
16;43;14;EventSent;9691
16;43;15;EventSent;6631
16;43;16;EventSent;6
16;43;15;EventSent;1
16;43;16;EventSent;9423
16;43;17;EventSent;9472
16;43;18;EventSent;9566
16;43;19;EventSent;9665
16;43;20;EventSent;5
16;43;19;EventSent;16
16;43;20;EventSent;9873
16;43;21;EventSent;9249
16;43;22;EventSent;7934
16;43;23;EventSent;6710
16;43;24;EventSent;17
16;43;23;EventSent;1
16;43;24;EventSent;7303
16;43;25;EventSent;9182
16;43;26;EventSent;8648
16;43;27;EventSent;8781
16;43;28;EventSent;5
16;43;27;EventSent;1
16;43;28;EventSent;1
16;43;27;EventSent;1
16;43;28;EventSent;3
16;43;27;EventSent;1
16;43;28;EventSent;9555
16;43;29;EventSent;8708
16;43;30;EventSent;8702
16;43;31;EventSent;8717
16;43;32;EventSent;9511
16;43;33;EventSent;9626
16;43;34;EventSent;9560
16;43;35;EventSent;8890
16;43;36;EventSent;9650
16;43;37;EventSent;9878
16;43;38;EventSent;9807
16;43;39;EventSent;9560
16;43;40;EventSent;9683
16;43;41;EventSent;2
16;43;40;EventSent;3
16;43;41;EventSent;9803
16;43;42;EventSent;2
16;43;41;EventSent;3
16;43;42;EventSent;9359
16;43;43;EventSent;9486
16;43;44;EventSent;9445
16;43;45;EventSent;7104
16;43;46;EventSent;16
16;43;45;EventSent;1
16;43;46;EventSent;8344
16;43;47;EventSent;8773
16;43;48;EventSent;8572
16;43;49;EventSent;7833
16;43;50;EventSent;9834
16;43;51;EventSent;9405
16;43;52;EventSent;9728
16;43;53;EventSent;9619
16;43;54;EventSent;6
16;43;53;EventSent;1
16;43;54;EventSent;3
16;43;53;EventSent;1
16;43;54;EventSent;7
16;43;53;EventSent;5
16;43;54;EventSent;8259
16;43;55;EventSent;9204
16;43;56;EventSent;8342
16;43;57;EventSent;1
16;43;56;EventSent;5
16;43;57;EventSent;1
16;43;56;EventSent;1
16;43;57;EventSent;1
16;43;56;EventSent;3
16;43;57;EventSent;1
16;43;56;EventSent;1
16;43;57;EventSent;7999
16;43;58;EventSent;9182
16;43;59;EventSent;2
16;43;58;EventSent;1
16;43;59;EventSent;14
16;43;58;EventSent;3
16;43;59;EventSent;7
16;43;58;EventSent;1
16;43;59;EventSent;8694
16;44;00;EventSent;1
16;43;59;EventSent;1
16;44;00;EventSent;2
16;43;59;EventSent;1
16;44;00;EventSent;9205
16;44;01;EventSent;9369
16;44;02;EventSent;3
16;44;01;EventSent;1
16;44;02;EventSent;8916
16;44;03;EventSent;20
16;44;02;EventSent;2
16;44;03;EventSent;8070
16;44;04;EventSent;8192
16;44;05;EventSent;17
16;44;04;EventSent;1
16;44;05;EventSent;1
16;44;04;EventSent;2
16;44;05;EventSent;9020
16;44;06;EventSent;9
16;44;05;EventSent;1
16;44;06;EventSent;6
16;44;05;EventSent;1
16;44;06;EventSent;5
16;44;05;EventSent;1
16;44;06;EventSent;6
16;44;05;EventSent;1
16;44;06;EventSent;8851
16;44;07;EventSent;9076
16;44;08;EventSent;9417
16;44;09;EventSent;7049
16;44;10;EventSent;9213
16;44;11;EventSent;7866
16;44;12;EventSent;8526
16;44;13;EventSent;8037
16;44;14;EventSent;9060
16;44;15;EventSent;9687
16;44;16;EventSent;9026
16;44;17;EventSent;1
16;44;16;EventSent;3
16;44;17;EventSent;1
16;44;16;EventSent;8
16;44;17;EventSent;2
16;44;16;EventSent;2
16;44;17;EventSent;9613
16;44;18;EventSent;6521
16;44;19;EventSent;8723
16;44;20;EventSent;8152
16;44;21;EventSent;3603
16;44;22;EventSent;9579
16;44;23;EventSent;8240
16;44;24;EventSent;29
16;44;23;EventSent;1
16;44;24;EventSent;8833
16;44;25;EventSent;8657
16;44;26;EventSent;9235
16;44;27;EventSent;8729
16;44;28;EventSent;9468
16;44;29;EventSent;8315
16;44;30;EventSent;2
16;44;29;EventSent;2
16;44;30;EventSent;9451
16;44;31;EventSent;8671
16;44;32;EventSent;8755
16;44;33;EventSent;2
16;44;32;EventSent;1
16;44;33;EventSent;9040
16;44;34;EventSent;8118
16;44;35;EventSent;8518
16;44;36;EventSent;8719
16;44;37;EventSent;8
16;44;36;EventSent;11
16;44;37;EventSent;9099
16;44;38;EventSent;8218
16;44;39;EventSent;8578
16;44;40;EventSent;15
16;44;39;EventSent;1
16;44;40;EventSent;9400
16;44;41;EventSent;9123
16;44;42;EventSent;9810
16;44;43;EventSent;9659
16;44;44;EventSent;9628
16;44;45;EventSent;9642
16;44;46;EventSent;8624
16;44;47;EventSent;8782
16;44;48;EventSent;9526
16;44;49;EventSent;9201
16;44;50;EventSent;4477
16;44;51;EventSent;9368
16;44;52;EventSent;9735
16;44;53;EventSent;8196
16;44;54;EventSent;7518
16;44;55;EventSent;4608
16;44;56;EventSent;9182
16;44;57;EventSent;9768
16;44;58;EventSent;9923
16;44;59;EventSent;8427
16;45;00;EventSent;9621
16;45;01;EventSent;9744
16;45;02;EventSent;9201
16;45;03;EventSent;9736
16;45;04;EventSent;8763
16;45;05;EventSent;8492
16;45;06;EventSent;9522
16;45;07;EventSent;7314
16;45;08;EventSent;9090
16;45;09;EventSent;9435
16;45;10;EventSent;9073
16;45;11;EventSent;9280
16;45;12;EventSent;1
16;45;11;EventSent;1
16;45;12;EventSent;9048
16;45;13;EventSent;8770
16;45;14;EventSent;9109
16;45;15;EventSent;6751
16;45;16;EventSent;9251
16;45;17;EventSent;9258
16;45;18;EventSent;9350
16;45;19;EventSent;8377
16;45;20;EventSent;7780
16;45;21;EventSent;8788
16;45;22;EventSent;9455
16;45;23;EventSent;9672
16;45;24;EventSent;9826
16;45;25;EventSent;9924
16;45;26;EventSent;8615
16;45;27;EventSent;1
16;45;26;EventSent;1
16;45;27;EventSent;18
16;45;26;EventSent;1
16;45;27;EventSent;9665
16;45;28;EventSent;9982
16;45;29;EventSent;8622
16;45;30;EventSent;9234
16;45;31;EventSent;8324
16;45;32;EventSent;9605
16;45;33;EventSent;9943
16;45;34;EventSent;8896
16;45;35;EventSent;34
16;45;34;EventSent;1
16;45;35;EventSent;1
16;45;34;EventSent;1
16;45;35;EventSent;9921
16;45;36;EventSent;9628
16;45;37;EventSent;7915
16;45;38;EventSent;9320
16;45;39;EventSent;1
16;45;38;EventSent;1
16;45;39;EventSent;1
16;45;38;EventSent;1
16;45;39;EventSent;8218
16;45;40;EventSent;9822
16;45;41;EventSent;10
16;45;40;EventSent;1
16;45;41;EventSent;3317
16;45;42;EventSent;7709
16;45;43;EventSent;7987
16;45;44;EventSent;9483
16;45;45;EventSent;9280
16;45;46;EventSent;9086
16;45;47;EventSent;8937
16;45;48;EventSent;8274
16;45;49;EventSent;8772
16;45;50;EventSent;8136
16;45;51;EventSent;8705
16;45;52;EventSent;9179
16;45;53;EventSent;9516
16;45;54;EventSent;9751
16;45;55;EventSent;8
16;45;54;EventSent;1
16;45;55;EventSent;6
16;45;54;EventSent;1
16;45;55;EventSent;6961
16;45;56;EventSent;8312
16;45;57;EventSent;8288
16;45;58;EventSent;9128
16;45;59;EventSent;9055
16;46;00;EventSent;9163
16;46;01;EventSent;2
16;46;00;EventSent;1
16;46;01;EventSent;8689
16;46;02;EventSent;9148
16;46;03;EventSent;9263
16;46;04;EventSent;7274
16;46;05;EventSent;15
16;46;04;EventSent;1
16;46;05;EventSent;9620
16;46;06;EventSent;9154
16;46;07;EventSent;9566
16;46;08;EventSent;8107
16;46;09;EventSent;2
16;46;08;EventSent;1
16;46;09;EventSent;9325
16;46;10;EventSent;9311
16;46;11;EventSent;9842
16;46;12;EventSent;8757
16;46;13;EventSent;9914
16;46;14;EventSent;9580
16;46;15;EventSent;8737
16;46;16;EventSent;9648
16;46;17;EventSent;9462
16;46;18;EventSent;9489
16;46;19;EventSent;9176
16;46;20;EventSent;9540
16;46;21;EventSent;9363
16;46;22;EventSent;9615
16;46;23;EventSent;4
16;46;22;EventSent;1
16;46;23;EventSent;1
16;46;22;EventSent;2
16;46;23;EventSent;8395
16;46;24;EventSent;8703
16;46;25;EventSent;1
16;46;24;EventSent;1
16;46;25;EventSent;9220
16;46;26;EventSent;9416
16;46;27;EventSent;8331
16;46;28;EventSent;10067
16;46;29;EventSent;9449
16;46;30;EventSent;9019
16;46;31;EventSent;7974
16;46;32;EventSent;9385
16;46;33;EventSent;8666
16;46;34;EventSent;5852
16;46;35;EventSent;9431
16;46;36;EventSent;7890
16;46;37;EventSent;6428
16;46;38;EventSent;5165
16;46;39;EventSent;9699
16;46;40;EventSent;8
16;46;39;EventSent;1
16;46;40;EventSent;9081
16;46;41;EventSent;8090
16;46;42;EventSent;9704
16;46;43;EventSent;2
16;46;42;EventSent;1
16;46;43;EventSent;9288
16;46;44;EventSent;8382
16;46;45;EventSent;8690
16;46;46;EventSent;9505
16;46;47;EventSent;7707
16;46;48;EventSent;6
16;46;47;EventSent;1
16;46;48;EventSent;8475
16;46;49;EventSent;2
16;46;48;EventSent;1
16;46;49;EventSent;1
16;46;48;EventSent;1
16;46;49;EventSent;8567
16;46;50;EventSent;8841
16;46;51;EventSent;1
16;46;50;EventSent;4
16;46;51;EventSent;9402
16;46;52;EventSent;7462
16;46;53;EventSent;8690
16;46;54;EventSent;8827
16;46;55;EventSent;1
16;46;54;EventSent;1
16;46;55;EventSent;8955
16;46;56;EventSent;8195
16;46;57;EventSent;9141
16;46;58;EventSent;2
16;46;57;EventSent;1
16;46;58;EventSent;1
16;46;57;EventSent;2
16;46;58;EventSent;8998
16;46;59;EventSent;1
16;46;58;EventSent;1
16;46;59;EventSent;2
16;46;58;EventSent;3
16;46;59;EventSent;2
16;46;58;EventSent;3
16;46;59;EventSent;8462
16;47;00;EventSent;8048
16;47;01;EventSent;8931
16;47;02;EventSent;1
16;47;01;EventSent;1
16;47;02;EventSent;8870
16;47;03;EventSent;8876
16;47;04;EventSent;9463
16;47;05;EventSent;9256
16;47;06;EventSent;9722
16;47;07;EventSent;8871
16;47;08;EventSent;9565
16;47;09;EventSent;6973
16;47;10;EventSent;8572
16;47;11;EventSent;5712
16;47;12;EventSent;8864
16;47;13;EventSent;9107
16;47;14;EventSent;9456
16;47;15;EventSent;8397
16;47;16;EventSent;8654
16;47;17;EventSent;9656
16;47;18;EventSent;9339
16;47;19;EventSent;6949
16;47;20;EventSent;42
16;47;19;EventSent;1
16;47;20;EventSent;12
16;47;19;EventSent;1
16;47;20;EventSent;8309
16;47;21;EventSent;7643
16;47;22;EventSent;26
16;47;21;EventSent;2
16;47;22;EventSent;10
16;47;21;EventSent;1
16;47;22;EventSent;9632
16;47;23;EventSent;1
16;47;22;EventSent;1
16;47;23;EventSent;8
16;47;22;EventSent;2
16;47;23;EventSent;1
16;47;22;EventSent;1
16;47;23;EventSent;9529
16;47;24;EventSent;9821
16;47;25;EventSent;9631
16;47;26;EventSent;17
16;47;25;EventSent;1
16;47;26;EventSent;8611
16;47;27;EventSent;9577
16;47;28;EventSent;8906
16;47;29;EventSent;9834
16;47;30;EventSent;9721
16;47;31;EventSent;9625
16;47;32;EventSent;1
16;47;31;EventSent;1
16;47;32;EventSent;9742
16;47;33;EventSent;9436
16;47;34;EventSent;9700
16;47;35;EventSent;9550
16;47;36;EventSent;9073
16;47;37;EventSent;9210
16;47;38;EventSent;8497
16;47;39;EventSent;8764
16;47;40;EventSent;9624
16;47;41;EventSent;4
16;47;40;EventSent;3
16;47;41;EventSent;8134
16;47;42;EventSent;9180
16;47;43;EventSent;7315
16;47;44;EventSent;9366
16;47;45;EventSent;8883
16;47;46;EventSent;9601
16;47;47;EventSent;9184
16;47;48;EventSent;9398
16;47;49;EventSent;9473
16;47;50;EventSent;11
16;47;49;EventSent;1
16;47;50;EventSent;9606
16;47;51;EventSent;9118
16;47;52;EventSent;9851
16;47;53;EventSent;8710
16;47;54;EventSent;9834
16;47;55;EventSent;9829
16;47;56;EventSent;9364
16;47;57;EventSent;9663
16;47;58;EventSent;9353
16;47;59;EventSent;9656
16;48;00;EventSent;9694
16;48;01;EventSent;9786
16;48;02;EventSent;9582
16;48;03;EventSent;9597
16;48;04;EventSent;9074
16;48;05;EventSent;9114
16;48;06;EventSent;10004
16;48;07;EventSent;9751
16;48;08;EventSent;9696
16;48;09;EventSent;9036
16;48;10;EventSent;9625
16;48;11;EventSent;9622
16;48;12;EventSent;9436
16;48;13;EventSent;1
16;48;12;EventSent;1
16;48;13;EventSent;9097
16;48;14;EventSent;9094
16;48;15;EventSent;1
16;48;14;EventSent;1
16;48;15;EventSent;9154
16;48;16;EventSent;4
16;48;15;EventSent;1
16;48;16;EventSent;9655
16;48;17;EventSent;9275
16;48;18;EventSent;9445
16;48;19;EventSent;8835
16;48;20;EventSent;7673
16;48;21;EventSent;9614
16;48;22;EventSent;1
16;48;21;EventSent;1
16;48;22;EventSent;8815
16;48;23;EventSent;7
16;48;22;EventSent;1
16;48;23;EventSent;7
16;48;22;EventSent;1
16;48;23;EventSent;7488
16;48;24;EventSent;1
16;48;23;EventSent;1
16;48;24;EventSent;9095
16;48;25;EventSent;9548
16;48;26;EventSent;8966
16;48;27;EventSent;8606
16;48;28;EventSent;7834
16;48;29;EventSent;9010
16;48;30;EventSent;8128
16;48;31;EventSent;9465
16;48;32;EventSent;9014
16;48;33;EventSent;6999
16;48;34;EventSent;9836
16;48;35;EventSent;8737
16;48;36;EventSent;10
16;48;35;EventSent;1
16;48;36;EventSent;18
16;48;35;EventSent;1
16;48;36;EventSent;8668
16;48;37;EventSent;9128
16;48;38;EventSent;9626
16;48;39;EventSent;16
16;48;38;EventSent;1
16;48;39;EventSent;7312
16;48;40;EventSent;9162
16;48;41;EventSent;7703
16;48;42;EventSent;9328
16;48;43;EventSent;8079
16;48;44;EventSent;2
16;48;43;EventSent;2
16;48;44;EventSent;2
16;48;43;EventSent;2
16;48;44;EventSent;8560
16;48;45;EventSent;7198
16;48;46;EventSent;8801
16;48;47;EventSent;4
16;48;46;EventSent;1
16;48;47;EventSent;15
16;48;46;EventSent;2
16;48;47;EventSent;8648
16;48;48;EventSent;9720
16;48;49;EventSent;8556
16;48;50;EventSent;2
16;48;49;EventSent;1
16;48;50;EventSent;8909
16;48;51;EventSent;9481
16;48;52;EventSent;8891
16;48;53;EventSent;8761
16;48;54;EventSent;9309
16;48;55;EventSent;8665
16;48;56;EventSent;9708
16;48;57;EventSent;8801
16;48;58;EventSent;9127
16;48;59;EventSent;8677
16;49;00;EventSent;9538
16;49;01;EventSent;8166
16;49;02;EventSent;7379
16;49;03;EventSent;8946
16;49;04;EventSent;8372
16;49;05;EventSent;4
16;49;04;EventSent;1
16;49;05;EventSent;7995
16;49;06;EventSent;8388
16;49;07;EventSent;7533
16;49;08;EventSent;7832
16;49;09;EventSent;9361
16;49;10;EventSent;1
16;49;09;EventSent;1
16;49;10;EventSent;6657
16;49;11;EventSent;7818
16;49;12;EventSent;9045
16;49;13;EventSent;9662
16;49;14;EventSent;8795
16;49;15;EventSent;15
16;49;14;EventSent;1
16;49;15;EventSent;9175
16;49;16;EventSent;8333
16;49;17;EventSent;1
16;49;16;EventSent;1
16;49;17;EventSent;4
16;49;16;EventSent;1
16;49;17;EventSent;9758
16;49;18;EventSent;4
16;49;17;EventSent;3
16;49;18;EventSent;9277
16;49;19;EventSent;9708
16;49;20;EventSent;9131
16;49;21;EventSent;9873
16;49;22;EventSent;9820
16;49;23;EventSent;15
16;49;22;EventSent;1
16;49;23;EventSent;3
16;49;22;EventSent;2
16;49;23;EventSent;9025
16;49;24;EventSent;8464
16;49;25;EventSent;8762
16;49;26;EventSent;9487
16;49;27;EventSent;9238
16;49;28;EventSent;9560
16;49;29;EventSent;9267
16;49;30;EventSent;9441
16;49;31;EventSent;8041
16;49;32;EventSent;9324
16;49;33;EventSent;9582
16;49;34;EventSent;9820
16;49;35;EventSent;8488
16;49;36;EventSent;9663
16;49;37;EventSent;9535
16;49;38;EventSent;2
16;49;37;EventSent;2
16;49;38;EventSent;2
16;49;37;EventSent;1
16;49;38;EventSent;9424
16;49;39;EventSent;9232
16;49;40;EventSent;8528
16;49;41;EventSent;9558
16;49;42;EventSent;1
16;49;41;EventSent;1
16;49;42;EventSent;2
16;49;41;EventSent;2
16;49;42;EventSent;9347
16;49;43;EventSent;8815
16;49;44;EventSent;6883
16;49;45;EventSent;20
16;49;44;EventSent;1
16;49;45;EventSent;7956
16;49;46;EventSent;8574
16;49;47;EventSent;9027
16;49;48;EventSent;9055
16;49;49;EventSent;7350
16;49;50;EventSent;8884
16;49;51;EventSent;9243
16;49;52;EventSent;8997
16;49;53;EventSent;8366
16;49;54;EventSent;1
16;49;53;EventSent;1
16;49;54;EventSent;3
16;49;53;EventSent;1
16;49;54;EventSent;8677
16;49;55;EventSent;1
16;49;54;EventSent;1
16;49;55;EventSent;8641
16;49;56;EventSent;8405
16;49;57;EventSent;9221
16;49;58;EventSent;3
16;49;57;EventSent;1
16;49;58;EventSent;2
16;49;57;EventSent;1
16;49;58;EventSent;9605
16;49;59;EventSent;15
16;49;58;EventSent;7
16;49;59;EventSent;8924
16;50;00;EventSent;9606
16;50;01;EventSent;7489
16;50;02;EventSent;10
16;50;01;EventSent;1
16;50;02;EventSent;10
16;50;01;EventSent;2
16;50;02;EventSent;7659
16;50;03;EventSent;7
16;50;02;EventSent;3
16;50;03;EventSent;4
16;50;02;EventSent;8
16;50;03;EventSent;9163
16;50;04;EventSent;12
16;50;03;EventSent;2
16;50;04;EventSent;8602
16;50;05;EventSent;8919
16;50;06;EventSent;8936
16;50;07;EventSent;9261
16;50;08;EventSent;8542
16;50;09;EventSent;8511
16;50;10;EventSent;2
16;50;09;EventSent;3
16;50;10;EventSent;2
16;50;09;EventSent;9
16;50;10;EventSent;16
16;50;09;EventSent;7
16;50;10;EventSent;9164
16;50;11;EventSent;9222
16;50;12;EventSent;7636
16;50;13;EventSent;7700
16;50;14;EventSent;9020
16;50;15;EventSent;9549
16;50;16;EventSent;5978
16;50;17;EventSent;8716
16;50;18;EventSent;9171
16;50;19;EventSent;8677
16;50;20;EventSent;8966
16;50;21;EventSent;1
16;50;20;EventSent;1
16;50;21;EventSent;9473
16;50;22;EventSent;9055
16;50;23;EventSent;2
16;50;22;EventSent;2
16;50;23;EventSent;8673
16;50;24;EventSent;9730
16;50;25;EventSent;1
16;50;24;EventSent;1
16;50;25;EventSent;5596
16;50;26;EventSent;1
16;50;25;EventSent;3
16;50;26;EventSent;1
16;50;25;EventSent;1
16;50;26;EventSent;1
16;50;25;EventSent;3
16;50;26;EventSent;12
16;50;25;EventSent;1
16;50;26;EventSent;8042
16;50;27;EventSent;7452
16;50;28;EventSent;9096
16;50;29;EventSent;9609
16;50;30;EventSent;9668
16;50;31;EventSent;8367
16;50;32;EventSent;1
16;50;31;EventSent;12
16;50;32;EventSent;9398
16;50;33;EventSent;9184
16;50;34;EventSent;9762
16;50;35;EventSent;1
16;50;34;EventSent;2
16;50;35;EventSent;8013
16;50;36;EventSent;7804
16;50;37;EventSent;9448
16;50;38;EventSent;9633
16;50;39;EventSent;9725
16;50;40;EventSent;9797
16;50;41;EventSent;8927
16;50;42;EventSent;9596
16;50;43;EventSent;8516
16;50;44;EventSent;5966
16;50;45;EventSent;9233
16;50;46;EventSent;9281
16;50;47;EventSent;9117
16;50;48;EventSent;7353
16;50;49;EventSent;3
16;50;48;EventSent;1
16;50;49;EventSent;8151
16;50;50;EventSent;9168
16;50;51;EventSent;8702
16;50;52;EventSent;9868
16;50;53;EventSent;9533
16;50;54;EventSent;9731
16;50;55;EventSent;9213
16;50;56;EventSent;8848
16;50;57;EventSent;8102
16;50;58;EventSent;8868
16;50;59;EventSent;1
16;50;58;EventSent;1
16;50;59;EventSent;1
16;50;58;EventSent;1
16;50;59;EventSent;3
16;50;58;EventSent;3
16;50;59;EventSent;2
16;50;58;EventSent;4
16;50;59;EventSent;8540
16;51;00;EventSent;9345
16;51;01;EventSent;9515
16;51;02;EventSent;9071
16;51;03;EventSent;9096
16;51;04;EventSent;9357
16;51;05;EventSent;9186
16;51;06;EventSent;3
16;51;05;EventSent;1
16;51;06;EventSent;3
16;51;05;EventSent;2
16;51;06;EventSent;2
16;51;05;EventSent;1
16;51;06;EventSent;1
16;51;05;EventSent;1
16;51;06;EventSent;9594
16;51;07;EventSent;9788
16;51;08;EventSent;9848
16;51;09;EventSent;8979
16;51;10;EventSent;9310
16;51;11;EventSent;3
16;51;10;EventSent;1
16;51;11;EventSent;2
16;51;10;EventSent;1
16;51;11;EventSent;9564
16;51;12;EventSent;9836
16;51;13;EventSent;9695
16;51;14;EventSent;8335
16;51;15;EventSent;8685
16;51;16;EventSent;2
16;51;15;EventSent;1
16;51;16;EventSent;3
16;51;15;EventSent;3
16;51;16;EventSent;9221
16;51;17;EventSent;9089
16;51;18;EventSent;8807
16;51;19;EventSent;8653
16;51;20;EventSent;8858
16;51;21;EventSent;9087
16;51;22;EventSent;9853
16;51;23;EventSent;9458
16;51;24;EventSent;9532
16;51;25;EventSent;8803
16;51;26;EventSent;8141
16;51;27;EventSent;8096
16;51;28;EventSent;9489
16;51;29;EventSent;27
16;51;28;EventSent;1
16;51;29;EventSent;9480
16;51;30;EventSent;9601
16;51;31;EventSent;9520
16;51;32;EventSent;9002
16;51;33;EventSent;8578
16;51;34;EventSent;9097
16;51;35;EventSent;8624
16;51;36;EventSent;8962
16;51;37;EventSent;1
16;51;36;EventSent;1
16;51;37;EventSent;9389
16;51;38;EventSent;9256
16;51;39;EventSent;9657
16;51;40;EventSent;8634
16;51;41;EventSent;8807
16;51;42;EventSent;10
16;51;41;EventSent;2
16;51;42;EventSent;5
16;51;41;EventSent;3
16;51;42;EventSent;1
16;51;41;EventSent;1
16;51;42;EventSent;8758
16;51;43;EventSent;1
16;51;42;EventSent;3
16;51;43;EventSent;1
16;51;42;EventSent;1
16;51;43;EventSent;8713
16;51;44;EventSent;7876
16;51;45;EventSent;9501
16;51;46;EventSent;9004
16;51;47;EventSent;8715
16;51;48;EventSent;9622
16;51;49;EventSent;9280
16;51;50;EventSent;3
16;51;49;EventSent;1
16;51;50;EventSent;9298
16;51;51;EventSent;7824
16;51;52;EventSent;9249
16;51;53;EventSent;9270
16;51;54;EventSent;8410
16;51;55;EventSent;1
16;51;54;EventSent;2
16;51;55;EventSent;9046
16;51;56;EventSent;4
16;51;55;EventSent;1
16;51;56;EventSent;6
16;51;55;EventSent;1
16;51;56;EventSent;8508
16;51;57;EventSent;8074
16;51;58;EventSent;1
16;51;57;EventSent;9
16;51;58;EventSent;9327
16;51;59;EventSent;9100
16;52;00;EventSent;9692
16;52;01;EventSent;9538
16;52;02;EventSent;9112
16;52;03;EventSent;9384
16;52;04;EventSent;1
16;52;03;EventSent;1
16;52;04;EventSent;8744
16;52;05;EventSent;8902
16;52;06;EventSent;8626
16;52;07;EventSent;5
16;52;06;EventSent;17
16;52;07;EventSent;8579
16;52;08;EventSent;1
16;52;07;EventSent;1
16;52;08;EventSent;9197
16;52;09;EventSent;9143
16;52;10;EventSent;9992
16;52;11;EventSent;9028
16;52;12;EventSent;9268
16;52;13;EventSent;8434
16;52;14;EventSent;8151
16;52;15;EventSent;1
16;52;14;EventSent;1
16;52;15;EventSent;1
16;52;14;EventSent;1
16;52;15;EventSent;1
16;52;14;EventSent;4
16;52;15;EventSent;8706
16;52;16;EventSent;8806
16;52;17;EventSent;9568
16;52;18;EventSent;9470
16;52;19;EventSent;2
16;52;18;EventSent;1
16;52;19;EventSent;2
16;52;18;EventSent;2
16;52;19;EventSent;2
16;52;18;EventSent;1
16;52;19;EventSent;1
16;52;18;EventSent;6
16;52;19;EventSent;9006
16;52;20;EventSent;2
16;52;19;EventSent;3
16;52;20;EventSent;9897
16;52;21;EventSent;9832
16;52;22;EventSent;9686
16;52;23;EventSent;9496
16;52;24;EventSent;8582
16;52;25;EventSent;9369
16;52;26;EventSent;8901
16;52;27;EventSent;9855
16;52;28;EventSent;8919
16;52;29;EventSent;9223
16;52;30;EventSent;8885
16;52;31;EventSent;9382
16;52;32;EventSent;9638
16;52;33;EventSent;7270
16;52;34;EventSent;2
16;52;33;EventSent;1
16;52;34;EventSent;2
16;52;33;EventSent;17
16;52;34;EventSent;9210
16;52;35;EventSent;1
16;52;34;EventSent;1
16;52;35;EventSent;9422
16;52;36;EventSent;1
16;52;35;EventSent;2
16;52;36;EventSent;1
16;52;35;EventSent;1
16;52;36;EventSent;9890
16;52;37;EventSent;8944
16;52;38;EventSent;2
16;52;37;EventSent;1
16;52;38;EventSent;9617
16;52;39;EventSent;9480
16;52;40;EventSent;2
16;52;39;EventSent;1
16;52;40;EventSent;8884
16;52;41;EventSent;9154
16;52;42;EventSent;7805
16;52;43;EventSent;8629
16;52;44;EventSent;9241
16;52;45;EventSent;8680
16;52;46;EventSent;8311
16;52;47;EventSent;9280
16;52;48;EventSent;9489
16;52;49;EventSent;19
16;52;48;EventSent;1
16;52;49;EventSent;9256
16;52;50;EventSent;9591
16;52;51;EventSent;1
16;52;50;EventSent;1
16;52;51;EventSent;2
16;52;50;EventSent;1
16;52;51;EventSent;9558
16;52;52;EventSent;9158
16;52;53;EventSent;8618
16;52;54;EventSent;8827
16;52;55;EventSent;8538
16;52;56;EventSent;8951
16;52;57;EventSent;7762
16;52;58;EventSent;8369
16;52;59;EventSent;8681
16;53;00;EventSent;1
16;52;59;EventSent;5
16;53;00;EventSent;2
16;52;59;EventSent;1
16;53;00;EventSent;1
16;52;59;EventSent;1
16;53;00;EventSent;1
16;52;59;EventSent;1
16;53;00;EventSent;9255
16;53;01;EventSent;9632
16;53;02;EventSent;9541
16;53;03;EventSent;9166
16;53;04;EventSent;2
16;53;03;EventSent;1
16;53;04;EventSent;9090
16;53;05;EventSent;9636
16;53;06;EventSent;1
16;53;05;EventSent;1
16;53;06;EventSent;9236
16;53;07;EventSent;9504
16;53;08;EventSent;9304
16;53;09;EventSent;16
16;53;08;EventSent;6
16;53;09;EventSent;7975
16;53;10;EventSent;1
16;53;09;EventSent;1
16;53;10;EventSent;9361
16;53;11;EventSent;9198
16;53;12;EventSent;9404
16;53;13;EventSent;9471
16;53;14;EventSent;14
16;53;13;EventSent;1
16;53;14;EventSent;1
16;53;13;EventSent;1
16;53;14;EventSent;1
16;53;13;EventSent;3
16;53;14;EventSent;8459
16;53;15;EventSent;9212
16;53;16;EventSent;8886
16;53;17;EventSent;9078
16;53;18;EventSent;7415
16;53;19;EventSent;17
16;53;18;EventSent;3
16;53;19;EventSent;7540
16;53;20;EventSent;9539
16;53;21;EventSent;8431
16;53;22;EventSent;8762
16;53;23;EventSent;8906
16;53;24;EventSent;15
16;53;23;EventSent;7
16;53;24;EventSent;9780
16;53;25;EventSent;9387
16;53;26;EventSent;1
16;53;25;EventSent;1
16;53;26;EventSent;8911
16;53;27;EventSent;8058
16;53;28;EventSent;2
16;53;27;EventSent;1
16;53;28;EventSent;1
16;53;27;EventSent;1
16;53;28;EventSent;1
16;53;27;EventSent;1
16;53;28;EventSent;6
16;53;27;EventSent;1
16;53;28;EventSent;1
16;53;27;EventSent;1
16;53;28;EventSent;1
16;53;27;EventSent;1
16;53;28;EventSent;8508
16;53;29;EventSent;16
16;53;28;EventSent;5
16;53;29;EventSent;8927
16;53;30;EventSent;9231
16;53;31;EventSent;8740
16;53;32;EventSent;9551
16;53;33;EventSent;1
16;53;32;EventSent;1
16;53;33;EventSent;9116
16;53;34;EventSent;24
16;53;33;EventSent;3
16;53;34;EventSent;9252
16;53;35;EventSent;9323
16;53;36;EventSent;20
16;53;35;EventSent;1
16;53;36;EventSent;9024
16;53;37;EventSent;8451
16;53;38;EventSent;8705
16;53;39;EventSent;8955
16;53;40;EventSent;8985
16;53;41;EventSent;3
16;53;40;EventSent;2
16;53;41;EventSent;2
16;53;40;EventSent;1
16;53;41;EventSent;9206
16;53;42;EventSent;8636
16;53;43;EventSent;9217
16;53;44;EventSent;19
16;53;43;EventSent;1
16;53;44;EventSent;2
16;53;43;EventSent;3
16;53;44;EventSent;1
16;53;43;EventSent;1
16;53;44;EventSent;9010
16;53;45;EventSent;7792
16;53;46;EventSent;8802
16;53;47;EventSent;8706
16;53;48;EventSent;1
16;53;47;EventSent;1
16;53;48;EventSent;9417
16;53;49;EventSent;18
16;53;48;EventSent;1
16;53;49;EventSent;4
16;53;48;EventSent;2
16;53;49;EventSent;8509
16;53;50;EventSent;9207
16;53;51;EventSent;9660
16;53;52;EventSent;9240
16;53;53;EventSent;23
16;53;52;EventSent;1
16;53;53;EventSent;1
16;53;52;EventSent;1
16;53;53;EventSent;9529
16;53;54;EventSent;17
16;53;53;EventSent;1
16;53;54;EventSent;2
16;53;53;EventSent;4
16;53;54;EventSent;9355
16;53;55;EventSent;9844
16;53;56;EventSent;9798
16;53;57;EventSent;8405
16;53;58;EventSent;8507
16;53;59;EventSent;7
16;53;58;EventSent;1
16;53;59;EventSent;8080
16;54;00;EventSent;8812
16;54;01;EventSent;8317
16;54;02;EventSent;9504
16;54;03;EventSent;9565
16;54;04;EventSent;8915
16;54;05;EventSent;9674
16;54;06;EventSent;9528
16;54;07;EventSent;9117
16;54;08;EventSent;8788
16;54;09;EventSent;8790
16;54;10;EventSent;8475
16;54;11;EventSent;8491
16;54;12;EventSent;8255
16;54;13;EventSent;1
16;54;12;EventSent;1
16;54;13;EventSent;8341
16;54;14;EventSent;3
16;54;13;EventSent;1
16;54;14;EventSent;9181
16;54;15;EventSent;16
16;54;14;EventSent;1
16;54;15;EventSent;9034
16;54;16;EventSent;9232
16;54;17;EventSent;8507
16;54;18;EventSent;9157
16;54;19;EventSent;9280
16;54;20;EventSent;8424
16;54;21;EventSent;7802
16;54;22;EventSent;1
16;54;21;EventSent;1
16;54;22;EventSent;9085
16;54;23;EventSent;8966
16;54;24;EventSent;9566
16;54;25;EventSent;8269
16;54;26;EventSent;7764
16;54;27;EventSent;8873
16;54;28;EventSent;8214
16;54;29;EventSent;4
16;54;28;EventSent;1
16;54;29;EventSent;9188
16;54;30;EventSent;1
16;54;29;EventSent;1
16;54;30;EventSent;1
16;54;29;EventSent;1
16;54;30;EventSent;6
16;54;29;EventSent;1
16;54;30;EventSent;8889
16;54;31;EventSent;8460
16;54;32;EventSent;9687
16;54;33;EventSent;6689
16;54;34;EventSent;8584
16;54;35;EventSent;8175
16;54;36;EventSent;9718
16;54;37;EventSent;9408
16;54;38;EventSent;7107
16;54;39;EventSent;8962
16;54;40;EventSent;1
16;54;39;EventSent;1
16;54;40;EventSent;9089
16;54;41;EventSent;1
16;54;40;EventSent;2
16;54;41;EventSent;8530
16;54;42;EventSent;9841
16;54;43;EventSent;4
16;54;42;EventSent;2
16;54;43;EventSent;9713
16;54;44;EventSent;9100
16;54;45;EventSent;9219
16;54;46;EventSent;8757
16;54;47;EventSent;6663
16;54;48;EventSent;12
16;54;47;EventSent;9
16;54;48;EventSent;8421
16;54;49;EventSent;9264
16;54;50;EventSent;8389
16;54;51;EventSent;7647
16;54;52;EventSent;9139
16;54;53;EventSent;7721
16;54;54;EventSent;8680
16;54;55;EventSent;7755
16;54;56;EventSent;6394
16;54;57;EventSent;8293
16;54;58;EventSent;8273
16;54;59;EventSent;8388
16;55;00;EventSent;2
16;54;59;EventSent;1
16;55;00;EventSent;9439
16;55;01;EventSent;8930
16;55;02;EventSent;9481
16;55;03;EventSent;8366
16;55;04;EventSent;9127
16;55;05;EventSent;9986
16;55;06;EventSent;9329
16;55;07;EventSent;8371
16;55;08;EventSent;9848
16;55;09;EventSent;9091
16;55;10;EventSent;9075
16;55;11;EventSent;9476
16;55;12;EventSent;8993
16;55;13;EventSent;8985
16;55;14;EventSent;7409
16;55;15;EventSent;7355
16;55;16;EventSent;9034
16;55;17;EventSent;9229
16;55;18;EventSent;8308
16;55;19;EventSent;8303
16;55;20;EventSent;9397
16;55;21;EventSent;9568
16;55;22;EventSent;9934
16;55;23;EventSent;9285
16;55;24;EventSent;9243
16;55;25;EventSent;9312
16;55;26;EventSent;9674
16;55;27;EventSent;9676
16;55;28;EventSent;9645
16;55;29;EventSent;9900
16;55;30;EventSent;9574
16;55;31;EventSent;8725
16;55;32;EventSent;7805
16;55;33;EventSent;8788
16;55;34;EventSent;9514
16;55;35;EventSent;9898
16;55;36;EventSent;9138
16;55;37;EventSent;9551
16;55;38;EventSent;9859
16;55;39;EventSent;8889
16;55;40;EventSent;9503
16;55;41;EventSent;9714
16;55;42;EventSent;9057
16;55;43;EventSent;9732
16;55;44;EventSent;9388
16;55;45;EventSent;9458
16;55;46;EventSent;9758
16;55;47;EventSent;9901
16;55;48;EventSent;9611
16;55;49;EventSent;9560
16;55;50;EventSent;9253
16;55;51;EventSent;7703
16;55;52;EventSent;9600
16;55;53;EventSent;8903
16;55;54;EventSent;9213
16;55;55;EventSent;7199
16;55;56;EventSent;7430
16;55;57;EventSent;8567
16;55;58;EventSent;15
16;55;57;EventSent;1
16;55;58;EventSent;9732
16;55;59;EventSent;8866
16;56;00;EventSent;9074
16;56;01;EventSent;9309
16;56;02;EventSent;8637
16;56;03;EventSent;8817
16;56;04;EventSent;8746
16;56;05;EventSent;8745
16;56;06;EventSent;7704
16;56;07;EventSent;8772
16;56;08;EventSent;6373
16;56;09;EventSent;9581
16;56;10;EventSent;9352
16;56;11;EventSent;8476
16;56;12;EventSent;9340
16;56;13;EventSent;1
16;56;12;EventSent;1
16;56;13;EventSent;8420
16;56;14;EventSent;1
16;56;13;EventSent;1
16;56;14;EventSent;8842
16;56;15;EventSent;1
16;56;14;EventSent;8
16;56;15;EventSent;9
16;56;14;EventSent;3
16;56;15;EventSent;9686
16;56;16;EventSent;8914
16;56;17;EventSent;8669
16;56;18;EventSent;9442
16;56;19;EventSent;9425
16;56;20;EventSent;9682
16;56;21;EventSent;7414
16;56;22;EventSent;8712
16;56;23;EventSent;9294
16;56;24;EventSent;9354
16;56;25;EventSent;9284
16;56;26;EventSent;9669
16;56;27;EventSent;7771
16;56;28;EventSent;9721
16;56;29;EventSent;9725
16;56;30;EventSent;8965
16;56;31;EventSent;1
16;56;30;EventSent;1
16;56;31;EventSent;8705
16;56;32;EventSent;9678
16;56;33;EventSent;9553
16;56;34;EventSent;9702
16;56;35;EventSent;9352
16;56;36;EventSent;1
16;56;35;EventSent;1
16;56;36;EventSent;8333
16;56;37;EventSent;8977
16;56;38;EventSent;9647
16;56;39;EventSent;9203
16;56;40;EventSent;9180
16;56;41;EventSent;9199
16;56;42;EventSent;9072
16;56;43;EventSent;8
16;56;42;EventSent;1
16;56;43;EventSent;8629
16;56;44;EventSent;8256
16;56;45;EventSent;8639
16;56;46;EventSent;8984
16;56;47;EventSent;9764
16;56;48;EventSent;9885
16;56;49;EventSent;9803
16;56;50;EventSent;9790
16;56;51;EventSent;1
16;56;50;EventSent;1
16;56;51;EventSent;9590
16;56;52;EventSent;9164
16;56;53;EventSent;9161
16;56;54;EventSent;9150
16;56;55;EventSent;9191
16;56;56;EventSent;9162
16;56;57;EventSent;9283
16;56;58;EventSent;9630
16;56;59;EventSent;8985
16;57;00;EventSent;2
16;56;59;EventSent;3
16;57;00;EventSent;3
16;56;59;EventSent;3
16;57;00;EventSent;9442
16;57;01;EventSent;9649
16;57;02;EventSent;9484
16;57;03;EventSent;9466
16;57;04;EventSent;9557
16;57;05;EventSent;9161
16;57;06;EventSent;9417
16;57;07;EventSent;8988
16;57;08;EventSent;9372
16;57;09;EventSent;8434
16;57;10;EventSent;8955
16;57;11;EventSent;8265
16;57;12;EventSent;5
16;57;11;EventSent;1
16;57;12;EventSent;8937
16;57;13;EventSent;9302
16;57;14;EventSent;2
16;57;13;EventSent;1
16;57;14;EventSent;9838
16;57;15;EventSent;9734
16;57;16;EventSent;9660
16;57;17;EventSent;7
16;57;16;EventSent;1
16;57;17;EventSent;8
16;57;16;EventSent;2
16;57;17;EventSent;9125
16;57;18;EventSent;9744
16;57;19;EventSent;9041
16;57;20;EventSent;5
16;57;19;EventSent;1
16;57;20;EventSent;1
16;57;19;EventSent;1
16;57;20;EventSent;9258
16;57;21;EventSent;9808
16;57;22;EventSent;9410
16;57;23;EventSent;8058
16;57;24;EventSent;9790
16;57;25;EventSent;8846
16;57;26;EventSent;9666
16;57;27;EventSent;10018
16;57;28;EventSent;10104
16;57;29;EventSent;10065
16;57;30;EventSent;10045
16;57;31;EventSent;10060
16;57;32;EventSent;9911
16;57;33;EventSent;10071
16;57;34;EventSent;1
16;57;33;EventSent;1
16;57;34;EventSent;10029
16;57;35;EventSent;9789
16;57;36;EventSent;10069
16;57;37;EventSent;10006
16;57;38;EventSent;9911
16;57;39;EventSent;9792
16;57;40;EventSent;10052
16;57;41;EventSent;9970
16;57;42;EventSent;9959
16;57;43;EventSent;10058
16;57;44;EventSent;9843
16;57;45;EventSent;10012
16;57;46;EventSent;9870
16;57;47;EventSent;9970
16;57;48;EventSent;1
16;57;47;EventSent;1
16;57;48;EventSent;9914
16;57;49;EventSent;10030
16;57;50;EventSent;9995
16;57;51;EventSent;10014
16;57;52;EventSent;9761
16;57;53;EventSent;9342
16;57;54;EventSent;9378
16;57;55;EventSent;8557
16;57;56;EventSent;9377
16;57;57;EventSent;9705
16;57;58;EventSent;9724
16;57;59;EventSent;9933
16;58;00;EventSent;1
16;57;59;EventSent;1
16;58;00;EventSent;9827
16;58;01;EventSent;9112
16;58;02;EventSent;5
16;58;01;EventSent;1
16;58;02;EventSent;7
16;58;01;EventSent;1
16;58;02;EventSent;9881
16;58;03;EventSent;9154
16;58;04;EventSent;10006
16;58;05;EventSent;9973
16;58;06;EventSent;10105
16;58;07;EventSent;10144
16;58;08;EventSent;9905
16;58;09;EventSent;1
16;58;08;EventSent;1
16;58;09;EventSent;9939
16;58;10;EventSent;7
16;58;09;EventSent;2
16;58;10;EventSent;10020
16;58;11;EventSent;9321
16;58;12;EventSent;10085
16;58;13;EventSent;10008
16;58;14;EventSent;1
16;58;13;EventSent;1
16;58;14;EventSent;10016
16;58;15;EventSent;7
16;58;14;EventSent;1
16;58;15;EventSent;9985
16;58;16;EventSent;9924
16;58;17;EventSent;10024
16;58;18;EventSent;10053
16;58;19;EventSent;9897
16;58;20;EventSent;9966
16;58;21;EventSent;9930
16;58;22;EventSent;10092
16;58;23;EventSent;10056
16;58;24;EventSent;9970
16;58;25;EventSent;9335
16;58;26;EventSent;9951
16;58;27;EventSent;9947
16;58;28;EventSent;9948
16;58;29;EventSent;10098
16;58;30;EventSent;10120
16;58;31;EventSent;9877
16;58;32;EventSent;10018
16;58;33;EventSent;10101
16;58;34;EventSent;9692
16;58;35;EventSent;9445
16;58;36;EventSent;1
16;58;35;EventSent;1
16;58;36;EventSent;1706
