hour;minute;second;event;total
11;09;43;AckSent;95
11;09;44;AckSent;156
11;09;45;AckSent;113
11;09;46;AckSent;149
11;09;47;AckSent;157
11;09;48;AckSent;114
11;09;49;AckSent;142
11;09;50;AckSent;146
11;09;51;AckSent;185
11;09;52;AckSent;150
11;09;53;AckSent;155
11;09;54;AckSent;174
11;09;55;AckSent;155
11;09;56;AckSent;163
11;09;57;AckSent;167
11;09;58;AckSent;152
11;09;59;AckSent;139
11;10;00;AckSent;162
11;10;01;AckSent;145
11;10;02;AckSent;146
11;10;03;AckSent;168
11;10;04;AckSent;153
11;10;05;AckSent;141
11;10;06;AckSent;183
11;10;07;AckSent;164
11;10;08;AckSent;155
11;10;09;AckSent;165
11;10;10;AckSent;191
11;10;11;AckSent;162
11;10;12;AckSent;171
11;10;13;AckSent;169
11;10;14;AckSent;159
11;10;15;AckSent;184
11;10;16;AckSent;178
11;10;17;AckSent;173
11;10;18;AckSent;173
11;10;19;AckSent;153
11;10;20;AckSent;177
11;10;21;AckSent;165
11;10;22;AckSent;208
11;10;23;AckSent;166
11;10;24;AckSent;185
11;10;25;AckSent;182
11;10;26;AckSent;153
11;10;27;AckSent;180
11;10;28;AckSent;173
11;10;29;AckSent;160
11;10;30;AckSent;178
11;10;31;AckSent;191
11;10;32;AckSent;178
11;10;33;AckSent;172
11;10;34;AckSent;185
11;10;35;AckSent;181
11;10;36;AckSent;171
11;10;37;AckSent;197
11;10;38;AckSent;183
11;10;39;AckSent;184
11;10;40;AckSent;184
11;10;41;AckSent;185
11;10;42;AckSent;204
11;10;43;AckSent;196
11;10;44;AckSent;176
11;10;45;AckSent;182
11;10;46;AckSent;200
11;10;47;AckSent;181
11;10;48;AckSent;200
11;10;49;AckSent;186
11;10;50;AckSent;154
11;10;51;AckSent;141
11;10;52;AckSent;178
11;10;53;AckSent;169
11;10;54;AckSent;161
11;10;55;AckSent;157
11;10;56;AckSent;167
11;10;57;AckSent;160
11;10;58;AckSent;156
11;10;59;AckSent;166
11;11;00;AckSent;152
11;11;01;AckSent;184
11;11;02;AckSent;170
11;11;03;AckSent;175
11;11;04;AckSent;177
11;11;05;AckSent;170
11;11;06;AckSent;166
11;11;07;AckSent;161
11;11;08;AckSent;174
11;11;09;AckSent;182
11;11;10;AckSent;169
11;11;11;AckSent;185
11;11;12;AckSent;161
11;11;13;AckSent;173
11;11;14;AckSent;168
11;11;15;AckSent;225
11;11;16;AckSent;151
11;11;17;AckSent;162
11;11;18;AckSent;153
11;11;19;AckSent;161
11;11;20;AckSent;191
11;11;21;AckSent;186
11;11;22;AckSent;168
11;11;23;AckSent;168
11;11;24;AckSent;211
11;11;25;AckSent;178
11;11;26;AckSent;167
11;11;27;AckSent;156
11;11;28;AckSent;161
11;11;29;AckSent;165
11;11;30;AckSent;165
11;11;31;AckSent;171
11;11;32;AckSent;173
11;11;33;AckSent;156
11;11;34;AckSent;206
11;11;35;AckSent;192
11;11;36;AckSent;189
11;11;37;AckSent;197
11;11;38;AckSent;192
11;11;39;AckSent;174
11;11;40;AckSent;174
11;11;41;AckSent;167
11;11;42;AckSent;153
11;11;43;AckSent;194
11;11;44;AckSent;184
11;11;45;AckSent;154
11;11;46;AckSent;170
11;11;47;AckSent;177
11;11;48;AckSent;170
11;11;49;AckSent;162
11;11;50;AckSent;173
11;11;51;AckSent;161
11;11;52;AckSent;181
11;11;53;AckSent;187
11;11;54;AckSent;171
11;11;55;AckSent;175
11;11;56;AckSent;162
11;11;57;AckSent;182
11;11;58;AckSent;187
11;11;59;AckSent;162
11;12;00;AckSent;149
11;12;01;AckSent;171
11;12;02;AckSent;173
11;12;03;AckSent;160
11;12;04;AckSent;198
11;12;05;AckSent;165
11;12;06;AckSent;181
11;12;07;AckSent;173
11;12;08;AckSent;168
11;12;09;AckSent;172
11;12;10;AckSent;178
11;12;11;AckSent;172
11;12;12;AckSent;167
11;12;13;AckSent;177
11;12;14;AckSent;179
11;12;15;AckSent;166
11;12;16;AckSent;177
11;12;17;AckSent;191
11;12;18;AckSent;173
11;12;19;AckSent;177
11;12;20;AckSent;188
11;12;21;AckSent;198
11;12;22;AckSent;164
11;12;23;AckSent;184
11;12;24;AckSent;190
11;12;25;AckSent;184
11;12;26;AckSent;140
11;12;27;AckSent;182
11;12;28;AckSent;189
11;12;29;AckSent;156
11;12;30;AckSent;163
11;12;31;AckSent;148
11;12;32;AckSent;180
11;12;33;AckSent;170
11;12;34;AckSent;166
11;12;35;AckSent;211
11;12;36;AckSent;178
11;12;37;AckSent;148
11;12;38;AckSent;164
11;12;39;AckSent;180
11;12;40;AckSent;173
11;12;41;AckSent;167
11;12;42;AckSent;176
11;12;43;AckSent;191
11;12;44;AckSent;198
11;12;45;AckSent;209
11;12;46;AckSent;163
11;12;47;AckSent;177
11;12;48;AckSent;143
11;12;49;AckSent;169
11;12;50;AckSent;152
11;12;51;AckSent;185
11;12;52;AckSent;173
11;12;53;AckSent;170
11;12;54;AckSent;167
11;12;55;AckSent;181
11;12;56;AckSent;177
11;12;57;AckSent;174
11;12;58;AckSent;205
11;12;59;AckSent;180
11;13;00;AckSent;179
11;13;01;AckSent;172
11;13;02;AckSent;176
11;13;03;AckSent;171
11;13;04;AckSent;145
11;13;05;AckSent;188
11;13;06;AckSent;151
11;13;07;AckSent;170
11;13;08;AckSent;190
11;13;09;AckSent;159
11;13;10;AckSent;171
11;13;11;AckSent;197
11;13;12;AckSent;207
11;13;13;AckSent;171
11;13;14;AckSent;183
11;13;15;AckSent;167
11;13;16;AckSent;152
11;13;17;AckSent;166
11;13;18;AckSent;184
11;13;19;AckSent;162
11;13;20;AckSent;180
11;13;21;AckSent;152
11;13;22;AckSent;156
11;13;23;AckSent;170
11;13;24;AckSent;183
11;13;25;AckSent;192
11;13;26;AckSent;190
11;13;27;AckSent;158
11;13;28;AckSent;176
11;13;29;AckSent;178
11;13;30;AckSent;177
11;13;31;AckSent;171
11;13;32;AckSent;194
11;13;33;AckSent;211
11;13;34;AckSent;198
11;13;35;AckSent;157
11;13;36;AckSent;184
11;13;37;AckSent;163
11;13;38;AckSent;181
11;13;39;AckSent;190
11;13;40;AckSent;167
11;13;41;AckSent;144
11;13;42;AckSent;169
11;13;43;AckSent;179
11;13;44;AckSent;177
11;13;45;AckSent;187
11;13;46;AckSent;177
11;13;47;AckSent;156
11;13;48;AckSent;164
11;13;49;AckSent;153
11;13;50;AckSent;196
11;13;51;AckSent;155
11;13;52;AckSent;165
11;13;53;AckSent;196
11;13;54;AckSent;175
11;13;55;AckSent;170
11;13;56;AckSent;174
11;13;57;AckSent;133
11;13;58;AckSent;184
11;13;59;AckSent;205
11;14;00;AckSent;197
11;14;01;AckSent;149
11;14;02;AckSent;165
11;14;03;AckSent;212
11;14;04;AckSent;181
11;14;05;AckSent;182
11;14;06;AckSent;189
11;14;07;AckSent;150
11;14;08;AckSent;151
11;14;09;AckSent;203
11;14;10;AckSent;210
11;14;11;AckSent;189
11;14;12;AckSent;146
11;14;13;AckSent;190
11;14;14;AckSent;147
11;14;15;AckSent;167
11;14;16;AckSent;164
11;14;17;AckSent;181
11;14;18;AckSent;177
11;14;19;AckSent;198
11;14;20;AckSent;184
11;14;21;AckSent;189
11;14;22;AckSent;177
11;14;23;AckSent;135
11;14;24;AckSent;171
11;14;25;AckSent;158
11;14;26;AckSent;169
11;14;27;AckSent;181
11;14;28;AckSent;172
11;14;29;AckSent;182
11;14;30;AckSent;194
11;14;31;AckSent;181
11;14;32;AckSent;178
11;14;33;AckSent;163
11;14;34;AckSent;165
11;14;35;AckSent;141
11;14;36;AckSent;177
11;14;37;AckSent;181
11;14;38;AckSent;176
11;14;39;AckSent;160
11;14;40;AckSent;143
11;14;41;AckSent;148
11;14;42;AckSent;150
11;14;43;AckSent;209
11;14;44;AckSent;174
11;14;45;AckSent;175
11;14;46;AckSent;156
11;14;47;AckSent;139
11;14;48;AckSent;189
11;14;49;AckSent;181
11;14;50;AckSent;185
11;14;51;AckSent;177
11;14;52;AckSent;196
11;14;53;AckSent;175
11;14;54;AckSent;194
11;14;55;AckSent;163
11;14;56;AckSent;180
11;14;57;AckSent;184
11;14;58;AckSent;153
11;14;59;AckSent;179
11;15;00;AckSent;179
11;15;01;AckSent;229
11;15;02;AckSent;166
11;15;03;AckSent;187
11;15;04;AckSent;181
11;15;05;AckSent;185
11;15;06;AckSent;136
11;15;07;AckSent;166
11;15;08;AckSent;169
11;15;09;AckSent;168
11;15;10;AckSent;160
11;15;11;AckSent;196
11;15;12;AckSent;193
11;15;13;AckSent;178
11;15;14;AckSent;217
11;15;15;AckSent;178
11;15;16;AckSent;158
11;15;17;AckSent;150
11;15;18;AckSent;189
11;15;19;AckSent;192
11;15;20;AckSent;182
11;15;21;AckSent;181
11;15;22;AckSent;198
11;15;23;AckSent;161
11;15;24;AckSent;164
11;15;25;AckSent;174
11;15;26;AckSent;139
11;15;27;AckSent;154
11;15;28;AckSent;192
11;15;29;AckSent;156
11;15;30;AckSent;148
11;15;31;AckSent;189
11;15;32;AckSent;192
11;15;33;AckSent;175
11;15;34;AckSent;175
11;15;35;AckSent;180
11;15;36;AckSent;166
11;15;37;AckSent;185
11;15;38;AckSent;200
11;15;39;AckSent;174
11;15;40;AckSent;159
11;15;41;AckSent;174
11;15;42;AckSent;176
11;15;43;AckSent;170
11;15;44;AckSent;159
11;15;45;AckSent;148
11;15;46;AckSent;158
11;15;47;AckSent;161
11;15;48;AckSent;171
11;15;49;AckSent;187
11;15;50;AckSent;139
11;15;51;AckSent;163
11;15;52;AckSent;180
11;15;53;AckSent;184
11;15;54;AckSent;173
11;15;55;AckSent;205
11;15;56;AckSent;173
11;15;57;AckSent;171
11;15;58;AckSent;167
11;15;59;AckSent;187
11;16;00;AckSent;164
11;16;01;AckSent;188
11;16;02;AckSent;170
11;16;03;AckSent;152
11;16;04;AckSent;154
11;16;05;AckSent;191
11;16;06;AckSent;157
11;16;07;AckSent;168
11;16;08;AckSent;212
11;16;09;AckSent;196
11;16;10;AckSent;169
11;16;11;AckSent;184
11;16;12;AckSent;166
11;16;13;AckSent;153
11;16;14;AckSent;208
11;16;15;AckSent;161
11;16;16;AckSent;193
11;16;17;AckSent;186
11;16;18;AckSent;193
11;16;19;AckSent;203
11;16;20;AckSent;179
11;16;21;AckSent;164
11;16;22;AckSent;168
11;16;23;AckSent;193
11;16;24;AckSent;195
11;16;25;AckSent;128
11;16;26;AckSent;191
11;16;27;AckSent;167
11;16;28;AckSent;155
11;16;29;AckSent;171
11;16;30;AckSent;172
11;16;31;AckSent;165
11;16;32;AckSent;159
11;16;33;AckSent;180
11;16;34;AckSent;161
11;16;35;AckSent;164
11;16;36;AckSent;156
11;16;37;AckSent;185
11;16;38;AckSent;190
11;16;39;AckSent;161
11;16;40;AckSent;187
11;16;41;AckSent;195
11;16;42;AckSent;184
11;16;43;AckSent;194
11;16;44;AckSent;176
11;16;45;AckSent;166
11;16;46;AckSent;151
11;16;47;AckSent;183
11;16;48;AckSent;162
11;16;49;AckSent;160
11;16;50;AckSent;166
11;16;51;AckSent;165
11;16;52;AckSent;179
11;16;53;AckSent;142
11;16;54;AckSent;199
11;16;55;AckSent;176
11;16;56;AckSent;183
11;16;57;AckSent;154
11;16;58;AckSent;156
11;16;59;AckSent;163
11;17;00;AckSent;169
11;17;01;AckSent;188
11;17;02;AckSent;183
11;17;03;AckSent;177
11;17;04;AckSent;146
11;17;05;AckSent;182
11;17;06;AckSent;176
11;17;07;AckSent;190
11;17;08;AckSent;181
11;17;09;AckSent;192
11;17;10;AckSent;193
11;17;11;AckSent;157
11;17;12;AckSent;167
11;17;13;AckSent;169
11;17;14;AckSent;186
11;17;15;AckSent;213
11;17;16;AckSent;175
11;17;17;AckSent;204
11;17;18;AckSent;164
11;17;19;AckSent;159
11;17;20;AckSent;166
11;17;21;AckSent;166
11;17;22;AckSent;162
11;17;23;AckSent;180
11;17;24;AckSent;194
11;17;25;AckSent;177
11;17;26;AckSent;168
11;17;27;AckSent;176
11;17;28;AckSent;177
11;17;29;AckSent;187
11;17;30;AckSent;165
11;17;31;AckSent;154
11;17;32;AckSent;157
11;17;33;AckSent;177
11;17;34;AckSent;220
11;17;35;AckSent;171
11;17;36;AckSent;167
11;17;37;AckSent;176
11;17;38;AckSent;189
11;17;39;AckSent;172
11;17;40;AckSent;164
11;17;41;AckSent;173
11;17;42;AckSent;196
11;17;43;AckSent;170
11;17;44;AckSent;177
11;17;45;AckSent;161
11;17;46;AckSent;177
11;17;47;AckSent;173
11;17;48;AckSent;181
11;17;49;AckSent;180
11;17;50;AckSent;184
11;17;51;AckSent;176
11;17;52;AckSent;186
11;17;53;AckSent;178
11;17;54;AckSent;206
11;17;55;AckSent;183
11;17;56;AckSent;198
11;17;57;AckSent;177
11;17;58;AckSent;197
11;17;59;AckSent;161
11;18;00;AckSent;173
11;18;01;AckSent;192
11;18;02;AckSent;180
11;18;03;AckSent;194
11;18;04;AckSent;185
11;18;05;AckSent;177
11;18;06;AckSent;177
11;18;07;AckSent;175
11;18;08;AckSent;173
11;18;09;AckSent;177
11;18;10;AckSent;167
11;18;11;AckSent;186
11;18;12;AckSent;169
11;18;13;AckSent;183
11;18;14;AckSent;169
11;18;15;AckSent;179
11;18;16;AckSent;167
11;18;17;AckSent;145
11;18;18;AckSent;169
11;18;19;AckSent;196
11;18;20;AckSent;182
11;18;21;AckSent;179
11;18;22;AckSent;165
11;18;23;AckSent;171
11;18;24;AckSent;179
11;18;25;AckSent;194
11;18;26;AckSent;175
11;18;27;AckSent;160
11;18;28;AckSent;160
11;18;29;AckSent;181
11;18;30;AckSent;162
11;18;31;AckSent;157
11;18;32;AckSent;176
11;18;33;AckSent;207
11;18;34;AckSent;162
11;18;35;AckSent;145
11;18;36;AckSent;164
11;18;37;AckSent;175
11;18;38;AckSent;204
11;18;39;AckSent;191
11;18;40;AckSent;168
11;18;41;AckSent;165
11;18;42;AckSent;164
11;18;43;AckSent;183
11;18;44;AckSent;181
11;18;45;AckSent;162
11;18;46;AckSent;162
11;18;47;AckSent;171
11;18;48;AckSent;165
11;18;49;AckSent;168
11;18;50;AckSent;165
11;18;51;AckSent;212
11;18;52;AckSent;186
11;18;53;AckSent;187
11;18;54;AckSent;160
11;18;55;AckSent;171
11;18;56;AckSent;185
11;18;57;AckSent;181
11;18;58;AckSent;184
11;18;59;AckSent;184
11;19;00;AckSent;181
11;19;01;AckSent;174
11;19;02;AckSent;171
11;19;03;AckSent;156
11;19;04;AckSent;183
11;19;05;AckSent;191
11;19;06;AckSent;175
11;19;07;AckSent;168
11;19;08;AckSent;165
11;19;09;AckSent;163
11;19;10;AckSent;164
11;19;11;AckSent;165
11;19;12;AckSent;165
11;19;13;AckSent;179
11;19;14;AckSent;199
11;19;15;AckSent;175
11;19;16;AckSent;189
11;19;17;AckSent;171
11;19;18;AckSent;163
11;19;19;AckSent;193
11;19;20;AckSent;191
11;19;21;AckSent;188
11;19;22;AckSent;185
11;19;23;AckSent;165
11;19;24;AckSent;164
11;19;25;AckSent;174
11;19;26;AckSent;176
11;19;27;AckSent;180
11;19;28;AckSent;180
11;19;29;AckSent;168
11;19;30;AckSent;180
11;19;31;AckSent;173
11;19;32;AckSent;167
11;19;33;AckSent;176
11;19;34;AckSent;165
11;19;35;AckSent;143
11;19;36;AckSent;158
11;19;37;AckSent;179
11;19;38;AckSent;184
11;19;39;AckSent;177
11;19;40;AckSent;166
11;19;41;AckSent;170
11;19;42;AckSent;175
11;19;43;AckSent;178
11;19;44;AckSent;189
11;19;45;AckSent;187
11;19;46;AckSent;161
11;19;47;AckSent;171
11;19;48;AckSent;174
11;19;49;AckSent;169
11;19;50;AckSent;173
11;19;51;AckSent;177
11;19;52;AckSent;184
11;19;53;AckSent;190
11;19;54;AckSent;179
11;19;55;AckSent;160
11;19;56;AckSent;153
11;19;57;AckSent;174
11;19;58;AckSent;182
11;19;59;AckSent;174
11;20;00;AckSent;160
11;20;01;AckSent;162
11;20;02;AckSent;164
11;20;03;AckSent;177
11;20;04;AckSent;167
11;20;05;AckSent;174
11;20;06;AckSent;193
11;20;07;AckSent;203
11;20;08;AckSent;184
11;20;09;AckSent;174
11;20;10;AckSent;170
11;20;11;AckSent;176
11;20;12;AckSent;179
11;20;13;AckSent;170
11;20;14;AckSent;188
11;20;15;AckSent;188
11;20;16;AckSent;178
11;20;17;AckSent;180
11;20;18;AckSent;172
11;20;19;AckSent;178
11;20;20;AckSent;181
11;20;21;AckSent;169
11;20;22;AckSent;158
11;20;23;AckSent;160
11;20;24;AckSent;162
11;20;25;AckSent;157
11;20;26;AckSent;160
11;20;27;AckSent;180
11;20;28;AckSent;176
11;20;29;AckSent;188
11;20;30;AckSent;199
11;20;31;AckSent;183
11;20;32;AckSent;170
11;20;33;AckSent;175
11;20;34;AckSent;188
11;20;35;AckSent;191
11;20;36;AckSent;162
11;20;37;AckSent;166
11;20;38;AckSent;171
11;20;39;AckSent;175
11;20;40;AckSent;176
11;20;41;AckSent;169
11;20;42;AckSent;174
11;20;43;AckSent;191
11;20;44;AckSent;166
11;20;45;AckSent;174
11;20;46;AckSent;196
11;20;47;AckSent;202
11;20;48;AckSent;188
11;20;49;AckSent;178
11;20;50;AckSent;176
11;20;51;AckSent;161
11;20;52;AckSent;166
11;20;53;AckSent;187
11;20;54;AckSent;169
11;20;55;AckSent;195
11;20;56;AckSent;157
11;20;57;AckSent;182
11;20;58;AckSent;177
11;20;59;AckSent;168
11;21;00;AckSent;151
11;21;01;AckSent;170
11;21;02;AckSent;191
11;21;03;AckSent;179
11;21;04;AckSent;143
11;21;05;AckSent;170
11;21;06;AckSent;194
11;21;07;AckSent;183
11;21;08;AckSent;165
11;21;09;AckSent;181
11;21;10;AckSent;201
11;21;11;AckSent;164
11;21;12;AckSent;163
11;21;13;AckSent;165
11;21;14;AckSent;171
11;21;15;AckSent;165
11;21;16;AckSent;176
11;21;17;AckSent;168
11;21;18;AckSent;170
11;21;19;AckSent;181
11;21;20;AckSent;167
11;21;21;AckSent;167
11;21;22;AckSent;194
11;21;23;AckSent;187
11;21;24;AckSent;91
