hour;minute;second;event;total
11;09;43;AckSent;159
11;09;44;AckSent;260
11;09;45;AckSent;316
11;09;46;AckSent;271
11;09;47;AckSent;296
11;09;48;AckSent;304
11;09;49;AckSent;276
11;09;50;AckSent;306
11;09;51;AckSent;282
11;09;52;AckSent;295
11;09;53;AckSent;331
11;09;54;AckSent;290
11;09;55;AckSent;315
11;09;56;AckSent;298
11;09;57;AckSent;290
11;09;58;AckSent;324
11;09;59;AckSent;315
11;10;00;AckSent;323
11;10;01;AckSent;310
11;10;02;AckSent;350
11;10;03;AckSent;351
11;10;04;AckSent;337
11;10;05;AckSent;330
11;10;06;AckSent;307
11;10;07;AckSent;352
11;10;08;AckSent;319
11;10;09;AckSent;321
11;10;10;AckSent;309
11;10;11;AckSent;335
11;10;12;AckSent;345
11;10;13;AckSent;325
11;10;14;AckSent;324
11;10;15;AckSent;367
11;10;16;AckSent;339
11;10;17;AckSent;345
11;10;18;AckSent;353
11;10;19;AckSent;374
11;10;20;AckSent;347
11;10;21;AckSent;329
11;10;22;AckSent;297
11;10;23;AckSent;310
11;10;24;AckSent;285
11;10;25;AckSent;353
11;10;26;AckSent;344
11;10;27;AckSent;294
11;10;28;AckSent;365
11;10;29;AckSent;327
11;10;30;AckSent;320
11;10;31;AckSent;304
11;10;32;AckSent;349
11;10;33;AckSent;349
11;10;34;AckSent;317
11;10;35;AckSent;328
11;10;36;AckSent;344
11;10;37;AckSent;329
11;10;38;AckSent;357
11;10;39;AckSent;322
11;10;40;AckSent;342
11;10;41;AckSent;328
11;10;42;AckSent;331
11;10;43;AckSent;343
11;10;44;AckSent;331
11;10;45;AckSent;338
11;10;46;AckSent;304
11;10;47;AckSent;340
11;10;48;AckSent;308
11;10;49;AckSent;365
11;10;50;AckSent;333
11;10;51;AckSent;383
11;10;52;AckSent;333
11;10;53;AckSent;362
11;10;54;AckSent;366
11;10;55;AckSent;330
11;10;56;AckSent;359
11;10;57;AckSent;357
11;10;58;AckSent;361
11;10;59;AckSent;345
11;11;00;AckSent;337
11;11;01;AckSent;345
11;11;02;AckSent;357
11;11;03;AckSent;331
11;11;04;AckSent;331
11;11;05;AckSent;350
11;11;06;AckSent;324
11;11;07;AckSent;359
11;11;08;AckSent;324
11;11;09;AckSent;341
11;11;10;AckSent;387
11;11;11;AckSent;327
11;11;12;AckSent;358
11;11;13;AckSent;318
11;11;14;AckSent;335
11;11;15;AckSent;297
11;11;16;AckSent;357
11;11;17;AckSent;341
11;11;18;AckSent;354
11;11;19;AckSent;347
11;11;20;AckSent;365
11;11;21;AckSent;346
11;11;22;AckSent;339
11;11;23;AckSent;382
11;11;24;AckSent;306
11;11;25;AckSent;327
11;11;26;AckSent;326
11;11;27;AckSent;343
11;11;28;AckSent;348
11;11;29;AckSent;367
11;11;30;AckSent;339
11;11;31;AckSent;347
11;11;32;AckSent;349
11;11;33;AckSent;328
11;11;34;AckSent;338
11;11;35;AckSent;359
11;11;36;AckSent;298
11;11;37;AckSent;331
11;11;38;AckSent;332
11;11;39;AckSent;354
11;11;40;AckSent;328
11;11;41;AckSent;356
11;11;42;AckSent;344
11;11;43;AckSent;331
11;11;44;AckSent;339
11;11;45;AckSent;346
11;11;46;AckSent;354
11;11;47;AckSent;336
11;11;48;AckSent;334
11;11;49;AckSent;355
11;11;50;AckSent;336
11;11;51;AckSent;339
11;11;52;AckSent;323
11;11;53;AckSent;318
11;11;54;AckSent;343
11;11;55;AckSent;358
11;11;56;AckSent;324
11;11;57;AckSent;344
11;11;58;AckSent;351
11;11;59;AckSent;339
11;12;00;AckSent;409
11;12;01;AckSent;364
11;12;02;AckSent;372
11;12;03;AckSent;352
11;12;04;AckSent;371
11;12;05;AckSent;346
11;12;06;AckSent;338
11;12;07;AckSent;338
11;12;08;AckSent;351
11;12;09;AckSent;341
11;12;10;AckSent;346
11;12;11;AckSent;382
11;12;12;AckSent;355
11;12;13;AckSent;384
11;12;14;AckSent;347
11;12;15;AckSent;356
11;12;16;AckSent;348
11;12;17;AckSent;295
11;12;18;AckSent;376
11;12;19;AckSent;339
11;12;20;AckSent;357
11;12;21;AckSent;350
11;12;22;AckSent;359
11;12;23;AckSent;337
11;12;24;AckSent;319
11;12;25;AckSent;317
11;12;26;AckSent;372
11;12;27;AckSent;333
11;12;28;AckSent;366
11;12;29;AckSent;370
11;12;30;AckSent;353
11;12;31;AckSent;322
11;12;32;AckSent;370
11;12;33;AckSent;353
11;12;34;AckSent;324
11;12;35;AckSent;312
11;12;36;AckSent;362
11;12;37;AckSent;364
11;12;38;AckSent;317
11;12;39;AckSent;326
11;12;40;AckSent;311
11;12;41;AckSent;356
11;12;42;AckSent;360
11;12;43;AckSent;327
11;12;44;AckSent;310
11;12;45;AckSent;375
11;12;46;AckSent;338
11;12;47;AckSent;335
11;12;48;AckSent;371
11;12;49;AckSent;310
11;12;50;AckSent;347
11;12;51;AckSent;337
11;12;52;AckSent;328
11;12;53;AckSent;370
11;12;54;AckSent;341
11;12;55;AckSent;348
11;12;56;AckSent;356
11;12;57;AckSent;325
11;12;58;AckSent;311
11;12;59;AckSent;371
11;13;00;AckSent;374
11;13;01;AckSent;330
11;13;02;AckSent;326
11;13;03;AckSent;363
11;13;04;AckSent;347
11;13;05;AckSent;375
11;13;06;AckSent;334
11;13;07;AckSent;314
11;13;08;AckSent;330
11;13;09;AckSent;408
11;13;10;AckSent;374
11;13;11;AckSent;316
11;13;12;AckSent;368
11;13;13;AckSent;343
11;13;14;AckSent;313
11;13;15;AckSent;353
11;13;16;AckSent;367
11;13;17;AckSent;358
11;13;18;AckSent;328
11;13;19;AckSent;336
11;13;20;AckSent;339
11;13;21;AckSent;346
11;13;22;AckSent;324
11;13;23;AckSent;369
11;13;24;AckSent;337
11;13;25;AckSent;345
11;13;26;AckSent;328
11;13;27;AckSent;356
11;13;28;AckSent;362
11;13;29;AckSent;313
11;13;30;AckSent;339
11;13;31;AckSent;348
11;13;32;AckSent;322
11;13;33;AckSent;335
11;13;34;AckSent;294
11;13;35;AckSent;359
11;13;36;AckSent;354
11;13;37;AckSent;338
11;13;38;AckSent;340
11;13;39;AckSent;368
11;13;40;AckSent;365
11;13;41;AckSent;363
11;13;42;AckSent;323
11;13;43;AckSent;305
11;13;44;AckSent;335
11;13;45;AckSent;348
11;13;46;AckSent;332
11;13;47;AckSent;351
11;13;48;AckSent;343
11;13;49;AckSent;353
11;13;50;AckSent;329
11;13;51;AckSent;344
11;13;52;AckSent;367
11;13;53;AckSent;321
11;13;54;AckSent;359
11;13;55;AckSent;350
11;13;56;AckSent;341
11;13;57;AckSent;386
11;13;58;AckSent;356
11;13;59;AckSent;319
11;14;00;AckSent;375
11;14;01;AckSent;312
11;14;02;AckSent;349
11;14;03;AckSent;329
11;14;04;AckSent;336
11;14;05;AckSent;375
11;14;06;AckSent;311
11;14;07;AckSent;372
11;14;08;AckSent;345
11;14;09;AckSent;308
11;14;10;AckSent;349
11;14;11;AckSent;315
11;14;12;AckSent;364
11;14;13;AckSent;348
11;14;14;AckSent;341
11;14;15;AckSent;369
11;14;16;AckSent;360
11;14;17;AckSent;334
11;14;18;AckSent;335
11;14;19;AckSent;301
11;14;20;AckSent;333
11;14;21;AckSent;322
11;14;22;AckSent;308
11;14;23;AckSent;352
11;14;24;AckSent;342
11;14;25;AckSent;340
11;14;26;AckSent;340
11;14;27;AckSent;358
11;14;28;AckSent;362
11;14;29;AckSent;312
11;14;30;AckSent;334
11;14;31;AckSent;325
11;14;32;AckSent;354
11;14;33;AckSent;380
11;14;34;AckSent;380
11;14;35;AckSent;381
11;14;36;AckSent;364
11;14;37;AckSent;331
11;14;38;AckSent;372
11;14;39;AckSent;335
11;14;40;AckSent;361
11;14;41;AckSent;367
11;14;42;AckSent;342
11;14;43;AckSent;347
11;14;44;AckSent;318
11;14;45;AckSent;342
11;14;46;AckSent;344
11;14;47;AckSent;376
11;14;48;AckSent;359
11;14;49;AckSent;354
11;14;50;AckSent;319
11;14;51;AckSent;335
11;14;52;AckSent;328
11;14;53;AckSent;349
11;14;54;AckSent;327
11;14;55;AckSent;358
11;14;56;AckSent;321
11;14;57;AckSent;365
11;14;58;AckSent;357
11;14;59;AckSent;337
11;15;00;AckSent;333
11;15;01;AckSent;314
11;15;02;AckSent;313
11;15;03;AckSent;346
11;15;04;AckSent;375
11;15;05;AckSent;310
11;15;06;AckSent;374
11;15;07;AckSent;361
11;15;08;AckSent;327
11;15;09;AckSent;364
11;15;10;AckSent;360
11;15;11;AckSent;337
11;15;12;AckSent;332
11;15;13;AckSent;334
11;15;14;AckSent;332
11;15;15;AckSent;318
11;15;16;AckSent;338
11;15;17;AckSent;363
11;15;18;AckSent;343
11;15;19;AckSent;325
11;15;20;AckSent;338
11;15;21;AckSent;372
11;15;22;AckSent;339
11;15;23;AckSent;375
11;15;24;AckSent;349
11;15;25;AckSent;347
11;15;26;AckSent;362
11;15;27;AckSent;361
11;15;28;AckSent;325
11;15;29;AckSent;372
11;15;30;AckSent;358
11;15;31;AckSent;356
11;15;32;AckSent;317
11;15;33;AckSent;331
11;15;34;AckSent;319
11;15;35;AckSent;325
11;15;36;AckSent;348
11;15;37;AckSent;332
11;15;38;AckSent;358
11;15;39;AckSent;367
11;15;40;AckSent;323
11;15;41;AckSent;347
11;15;42;AckSent;342
11;15;43;AckSent;339
11;15;44;AckSent;348
11;15;45;AckSent;352
11;15;46;AckSent;334
11;15;47;AckSent;346
11;15;48;AckSent;329
11;15;49;AckSent;348
11;15;50;AckSent;374
11;15;51;AckSent;343
11;15;52;AckSent;335
11;15;53;AckSent;322
11;15;54;AckSent;348
11;15;55;AckSent;320
11;15;56;AckSent;344
11;15;57;AckSent;311
11;15;58;AckSent;327
11;15;59;AckSent;368
11;16;00;AckSent;363
11;16;01;AckSent;337
11;16;02;AckSent;347
11;16;03;AckSent;348
11;16;04;AckSent;347
11;16;05;AckSent;351
11;16;06;AckSent;362
11;16;07;AckSent;334
11;16;08;AckSent;336
11;16;09;AckSent;330
11;16;10;AckSent;348
11;16;11;AckSent;320
11;16;12;AckSent;362
11;16;13;AckSent;366
11;16;14;AckSent;317
11;16;15;AckSent;323
11;16;16;AckSent;334
11;16;17;AckSent;342
11;16;18;AckSent;343
11;16;19;AckSent;343
11;16;20;AckSent;336
11;16;21;AckSent;374
11;16;22;AckSent;347
11;16;23;AckSent;336
11;16;24;AckSent;334
11;16;25;AckSent;400
11;16;26;AckSent;335
11;16;27;AckSent;326
11;16;28;AckSent;320
11;16;29;AckSent;312
11;16;30;AckSent;327
11;16;31;AckSent;332
11;16;32;AckSent;356
11;16;33;AckSent;340
11;16;34;AckSent;310
11;16;35;AckSent;353
11;16;36;AckSent;355
11;16;37;AckSent;356
11;16;38;AckSent;324
11;16;39;AckSent;357
11;16;40;AckSent;337
11;16;41;AckSent;349
11;16;42;AckSent;333
11;16;43;AckSent;337
11;16;44;AckSent;332
11;16;45;AckSent;376
11;16;46;AckSent;358
11;16;47;AckSent;296
11;16;48;AckSent;306
11;16;49;AckSent;325
11;16;50;AckSent;361
11;16;51;AckSent;342
11;16;52;AckSent;341
11;16;53;AckSent;338
11;16;54;AckSent;333
11;16;55;AckSent;364
11;16;56;AckSent;341
11;16;57;AckSent;344
11;16;58;AckSent;337
11;16;59;AckSent;341
11;17;00;AckSent;288
11;17;01;AckSent;318
11;17;02;AckSent;335
11;17;03;AckSent;350
11;17;04;AckSent;358
11;17;05;AckSent;330
11;17;06;AckSent;326
11;17;07;AckSent;360
11;17;08;AckSent;345
11;17;09;AckSent;354
11;17;10;AckSent;344
11;17;11;AckSent;351
11;17;12;AckSent;373
11;17;13;AckSent;363
11;17;14;AckSent;314
11;17;15;AckSent;344
11;17;16;AckSent;371
11;17;17;AckSent;321
11;17;18;AckSent;341
11;17;19;AckSent;338
11;17;20;AckSent;338
11;17;21;AckSent;338
11;17;22;AckSent;347
11;17;23;AckSent;353
11;17;24;AckSent;338
11;17;25;AckSent;348
11;17;26;AckSent;330
11;17;27;AckSent;332
11;17;28;AckSent;342
11;17;29;AckSent;363
11;17;30;AckSent;348
11;17;31;AckSent;334
11;17;32;AckSent;361
11;17;33;AckSent;354
11;17;34;AckSent;333
11;17;35;AckSent;335
11;17;36;AckSent;336
11;17;37;AckSent;352
11;17;38;AckSent;336
11;17;39;AckSent;347
11;17;40;AckSent;332
11;17;41;AckSent;336
11;17;42;AckSent;317
11;17;43;AckSent;341
11;17;44;AckSent;325
11;17;45;AckSent;347
11;17;46;AckSent;332
11;17;47;AckSent;333
11;17;48;AckSent;339
11;17;49;AckSent;320
11;17;50;AckSent;342
11;17;51;AckSent;315
11;17;52;AckSent;296
11;17;53;AckSent;330
11;17;54;AckSent;321
11;17;55;AckSent;347
11;17;56;AckSent;317
11;17;57;AckSent;317
11;17;58;AckSent;300
11;17;59;AckSent;354
11;18;00;AckSent;330
11;18;01;AckSent;317
11;18;02;AckSent;345
11;18;03;AckSent;337
11;18;04;AckSent;347
11;18;05;AckSent;371
11;18;06;AckSent;337
11;18;07;AckSent;358
11;18;08;AckSent;342
11;18;09;AckSent;347
11;18;10;AckSent;340
11;18;11;AckSent;340
11;18;12;AckSent;334
11;18;13;AckSent;351
11;18;14;AckSent;365
11;18;15;AckSent;355
11;18;16;AckSent;355
11;18;17;AckSent;364
11;18;18;AckSent;337
11;18;19;AckSent;339
11;18;20;AckSent;327
11;18;21;AckSent;341
11;18;22;AckSent;346
11;18;23;AckSent;339
11;18;24;AckSent;368
11;18;25;AckSent;318
11;18;26;AckSent;308
11;18;27;AckSent;320
11;18;28;AckSent;319
11;18;29;AckSent;320
11;18;30;AckSent;347
11;18;31;AckSent;362
11;18;32;AckSent;333
11;18;33;AckSent;317
11;18;34;AckSent;332
11;18;35;AckSent;389
11;18;36;AckSent;359
11;18;37;AckSent;348
11;18;38;AckSent;317
11;18;39;AckSent;364
11;18;40;AckSent;386
11;18;41;AckSent;355
11;18;42;AckSent;385
11;18;43;AckSent;336
11;18;44;AckSent;332
11;18;45;AckSent;348
11;18;46;AckSent;349
11;18;47;AckSent;352
11;18;48;AckSent;370
11;18;49;AckSent;349
11;18;50;AckSent;339
11;18;51;AckSent;335
11;18;52;AckSent;337
11;18;53;AckSent;344
11;18;54;AckSent;375
11;18;55;AckSent;363
11;18;56;AckSent;336
11;18;57;AckSent;341
11;18;58;AckSent;343
11;18;59;AckSent;332
11;19;00;AckSent;328
11;19;01;AckSent;344
11;19;02;AckSent;353
11;19;03;AckSent;378
11;19;04;AckSent;352
11;19;05;AckSent;325
11;19;06;AckSent;330
11;19;07;AckSent;332
11;19;08;AckSent;340
11;19;09;AckSent;350
11;19;10;AckSent;354
11;19;11;AckSent;349
11;19;12;AckSent;346
11;19;13;AckSent;340
11;19;14;AckSent;286
11;19;15;AckSent;332
11;19;16;AckSent;335
11;19;17;AckSent;321
11;19;18;AckSent;344
11;19;19;AckSent;318
11;19;20;AckSent;321
11;19;21;AckSent;348
11;19;22;AckSent;356
11;19;23;AckSent;368
11;19;24;AckSent;359
11;19;25;AckSent;340
11;19;26;AckSent;333
11;19;27;AckSent;339
11;19;28;AckSent;341
11;19;29;AckSent;352
11;19;30;AckSent;350
11;19;31;AckSent;349
11;19;32;AckSent;332
11;19;33;AckSent;355
11;19;34;AckSent;338
11;19;35;AckSent;357
11;19;36;AckSent;336
11;19;37;AckSent;341
11;19;38;AckSent;360
11;19;39;AckSent;354
11;19;40;AckSent;351
11;19;41;AckSent;317
11;19;42;AckSent;337
11;19;43;AckSent;341
11;19;44;AckSent;314
11;19;45;AckSent;329
11;19;46;AckSent;333
11;19;47;AckSent;330
11;19;48;AckSent;353
11;19;49;AckSent;364
11;19;50;AckSent;370
11;19;51;AckSent;337
11;19;52;AckSent;346
11;19;53;AckSent;347
11;19;54;AckSent;336
11;19;55;AckSent;350
11;19;56;AckSent;353
11;19;57;AckSent;343
11;19;58;AckSent;328
11;19;59;AckSent;320
11;20;00;AckSent;325
11;20;01;AckSent;340
11;20;02;AckSent;352
11;20;03;AckSent;334
11;20;04;AckSent;340
11;20;05;AckSent;370
11;20;06;AckSent;345
11;20;07;AckSent;322
11;20;08;AckSent;330
11;20;09;AckSent;347
11;20;10;AckSent;334
11;20;11;AckSent;313
11;20;12;AckSent;322
11;20;13;AckSent;354
11;20;14;AckSent;376
11;20;15;AckSent;341
11;20;16;AckSent;319
11;20;17;AckSent;342
11;20;18;AckSent;331
11;20;19;AckSent;327
11;20;20;AckSent;334
11;20;21;AckSent;347
11;20;22;AckSent;348
11;20;23;AckSent;345
11;20;24;AckSent;348
11;20;25;AckSent;352
11;20;26;AckSent;341
11;20;27;AckSent;345
11;20;28;AckSent;360
11;20;29;AckSent;357
11;20;30;AckSent;339
11;20;31;AckSent;338
11;20;32;AckSent;332
11;20;33;AckSent;327
11;20;34;AckSent;350
11;20;35;AckSent;327
11;20;36;AckSent;312
11;20;37;AckSent;320
11;20;38;AckSent;329
11;20;39;AckSent;351
11;20;40;AckSent;363
11;20;41;AckSent;355
11;20;42;AckSent;343
11;20;43;AckSent;318
11;20;44;AckSent;333
11;20;45;AckSent;329
11;20;46;AckSent;330
11;20;47;AckSent;366
11;20;48;AckSent;358
11;20;49;AckSent;328
11;20;50;AckSent;322
11;20;51;AckSent;338
11;20;52;AckSent;325
11;20;53;AckSent;348
11;20;54;AckSent;357
11;20;55;AckSent;355
11;20;56;AckSent;358
11;20;57;AckSent;338
11;20;58;AckSent;351
11;20;59;AckSent;354
11;21;00;AckSent;369
11;21;01;AckSent;337
11;21;02;AckSent;315
11;21;03;AckSent;350
11;21;04;AckSent;360
11;21;05;AckSent;353
11;21;06;AckSent;323
11;21;07;AckSent;346
11;21;08;AckSent;344
11;21;09;AckSent;339
11;21;10;AckSent;343
11;21;11;AckSent;360
11;21;12;AckSent;351
11;21;13;AckSent;367
11;21;14;AckSent;375
11;21;15;AckSent;349
11;21;16;AckSent;335
11;21;17;AckSent;345
11;21;18;AckSent;341
11;21;19;AckSent;333
11;21;20;AckSent;335
11;21;21;AckSent;353
11;21;22;AckSent;348
11;21;23;AckSent;321
11;21;24;AckSent;176
