hour;minute;second;event;total
13;18;23;EventSent;212
13;18;24;EventSent;648
13;18;25;EventSent;752
13;18;26;EventSent;751
13;18;27;EventSent;747
13;18;28;EventSent;766
13;18;29;EventSent;754
13;18;30;EventSent;786
13;18;31;EventSent;806
13;18;32;EventSent;803
13;18;33;EventSent;791
13;18;34;EventSent;783
13;18;35;EventSent;800
13;18;36;EventSent;815
13;18;37;EventSent;851
13;18;38;EventSent;854
13;18;39;EventSent;851
13;18;40;EventSent;851
13;18;41;EventSent;833
13;18;42;EventSent;859
13;18;43;EventSent;851
13;18;44;EventSent;856
13;18;45;EventSent;877
13;18;46;EventSent;859
13;18;47;EventSent;856
13;18;48;EventSent;858
13;18;49;EventSent;858
13;18;50;EventSent;846
13;18;51;EventSent;834
13;18;52;EventSent;864
13;18;53;EventSent;843
13;18;54;EventSent;840
13;18;55;EventSent;839
13;18;56;EventSent;862
13;18;57;EventSent;840
13;18;58;EventSent;859
13;18;59;EventSent;832
13;19;00;EventSent;840
13;19;01;EventSent;831
13;19;02;EventSent;862
13;19;03;EventSent;849
13;19;04;EventSent;829
13;19;05;EventSent;859
13;19;06;EventSent;867
13;19;07;EventSent;872
13;19;08;EventSent;857
13;19;09;EventSent;836
13;19;10;EventSent;844
13;19;11;EventSent;851
13;19;12;EventSent;851
13;19;13;EventSent;858
13;19;14;EventSent;838
13;19;15;EventSent;847
13;19;16;EventSent;868
13;19;17;EventSent;858
13;19;18;EventSent;860
13;19;19;EventSent;845
13;19;20;EventSent;849
13;19;21;EventSent;864
13;19;22;EventSent;870
13;19;23;EventSent;864
13;19;24;EventSent;864
13;19;25;EventSent;859
13;19;26;EventSent;863
13;19;27;EventSent;840
13;19;28;EventSent;871
13;19;29;EventSent;849
13;19;30;EventSent;864
13;19;31;EventSent;863
13;19;32;EventSent;861
13;19;33;EventSent;867
13;19;34;EventSent;856
13;19;35;EventSent;856
13;19;36;EventSent;872
13;19;37;EventSent;857
13;19;38;EventSent;875
13;19;39;EventSent;860
13;19;40;EventSent;855
13;19;41;EventSent;854
13;19;42;EventSent;863
13;19;43;EventSent;862
13;19;44;EventSent;845
13;19;45;EventSent;847
13;19;46;EventSent;849
13;19;47;EventSent;850
13;19;48;EventSent;862
13;19;49;EventSent;861
13;19;50;EventSent;857
13;19;51;EventSent;870
13;19;52;EventSent;868
13;19;53;EventSent;860
13;19;54;EventSent;856
13;19;55;EventSent;882
13;19;56;EventSent;860
13;19;57;EventSent;847
13;19;58;EventSent;853
13;19;59;EventSent;853
13;20;00;EventSent;851
13;20;01;EventSent;872
13;20;02;EventSent;867
13;20;03;EventSent;869
13;20;04;EventSent;836
13;20;05;EventSent;854
13;20;06;EventSent;849
13;20;07;EventSent;853
13;20;08;EventSent;866
13;20;09;EventSent;854
13;20;10;EventSent;866
13;20;11;EventSent;875
13;20;12;EventSent;853
13;20;13;EventSent;848
13;20;14;EventSent;843
13;20;15;EventSent;856
13;20;16;EventSent;866
13;20;17;EventSent;872
13;20;18;EventSent;883
13;20;19;EventSent;863
13;20;20;EventSent;862
13;20;21;EventSent;861
13;20;22;EventSent;852
13;20;23;EventSent;856
13;20;24;EventSent;850
13;20;25;EventSent;872
13;20;26;EventSent;843
13;20;27;EventSent;862
13;20;28;EventSent;868
13;20;29;EventSent;862
13;20;30;EventSent;865
13;20;31;EventSent;842
13;20;32;EventSent;843
13;20;33;EventSent;863
13;20;34;EventSent;856
13;20;35;EventSent;859
13;20;36;EventSent;871
13;20;37;EventSent;842
13;20;38;EventSent;866
13;20;39;EventSent;848
13;20;40;EventSent;867
13;20;41;EventSent;831
13;20;42;EventSent;854
13;20;43;EventSent;863
13;20;44;EventSent;853
13;20;45;EventSent;874
13;20;46;EventSent;863
13;20;47;EventSent;860
13;20;48;EventSent;883
13;20;49;EventSent;875
13;20;50;EventSent;869
13;20;51;EventSent;859
13;20;52;EventSent;866
13;20;53;EventSent;860
13;20;54;EventSent;842
13;20;55;EventSent;851
13;20;56;EventSent;837
13;20;57;EventSent;853
13;20;58;EventSent;872
13;20;59;EventSent;850
13;21;00;EventSent;854
13;21;01;EventSent;865
13;21;02;EventSent;858
13;21;03;EventSent;853
13;21;04;EventSent;863
13;21;05;EventSent;847
13;21;06;EventSent;865
13;21;07;EventSent;861
13;21;08;EventSent;868
13;21;09;EventSent;851
13;21;10;EventSent;881
13;21;11;EventSent;872
13;21;12;EventSent;867
13;21;13;EventSent;868
13;21;14;EventSent;840
13;21;15;EventSent;854
13;21;16;EventSent;864
13;21;17;EventSent;858
13;21;18;EventSent;849
13;21;19;EventSent;856
13;21;20;EventSent;862
13;21;21;EventSent;850
13;21;22;EventSent;869
13;21;23;EventSent;872
13;21;24;EventSent;844
13;21;25;EventSent;864
13;21;26;EventSent;858
13;21;27;EventSent;859
13;21;28;EventSent;871
13;21;29;EventSent;854
13;21;30;EventSent;870
13;21;31;EventSent;872
13;21;32;EventSent;850
13;21;33;EventSent;867
13;21;34;EventSent;851
13;21;35;EventSent;869
13;21;36;EventSent;860
13;21;37;EventSent;842
13;21;38;EventSent;868
13;21;39;EventSent;839
13;21;40;EventSent;856
13;21;41;EventSent;865
13;21;42;EventSent;864
13;21;43;EventSent;872
13;21;44;EventSent;842
13;21;45;EventSent;866
13;21;46;EventSent;863
13;21;47;EventSent;871
13;21;48;EventSent;859
13;21;49;EventSent;852
13;21;50;EventSent;862
13;21;51;EventSent;864
13;21;52;EventSent;864
13;21;53;EventSent;867
13;21;54;EventSent;860
13;21;55;EventSent;875
13;21;56;EventSent;868
13;21;57;EventSent;874
13;21;58;EventSent;868
13;21;59;EventSent;851
13;22;00;EventSent;862
13;22;01;EventSent;859
13;22;02;EventSent;866
13;22;03;EventSent;864
13;22;04;EventSent;851
13;22;05;EventSent;864
13;22;06;EventSent;872
13;22;07;EventSent;876
13;22;08;EventSent;877
13;22;09;EventSent;862
13;22;10;EventSent;864
13;22;11;EventSent;854
13;22;12;EventSent;842
13;22;13;EventSent;863
13;22;14;EventSent;850
13;22;15;EventSent;832
13;22;16;EventSent;855
13;22;17;EventSent;868
13;22;18;EventSent;863
13;22;19;EventSent;858
13;22;20;EventSent;872
13;22;21;EventSent;866
13;22;22;EventSent;879
13;22;23;EventSent;881
13;22;24;EventSent;858
13;22;25;EventSent;863
13;22;26;EventSent;874
13;22;27;EventSent;866
13;22;28;EventSent;869
13;22;29;EventSent;852
13;22;30;EventSent;866
13;22;31;EventSent;863
13;22;32;EventSent;866
13;22;33;EventSent;872
13;22;34;EventSent;855
13;22;35;EventSent;868
13;22;36;EventSent;858
13;22;37;EventSent;860
13;22;38;EventSent;880
13;22;39;EventSent;858
13;22;40;EventSent;862
13;22;41;EventSent;862
13;22;42;EventSent;845
13;22;43;EventSent;883
13;22;44;EventSent;850
13;22;45;EventSent;842
13;22;46;EventSent;866
13;22;47;EventSent;853
13;22;48;EventSent;874
13;22;49;EventSent;852
13;22;50;EventSent;861
13;22;51;EventSent;868
13;22;52;EventSent;876
13;22;53;EventSent;868
13;22;54;EventSent;841
13;22;55;EventSent;875
13;22;56;EventSent;859
13;22;57;EventSent;869
13;22;58;EventSent;873
13;22;59;EventSent;861
13;23;00;EventSent;853
13;23;01;EventSent;875
13;23;02;EventSent;866
13;23;03;EventSent;862
13;23;04;EventSent;859
13;23;05;EventSent;855
13;23;06;EventSent;856
13;23;07;EventSent;862
13;23;08;EventSent;874
13;23;09;EventSent;858
13;23;10;EventSent;873
13;23;11;EventSent;859
13;23;12;EventSent;840
13;23;13;EventSent;878
13;23;14;EventSent;855
13;23;15;EventSent;861
13;23;16;EventSent;861
13;23;17;EventSent;857
13;23;18;EventSent;861
13;23;19;EventSent;861
13;23;20;EventSent;864
13;23;21;EventSent;859
13;23;22;EventSent;864
13;23;23;EventSent;861
13;23;24;EventSent;867
13;23;25;EventSent;869
13;23;26;EventSent;868
13;23;27;EventSent;862
13;23;28;EventSent;861
13;23;29;EventSent;850
13;23;30;EventSent;856
13;23;31;EventSent;870
13;23;32;EventSent;869
13;23;33;EventSent;854
13;23;34;EventSent;841
13;23;35;EventSent;865
13;23;36;EventSent;858
13;23;37;EventSent;861
13;23;38;EventSent;855
13;23;39;EventSent;841
13;23;40;EventSent;882
13;23;41;EventSent;870
13;23;42;EventSent;859
13;23;43;EventSent;870
13;23;44;EventSent;864
13;23;45;EventSent;867
13;23;46;EventSent;863
13;23;47;EventSent;860
13;23;48;EventSent;864
13;23;49;EventSent;851
13;23;50;EventSent;871
13;23;51;EventSent;863
13;23;52;EventSent;873
13;23;53;EventSent;868
13;23;54;EventSent;860
13;23;55;EventSent;848
13;23;56;EventSent;873
13;23;57;EventSent;874
13;23;58;EventSent;859
13;23;59;EventSent;864
13;24;00;EventSent;863
13;24;01;EventSent;868
13;24;02;EventSent;862
13;24;03;EventSent;855
13;24;04;EventSent;868
13;24;05;EventSent;864
13;24;06;EventSent;861
13;24;07;EventSent;867
13;24;08;EventSent;868
13;24;09;EventSent;856
13;24;10;EventSent;856
13;24;11;EventSent;868
13;24;12;EventSent;858
13;24;13;EventSent;877
13;24;14;EventSent;863
13;24;15;EventSent;872
13;24;16;EventSent;865
13;24;17;EventSent;850
13;24;18;EventSent;857
13;24;19;EventSent;852
13;24;20;EventSent;860
13;24;21;EventSent;862
13;24;22;EventSent;864
13;24;23;EventSent;854
13;24;24;EventSent;846
13;24;25;EventSent;867
13;24;26;EventSent;877
13;24;27;EventSent;871
13;24;28;EventSent;860
13;24;29;EventSent;856
13;24;30;EventSent;868
13;24;31;EventSent;873
13;24;32;EventSent;860
13;24;33;EventSent;859
13;24;34;EventSent;839
13;24;35;EventSent;845
13;24;36;EventSent;864
13;24;37;EventSent;873
13;24;38;EventSent;869
13;24;39;EventSent;858
13;24;40;EventSent;858
13;24;41;EventSent;868
13;24;42;EventSent;869
13;24;43;EventSent;853
13;24;44;EventSent;860
13;24;45;EventSent;868
13;24;46;EventSent;866
13;24;47;EventSent;847
13;24;48;EventSent;859
13;24;49;EventSent;853
13;24;50;EventSent;861
13;24;51;EventSent;851
13;24;52;EventSent;859
13;24;53;EventSent;879
13;24;54;EventSent;864
13;24;55;EventSent;868
13;24;56;EventSent;860
13;24;57;EventSent;876
13;24;58;EventSent;871
13;24;59;EventSent;825
13;25;00;EventSent;860
13;25;01;EventSent;867
13;25;02;EventSent;872
13;25;03;EventSent;881
13;25;04;EventSent;870
13;25;05;EventSent;860
13;25;06;EventSent;864
13;25;07;EventSent;873
13;25;08;EventSent;875
13;25;09;EventSent;856
13;25;10;EventSent;851
13;25;11;EventSent;867
13;25;12;EventSent;854
13;25;13;EventSent;861
13;25;14;EventSent;843
13;25;15;EventSent;853
13;25;16;EventSent;874
13;25;17;EventSent;866
13;25;18;EventSent;871
13;25;19;EventSent;855
13;25;20;EventSent;874
13;25;21;EventSent;857
13;25;22;EventSent;876
13;25;23;EventSent;871
13;25;24;EventSent;859
13;25;25;EventSent;857
13;25;26;EventSent;862
13;25;27;EventSent;856
13;25;28;EventSent;866
13;25;29;EventSent;835
13;25;30;EventSent;864
13;25;31;EventSent;869
13;25;32;EventSent;863
13;25;33;EventSent;861
13;25;34;EventSent;862
13;25;35;EventSent;859
13;25;36;EventSent;872
13;25;37;EventSent;867
13;25;38;EventSent;871
13;25;39;EventSent;854
13;25;40;EventSent;856
13;25;41;EventSent;864
13;25;42;EventSent;880
13;25;43;EventSent;886
13;25;44;EventSent;860
13;25;45;EventSent;855
13;25;46;EventSent;854
13;25;47;EventSent;846
13;25;48;EventSent;861
13;25;49;EventSent;866
13;25;50;EventSent;869
13;25;51;EventSent;865
13;25;52;EventSent;864
13;25;53;EventSent;869
13;25;54;EventSent;858
13;25;55;EventSent;868
13;25;56;EventSent;865
13;25;57;EventSent;865
13;25;58;EventSent;880
13;25;59;EventSent;865
13;26;00;EventSent;835
13;26;01;EventSent;866
13;26;02;EventSent;853
13;26;03;EventSent;872
13;26;04;EventSent;844
13;26;05;EventSent;857
13;26;06;EventSent;868
13;26;07;EventSent;874
13;26;08;EventSent;860
13;26;09;EventSent;858
13;26;10;EventSent;850
13;26;11;EventSent;862
13;26;12;EventSent;880
13;26;13;EventSent;860
13;26;14;EventSent;867
13;26;15;EventSent;863
13;26;16;EventSent;872
13;26;17;EventSent;858
13;26;18;EventSent;866
13;26;19;EventSent;866
13;26;20;EventSent;868
13;26;21;EventSent;840
13;26;22;EventSent;857
13;26;23;EventSent;863
13;26;24;EventSent;862
13;26;25;EventSent;853
13;26;26;EventSent;863
13;26;27;EventSent;848
13;26;28;EventSent;844
13;26;29;EventSent;847
13;26;30;EventSent;865
13;26;31;EventSent;860
13;26;32;EventSent;836
13;26;33;EventSent;862
13;26;34;EventSent;864
13;26;35;EventSent;860
13;26;36;EventSent;879
13;26;37;EventSent;878
13;26;38;EventSent;860
13;26;39;EventSent;857
13;26;40;EventSent;878
13;26;41;EventSent;875
13;26;42;EventSent;870
13;26;43;EventSent;860
13;26;44;EventSent;853
13;26;45;EventSent;856
13;26;46;EventSent;868
13;26;47;EventSent;851
13;26;48;EventSent;865
13;26;49;EventSent;839
13;26;50;EventSent;855
13;26;51;EventSent;840
13;26;52;EventSent;866
13;26;53;EventSent;875
13;26;54;EventSent;864
13;26;55;EventSent;873
13;26;56;EventSent;870
13;26;57;EventSent;863
13;26;58;EventSent;867
13;26;59;EventSent;858
13;27;00;EventSent;862
13;27;01;EventSent;880
13;27;02;EventSent;850
13;27;03;EventSent;866
13;27;04;EventSent;857
13;27;05;EventSent;875
13;27;06;EventSent;860
13;27;07;EventSent;866
13;27;08;EventSent;855
13;27;09;EventSent;844
13;27;10;EventSent;855
13;27;11;EventSent;855
13;27;12;EventSent;858
13;27;13;EventSent;865
13;27;14;EventSent;852
13;27;15;EventSent;861
13;27;16;EventSent;886
13;27;17;EventSent;870
13;27;18;EventSent;872
13;27;19;EventSent;856
13;27;20;EventSent;871
13;27;21;EventSent;877
13;27;22;EventSent;873
13;27;23;EventSent;876
13;27;24;EventSent;868
13;27;25;EventSent;868
13;27;26;EventSent;874
13;27;27;EventSent;865
13;27;28;EventSent;859
13;27;29;EventSent;843
13;27;30;EventSent;869
13;27;31;EventSent;864
13;27;32;EventSent;866
13;27;33;EventSent;862
13;27;34;EventSent;863
13;27;35;EventSent;875
13;27;36;EventSent;869
13;27;37;EventSent;854
13;27;38;EventSent;869
13;27;39;EventSent;854
13;27;40;EventSent;852
13;27;41;EventSent;854
13;27;42;EventSent;851
13;27;43;EventSent;865
13;27;44;EventSent;860
13;27;45;EventSent;870
13;27;46;EventSent;871
13;27;47;EventSent;879
13;27;48;EventSent;855
13;27;49;EventSent;873
13;27;50;EventSent;867
13;27;51;EventSent;861
13;27;52;EventSent;871
13;27;53;EventSent;861
13;27;54;EventSent;844
13;27;55;EventSent;852
13;27;56;EventSent;872
13;27;57;EventSent;867
13;27;58;EventSent;884
13;27;59;EventSent;857
13;28;00;EventSent;860
13;28;01;EventSent;859
13;28;02;EventSent;865
13;28;03;EventSent;868
13;28;04;EventSent;867
13;28;05;EventSent;860
13;28;06;EventSent;870
13;28;07;EventSent;843
13;28;08;EventSent;870
13;28;09;EventSent;853
13;28;10;EventSent;874
13;28;11;EventSent;856
13;28;12;EventSent;866
13;28;13;EventSent;859
13;28;14;EventSent;868
13;28;15;EventSent;865
13;28;16;EventSent;871
13;28;17;EventSent;864
13;28;18;EventSent;871
13;28;19;EventSent;862
13;28;20;EventSent;864
13;28;21;EventSent;854
13;28;22;EventSent;857
13;28;23;EventSent;870
13;28;24;EventSent;866
13;28;25;EventSent;868
13;28;26;EventSent;871
13;28;27;EventSent;871
13;28;28;EventSent;872
13;28;29;EventSent;847
13;28;30;EventSent;873
13;28;31;EventSent;869
13;28;32;EventSent;864
13;28;33;EventSent;870
13;28;34;EventSent;862
13;28;35;EventSent;858
13;28;36;EventSent;842
13;28;37;EventSent;841
13;28;38;EventSent;858
13;28;39;EventSent;849
13;28;40;EventSent;864
13;28;41;EventSent;864
13;28;42;EventSent;866
13;28;43;EventSent;874
13;28;44;EventSent;859
13;28;45;EventSent;863
13;28;46;EventSent;871
13;28;47;EventSent;856
13;28;48;EventSent;863
13;28;49;EventSent;862
13;28;50;EventSent;862
13;28;51;EventSent;863
13;28;52;EventSent;877
13;28;53;EventSent;863
13;28;54;EventSent;866
13;28;55;EventSent;867
13;28;56;EventSent;862
13;28;57;EventSent;878
13;28;58;EventSent;862
13;28;59;EventSent;857
13;29;00;EventSent;870
13;29;01;EventSent;880
13;29;02;EventSent;865
13;29;03;EventSent;862
13;29;04;EventSent;859
13;29;05;EventSent;853
13;29;06;EventSent;867
13;29;07;EventSent;844
13;29;08;EventSent;854
13;29;09;EventSent;855
13;29;10;EventSent;878
13;29;11;EventSent;867
13;29;12;EventSent;861
13;29;13;EventSent;878
13;29;14;EventSent;862
13;29;15;EventSent;858
13;29;16;EventSent;865
13;29;17;EventSent;863
13;29;18;EventSent;863
13;29;19;EventSent;849
13;29;20;EventSent;866
13;29;21;EventSent;875
13;29;22;EventSent;867
13;29;23;EventSent;866
13;29;24;EventSent;859
13;29;25;EventSent;869
13;29;26;EventSent;870
13;29;27;EventSent;873
13;29;28;EventSent;874
13;29;29;EventSent;866
13;29;30;EventSent;879
13;29;31;EventSent;876
13;29;32;EventSent;875
13;29;33;EventSent;858
13;29;34;EventSent;847
13;29;35;EventSent;874
13;29;36;EventSent;776
