hour;minute;second;event;total
13;18;23;AckSent;66
13;18;23;EventSent;51
13;18;24;AckSent;873
13;18;24;EventSent;339
13;18;25;AckSent;809
13;18;25;EventSent;366
13;18;26;AckSent;739
13;18;26;EventSent;378
13;18;27;AckSent;818
13;18;27;EventSent;387
13;18;28;AckSent;702
13;18;28;EventSent;402
13;18;29;AckSent;848
13;18;29;EventSent;393
13;18;30;AckSent;882
13;18;30;EventSent;414
13;18;31;AckSent;738
13;18;31;EventSent;405
13;18;32;AckSent;815
13;18;32;EventSent;420
13;18;33;AckSent;760
13;18;33;EventSent;419
13;18;34;AckSent;812
13;18;34;EventSent;420
13;18;35;AckSent;789
13;18;35;EventSent;413
13;18;36;AckSent;888
13;18;36;EventSent;423
13;18;37;AckSent;933
13;18;37;EventSent;433
13;18;38;AckSent;823
13;18;38;EventSent;426
13;18;39;AckSent;838
13;18;39;EventSent;431
13;18;40;AckSent;801
13;18;40;EventSent;431
13;18;41;AckSent;707
13;18;41;EventSent;429
13;18;42;AckSent;845
13;18;42;EventSent;436
13;18;43;AckSent;933
13;18;43;EventSent;437
13;18;44;AckSent;877
13;18;44;EventSent;433
13;18;45;AckSent;816
13;18;45;EventSent;431
13;18;46;AckSent;945
13;18;46;EventSent;436
13;18;47;AckSent;880
13;18;47;EventSent;426
13;18;48;AckSent;922
13;18;48;EventSent;439
13;18;49;AckSent;924
13;18;49;EventSent;440
13;18;50;AckSent;931
13;18;50;EventSent;438
13;18;51;AckSent;880
13;18;51;EventSent;426
13;18;52;AckSent;862
13;18;52;EventSent;438
13;18;53;AckSent;883
13;18;53;EventSent;432
13;18;54;AckSent;798
13;18;54;EventSent;406
13;18;55;AckSent;882
13;18;55;EventSent;440
13;18;56;AckSent;951
13;18;56;EventSent;430
13;18;57;AckSent;899
13;18;57;EventSent;432
13;18;58;AckSent;890
13;18;58;EventSent;439
13;18;59;AckSent;891
13;18;59;EventSent;440
13;19;00;AckSent;823
13;19;00;EventSent;444
13;19;01;AckSent;890
13;19;01;EventSent;436
13;19;02;AckSent;880
13;19;02;EventSent;439
13;19;03;AckSent;916
13;19;03;EventSent;431
13;19;04;AckSent;964
13;19;04;EventSent;446
13;19;05;AckSent;912
13;19;05;EventSent;439
13;19;06;AckSent;889
13;19;06;EventSent;433
13;19;07;AckSent;869
13;19;07;EventSent;440
13;19;08;AckSent;800
13;19;08;EventSent;433
13;19;09;AckSent;880
13;19;09;EventSent;439
13;19;10;AckSent;911
13;19;10;EventSent;438
13;19;11;AckSent;828
13;19;11;EventSent;427
13;19;12;AckSent;809
13;19;12;EventSent;441
13;19;13;AckSent;791
13;19;13;EventSent;437
13;19;14;AckSent;841
13;19;14;EventSent;431
13;19;15;AckSent;861
13;19;15;EventSent;441
13;19;16;AckSent;851
13;19;16;EventSent;432
13;19;17;AckSent;969
13;19;17;EventSent;444
13;19;18;AckSent;850
13;19;18;EventSent;439
13;19;19;AckSent;852
13;19;19;EventSent;439
13;19;20;AckSent;803
13;19;20;EventSent;444
13;19;21;AckSent;847
13;19;21;EventSent;441
13;19;22;AckSent;930
13;19;22;EventSent;440
13;19;23;AckSent;1013
13;19;23;EventSent;438
13;19;24;AckSent;937
13;19;24;EventSent;437
13;19;25;AckSent;892
13;19;25;EventSent;446
13;19;26;AckSent;784
13;19;26;EventSent;443
13;19;27;AckSent;831
13;19;27;EventSent;441
13;19;28;AckSent;797
13;19;28;EventSent;445
13;19;29;AckSent;767
13;19;29;EventSent;438
13;19;30;AckSent;794
13;19;30;EventSent;443
13;19;31;AckSent;859
13;19;31;EventSent;433
13;19;32;AckSent;843
13;19;32;EventSent;440
13;19;33;AckSent;864
13;19;33;EventSent;435
13;19;34;AckSent;788
13;19;34;EventSent;442
13;19;35;AckSent;794
13;19;35;EventSent;439
13;19;36;AckSent;793
13;19;36;EventSent;441
13;19;37;AckSent;848
13;19;37;EventSent;446
13;19;38;AckSent;873
13;19;38;EventSent;445
13;19;39;AckSent;960
13;19;39;EventSent;443
13;19;40;AckSent;891
13;19;40;EventSent;444
13;19;41;AckSent;1016
13;19;41;EventSent;445
13;19;42;AckSent;897
13;19;42;EventSent;440
13;19;43;AckSent;813
13;19;43;EventSent;439
13;19;44;AckSent;872
13;19;44;EventSent;439
13;19;45;AckSent;869
13;19;45;EventSent;437
13;19;46;AckSent;876
13;19;46;EventSent;445
13;19;47;AckSent;860
13;19;47;EventSent;443
13;19;48;AckSent;910
13;19;48;EventSent;442
13;19;49;AckSent;906
13;19;49;EventSent;440
13;19;50;AckSent;833
13;19;50;EventSent;440
13;19;51;AckSent;938
13;19;51;EventSent;437
13;19;52;AckSent;979
13;19;52;EventSent;446
13;19;53;AckSent;871
13;19;53;EventSent;439
13;19;54;AckSent;966
13;19;54;EventSent;445
13;19;55;AckSent;985
13;19;55;EventSent;444
13;19;56;AckSent;892
13;19;56;EventSent;439
13;19;57;AckSent;787
13;19;57;EventSent;439
13;19;58;AckSent;856
13;19;58;EventSent;441
13;19;59;AckSent;931
13;19;59;EventSent;434
13;20;00;AckSent;960
13;20;00;EventSent;441
13;20;01;AckSent;926
13;20;01;EventSent;428
13;20;02;AckSent;873
13;20;02;EventSent;438
13;20;03;AckSent;813
13;20;03;EventSent;431
13;20;04;AckSent;816
13;20;04;EventSent;442
13;20;05;AckSent;889
13;20;05;EventSent;442
13;20;06;AckSent;872
13;20;06;EventSent;437
13;20;07;AckSent;868
13;20;07;EventSent;442
13;20;08;AckSent;930
13;20;08;EventSent;441
13;20;09;AckSent;960
13;20;09;EventSent;440
13;20;10;AckSent;902
13;20;10;EventSent;434
13;20;11;AckSent;865
13;20;11;EventSent;435
13;20;12;AckSent;858
13;20;12;EventSent;440
13;20;13;AckSent;836
13;20;13;EventSent;443
13;20;14;AckSent;886
13;20;14;EventSent;441
13;20;15;AckSent;869
13;20;15;EventSent;443
13;20;16;AckSent;920
13;20;16;EventSent;441
13;20;17;AckSent;916
13;20;17;EventSent;438
13;20;18;AckSent;903
13;20;18;EventSent;446
13;20;19;AckSent;890
13;20;19;EventSent;443
13;20;20;AckSent;826
13;20;20;EventSent;442
13;20;21;AckSent;847
13;20;21;EventSent;439
13;20;22;AckSent;901
13;20;22;EventSent;438
13;20;23;AckSent;868
13;20;23;EventSent;443
13;20;24;AckSent;838
13;20;24;EventSent;435
13;20;25;AckSent;899
13;20;25;EventSent;440
13;20;26;AckSent;913
13;20;26;EventSent;438
13;20;27;AckSent;864
13;20;27;EventSent;432
13;20;28;AckSent;866
13;20;28;EventSent;443
13;20;29;AckSent;826
13;20;29;EventSent;435
13;20;30;AckSent;904
13;20;30;EventSent;443
13;20;31;AckSent;881
13;20;31;EventSent;442
13;20;32;AckSent;874
13;20;32;EventSent;440
13;20;33;AckSent;850
13;20;33;EventSent;444
13;20;34;AckSent;804
13;20;34;EventSent;435
13;20;35;AckSent;851
13;20;35;EventSent;443
13;20;36;AckSent;850
13;20;36;EventSent;435
13;20;37;AckSent;862
13;20;37;EventSent;445
13;20;38;AckSent;887
13;20;38;EventSent;442
13;20;39;AckSent;912
13;20;39;EventSent;440
13;20;40;AckSent;879
13;20;40;EventSent;443
13;20;41;AckSent;892
13;20;41;EventSent;438
13;20;42;AckSent;870
13;20;42;EventSent;445
13;20;43;AckSent;860
13;20;43;EventSent;443
13;20;44;AckSent;850
13;20;44;EventSent;441
13;20;45;AckSent;883
13;20;45;EventSent;441
13;20;46;AckSent;908
13;20;46;EventSent;438
13;20;47;AckSent;836
13;20;47;EventSent;436
13;20;48;AckSent;830
13;20;48;EventSent;439
13;20;49;AckSent;788
13;20;49;EventSent;432
13;20;50;AckSent;820
13;20;50;EventSent;443
13;20;51;AckSent;834
13;20;51;EventSent;435
13;20;52;AckSent;848
13;20;52;EventSent;444
13;20;53;AckSent;837
13;20;53;EventSent;447
13;20;54;AckSent;837
13;20;54;EventSent;438
13;20;55;AckSent;835
13;20;55;EventSent;442
13;20;56;AckSent;821
13;20;56;EventSent;437
13;20;57;AckSent;852
13;20;57;EventSent;436
13;20;58;AckSent;842
13;20;58;EventSent;439
13;20;59;AckSent;790
13;20;59;EventSent;444
13;21;00;AckSent;820
13;21;00;EventSent;446
13;21;01;AckSent;818
13;21;01;EventSent;436
13;21;02;AckSent;806
13;21;02;EventSent;445
13;21;03;AckSent;826
13;21;03;EventSent;445
13;21;04;AckSent;795
13;21;04;EventSent;425
13;21;05;AckSent;849
13;21;05;EventSent;440
13;21;06;AckSent;859
13;21;06;EventSent;443
13;21;07;AckSent;848
13;21;07;EventSent;436
13;21;08;AckSent;810
13;21;08;EventSent;443
13;21;09;AckSent;812
13;21;09;EventSent;442
13;21;10;AckSent;910
13;21;10;EventSent;444
13;21;11;AckSent;887
13;21;11;EventSent;436
13;21;12;AckSent;869
13;21;12;EventSent;436
13;21;13;AckSent;850
13;21;13;EventSent;437
13;21;14;AckSent;835
13;21;14;EventSent;439
13;21;15;AckSent;851
13;21;15;EventSent;433
13;21;16;AckSent;906
13;21;16;EventSent;436
13;21;17;AckSent;890
13;21;17;EventSent;438
13;21;18;AckSent;856
13;21;18;EventSent;440
13;21;19;AckSent;854
13;21;19;EventSent;440
13;21;20;AckSent;832
13;21;20;EventSent;436
13;21;21;AckSent;788
13;21;21;EventSent;437
13;21;22;AckSent;864
13;21;22;EventSent;440
13;21;23;AckSent;855
13;21;23;EventSent;436
13;21;24;AckSent;861
13;21;24;EventSent;435
13;21;25;AckSent;840
13;21;25;EventSent;435
13;21;26;AckSent;820
13;21;26;EventSent;437
13;21;27;AckSent;800
13;21;27;EventSent;443
13;21;28;AckSent;813
13;21;28;EventSent;436
13;21;29;AckSent;874
13;21;29;EventSent;438
13;21;30;AckSent;869
13;21;30;EventSent;444
13;21;31;AckSent;838
13;21;31;EventSent;439
13;21;32;AckSent;849
13;21;32;EventSent;442
13;21;33;AckSent;860
13;21;33;EventSent;439
13;21;34;AckSent;859
13;21;34;EventSent;445
13;21;35;AckSent;906
13;21;35;EventSent;443
13;21;36;AckSent;854
13;21;36;EventSent;441
13;21;37;AckSent;841
13;21;37;EventSent;444
13;21;38;AckSent;867
13;21;38;EventSent;439
13;21;39;AckSent;870
13;21;39;EventSent;430
13;21;40;AckSent;906
13;21;40;EventSent;439
13;21;41;AckSent;854
13;21;41;EventSent;438
13;21;42;AckSent;865
13;21;42;EventSent;442
13;21;43;AckSent;836
13;21;43;EventSent;438
13;21;44;AckSent;846
13;21;44;EventSent;436
13;21;45;AckSent;831
13;21;45;EventSent;446
13;21;46;AckSent;844
13;21;46;EventSent;436
13;21;47;AckSent;916
13;21;47;EventSent;434
13;21;48;AckSent;846
13;21;48;EventSent;433
13;21;49;AckSent;838
13;21;49;EventSent;431
13;21;50;AckSent;872
13;21;50;EventSent;433
13;21;51;AckSent;834
13;21;51;EventSent;434
13;21;52;AckSent;813
13;21;52;EventSent;441
13;21;53;AckSent;849
13;21;53;EventSent;435
13;21;54;AckSent;855
13;21;54;EventSent;446
13;21;55;AckSent;820
13;21;55;EventSent;444
13;21;56;AckSent;824
13;21;56;EventSent;436
13;21;57;AckSent;827
13;21;57;EventSent;443
13;21;58;AckSent;863
13;21;58;EventSent;439
13;21;59;AckSent;874
13;21;59;EventSent;440
13;22;00;AckSent;904
13;22;00;EventSent;442
13;22;01;AckSent;860
13;22;01;EventSent;435
13;22;02;AckSent;765
13;22;02;EventSent;434
13;22;03;AckSent;791
13;22;03;EventSent;434
13;22;04;AckSent;820
13;22;04;EventSent;432
13;22;05;AckSent;903
13;22;05;EventSent;433
13;22;06;AckSent;886
13;22;06;EventSent;438
13;22;07;AckSent;846
13;22;07;EventSent;435
13;22;08;AckSent;874
13;22;08;EventSent;439
13;22;09;AckSent;906
13;22;09;EventSent;438
13;22;10;AckSent;904
13;22;10;EventSent;440
13;22;11;AckSent;910
13;22;11;EventSent;436
13;22;12;AckSent;903
13;22;12;EventSent;442
13;22;13;AckSent;882
13;22;13;EventSent;437
13;22;14;AckSent;913
13;22;14;EventSent;428
13;22;15;AckSent;903
13;22;15;EventSent;440
13;22;16;AckSent;889
13;22;16;EventSent;432
13;22;17;AckSent;919
13;22;17;EventSent;441
13;22;18;AckSent;908
13;22;18;EventSent;439
13;22;19;AckSent;883
13;22;19;EventSent;436
13;22;20;AckSent;940
13;22;20;EventSent;436
13;22;21;AckSent;917
13;22;21;EventSent;442
13;22;22;AckSent;897
13;22;22;EventSent;439
13;22;23;AckSent;924
13;22;23;EventSent;444
13;22;24;AckSent;921
13;22;24;EventSent;437
13;22;25;AckSent;880
13;22;25;EventSent;443
13;22;26;AckSent;819
13;22;26;EventSent;435
13;22;27;AckSent;863
13;22;27;EventSent;443
13;22;28;AckSent;877
13;22;28;EventSent;435
13;22;29;AckSent;826
13;22;29;EventSent;439
13;22;30;AckSent;800
13;22;30;EventSent;444
13;22;31;AckSent;909
13;22;31;EventSent;431
13;22;32;AckSent;909
13;22;32;EventSent;436
13;22;33;AckSent;853
13;22;33;EventSent;433
13;22;34;AckSent;857
13;22;34;EventSent;428
13;22;35;AckSent;847
13;22;35;EventSent;436
13;22;36;AckSent;867
13;22;36;EventSent;435
13;22;37;AckSent;877
13;22;37;EventSent;435
13;22;38;AckSent;887
13;22;38;EventSent;444
13;22;39;AckSent;864
13;22;39;EventSent;439
13;22;40;AckSent;886
13;22;40;EventSent;434
13;22;41;AckSent;886
13;22;41;EventSent;436
13;22;42;AckSent;913
13;22;42;EventSent;434
13;22;43;AckSent;896
13;22;43;EventSent;443
13;22;44;AckSent;896
13;22;44;EventSent;432
13;22;45;AckSent;837
13;22;45;EventSent;436
13;22;46;AckSent;813
13;22;46;EventSent;434
13;22;47;AckSent;819
13;22;47;EventSent;444
13;22;48;AckSent;896
13;22;48;EventSent;436
13;22;49;AckSent;880
13;22;49;EventSent;442
13;22;50;AckSent;885
13;22;50;EventSent;438
13;22;51;AckSent;873
13;22;51;EventSent;433
13;22;52;AckSent;878
13;22;52;EventSent;440
13;22;53;AckSent;818
13;22;53;EventSent;436
13;22;54;AckSent;819
13;22;54;EventSent;435
13;22;55;AckSent;817
13;22;55;EventSent;446
13;22;56;AckSent;837
13;22;56;EventSent;440
13;22;57;AckSent;812
13;22;57;EventSent;444
13;22;58;AckSent;867
13;22;58;EventSent;444
13;22;59;AckSent;794
13;22;59;EventSent;439
13;23;00;AckSent;850
13;23;00;EventSent;442
13;23;01;AckSent;809
13;23;01;EventSent;429
13;23;02;AckSent;856
13;23;02;EventSent;446
13;23;03;AckSent;854
13;23;03;EventSent;434
13;23;04;AckSent;915
13;23;04;EventSent;434
13;23;05;AckSent;862
13;23;05;EventSent;441
13;23;06;AckSent;895
13;23;06;EventSent;439
13;23;07;AckSent;897
13;23;07;EventSent;440
13;23;08;AckSent;869
13;23;08;EventSent;440
13;23;09;AckSent;866
13;23;09;EventSent;434
13;23;10;AckSent;907
13;23;10;EventSent;441
13;23;11;AckSent;891
13;23;11;EventSent;438
13;23;12;AckSent;872
13;23;12;EventSent;443
13;23;13;AckSent;889
13;23;13;EventSent;439
13;23;14;AckSent;869
13;23;14;EventSent;431
13;23;15;AckSent;879
13;23;15;EventSent;443
13;23;16;AckSent;946
13;23;16;EventSent;435
13;23;17;AckSent;892
13;23;17;EventSent;439
13;23;18;AckSent;930
13;23;18;EventSent;436
13;23;19;AckSent;913
13;23;19;EventSent;433
13;23;20;AckSent;865
13;23;20;EventSent;445
13;23;21;AckSent;924
13;23;21;EventSent;436
13;23;22;AckSent;910
13;23;22;EventSent;438
13;23;23;AckSent;903
13;23;23;EventSent;438
13;23;24;AckSent;859
13;23;24;EventSent;437
13;23;25;AckSent;853
13;23;25;EventSent;447
13;23;26;AckSent;883
13;23;26;EventSent;440
13;23;27;AckSent;893
13;23;27;EventSent;437
13;23;28;AckSent;888
13;23;28;EventSent;437
13;23;29;AckSent;861
13;23;29;EventSent;436
13;23;30;AckSent;827
13;23;30;EventSent;438
13;23;31;AckSent;793
13;23;31;EventSent;437
13;23;32;AckSent;812
13;23;32;EventSent;442
13;23;33;AckSent;834
13;23;33;EventSent;441
13;23;34;AckSent;832
13;23;34;EventSent;444
13;23;35;AckSent;886
13;23;35;EventSent;438
13;23;36;AckSent;830
13;23;36;EventSent;427
13;23;37;AckSent;823
13;23;37;EventSent;441
13;23;38;AckSent;799
13;23;38;EventSent;434
13;23;39;AckSent;866
13;23;39;EventSent;439
13;23;40;AckSent;835
13;23;40;EventSent;438
13;23;41;AckSent;946
13;23;41;EventSent;432
13;23;42;AckSent;811
13;23;42;EventSent;440
13;23;43;AckSent;892
13;23;43;EventSent;444
13;23;44;AckSent;809
13;23;44;EventSent;439
13;23;45;AckSent;853
13;23;45;EventSent;444
13;23;46;AckSent;805
13;23;46;EventSent;441
13;23;47;AckSent;873
13;23;47;EventSent;444
13;23;48;AckSent;830
13;23;48;EventSent;437
13;23;49;AckSent;882
13;23;49;EventSent;427
13;23;50;AckSent;815
13;23;50;EventSent;437
13;23;51;AckSent;867
13;23;51;EventSent;435
13;23;52;AckSent;835
13;23;52;EventSent;441
13;23;53;AckSent;880
13;23;53;EventSent;438
13;23;54;AckSent;942
13;23;54;EventSent;439
13;23;55;AckSent;918
13;23;55;EventSent;436
13;23;56;AckSent;927
13;23;56;EventSent;437
13;23;57;AckSent;922
13;23;57;EventSent;443
13;23;58;AckSent;894
13;23;58;EventSent;440
13;23;59;AckSent;893
13;23;59;EventSent;441
13;24;00;AckSent;921
13;24;00;EventSent;441
13;24;01;AckSent;932
13;24;01;EventSent;431
13;24;02;AckSent;981
13;24;02;EventSent;442
13;24;03;AckSent;906
13;24;03;EventSent;443
13;24;04;AckSent;985
13;24;04;EventSent;440
13;24;05;AckSent;867
13;24;05;EventSent;436
13;24;06;AckSent;925
13;24;06;EventSent;438
13;24;07;AckSent;883
13;24;07;EventSent;440
13;24;08;AckSent;889
13;24;08;EventSent;432
13;24;09;AckSent;924
13;24;09;EventSent;438
13;24;10;AckSent;837
13;24;10;EventSent;439
13;24;11;AckSent;940
13;24;11;EventSent;439
13;24;12;AckSent;867
13;24;12;EventSent;438
13;24;13;AckSent;928
13;24;13;EventSent;441
13;24;14;AckSent;916
13;24;14;EventSent;436
13;24;15;AckSent;948
13;24;15;EventSent;440
13;24;16;AckSent;900
13;24;16;EventSent;438
13;24;17;AckSent;872
13;24;17;EventSent;440
13;24;18;AckSent;927
13;24;18;EventSent;443
13;24;19;AckSent;907
13;24;19;EventSent;409
13;24;20;AckSent;950
13;24;20;EventSent;442
13;24;21;AckSent;939
13;24;21;EventSent;419
13;24;22;AckSent;899
13;24;22;EventSent;441
13;24;23;AckSent;899
13;24;23;EventSent;431
13;24;24;AckSent;896
13;24;24;EventSent;441
13;24;25;AckSent;902
13;24;25;EventSent;445
13;24;26;AckSent;863
13;24;26;EventSent;442
13;24;27;AckSent;841
13;24;27;EventSent;443
13;24;28;AckSent;886
13;24;28;EventSent;440
13;24;29;AckSent;873
13;24;29;EventSent;442
13;24;30;AckSent;918
13;24;30;EventSent;436
13;24;31;AckSent;865
13;24;31;EventSent;433
13;24;32;AckSent;915
13;24;32;EventSent;439
13;24;33;AckSent;848
13;24;33;EventSent;434
13;24;34;AckSent;903
13;24;34;EventSent;441
13;24;35;AckSent;873
13;24;35;EventSent;445
13;24;36;AckSent;862
13;24;36;EventSent;440
13;24;37;AckSent;853
13;24;37;EventSent;439
13;24;38;AckSent;865
13;24;38;EventSent;435
13;24;39;AckSent;861
13;24;39;EventSent;442
13;24;40;AckSent;878
13;24;40;EventSent;442
13;24;41;AckSent;871
13;24;41;EventSent;439
13;24;42;AckSent;842
13;24;42;EventSent;442
13;24;43;AckSent;908
13;24;43;EventSent;441
13;24;44;AckSent;827
13;24;44;EventSent;443
13;24;45;AckSent;882
13;24;45;EventSent;440
13;24;46;AckSent;857
13;24;46;EventSent;439
13;24;47;AckSent;841
13;24;47;EventSent;440
13;24;48;AckSent;877
13;24;48;EventSent;445
13;24;49;AckSent;864
13;24;49;EventSent;436
13;24;50;AckSent;861
13;24;50;EventSent;440
13;24;51;AckSent;872
13;24;51;EventSent;438
13;24;52;AckSent;863
13;24;52;EventSent;443
13;24;53;AckSent;926
13;24;53;EventSent;448
13;24;54;AckSent;903
13;24;54;EventSent;428
13;24;55;AckSent;912
13;24;55;EventSent;444
13;24;56;AckSent;871
13;24;56;EventSent;436
13;24;57;AckSent;867
13;24;57;EventSent;435
13;24;58;AckSent;870
13;24;58;EventSent;439
13;24;59;AckSent;867
13;24;59;EventSent;440
13;25;00;AckSent;819
13;25;00;EventSent;432
13;25;01;AckSent;899
13;25;01;EventSent;428
13;25;02;AckSent;792
13;25;02;EventSent;443
13;25;03;AckSent;903
13;25;03;EventSent;437
13;25;04;AckSent;911
13;25;04;EventSent;437
13;25;05;AckSent;848
13;25;05;EventSent;442
13;25;06;AckSent;840
13;25;06;EventSent;435
13;25;07;AckSent;879
13;25;07;EventSent;442
13;25;08;AckSent;848
13;25;08;EventSent;440
13;25;09;AckSent;894
13;25;09;EventSent;439
13;25;10;AckSent;876
13;25;10;EventSent;444
13;25;11;AckSent;835
13;25;11;EventSent;441
13;25;12;AckSent;855
13;25;12;EventSent;445
13;25;13;AckSent;804
13;25;13;EventSent;438
13;25;14;AckSent;820
13;25;14;EventSent;434
13;25;15;AckSent;824
13;25;15;EventSent;434
13;25;16;AckSent;802
13;25;16;EventSent;438
13;25;17;AckSent;751
13;25;17;EventSent;441
13;25;18;AckSent;788
13;25;18;EventSent;441
13;25;19;AckSent;856
13;25;19;EventSent;443
13;25;20;AckSent;857
13;25;20;EventSent;436
13;25;21;AckSent;810
13;25;21;EventSent;436
13;25;22;AckSent;816
13;25;22;EventSent;439
13;25;23;AckSent;798
13;25;23;EventSent;440
13;25;24;AckSent;802
13;25;24;EventSent;416
13;25;25;AckSent;824
13;25;25;EventSent;436
13;25;26;AckSent;872
13;25;26;EventSent;437
13;25;27;AckSent;897
13;25;27;EventSent;439
13;25;28;AckSent;880
13;25;28;EventSent;441
13;25;29;AckSent;849
13;25;29;EventSent;431
13;25;30;AckSent;863
13;25;30;EventSent;438
13;25;31;AckSent;839
13;25;31;EventSent;431
13;25;32;AckSent;767
13;25;32;EventSent;433
13;25;33;AckSent;884
13;25;33;EventSent;441
13;25;34;AckSent;809
13;25;34;EventSent;435
13;25;35;AckSent;911
13;25;35;EventSent;437
13;25;36;AckSent;829
13;25;36;EventSent;437
13;25;37;AckSent;900
13;25;37;EventSent;445
13;25;38;AckSent;923
13;25;38;EventSent;435
13;25;39;AckSent;878
13;25;39;EventSent;434
13;25;40;AckSent;943
13;25;40;EventSent;443
13;25;41;AckSent;856
13;25;41;EventSent;435
13;25;42;AckSent;866
13;25;42;EventSent;445
13;25;43;AckSent;891
13;25;43;EventSent;436
13;25;44;AckSent;816
13;25;44;EventSent;444
13;25;45;AckSent;851
13;25;45;EventSent;443
13;25;46;AckSent;854
13;25;46;EventSent;436
13;25;47;AckSent;850
13;25;47;EventSent;435
13;25;48;AckSent;890
13;25;48;EventSent;442
13;25;49;AckSent;894
13;25;49;EventSent;440
13;25;50;AckSent;962
13;25;50;EventSent;441
13;25;51;AckSent;889
13;25;51;EventSent;430
13;25;52;AckSent;868
13;25;52;EventSent;440
13;25;53;AckSent;828
13;25;53;EventSent;438
13;25;54;AckSent;889
13;25;54;EventSent;425
13;25;55;AckSent;823
13;25;55;EventSent;439
13;25;56;AckSent;871
13;25;56;EventSent;432
13;25;57;AckSent;846
13;25;57;EventSent;441
13;25;58;AckSent;925
13;25;58;EventSent;432
13;25;59;AckSent;881
13;25;59;EventSent;442
13;26;00;AckSent;910
13;26;00;EventSent;438
13;26;01;AckSent;900
13;26;01;EventSent;437
13;26;02;AckSent;833
13;26;02;EventSent;438
13;26;03;AckSent;889
13;26;03;EventSent;441
13;26;04;AckSent;868
13;26;04;EventSent;443
13;26;05;AckSent;890
13;26;05;EventSent;444
13;26;06;AckSent;880
13;26;06;EventSent;437
13;26;07;AckSent;855
13;26;07;EventSent;439
13;26;08;AckSent;873
13;26;08;EventSent;440
13;26;09;AckSent;866
13;26;09;EventSent;440
13;26;10;AckSent;880
13;26;10;EventSent;440
13;26;11;AckSent;899
13;26;11;EventSent;429
13;26;12;AckSent;904
13;26;12;EventSent;435
13;26;13;AckSent;854
13;26;13;EventSent;438
13;26;14;AckSent;856
13;26;14;EventSent;445
13;26;15;AckSent;879
13;26;15;EventSent;445
13;26;16;AckSent;896
13;26;16;EventSent;436
13;26;17;AckSent;888
13;26;17;EventSent;439
13;26;18;AckSent;873
13;26;18;EventSent;442
13;26;19;AckSent;840
13;26;19;EventSent;442
13;26;20;AckSent;887
13;26;20;EventSent;442
13;26;21;AckSent;800
13;26;21;EventSent;439
13;26;22;AckSent;854
13;26;22;EventSent;442
13;26;23;AckSent;863
13;26;23;EventSent;437
13;26;24;AckSent;885
13;26;24;EventSent;431
13;26;25;AckSent;866
13;26;25;EventSent;442
13;26;26;AckSent;868
13;26;26;EventSent;432
13;26;27;AckSent;864
13;26;27;EventSent;444
13;26;28;AckSent;884
13;26;28;EventSent;437
13;26;29;AckSent;876
13;26;29;EventSent;441
13;26;30;AckSent;886
13;26;30;EventSent;441
13;26;31;AckSent;844
13;26;31;EventSent;438
13;26;32;AckSent;881
13;26;32;EventSent;438
13;26;33;AckSent;825
13;26;33;EventSent;443
13;26;34;AckSent;862
13;26;34;EventSent;439
13;26;35;AckSent;862
13;26;35;EventSent;443
13;26;36;AckSent;881
13;26;36;EventSent;437
13;26;37;AckSent;908
13;26;37;EventSent;440
13;26;38;AckSent;917
13;26;38;EventSent;440
13;26;39;AckSent;934
13;26;39;EventSent;443
13;26;40;AckSent;921
13;26;40;EventSent;445
13;26;41;AckSent;871
13;26;41;EventSent;437
13;26;42;AckSent;885
13;26;42;EventSent;434
13;26;43;AckSent;869
13;26;43;EventSent;444
13;26;44;AckSent;865
13;26;44;EventSent;441
13;26;45;AckSent;925
13;26;45;EventSent;441
13;26;46;AckSent;897
13;26;46;EventSent;436
13;26;47;AckSent;885
13;26;47;EventSent;443
13;26;48;AckSent;908
13;26;48;EventSent;435
13;26;49;AckSent;881
13;26;49;EventSent;430
13;26;50;AckSent;875
13;26;50;EventSent;441
13;26;51;AckSent;877
13;26;51;EventSent;439
13;26;52;AckSent;905
13;26;52;EventSent;440
13;26;53;AckSent;919
13;26;53;EventSent;441
13;26;54;AckSent;878
13;26;54;EventSent;428
13;26;55;AckSent;878
13;26;55;EventSent;437
13;26;56;AckSent;861
13;26;56;EventSent;439
13;26;57;AckSent;897
13;26;57;EventSent;439
13;26;58;AckSent;852
13;26;58;EventSent;437
13;26;59;AckSent;880
13;26;59;EventSent;444
13;27;00;AckSent;867
13;27;00;EventSent;444
13;27;01;AckSent;885
13;27;01;EventSent;436
13;27;02;AckSent;890
13;27;02;EventSent;439
13;27;03;AckSent;866
13;27;03;EventSent;441
13;27;04;AckSent;866
13;27;04;EventSent;438
13;27;05;AckSent;880
13;27;05;EventSent;436
13;27;06;AckSent;862
13;27;06;EventSent;427
13;27;07;AckSent;879
13;27;07;EventSent;439
13;27;08;AckSent;886
13;27;08;EventSent;436
13;27;09;AckSent;904
13;27;09;EventSent;440
13;27;10;AckSent;839
13;27;10;EventSent;430
13;27;11;AckSent;897
13;27;11;EventSent;439
13;27;12;AckSent;890
13;27;12;EventSent;440
13;27;13;AckSent;922
13;27;13;EventSent;444
13;27;14;AckSent;924
13;27;14;EventSent;439
13;27;15;AckSent;874
13;27;15;EventSent;441
13;27;16;AckSent;864
13;27;16;EventSent;434
13;27;17;AckSent;819
13;27;17;EventSent;438
13;27;18;AckSent;880
13;27;18;EventSent;440
13;27;19;AckSent;857
13;27;19;EventSent;445
13;27;20;AckSent;802
13;27;20;EventSent;437
13;27;21;AckSent;878
13;27;21;EventSent;436
13;27;22;AckSent;892
13;27;22;EventSent;445
13;27;23;AckSent;842
13;27;23;EventSent;435
13;27;24;AckSent;843
13;27;24;EventSent;425
13;27;25;AckSent;892
13;27;25;EventSent;432
13;27;26;AckSent;887
13;27;26;EventSent;441
13;27;27;AckSent;862
13;27;27;EventSent;442
13;27;28;AckSent;859
13;27;28;EventSent;439
13;27;29;AckSent;866
13;27;29;EventSent;439
13;27;30;AckSent;870
13;27;30;EventSent;439
13;27;31;AckSent;890
13;27;31;EventSent;428
13;27;32;AckSent;889
13;27;32;EventSent;437
13;27;33;AckSent;849
13;27;33;EventSent;435
13;27;34;AckSent;875
13;27;34;EventSent;444
13;27;35;AckSent;874
13;27;35;EventSent;437
13;27;36;AckSent;884
13;27;36;EventSent;438
13;27;37;AckSent;822
13;27;37;EventSent;441
13;27;38;AckSent;808
13;27;38;EventSent;441
13;27;39;AckSent;836
13;27;39;EventSent;437
13;27;40;AckSent;854
13;27;40;EventSent;439
13;27;41;AckSent;836
13;27;41;EventSent;436
13;27;42;AckSent;881
13;27;42;EventSent;445
13;27;43;AckSent;860
13;27;43;EventSent;442
13;27;44;AckSent;828
13;27;44;EventSent;440
13;27;45;AckSent;826
13;27;45;EventSent;442
13;27;46;AckSent;834
13;27;46;EventSent;442
13;27;47;AckSent;822
13;27;47;EventSent;445
13;27;48;AckSent;872
13;27;48;EventSent;437
13;27;49;AckSent;846
13;27;49;EventSent;439
13;27;50;AckSent;814
13;27;50;EventSent;441
13;27;51;AckSent;836
13;27;51;EventSent;433
13;27;52;AckSent;801
13;27;52;EventSent;442
13;27;53;AckSent;856
13;27;53;EventSent;441
13;27;54;AckSent;818
13;27;54;EventSent;429
13;27;55;AckSent;864
13;27;55;EventSent;442
13;27;56;AckSent;855
13;27;56;EventSent;437
13;27;57;AckSent;863
13;27;57;EventSent;446
13;27;58;AckSent;850
13;27;58;EventSent;445
13;27;59;AckSent;818
13;27;59;EventSent;434
13;28;00;AckSent;844
13;28;00;EventSent;445
13;28;01;AckSent;845
13;28;01;EventSent;444
13;28;02;AckSent;875
13;28;02;EventSent;440
13;28;03;AckSent;816
13;28;03;EventSent;433
13;28;04;AckSent;935
13;28;04;EventSent;437
13;28;05;AckSent;907
13;28;05;EventSent;442
13;28;06;AckSent;890
13;28;06;EventSent;429
13;28;07;AckSent;834
13;28;07;EventSent;440
13;28;08;AckSent;886
13;28;08;EventSent;434
13;28;09;AckSent;848
13;28;09;EventSent;435
13;28;10;AckSent;873
13;28;10;EventSent;441
13;28;11;AckSent;845
13;28;11;EventSent;428
13;28;12;AckSent;863
13;28;12;EventSent;441
13;28;13;AckSent;931
13;28;13;EventSent;439
13;28;14;AckSent;860
13;28;14;EventSent;439
13;28;15;AckSent;831
13;28;15;EventSent;437
13;28;16;AckSent;853
13;28;16;EventSent;435
13;28;17;AckSent;882
13;28;17;EventSent;439
13;28;18;AckSent;878
13;28;18;EventSent;440
13;28;19;AckSent;868
13;28;19;EventSent;440
13;28;20;AckSent;842
13;28;20;EventSent;440
13;28;21;AckSent;911
13;28;21;EventSent;429
13;28;22;AckSent;865
13;28;22;EventSent;435
13;28;23;AckSent;824
13;28;23;EventSent;444
13;28;24;AckSent;912
13;28;24;EventSent;432
13;28;25;AckSent;885
13;28;25;EventSent;443
13;28;26;AckSent;860
13;28;26;EventSent;437
13;28;27;AckSent;864
13;28;27;EventSent;435
13;28;28;AckSent;887
13;28;28;EventSent;439
13;28;29;AckSent;904
13;28;29;EventSent;441
13;28;30;AckSent;886
13;28;30;EventSent;437
13;28;31;AckSent;866
13;28;31;EventSent;434
13;28;32;AckSent;847
13;28;32;EventSent;436
13;28;33;AckSent;897
13;28;33;EventSent;440
13;28;34;AckSent;859
13;28;34;EventSent;439
13;28;35;AckSent;843
13;28;35;EventSent;440
13;28;36;AckSent;872
13;28;36;EventSent;438
13;28;37;AckSent;863
13;28;37;EventSent;439
13;28;38;AckSent;859
13;28;38;EventSent;440
13;28;39;AckSent;865
13;28;39;EventSent;442
13;28;40;AckSent;869
13;28;40;EventSent;445
13;28;41;AckSent;867
13;28;41;EventSent;436
13;28;42;AckSent;897
13;28;42;EventSent;437
13;28;43;AckSent;839
13;28;43;EventSent;435
13;28;44;AckSent;881
13;28;44;EventSent;436
13;28;45;AckSent;825
13;28;45;EventSent;436
13;28;46;AckSent;887
13;28;46;EventSent;433
13;28;47;AckSent;846
13;28;47;EventSent;441
13;28;48;AckSent;859
13;28;48;EventSent;440
13;28;49;AckSent;877
13;28;49;EventSent;437
13;28;50;AckSent;867
13;28;50;EventSent;442
13;28;51;AckSent;858
13;28;51;EventSent;432
13;28;52;AckSent;883
13;28;52;EventSent;438
13;28;53;AckSent;905
13;28;53;EventSent;439
13;28;54;AckSent;856
13;28;54;EventSent;444
13;28;55;AckSent;871
13;28;55;EventSent;439
13;28;56;AckSent;843
13;28;56;EventSent;437
13;28;57;AckSent;871
13;28;57;EventSent;442
13;28;58;AckSent;882
13;28;58;EventSent;441
13;28;59;AckSent;862
13;28;59;EventSent;436
13;29;00;AckSent;885
13;29;00;EventSent;438
13;29;01;AckSent;835
13;29;01;EventSent;423
13;29;02;AckSent;827
13;29;02;EventSent;434
13;29;03;AckSent;886
13;29;03;EventSent;433
13;29;04;AckSent;801
13;29;04;EventSent;439
13;29;05;AckSent;777
13;29;05;EventSent;443
13;29;06;AckSent;824
13;29;06;EventSent;438
13;29;07;AckSent;804
13;29;07;EventSent;435
13;29;08;AckSent;814
13;29;08;EventSent;440
13;29;09;AckSent;823
13;29;09;EventSent;440
13;29;10;AckSent;855
13;29;10;EventSent;435
13;29;11;AckSent;830
13;29;11;EventSent;438
13;29;12;AckSent;828
13;29;12;EventSent;444
13;29;13;AckSent;858
13;29;13;EventSent;442
13;29;14;AckSent;825
13;29;14;EventSent;439
13;29;15;AckSent;822
13;29;15;EventSent;442
13;29;16;AckSent;837
13;29;16;EventSent;433
13;29;17;AckSent;801
13;29;17;EventSent;429
13;29;18;AckSent;824
13;29;18;EventSent;438
13;29;19;AckSent;825
13;29;19;EventSent;435
13;29;20;AckSent;801
13;29;20;EventSent;429
13;29;21;AckSent;854
13;29;21;EventSent;427
13;29;22;AckSent;838
13;29;22;EventSent;437
13;29;23;AckSent;835
13;29;23;EventSent;438
13;29;24;AckSent;821
13;29;24;EventSent;439
13;29;25;AckSent;830
13;29;25;EventSent;436
13;29;26;AckSent;829
13;29;26;EventSent;431
13;29;27;AckSent;849
13;29;27;EventSent;441
13;29;28;AckSent;825
13;29;28;EventSent;440
13;29;29;AckSent;810
13;29;29;EventSent;427
13;29;30;AckSent;775
13;29;30;EventSent;435
13;29;31;AckSent;851
13;29;31;EventSent;434
13;29;32;AckSent;824
13;29;32;EventSent;441
13;29;33;AckSent;817
13;29;33;EventSent;442
13;29;34;AckSent;852
13;29;34;EventSent;439
13;29;35;AckSent;826
13;29;35;EventSent;436
13;29;36;AckSent;643
13;29;36;EventSent;422
13;29;37;AckSent;1
13;29;37;EventSent;7
