hour;minute;second;event;total
15;31;17;AckSent;55
15;31;17;EventSent;1005
15;31;18;EventSent;2
15;31;17;AckSent;1
15;31;17;EventSent;1
15;31;18;EventSent;1
15;31;17;EventSent;1
15;31;18;EventSent;1
15;31;17;EventSent;1
15;31;18;AckSent;218
15;31;18;EventSent;1989
15;31;19;AckSent;3
15;31;19;EventSent;2
15;31;18;EventSent;10
15;31;19;AckSent;126
15;31;19;EventSent;2259
15;31;20;AckSent;90
15;31;20;EventSent;2029
15;31;21;EventSent;6
15;31;20;EventSent;1
15;31;21;EventSent;12
15;31;20;EventSent;1
15;31;21;AckSent;73
15;31;21;EventSent;2118
15;31;22;EventSent;2
15;31;21;EventSent;4
15;31;22;AckSent;110
15;31;22;EventSent;3035
15;31;23;EventSent;1
15;31;22;EventSent;1
15;31;23;AckSent;172
15;31;23;EventSent;991
15;31;24;AckSent;302
15;31;25;AckSent;192
15;31;26;AckSent;352
15;31;27;AckSent;561
15;31;28;AckSent;379
15;31;29;AckSent;674
15;31;30;AckSent;1074
15;31;30;EventSent;3162
15;31;31;AckSent;1160
15;31;31;EventSent;4240
15;31;32;AckSent;1021
15;31;32;EventSent;4592
15;31;33;AckSent;1749
15;31;34;AckSent;894
15;31;34;EventSent;3740
15;31;35;AckSent;879
15;31;35;EventSent;4457
15;31;36;AckSent;1257
15;31;36;EventSent;3109
15;31;37;AckSent;1721
15;31;38;AckSent;2827
15;31;38;EventSent;2951
15;31;39;AckSent;2667
15;31;39;EventSent;4858
15;31;40;AckSent;2165
15;31;40;EventSent;4180
15;31;41;AckSent;3972
15;31;41;EventSent;1376
15;31;42;AckSent;2345
15;31;42;EventSent;1070
15;31;43;AckSent;2541
15;31;43;EventSent;449
15;31;44;AckSent;2528
15;31;44;EventSent;4567
15;31;45;AckSent;2244
15;31;45;EventSent;5005
15;31;46;AckSent;2047
15;31;46;EventSent;3287
15;31;47;AckSent;3666
15;31;47;EventSent;519
15;31;48;AckSent;3394
15;31;48;EventSent;1358
15;31;49;AckSent;2587
15;31;49;EventSent;4788
15;31;50;AckSent;2336
15;31;50;EventSent;4911
15;31;51;AckSent;2069
15;31;51;EventSent;1654
15;31;52;AckSent;3215
15;31;53;AckSent;3558
15;31;53;EventSent;1499
15;31;54;AckSent;2526
15;31;54;EventSent;4691
15;31;55;AckSent;3967
15;31;55;EventSent;5168
15;31;56;AckSent;2899
15;31;56;EventSent;1553
15;31;57;AckSent;3468
15;31;57;EventSent;2365
15;31;58;AckSent;2277
15;31;58;EventSent;4976
15;31;59;EventSent;2
15;31;58;AckSent;1
15;31;59;AckSent;4526
15;31;59;EventSent;4866
15;32;00;AckSent;4846
15;32;00;EventSent;1806
15;32;01;AckSent;3345
15;32;01;EventSent;4956
15;32;02;AckSent;2740
15;32;02;EventSent;4997
15;32;03;AckSent;2836
15;32;03;EventSent;2242
15;32;04;AckSent;3263
15;32;05;AckSent;3258
15;32;05;EventSent;4209
15;32;06;AckSent;2713
15;32;06;EventSent;4848
15;32;07;AckSent;5548
15;32;07;EventSent;3928
15;32;08;AckSent;3908
15;32;08;EventSent;3679
15;32;09;AckSent;3945
15;32;09;EventSent;5049
15;32;10;AckSent;4142
15;32;10;EventSent;4480
15;32;11;AckSent;4039
15;32;11;EventSent;2646
15;32;12;AckSent;3580
15;32;12;EventSent;4921
15;32;13;AckSent;4906
15;32;13;EventSent;4756
15;32;14;AckSent;3853
15;32;14;EventSent;2779
15;32;15;AckSent;2304
15;32;15;EventSent;5040
15;32;16;AckSent;1887
15;32;16;EventSent;4753
15;32;17;AckSent;1835
15;32;17;EventSent;1674
15;32;18;AckSent;2479
15;32;19;AckSent;2592
15;32;20;AckSent;3494
15;32;20;EventSent;4010
15;32;21;AckSent;3594
15;32;21;EventSent;4898
15;32;22;AckSent;2387
15;32;22;EventSent;3709
15;32;23;AckSent;3015
15;32;24;AckSent;2401
15;32;24;EventSent;3115
15;32;25;AckSent;2507
15;32;25;EventSent;4981
15;32;26;AckSent;2912
15;32;26;EventSent;3957
15;32;27;AckSent;2846
15;32;27;EventSent;285
15;32;28;AckSent;3603
15;32;28;EventSent;776
15;32;29;AckSent;2153
15;32;29;EventSent;4710
15;32;30;AckSent;2738
15;32;30;EventSent;4990
15;32;31;AckSent;3009
15;32;31;EventSent;2527
15;32;32;AckSent;3978
15;32;33;AckSent;2137
15;32;33;EventSent;3440
15;32;34;AckSent;2383
15;32;34;EventSent;4912
15;32;35;AckSent;2349
15;32;35;EventSent;3877
15;32;36;AckSent;2606
15;32;36;EventSent;443
15;32;37;AckSent;3746
15;32;37;EventSent;55
15;32;38;AckSent;4155
15;32;38;EventSent;4968
15;32;39;AckSent;4642
15;32;39;EventSent;5055
15;32;40;AckSent;2872
15;32;40;EventSent;2532
15;32;41;AckSent;2592
15;32;41;EventSent;3527
15;32;42;AckSent;3130
15;32;42;EventSent;4884
15;32;43;AckSent;2870
15;32;43;EventSent;4128
15;32;44;AckSent;3591
15;32;44;EventSent;312
15;32;45;AckSent;2902
15;32;45;EventSent;3358
15;32;46;AckSent;3417
15;32;46;EventSent;4529
15;32;47;AckSent;3008
15;32;47;EventSent;4572
15;32;48;AckSent;5289
15;32;48;EventSent;1428
15;32;49;AckSent;2517
15;32;49;EventSent;4771
15;32;50;AckSent;2608
15;32;50;EventSent;5056
15;32;51;AckSent;2564
15;32;51;EventSent;1995
15;32;52;AckSent;2437
15;32;53;AckSent;2058
15;32;54;AckSent;2151
15;32;54;EventSent;3276
15;32;55;AckSent;3331
15;32;55;EventSent;4990
15;32;56;AckSent;2640
15;32;56;EventSent;4649
15;32;57;AckSent;3546
15;32;57;EventSent;246
15;32;58;AckSent;3000
15;32;58;EventSent;2899
15;32;59;AckSent;2197
15;32;59;EventSent;4800
15;33;00;AckSent;3141
15;33;00;EventSent;4042
15;33;01;AckSent;2740
15;33;01;EventSent;336
15;33;02;AckSent;3523
15;33;02;EventSent;494
15;33;03;AckSent;3042
15;33;03;EventSent;4963
15;33;04;AckSent;3752
15;33;04;EventSent;4919
15;33;05;AckSent;3864
15;33;05;EventSent;2019
15;33;06;AckSent;3503
15;33;06;EventSent;3146
15;33;07;AckSent;2310
15;33;07;EventSent;4826
15;33;08;AckSent;2973
15;33;08;EventSent;4650
15;33;09;AckSent;3717
15;33;09;EventSent;539
15;33;10;AckSent;3140
15;33;10;EventSent;1479
15;33;11;AckSent;3186
15;33;11;EventSent;4864
15;33;12;AckSent;4786
15;33;12;EventSent;5039
15;33;13;AckSent;4645
15;33;13;EventSent;4136
15;33;14;AckSent;2843
15;33;14;EventSent;4808
15;33;15;AckSent;3145
15;33;15;EventSent;4924
15;33;16;AckSent;3188
15;33;16;EventSent;2659
15;33;17;AckSent;3036
15;33;18;AckSent;2752
15;33;18;EventSent;950
15;33;19;AckSent;6
15;33;19;EventSent;5
15;33;18;EventSent;1
15;33;19;AckSent;3632
15;33;19;EventSent;4939
15;33;20;AckSent;3238
15;33;20;EventSent;4778
15;33;21;AckSent;5094
15;33;21;EventSent;1046
15;33;22;AckSent;2928
15;33;22;EventSent;4951
15;33;23;AckSent;2461
15;33;23;EventSent;4810
15;33;24;AckSent;2498
15;33;24;EventSent;2624
15;33;25;AckSent;3020
15;33;25;EventSent;1408
15;33;26;AckSent;2979
15;33;26;EventSent;2929
15;33;27;AckSent;2945
15;33;27;EventSent;4976
15;33;28;AckSent;3106
15;33;28;EventSent;5121
15;33;29;AckSent;3233
15;33;29;EventSent;2942
15;33;30;AckSent;3300
15;33;30;EventSent;1493
15;33;31;EventSent;1
15;33;30;EventSent;1
15;33;31;AckSent;2227
15;33;31;EventSent;4684
15;33;32;AckSent;2757
15;33;32;EventSent;4864
15;33;33;AckSent;3740
15;33;33;EventSent;2850
15;33;34;AckSent;4791
15;33;34;EventSent;1153
15;33;35;AckSent;1907
15;33;35;EventSent;4951
15;33;36;AckSent;3024
15;33;36;EventSent;4760
15;33;37;AckSent;2737
15;33;37;EventSent;4627
15;33;38;AckSent;2403
15;33;38;EventSent;3110
15;33;39;AckSent;3504
15;33;40;AckSent;3239
15;33;40;EventSent;546
15;33;41;AckSent;3472
15;33;41;EventSent;4984
15;33;42;AckSent;2938
15;33;42;EventSent;5000
15;33;43;AckSent;3078
15;33;43;EventSent;1637
15;33;44;AckSent;1807
15;33;45;AckSent;2240
15;33;45;EventSent;2050
15;33;46;AckSent;3198
15;33;46;EventSent;4884
15;33;47;AckSent;2513
15;33;47;EventSent;4448
15;33;48;AckSent;2052
15;33;48;EventSent;4123
15;33;49;AckSent;1329
15;33;49;EventSent;4449
15;33;50;AckSent;1472
15;33;50;EventSent;1734
15;33;51;AckSent;2136
15;33;51;EventSent;2765
15;33;52;AckSent;2853
15;33;52;EventSent;4491
15;33;53;AckSent;2236
15;33;53;EventSent;4069
15;33;54;AckSent;3246
15;33;54;EventSent;4732
15;33;55;AckSent;4083
15;33;55;EventSent;4556
15;33;56;AckSent;4099
15;33;56;EventSent;3908
15;33;57;AckSent;2362
15;33;57;EventSent;4892
15;33;58;AckSent;2543
15;33;58;EventSent;4513
15;33;59;AckSent;2798
15;33;59;EventSent;3801
15;34;00;AckSent;2951
15;34;00;EventSent;4671
15;34;01;AckSent;4926
15;34;01;EventSent;3363
15;34;02;AckSent;2991
15;34;02;EventSent;4980
15;34;03;AckSent;2873
15;34;03;EventSent;4903
15;34;04;AckSent;3398
15;34;04;EventSent;3145
15;34;05;AckSent;3395
15;34;05;EventSent;3250
15;34;06;AckSent;3131
15;34;06;EventSent;1724
15;34;07;AckSent;2119
15;34;07;EventSent;4215
15;34;08;AckSent;1611
15;34;08;EventSent;4957
15;34;09;AckSent;2734
15;34;09;EventSent;3034
15;34;10;AckSent;5085
15;34;10;EventSent;4998
15;34;11;AckSent;4177
15;34;11;EventSent;4729
15;34;12;AckSent;5368
15;34;12;EventSent;3411
15;34;13;AckSent;2675
15;34;13;EventSent;4571
15;34;14;AckSent;1717
15;34;14;EventSent;4938
15;34;15;AckSent;1773
15;34;15;EventSent;2479
15;34;16;AckSent;2166
15;34;17;AckSent;2449
15;34;17;EventSent;4077
15;34;18;AckSent;2945
15;34;18;EventSent;4708
15;34;19;AckSent;2721
15;34;19;EventSent;4792
15;34;20;AckSent;2417
15;34;20;EventSent;4901
15;34;21;AckSent;1896
15;34;21;EventSent;3241
15;34;22;AckSent;3326
15;34;22;EventSent;35
15;34;23;AckSent;3409
15;34;23;EventSent;4845
15;34;24;AckSent;2722
15;34;24;EventSent;4955
15;34;25;AckSent;3572
15;34;25;EventSent;3722
15;34;26;AckSent;3061
15;34;26;EventSent;3026
15;34;27;AckSent;2874
15;34;27;EventSent;1242
15;34;28;AckSent;2424
15;34;28;EventSent;4310
15;34;29;AckSent;2549
15;34;29;EventSent;4474
15;34;30;AckSent;3288
15;34;30;EventSent;4868
15;34;31;AckSent;2883
15;34;31;EventSent;4659
15;34;32;AckSent;4665
15;34;32;EventSent;3323
15;34;33;AckSent;3235
15;34;33;EventSent;4469
15;34;34;AckSent;4541
15;34;34;EventSent;4772
15;34;35;AckSent;2762
15;34;35;EventSent;4656
15;34;36;AckSent;2701
15;34;36;EventSent;2692
15;34;37;AckSent;2588
15;34;37;EventSent;2152
15;34;38;AckSent;3199
15;34;38;EventSent;4705
15;34;39;AckSent;4062
15;34;39;EventSent;4882
15;34;40;AckSent;4056
15;34;40;EventSent;3135
15;34;41;AckSent;2717
15;34;41;EventSent;1967
15;34;42;AckSent;4549
15;34;42;EventSent;4882
15;34;43;EventSent;1
15;34;42;AckSent;1
15;34;43;AckSent;2675
15;34;43;EventSent;4887
15;34;44;EventSent;4
15;34;43;EventSent;1
15;34;44;AckSent;2091
15;34;44;EventSent;4980
15;34;45;AckSent;3337
15;34;45;EventSent;781
15;34;46;AckSent;3402
15;34;46;EventSent;3822
15;34;47;AckSent;3317
15;34;47;EventSent;5003
15;34;48;AckSent;3801
15;34;48;EventSent;4869
15;34;49;AckSent;2633
15;34;49;EventSent;5095
15;34;50;AckSent;3341
15;34;50;EventSent;2438
15;34;51;AckSent;3636
15;34;51;EventSent;4959
15;34;52;AckSent;3524
15;34;52;EventSent;4601
15;34;53;AckSent;4168
15;34;53;EventSent;3099
15;34;54;AckSent;3954
15;34;54;EventSent;3030
15;34;55;EventSent;1
15;34;54;AckSent;1
15;34;55;AckSent;2814
15;34;55;EventSent;5069
15;34;56;AckSent;2819
15;34;56;EventSent;4905
15;34;57;AckSent;4086
15;34;57;EventSent;4896
15;34;58;AckSent;2003
15;34;58;EventSent;2410
15;34;59;AckSent;2294
15;34;59;EventSent;1742
15;35;00;EventSent;3
15;34;59;EventSent;3
15;35;00;AckSent;2378
15;35;00;EventSent;4891
15;35;01;AckSent;2298
15;35;01;EventSent;4719
15;35;02;AckSent;3622
15;35;02;EventSent;14
15;35;03;AckSent;2608
15;35;03;EventSent;3329
15;35;04;EventSent;2
15;35;03;EventSent;2
15;35;04;AckSent;6
15;35;04;EventSent;1
15;35;03;EventSent;4
15;35;04;AckSent;1
15;35;03;EventSent;1
15;35;04;AckSent;2362
15;35;04;EventSent;4645
15;35;05;AckSent;4348
15;35;05;EventSent;3325
15;35;06;AckSent;4902
15;35;06;EventSent;1369
15;35;07;AckSent;2576
15;35;07;EventSent;5037
15;35;08;AckSent;2578
15;35;08;EventSent;4820
15;35;09;AckSent;2506
15;35;09;EventSent;4498
15;35;10;AckSent;2277
15;35;10;EventSent;3935
15;35;11;AckSent;3406
15;35;11;EventSent;3069
15;35;12;AckSent;3061
15;35;12;EventSent;4593
15;35;13;AckSent;3365
15;35;13;EventSent;5109
15;35;14;AckSent;3297
15;35;14;EventSent;4019
15;35;15;AckSent;4704
15;35;15;EventSent;1481
15;35;16;EventSent;1
15;35;15;EventSent;1
15;35;16;AckSent;3231
15;35;16;EventSent;4685
15;35;17;AckSent;3279
15;35;17;EventSent;5080
15;35;18;AckSent;2169
15;35;18;EventSent;2073
15;35;19;AckSent;3126
15;35;20;AckSent;2909
15;35;20;EventSent;3202
15;35;21;AckSent;3072
15;35;21;EventSent;4799
15;35;22;AckSent;2949
15;35;22;EventSent;4084
15;35;23;AckSent;2847
15;35;23;EventSent;571
15;35;24;AckSent;3096
15;35;24;EventSent;1749
15;35;25;AckSent;3259
15;35;25;EventSent;5024
15;35;26;AckSent;2840
15;35;26;EventSent;4781
15;35;27;AckSent;3172
15;35;27;EventSent;1200
15;35;28;AckSent;3486
15;35;28;EventSent;1520
15;35;29;AckSent;3268
15;35;29;EventSent;4859
15;35;30;AckSent;2642
15;35;30;EventSent;4857
15;35;31;EventSent;1
15;35;30;EventSent;1
15;35;31;AckSent;4082
15;35;31;EventSent;1892
15;35;32;AckSent;3014
15;35;32;EventSent;2886
15;35;33;AckSent;1664
15;35;33;EventSent;4943
15;35;34;AckSent;2001
15;35;34;EventSent;4282
15;35;35;AckSent;2763
15;35;35;EventSent;875
15;35;36;AckSent;2922
15;35;37;AckSent;2859
15;35;37;EventSent;1397
15;35;38;AckSent;4753
15;35;38;EventSent;4868
15;35;39;AckSent;4305
15;35;39;EventSent;4885
15;35;40;AckSent;2752
15;35;40;EventSent;1391
15;35;41;AckSent;3793
15;35;41;EventSent;4509
15;35;42;AckSent;4704
15;35;42;EventSent;4890
15;35;43;AckSent;4380
15;35;43;EventSent;2626
15;35;44;AckSent;3090
15;35;44;EventSent;4392
15;35;45;AckSent;2641
15;35;45;EventSent;4966
15;35;46;AckSent;2412
15;35;46;EventSent;3062
15;35;47;AckSent;3492
15;35;48;AckSent;2672
15;35;48;EventSent;3670
15;35;49;AckSent;3236
15;35;49;EventSent;4810
15;35;50;AckSent;2862
15;35;50;EventSent;4084
15;35;51;AckSent;3188
15;35;51;EventSent;102
15;35;52;AckSent;2761
15;35;52;EventSent;2647
15;35;53;AckSent;2864
15;35;53;EventSent;4783
15;35;54;AckSent;2303
15;35;54;EventSent;4529
15;35;55;AckSent;2687
15;35;55;EventSent;1188
15;35;56;AckSent;3507
15;35;57;AckSent;2315
15;35;57;EventSent;4353
15;35;58;AckSent;3842
15;35;58;EventSent;4848
15;35;59;AckSent;3994
15;35;59;EventSent;3852
15;36;00;EventSent;1
15;35;59;AckSent;1
15;36;00;AckSent;4276
15;36;00;EventSent;2100
15;36;01;AckSent;3549
15;36;01;EventSent;4931
15;36;02;AckSent;3635
15;36;02;EventSent;4782
15;36;03;AckSent;3144
15;36;03;EventSent;1065
15;36;04;AckSent;2865
15;36;04;EventSent;3541
15;36;05;AckSent;3028
15;36;05;EventSent;5027
15;36;06;EventSent;1
15;36;05;EventSent;2
15;36;06;AckSent;2733
15;36;06;EventSent;3904
15;36;07;AckSent;3722
15;36;08;AckSent;2757
15;36;08;EventSent;2886
15;36;09;AckSent;2477
15;36;09;EventSent;4444
15;36;10;AckSent;2820
15;36;10;EventSent;5058
15;36;11;AckSent;3329
15;36;11;EventSent;1143
15;36;12;AckSent;3060
15;36;12;EventSent;1300
15;36;13;AckSent;1
15;36;13;EventSent;2
15;36;12;EventSent;2
15;36;13;AckSent;4249
15;36;13;EventSent;4680
15;36;14;AckSent;4296
15;36;14;EventSent;4827
15;36;15;AckSent;4558
15;36;15;EventSent;2286
15;36;16;AckSent;4653
15;36;16;EventSent;4783
15;36;17;AckSent;4327
15;36;17;EventSent;4992
15;36;18;AckSent;4004
15;36;18;EventSent;3458
15;36;19;AckSent;3153
15;36;19;EventSent;4924
15;36;20;AckSent;3171
15;36;20;EventSent;5118
15;36;21;AckSent;3024
15;36;21;EventSent;1128
15;36;22;AckSent;2946
15;36;22;EventSent;637
15;36;23;AckSent;3632
15;36;23;EventSent;5044
15;36;24;AckSent;2562
15;36;24;EventSent;4810
15;36;25;AckSent;3282
15;36;25;EventSent;1694
15;36;26;AckSent;3735
15;36;26;EventSent;1090
15;36;27;AckSent;2877
15;36;27;EventSent;4907
15;36;28;AckSent;2817
15;36;28;EventSent;4792
15;36;29;AckSent;4060
15;36;29;EventSent;1948
15;36;30;AckSent;3178
15;36;30;EventSent;2719
15;36;31;AckSent;2054
15;36;31;EventSent;4902
15;36;32;AckSent;2735
15;36;32;EventSent;4878
15;36;33;AckSent;2768
15;36;33;EventSent;1655
15;36;34;AckSent;2946
15;36;35;AckSent;3129
15;36;35;EventSent;1886
15;36;36;AckSent;3148
15;36;36;EventSent;4585
15;36;37;EventSent;2
15;36;36;EventSent;1
15;36;37;AckSent;2497
15;36;37;EventSent;4615
15;36;38;AckSent;1858
15;36;38;EventSent;837
15;36;39;AckSent;3532
15;36;40;AckSent;3149
15;36;40;EventSent;4804
15;36;41;AckSent;2249
15;36;41;EventSent;4799
15;36;42;AckSent;2093
15;36;42;EventSent;2808
15;36;43;AckSent;2714
15;36;44;AckSent;2654
15;36;44;EventSent;646
15;36;45;AckSent;2981
15;36;45;EventSent;4911
15;36;46;AckSent;2384
15;36;46;EventSent;4890
15;36;47;AckSent;2920
15;36;47;EventSent;1485
15;36;48;AckSent;3318
15;36;49;AckSent;3152
15;36;49;EventSent;3832
15;36;50;AckSent;3209
15;36;50;EventSent;4964
15;36;51;AckSent;2083
15;36;51;EventSent;4707
15;36;52;AckSent;2006
15;36;52;EventSent;4804
15;36;53;AckSent;2474
15;36;53;EventSent;2354
15;36;54;AckSent;3706
15;36;54;EventSent;4029
15;36;55;AckSent;3974
15;36;55;EventSent;4987
15;36;56;AckSent;3365
15;36;56;EventSent;3055
15;36;57;AckSent;3130
15;36;57;EventSent;976
15;36;58;AckSent;2758
15;36;58;EventSent;1243
15;36;59;AckSent;2021
15;36;59;EventSent;4802
15;37;00;AckSent;3046
15;37;00;EventSent;4763
15;37;01;AckSent;1
15;37;00;EventSent;1
15;37;01;AckSent;2926
15;37;01;EventSent;4696
15;37;02;AckSent;5067
15;37;02;EventSent;1659
15;37;03;AckSent;3457
15;37;03;EventSent;5037
15;37;04;AckSent;4342
15;37;04;EventSent;4965
15;37;05;AckSent;2817
15;37;05;EventSent;3609
15;37;06;AckSent;3348
15;37;06;EventSent;1322
15;37;07;AckSent;3261
15;37;07;EventSent;5090
15;37;08;AckSent;2062
15;37;08;EventSent;4869
15;37;09;AckSent;3081
15;37;09;EventSent;2688
15;37;10;AckSent;3355
15;37;11;AckSent;2617
15;37;11;EventSent;3789
15;37;12;AckSent;3594
15;37;12;EventSent;5086
15;37;13;AckSent;2598
15;37;13;EventSent;3791
15;37;14;EventSent;18
15;37;13;AckSent;1
15;37;14;AckSent;3148
15;37;14;EventSent;987
15;37;15;AckSent;2817
15;37;15;EventSent;1152
15;37;16;AckSent;2579
15;37;16;EventSent;4932
15;37;17;AckSent;3498
15;37;17;EventSent;5064
15;37;18;AckSent;2843
15;37;18;EventSent;2639
15;37;19;AckSent;1358
15;37;20;AckSent;1946
15;37;21;AckSent;2455
15;37;21;EventSent;404
15;37;22;EventSent;1
15;37;21;EventSent;1
15;37;22;AckSent;3000
15;37;22;EventSent;4814
15;37;23;AckSent;2140
15;37;23;EventSent;3825
15;37;24;AckSent;2653
15;37;24;EventSent;2269
15;37;25;AckSent;3157
15;37;26;AckSent;2975
15;37;26;EventSent;2755
15;37;27;AckSent;3135
15;37;27;EventSent;4978
15;37;28;AckSent;2635
15;37;28;EventSent;4354
15;37;29;AckSent;2792
15;37;29;EventSent;2277
15;37;30;AckSent;2518
15;37;30;EventSent;1208
15;37;31;AckSent;3172
15;37;31;EventSent;4753
15;37;32;AckSent;2358
15;37;32;EventSent;4857
15;37;33;AckSent;2868
15;37;33;EventSent;2824
15;37;34;AckSent;3559
15;37;35;AckSent;2896
15;37;35;EventSent;2402
15;37;36;AckSent;3474
15;37;36;EventSent;4823
15;37;37;AckSent;2797
15;37;37;EventSent;4739
15;37;38;AckSent;3003
15;37;38;EventSent;700
15;37;39;AckSent;3471
15;37;39;EventSent;1758
15;37;40;EventSent;1
15;37;39;AckSent;1
15;37;39;EventSent;1
15;37;40;AckSent;2589
15;37;40;EventSent;4874
15;37;41;AckSent;2950
15;37;41;EventSent;4926
15;37;42;AckSent;5020
15;37;42;EventSent;774
15;37;43;AckSent;3510
15;37;43;EventSent;3895
15;37;44;AckSent;2946
15;37;44;EventSent;4953
15;37;45;AckSent;2735
15;37;45;EventSent;3596
15;37;46;AckSent;3680
15;37;47;AckSent;3596
15;37;47;EventSent;3732
15;37;48;AckSent;3093
15;37;48;EventSent;4945
15;37;49;AckSent;4019
15;37;49;EventSent;4024
15;37;50;AckSent;4102
15;37;50;EventSent;2112
15;37;51;AckSent;2841
15;37;51;EventSent;4886
15;37;52;EventSent;1
15;37;51;EventSent;1
15;37;52;AckSent;2804
15;37;52;EventSent;4770
15;37;53;AckSent;2596
15;37;53;EventSent;496
15;37;54;AckSent;3417
15;37;54;EventSent;234
15;37;55;AckSent;2811
15;37;55;EventSent;4527
15;37;56;AckSent;4305
15;37;56;EventSent;4687
15;37;57;AckSent;1946
15;37;57;EventSent;2373
15;37;58;AckSent;1866
15;37;59;AckSent;2369
15;37;59;EventSent;1699
15;38;00;AckSent;3060
15;38;00;EventSent;4933
15;38;01;AckSent;2808
15;38;01;EventSent;4745
15;38;02;AckSent;2363
15;38;02;EventSent;2421
15;38;03;AckSent;1969
15;38;03;EventSent;5026
15;38;04;AckSent;2297
15;38;04;EventSent;4854
15;38;05;AckSent;2884
15;38;05;EventSent;4694
15;38;06;AckSent;3043
15;38;06;EventSent;4677
15;38;07;AckSent;2807
15;38;07;EventSent;3208
15;38;08;AckSent;4366
15;38;08;EventSent;5010
15;38;09;AckSent;3241
15;38;09;EventSent;4909
15;38;10;AckSent;2286
15;38;10;EventSent;4902
15;38;11;AckSent;4849
15;38;11;EventSent;3488
15;38;12;AckSent;2978
15;38;12;EventSent;4834
15;38;13;AckSent;2351
15;38;13;EventSent;4968
15;38;14;AckSent;2702
15;38;14;EventSent;2137
15;38;15;AckSent;3163
15;38;15;EventSent;5054
15;38;16;AckSent;2962
15;38;16;EventSent;4917
15;38;17;AckSent;6832
15;38;17;EventSent;594
15;38;18;AckSent;2787
15;38;18;EventSent;4777
15;38;19;AckSent;4665
15;38;19;EventSent;4777
15;38;20;AckSent;4159
15;38;20;EventSent;4968
15;38;21;AckSent;3021
15;38;21;EventSent;4374
15;38;22;AckSent;2430
15;38;22;EventSent;4145
15;38;23;AckSent;2098
15;38;23;EventSent;4508
15;38;24;AckSent;2035
15;38;24;EventSent;4765
15;38;25;AckSent;2626
15;38;25;EventSent;3063
15;38;26;AckSent;3291
15;38;26;EventSent;1637
15;38;27;AckSent;3481
15;38;27;EventSent;5036
15;38;28;AckSent;2308
15;38;28;EventSent;4689
15;38;29;AckSent;2953
15;38;29;EventSent;3996
15;38;30;AckSent;2582
15;38;30;EventSent;3947
15;38;31;AckSent;2872
15;38;31;EventSent;1287
15;38;32;AckSent;2884
15;38;32;EventSent;3388
15;38;33;AckSent;3238
15;38;33;EventSent;4916
15;38;34;AckSent;3108
15;38;34;EventSent;4287
15;38;35;AckSent;4403
15;38;35;EventSent;3154
15;38;36;AckSent;3350
15;38;36;EventSent;3362
15;38;37;AckSent;4548
15;38;37;EventSent;4710
15;38;38;AckSent;3464
15;38;38;EventSent;4981
15;38;39;AckSent;3116
15;38;39;EventSent;2754
15;38;40;AckSent;3362
15;38;40;EventSent;913
15;38;41;AckSent;3302
15;38;41;EventSent;4752
15;38;42;AckSent;3777
15;38;42;EventSent;4985
15;38;43;AckSent;2286
15;38;43;EventSent;4935
15;38;44;AckSent;3126
15;38;44;EventSent;2517
15;38;45;AckSent;3205
15;38;45;EventSent;3738
15;38;46;AckSent;1921
15;38;46;EventSent;4903
15;38;47;AckSent;5789
15;38;47;EventSent;2645
15;38;48;AckSent;4690
15;38;48;EventSent;452
15;38;49;AckSent;4600
15;38;49;EventSent;4846
15;38;50;AckSent;2389
15;38;50;EventSent;5043
15;38;51;AckSent;2243
15;38;51;EventSent;1764
15;38;52;AckSent;2304
15;38;53;AckSent;2267
15;38;53;EventSent;4471
15;38;54;AckSent;2059
15;38;54;EventSent;4834
15;38;55;AckSent;3271
15;38;55;EventSent;2279
15;38;56;AckSent;5380
15;38;56;EventSent;1112
15;38;57;AckSent;1691
15;38;57;EventSent;4935
15;38;58;AckSent;2303
15;38;58;EventSent;4788
15;38;59;AckSent;5084
15;38;59;EventSent;869
15;39;00;AckSent;2707
15;39;00;EventSent;236
15;39;01;AckSent;2816
15;39;01;EventSent;4967
15;39;02;AckSent;2464
15;39;02;EventSent;4931
15;39;03;AckSent;4575
15;39;03;EventSent;1520
15;39;04;AckSent;5754
15;39;04;EventSent;3044
15;39;05;AckSent;4301
15;39;05;EventSent;4861
15;39;06;AckSent;4407
15;39;06;EventSent;4217
15;39;07;AckSent;3322
15;39;07;EventSent;5046
15;39;08;AckSent;2606
15;39;08;EventSent;5116
15;39;09;AckSent;3070
15;39;09;EventSent;3183
15;39;10;AckSent;3856
15;39;10;EventSent;165
15;39;11;AckSent;2611
15;39;11;EventSent;4736
15;39;12;AckSent;4099
15;39;12;EventSent;4921
15;39;13;AckSent;4250
15;39;13;EventSent;2616
15;39;14;AckSent;3768
15;39;14;EventSent;875
15;39;15;AckSent;4926
15;39;15;EventSent;4965
15;39;16;AckSent;2377
15;39;16;EventSent;4909
15;39;17;AckSent;2573
15;39;17;EventSent;1835
15;39;18;AckSent;2644
15;39;18;EventSent;4850
15;39;19;AckSent;3757
15;39;19;EventSent;4342
15;39;20;AckSent;3344
15;39;20;EventSent;3328
15;39;21;AckSent;2875
15;39;21;EventSent;2436
15;39;22;AckSent;2633
15;39;22;EventSent;4715
15;39;23;AckSent;2750
15;39;23;EventSent;4429
15;39;24;AckSent;2737
15;39;24;EventSent;4482
15;39;25;AckSent;2011
15;39;25;EventSent;1267
15;39;26;AckSent;3076
15;39;26;EventSent;2204
15;39;27;AckSent;2229
15;39;27;EventSent;4903
15;39;28;AckSent;3047
15;39;28;EventSent;4844
15;39;29;AckSent;2569
15;39;29;EventSent;4718
15;39;30;AckSent;3290
15;39;30;EventSent;2936
15;39;31;AckSent;3544
15;39;31;EventSent;2050
15;39;32;AckSent;2993
15;39;32;EventSent;4971
15;39;33;AckSent;2607
15;39;33;EventSent;4477
15;39;34;AckSent;3415
15;39;34;EventSent;1823
15;39;35;AckSent;3494
15;39;35;EventSent;986
15;39;36;AckSent;3177
15;39;36;EventSent;2989
15;39;37;AckSent;2130
15;39;37;EventSent;4861
15;39;38;AckSent;2804
15;39;38;EventSent;4348
15;39;39;AckSent;2722
15;39;39;EventSent;4883
15;39;40;AckSent;2872
15;39;40;EventSent;1070
15;39;41;AckSent;3306
15;39;41;EventSent;2990
15;39;42;AckSent;1896
15;39;42;EventSent;4025
15;39;43;AckSent;2456
15;39;43;EventSent;4615
15;39;44;AckSent;2023
15;39;44;EventSent;4944
15;39;45;AckSent;2487
15;39;45;EventSent;2168
15;39;46;AckSent;3290
15;39;46;EventSent;702
15;39;47;AckSent;1
15;39;47;EventSent;6
15;39;46;EventSent;2
15;39;47;AckSent;2829
15;39;47;EventSent;5068
15;39;48;AckSent;3405
15;39;48;EventSent;4645
15;39;49;AckSent;2932
15;39;49;EventSent;2767
15;39;50;EventSent;3
15;39;49;EventSent;1
15;39;50;AckSent;3093
15;39;50;EventSent;2157
15;39;51;AckSent;4473
15;39;51;EventSent;568
15;39;52;AckSent;8407
15;39;53;AckSent;7416
15;39;54;AckSent;10408
15;39;55;AckSent;11658
15;39;56;AckSent;8465
15;39;57;AckSent;7308
15;39;58;AckSent;9941
15;39;59;AckSent;8294
15;40;00;AckSent;6037
15;40;01;AckSent;7327
15;40;02;AckSent;6424
15;40;03;AckSent;6850
15;40;04;AckSent;10655
15;40;05;AckSent;7911
15;40;06;AckSent;7701
15;40;07;AckSent;8760
15;40;08;AckSent;9647
15;40;09;AckSent;6589
15;40;10;AckSent;7375
15;40;11;AckSent;6956
15;40;12;AckSent;7619
15;40;13;AckSent;9162
15;40;14;AckSent;8682
15;40;15;AckSent;7696
15;40;16;AckSent;9974
15;40;17;AckSent;7029
15;40;18;AckSent;6805
15;40;19;AckSent;8229
15;40;20;AckSent;7717
15;40;21;AckSent;6581
